ARM GAS  C:\msys64\tmp\ccUp4f8s.s 			page 1


   1              		.cpu cortex-m7
   2              		.arch armv7e-m
   3              		.fpu fpv5-sp-d16
   4              		.eabi_attribute 27, 1
   5              		.eabi_attribute 28, 1
   6              		.eabi_attribute 20, 1
   7              		.eabi_attribute 21, 1
   8              		.eabi_attribute 23, 3
   9              		.eabi_attribute 24, 1
  10              		.eabi_attribute 25, 1
  11              		.eabi_attribute 26, 1
  12              		.eabi_attribute 30, 6
  13              		.eabi_attribute 34, 1
  14              		.eabi_attribute 18, 4
  15              		.file	"stm32f7xx_hal_msp.c"
  16              		.text
  17              		.section	.text.HAL_MspInit,"ax",%progbits
  18              		.align	1
  19              		.global	HAL_MspInit
  20              		.syntax unified
  21              		.thumb
  22              		.thumb_func
  24              	HAL_MspInit:
  25              		@ args = 0, pretend = 0, frame = 8
  26              		@ frame_needed = 1, uses_anonymous_args = 0
  27 0000 80B5     		push	{r7, lr}
  28 0002 82B0     		sub	sp, sp, #8
  29 0004 00AF     		add	r7, sp, #0
  30 0006 114B     		ldr	r3, .L2
  31 0008 1B6C     		ldr	r3, [r3, #64]
  32 000a 104A     		ldr	r2, .L2
  33 000c 43F08053 		orr	r3, r3, #268435456
  34 0010 1364     		str	r3, [r2, #64]
  35 0012 0E4B     		ldr	r3, .L2
  36 0014 1B6C     		ldr	r3, [r3, #64]
  37 0016 03F08053 		and	r3, r3, #268435456
  38 001a 7B60     		str	r3, [r7, #4]
  39 001c 7B68     		ldr	r3, [r7, #4]
  40 001e 0B4B     		ldr	r3, .L2
  41 0020 5B6C     		ldr	r3, [r3, #68]
  42 0022 0A4A     		ldr	r2, .L2
  43 0024 43F48043 		orr	r3, r3, #16384
  44 0028 5364     		str	r3, [r2, #68]
  45 002a 084B     		ldr	r3, .L2
  46 002c 5B6C     		ldr	r3, [r3, #68]
  47 002e 03F48043 		and	r3, r3, #16384
  48 0032 3B60     		str	r3, [r7]
  49 0034 3B68     		ldr	r3, [r7]
  50 0036 0022     		movs	r2, #0
  51 0038 0F21     		movs	r1, #15
  52 003a 6FF00100 		mvn	r0, #1
  53 003e FFF7FEFF 		bl	HAL_NVIC_SetPriority
  54 0042 00BF     		nop
  55 0044 0837     		adds	r7, r7, #8
  56 0046 BD46     		mov	sp, r7
  57              		@ sp needed
  58 0048 80BD     		pop	{r7, pc}
ARM GAS  C:\msys64\tmp\ccUp4f8s.s 			page 2


  59              	.L3:
  60 004a 00BF     		.align	2
  61              	.L2:
  62 004c 00380240 		.word	1073887232
  64              		.section	.text.HAL_RTC_MspInit,"ax",%progbits
  65              		.align	1
  66              		.global	HAL_RTC_MspInit
  67              		.syntax unified
  68              		.thumb
  69              		.thumb_func
  71              	HAL_RTC_MspInit:
  72              		@ args = 0, pretend = 0, frame = 144
  73              		@ frame_needed = 1, uses_anonymous_args = 0
  74 0000 80B5     		push	{r7, lr}
  75 0002 A4B0     		sub	sp, sp, #144
  76 0004 00AF     		add	r7, sp, #0
  77 0006 7860     		str	r0, [r7, #4]
  78 0008 07F10C03 		add	r3, r7, #12
  79 000c 8422     		movs	r2, #132
  80 000e 0021     		movs	r1, #0
  81 0010 1846     		mov	r0, r3
  82 0012 FFF7FEFF 		bl	memset
  83 0016 7B68     		ldr	r3, [r7, #4]
  84 0018 1B68     		ldr	r3, [r3]
  85 001a 0E4A     		ldr	r2, .L8
  86 001c 9342     		cmp	r3, r2
  87 001e 14D1     		bne	.L7
  88 0020 2023     		movs	r3, #32
  89 0022 FB60     		str	r3, [r7, #12]
  90 0024 4FF40073 		mov	r3, #512
  91 0028 FB63     		str	r3, [r7, #60]
  92 002a 07F10C03 		add	r3, r7, #12
  93 002e 1846     		mov	r0, r3
  94 0030 FFF7FEFF 		bl	HAL_RCCEx_PeriphCLKConfig
  95 0034 0346     		mov	r3, r0
  96 0036 002B     		cmp	r3, #0
  97 0038 01D0     		beq	.L6
  98 003a FFF7FEFF 		bl	Error_Handler
  99              	.L6:
 100 003e 064B     		ldr	r3, .L8+4
 101 0040 1B6F     		ldr	r3, [r3, #112]
 102 0042 054A     		ldr	r2, .L8+4
 103 0044 43F40043 		orr	r3, r3, #32768
 104 0048 1367     		str	r3, [r2, #112]
 105              	.L7:
 106 004a 00BF     		nop
 107 004c 9037     		adds	r7, r7, #144
 108 004e BD46     		mov	sp, r7
 109              		@ sp needed
 110 0050 80BD     		pop	{r7, pc}
 111              	.L9:
 112 0052 00BF     		.align	2
 113              	.L8:
 114 0054 00280040 		.word	1073752064
 115 0058 00380240 		.word	1073887232
 117              		.section	.text.HAL_RTC_MspDeInit,"ax",%progbits
 118              		.align	1
ARM GAS  C:\msys64\tmp\ccUp4f8s.s 			page 3


 119              		.global	HAL_RTC_MspDeInit
 120              		.syntax unified
 121              		.thumb
 122              		.thumb_func
 124              	HAL_RTC_MspDeInit:
 125              		@ args = 0, pretend = 0, frame = 8
 126              		@ frame_needed = 1, uses_anonymous_args = 0
 127              		@ link register save eliminated.
 128 0000 80B4     		push	{r7}
 129 0002 83B0     		sub	sp, sp, #12
 130 0004 00AF     		add	r7, sp, #0
 131 0006 7860     		str	r0, [r7, #4]
 132 0008 7B68     		ldr	r3, [r7, #4]
 133 000a 1B68     		ldr	r3, [r3]
 134 000c 074A     		ldr	r2, .L13
 135 000e 9342     		cmp	r3, r2
 136 0010 05D1     		bne	.L12
 137 0012 074B     		ldr	r3, .L13+4
 138 0014 1B6F     		ldr	r3, [r3, #112]
 139 0016 064A     		ldr	r2, .L13+4
 140 0018 23F40043 		bic	r3, r3, #32768
 141 001c 1367     		str	r3, [r2, #112]
 142              	.L12:
 143 001e 00BF     		nop
 144 0020 0C37     		adds	r7, r7, #12
 145 0022 BD46     		mov	sp, r7
 146              		@ sp needed
 147 0024 5DF8047B 		ldr	r7, [sp], #4
 148 0028 7047     		bx	lr
 149              	.L14:
 150 002a 00BF     		.align	2
 151              	.L13:
 152 002c 00280040 		.word	1073752064
 153 0030 00380240 		.word	1073887232
 155              		.section	.text.HAL_UART_MspInit,"ax",%progbits
 156              		.align	1
 157              		.global	HAL_UART_MspInit
 158              		.syntax unified
 159              		.thumb
 160              		.thumb_func
 162              	HAL_UART_MspInit:
 163              		@ args = 0, pretend = 0, frame = 176
 164              		@ frame_needed = 1, uses_anonymous_args = 0
 165 0000 80B5     		push	{r7, lr}
 166 0002 ACB0     		sub	sp, sp, #176
 167 0004 00AF     		add	r7, sp, #0
 168 0006 7860     		str	r0, [r7, #4]
 169 0008 07F19C03 		add	r3, r7, #156
 170 000c 0022     		movs	r2, #0
 171 000e 1A60     		str	r2, [r3]
 172 0010 5A60     		str	r2, [r3, #4]
 173 0012 9A60     		str	r2, [r3, #8]
 174 0014 DA60     		str	r2, [r3, #12]
 175 0016 1A61     		str	r2, [r3, #16]
 176 0018 07F11803 		add	r3, r7, #24
 177 001c 8422     		movs	r2, #132
 178 001e 0021     		movs	r1, #0
ARM GAS  C:\msys64\tmp\ccUp4f8s.s 			page 4


 179 0020 1846     		mov	r0, r3
 180 0022 FFF7FEFF 		bl	memset
 181 0026 7B68     		ldr	r3, [r7, #4]
 182 0028 1B68     		ldr	r3, [r3]
 183 002a 324A     		ldr	r2, .L19
 184 002c 9342     		cmp	r3, r2
 185 002e 5CD1     		bne	.L18
 186 0030 4023     		movs	r3, #64
 187 0032 BB61     		str	r3, [r7, #24]
 188 0034 0023     		movs	r3, #0
 189 0036 FB65     		str	r3, [r7, #92]
 190 0038 07F11803 		add	r3, r7, #24
 191 003c 1846     		mov	r0, r3
 192 003e FFF7FEFF 		bl	HAL_RCCEx_PeriphCLKConfig
 193 0042 0346     		mov	r3, r0
 194 0044 002B     		cmp	r3, #0
 195 0046 01D0     		beq	.L17
 196 0048 FFF7FEFF 		bl	Error_Handler
 197              	.L17:
 198 004c 2A4B     		ldr	r3, .L19+4
 199 004e 5B6C     		ldr	r3, [r3, #68]
 200 0050 294A     		ldr	r2, .L19+4
 201 0052 43F01003 		orr	r3, r3, #16
 202 0056 5364     		str	r3, [r2, #68]
 203 0058 274B     		ldr	r3, .L19+4
 204 005a 5B6C     		ldr	r3, [r3, #68]
 205 005c 03F01003 		and	r3, r3, #16
 206 0060 7B61     		str	r3, [r7, #20]
 207 0062 7B69     		ldr	r3, [r7, #20]
 208 0064 244B     		ldr	r3, .L19+4
 209 0066 1B6B     		ldr	r3, [r3, #48]
 210 0068 234A     		ldr	r2, .L19+4
 211 006a 43F00203 		orr	r3, r3, #2
 212 006e 1363     		str	r3, [r2, #48]
 213 0070 214B     		ldr	r3, .L19+4
 214 0072 1B6B     		ldr	r3, [r3, #48]
 215 0074 03F00203 		and	r3, r3, #2
 216 0078 3B61     		str	r3, [r7, #16]
 217 007a 3B69     		ldr	r3, [r7, #16]
 218 007c 1E4B     		ldr	r3, .L19+4
 219 007e 1B6B     		ldr	r3, [r3, #48]
 220 0080 1D4A     		ldr	r2, .L19+4
 221 0082 43F00103 		orr	r3, r3, #1
 222 0086 1363     		str	r3, [r2, #48]
 223 0088 1B4B     		ldr	r3, .L19+4
 224 008a 1B6B     		ldr	r3, [r3, #48]
 225 008c 03F00103 		and	r3, r3, #1
 226 0090 FB60     		str	r3, [r7, #12]
 227 0092 FB68     		ldr	r3, [r7, #12]
 228 0094 8023     		movs	r3, #128
 229 0096 C7F89C30 		str	r3, [r7, #156]
 230 009a 0223     		movs	r3, #2
 231 009c C7F8A030 		str	r3, [r7, #160]
 232 00a0 0023     		movs	r3, #0
 233 00a2 C7F8A430 		str	r3, [r7, #164]
 234 00a6 0023     		movs	r3, #0
 235 00a8 C7F8A830 		str	r3, [r7, #168]
ARM GAS  C:\msys64\tmp\ccUp4f8s.s 			page 5


 236 00ac 0723     		movs	r3, #7
 237 00ae C7F8AC30 		str	r3, [r7, #172]
 238 00b2 07F19C03 		add	r3, r7, #156
 239 00b6 1946     		mov	r1, r3
 240 00b8 1048     		ldr	r0, .L19+8
 241 00ba FFF7FEFF 		bl	HAL_GPIO_Init
 242 00be 4FF40073 		mov	r3, #512
 243 00c2 C7F89C30 		str	r3, [r7, #156]
 244 00c6 0223     		movs	r3, #2
 245 00c8 C7F8A030 		str	r3, [r7, #160]
 246 00cc 0023     		movs	r3, #0
 247 00ce C7F8A430 		str	r3, [r7, #164]
 248 00d2 0023     		movs	r3, #0
 249 00d4 C7F8A830 		str	r3, [r7, #168]
 250 00d8 0723     		movs	r3, #7
 251 00da C7F8AC30 		str	r3, [r7, #172]
 252 00de 07F19C03 		add	r3, r7, #156
 253 00e2 1946     		mov	r1, r3
 254 00e4 0648     		ldr	r0, .L19+12
 255 00e6 FFF7FEFF 		bl	HAL_GPIO_Init
 256              	.L18:
 257 00ea 00BF     		nop
 258 00ec B037     		adds	r7, r7, #176
 259 00ee BD46     		mov	sp, r7
 260              		@ sp needed
 261 00f0 80BD     		pop	{r7, pc}
 262              	.L20:
 263 00f2 00BF     		.align	2
 264              	.L19:
 265 00f4 00100140 		.word	1073811456
 266 00f8 00380240 		.word	1073887232
 267 00fc 00040240 		.word	1073873920
 268 0100 00000240 		.word	1073872896
 270              		.section	.text.HAL_UART_MspDeInit,"ax",%progbits
 271              		.align	1
 272              		.global	HAL_UART_MspDeInit
 273              		.syntax unified
 274              		.thumb
 275              		.thumb_func
 277              	HAL_UART_MspDeInit:
 278              		@ args = 0, pretend = 0, frame = 8
 279              		@ frame_needed = 1, uses_anonymous_args = 0
 280 0000 80B5     		push	{r7, lr}
 281 0002 82B0     		sub	sp, sp, #8
 282 0004 00AF     		add	r7, sp, #0
 283 0006 7860     		str	r0, [r7, #4]
 284 0008 7B68     		ldr	r3, [r7, #4]
 285 000a 1B68     		ldr	r3, [r3]
 286 000c 0A4A     		ldr	r2, .L24
 287 000e 9342     		cmp	r3, r2
 288 0010 0ED1     		bne	.L23
 289 0012 0A4B     		ldr	r3, .L24+4
 290 0014 5B6C     		ldr	r3, [r3, #68]
 291 0016 094A     		ldr	r2, .L24+4
 292 0018 23F01003 		bic	r3, r3, #16
 293 001c 5364     		str	r3, [r2, #68]
 294 001e 8021     		movs	r1, #128
ARM GAS  C:\msys64\tmp\ccUp4f8s.s 			page 6


 295 0020 0748     		ldr	r0, .L24+8
 296 0022 FFF7FEFF 		bl	HAL_GPIO_DeInit
 297 0026 4FF40071 		mov	r1, #512
 298 002a 0648     		ldr	r0, .L24+12
 299 002c FFF7FEFF 		bl	HAL_GPIO_DeInit
 300              	.L23:
 301 0030 00BF     		nop
 302 0032 0837     		adds	r7, r7, #8
 303 0034 BD46     		mov	sp, r7
 304              		@ sp needed
 305 0036 80BD     		pop	{r7, pc}
 306              	.L25:
 307              		.align	2
 308              	.L24:
 309 0038 00100140 		.word	1073811456
 310 003c 00380240 		.word	1073887232
 311 0040 00040240 		.word	1073873920
 312 0044 00000240 		.word	1073872896
 314              		.ident	"GCC: (GNU) 13.3.0"
ARM GAS  C:\msys64\tmp\ccUp4f8s.s 			page 7


DEFINED SYMBOLS
                            *ABS*:00000000 stm32f7xx_hal_msp.c
C:\msys64\tmp\ccUp4f8s.s:18     .text.HAL_MspInit:00000000 $t
C:\msys64\tmp\ccUp4f8s.s:24     .text.HAL_MspInit:00000000 HAL_MspInit
C:\msys64\tmp\ccUp4f8s.s:62     .text.HAL_MspInit:0000004c $d
C:\msys64\tmp\ccUp4f8s.s:65     .text.HAL_RTC_MspInit:00000000 $t
C:\msys64\tmp\ccUp4f8s.s:71     .text.HAL_RTC_MspInit:00000000 HAL_RTC_MspInit
C:\msys64\tmp\ccUp4f8s.s:114    .text.HAL_RTC_MspInit:00000054 $d
C:\msys64\tmp\ccUp4f8s.s:118    .text.HAL_RTC_MspDeInit:00000000 $t
C:\msys64\tmp\ccUp4f8s.s:124    .text.HAL_RTC_MspDeInit:00000000 HAL_RTC_MspDeInit
C:\msys64\tmp\ccUp4f8s.s:152    .text.HAL_RTC_MspDeInit:0000002c $d
C:\msys64\tmp\ccUp4f8s.s:156    .text.HAL_UART_MspInit:00000000 $t
C:\msys64\tmp\ccUp4f8s.s:162    .text.HAL_UART_MspInit:00000000 HAL_UART_MspInit
C:\msys64\tmp\ccUp4f8s.s:265    .text.HAL_UART_MspInit:000000f4 $d
C:\msys64\tmp\ccUp4f8s.s:271    .text.HAL_UART_MspDeInit:00000000 $t
C:\msys64\tmp\ccUp4f8s.s:277    .text.HAL_UART_MspDeInit:00000000 HAL_UART_MspDeInit
C:\msys64\tmp\ccUp4f8s.s:309    .text.HAL_UART_MspDeInit:00000038 $d

UNDEFINED SYMBOLS
HAL_NVIC_SetPriority
memset
HAL_RCCEx_PeriphCLKConfig
Error_Handler
HAL_GPIO_Init
HAL_GPIO_DeInit
