ARM GAS  C:\msys64\tmp\ccukn3aw.s 			page 1


   1              		.cpu cortex-m7
   2              		.arch armv7e-m
   3              		.fpu fpv5-sp-d16
   4              		.eabi_attribute 27, 1
   5              		.eabi_attribute 28, 1
   6              		.eabi_attribute 20, 1
   7              		.eabi_attribute 21, 1
   8              		.eabi_attribute 23, 3
   9              		.eabi_attribute 24, 1
  10              		.eabi_attribute 25, 1
  11              		.eabi_attribute 26, 1
  12              		.eabi_attribute 30, 6
  13              		.eabi_attribute 34, 1
  14              		.eabi_attribute 18, 4
  15              		.file	"stm32f7xx_it.c"
  16              		.text
  17              		.section	.text.NMI_Handler,"ax",%progbits
  18              		.align	1
  19              		.global	NMI_Handler
  20              		.syntax unified
  21              		.thumb
  22              		.thumb_func
  24              	NMI_Handler:
  25              		@ args = 0, pretend = 0, frame = 0
  26              		@ frame_needed = 1, uses_anonymous_args = 0
  27              		@ link register save eliminated.
  28 0000 80B4     		push	{r7}
  29 0002 00AF     		add	r7, sp, #0
  30              	.L2:
  31 0004 00BF     		nop
  32 0006 FDE7     		b	.L2
  34              		.section	.text.HardFault_Handler,"ax",%progbits
  35              		.align	1
  36              		.global	HardFault_Handler
  37              		.syntax unified
  38              		.thumb
  39              		.thumb_func
  41              	HardFault_Handler:
  42              		@ args = 0, pretend = 0, frame = 0
  43              		@ frame_needed = 1, uses_anonymous_args = 0
  44              		@ link register save eliminated.
  45 0000 80B4     		push	{r7}
  46 0002 00AF     		add	r7, sp, #0
  47              	.L4:
  48 0004 00BF     		nop
  49 0006 FDE7     		b	.L4
  51              		.section	.text.MemManage_Handler,"ax",%progbits
  52              		.align	1
  53              		.global	MemManage_Handler
  54              		.syntax unified
  55              		.thumb
  56              		.thumb_func
  58              	MemManage_Handler:
  59              		@ args = 0, pretend = 0, frame = 0
  60              		@ frame_needed = 1, uses_anonymous_args = 0
  61              		@ link register save eliminated.
  62 0000 80B4     		push	{r7}
ARM GAS  C:\msys64\tmp\ccukn3aw.s 			page 2


  63 0002 00AF     		add	r7, sp, #0
  64              	.L6:
  65 0004 00BF     		nop
  66 0006 FDE7     		b	.L6
  68              		.section	.text.BusFault_Handler,"ax",%progbits
  69              		.align	1
  70              		.global	BusFault_Handler
  71              		.syntax unified
  72              		.thumb
  73              		.thumb_func
  75              	BusFault_Handler:
  76              		@ args = 0, pretend = 0, frame = 0
  77              		@ frame_needed = 1, uses_anonymous_args = 0
  78              		@ link register save eliminated.
  79 0000 80B4     		push	{r7}
  80 0002 00AF     		add	r7, sp, #0
  81              	.L8:
  82 0004 00BF     		nop
  83 0006 FDE7     		b	.L8
  85              		.section	.text.UsageFault_Handler,"ax",%progbits
  86              		.align	1
  87              		.global	UsageFault_Handler
  88              		.syntax unified
  89              		.thumb
  90              		.thumb_func
  92              	UsageFault_Handler:
  93              		@ args = 0, pretend = 0, frame = 0
  94              		@ frame_needed = 1, uses_anonymous_args = 0
  95              		@ link register save eliminated.
  96 0000 80B4     		push	{r7}
  97 0002 00AF     		add	r7, sp, #0
  98              	.L10:
  99 0004 00BF     		nop
 100 0006 FDE7     		b	.L10
 102              		.section	.text.PendSV_Handler,"ax",%progbits
 103              		.align	1
 104              		.weak	PendSV_Handler
 105              		.syntax unified
 106              		.thumb
 107              		.thumb_func
 109              	PendSV_Handler:
 110              		@ args = 0, pretend = 0, frame = 0
 111              		@ frame_needed = 1, uses_anonymous_args = 0
 112              		@ link register save eliminated.
 113 0000 80B4     		push	{r7}
 114 0002 00AF     		add	r7, sp, #0
 115 0004 00BF     		nop
 116 0006 BD46     		mov	sp, r7
 117              		@ sp needed
 118 0008 5DF8047B 		ldr	r7, [sp], #4
 119 000c 7047     		bx	lr
 121              		.section	.text.SysTick_Handler,"ax",%progbits
 122              		.align	1
 123              		.weak	SysTick_Handler
 124              		.syntax unified
 125              		.thumb
 126              		.thumb_func
ARM GAS  C:\msys64\tmp\ccukn3aw.s 			page 3


 128              	SysTick_Handler:
 129              		@ args = 0, pretend = 0, frame = 0
 130              		@ frame_needed = 1, uses_anonymous_args = 0
 131 0000 80B5     		push	{r7, lr}
 132 0002 00AF     		add	r7, sp, #0
 133 0004 FFF7FEFF 		bl	HAL_IncTick
 134 0008 00BF     		nop
 135 000a 80BD     		pop	{r7, pc}
 137              		.section	.text.SVC_Handler,"ax",%progbits
 138              		.align	1
 139              		.weak	SVC_Handler
 140              		.syntax unified
 141              		.thumb
 142              		.thumb_func
 144              	SVC_Handler:
 145              		@ args = 0, pretend = 0, frame = 0
 146              		@ frame_needed = 1, uses_anonymous_args = 0
 147              		@ link register save eliminated.
 148 0000 80B4     		push	{r7}
 149 0002 00AF     		add	r7, sp, #0
 150 0004 00BF     		nop
 151 0006 BD46     		mov	sp, r7
 152              		@ sp needed
 153 0008 5DF8047B 		ldr	r7, [sp], #4
 154 000c 7047     		bx	lr
 156              		.section	.text.DebugMon_Handler,"ax",%progbits
 157              		.align	1
 158              		.global	DebugMon_Handler
 159              		.syntax unified
 160              		.thumb
 161              		.thumb_func
 163              	DebugMon_Handler:
 164              		@ args = 0, pretend = 0, frame = 0
 165              		@ frame_needed = 1, uses_anonymous_args = 0
 166              		@ link register save eliminated.
 167 0000 80B4     		push	{r7}
 168 0002 00AF     		add	r7, sp, #0
 169 0004 00BF     		nop
 170 0006 BD46     		mov	sp, r7
 171              		@ sp needed
 172 0008 5DF8047B 		ldr	r7, [sp], #4
 173 000c 7047     		bx	lr
 175              		.section	.text.TIM6_DAC_IRQHandler,"ax",%progbits
 176              		.align	1
 177              		.global	TIM6_DAC_IRQHandler
 178              		.syntax unified
 179              		.thumb
 180              		.thumb_func
 182              	TIM6_DAC_IRQHandler:
 183              		@ args = 0, pretend = 0, frame = 0
 184              		@ frame_needed = 1, uses_anonymous_args = 0
 185 0000 80B5     		push	{r7, lr}
 186 0002 00AF     		add	r7, sp, #0
 187 0004 0248     		ldr	r0, .L16
 188 0006 FFF7FEFF 		bl	HAL_TIM_IRQHandler
 189 000a 00BF     		nop
 190 000c 80BD     		pop	{r7, pc}
ARM GAS  C:\msys64\tmp\ccukn3aw.s 			page 4


 191              	.L17:
 192 000e 00BF     		.align	2
 193              	.L16:
 194 0010 00000000 		.word	htim6
 196              		.ident	"GCC: (GNU) 13.3.0"
ARM GAS  C:\msys64\tmp\ccukn3aw.s 			page 5


DEFINED SYMBOLS
                            *ABS*:00000000 stm32f7xx_it.c
C:\msys64\tmp\ccukn3aw.s:18     .text.NMI_Handler:00000000 $t
C:\msys64\tmp\ccukn3aw.s:24     .text.NMI_Handler:00000000 NMI_Handler
C:\msys64\tmp\ccukn3aw.s:35     .text.HardFault_Handler:00000000 $t
C:\msys64\tmp\ccukn3aw.s:41     .text.HardFault_Handler:00000000 HardFault_Handler
C:\msys64\tmp\ccukn3aw.s:52     .text.MemManage_Handler:00000000 $t
C:\msys64\tmp\ccukn3aw.s:58     .text.MemManage_Handler:00000000 MemManage_Handler
C:\msys64\tmp\ccukn3aw.s:69     .text.BusFault_Handler:00000000 $t
C:\msys64\tmp\ccukn3aw.s:75     .text.BusFault_Handler:00000000 BusFault_Handler
C:\msys64\tmp\ccukn3aw.s:86     .text.UsageFault_Handler:00000000 $t
C:\msys64\tmp\ccukn3aw.s:92     .text.UsageFault_Handler:00000000 UsageFault_Handler
C:\msys64\tmp\ccukn3aw.s:103    .text.PendSV_Handler:00000000 $t
C:\msys64\tmp\ccukn3aw.s:109    .text.PendSV_Handler:00000000 PendSV_Handler
C:\msys64\tmp\ccukn3aw.s:122    .text.SysTick_Handler:00000000 $t
C:\msys64\tmp\ccukn3aw.s:128    .text.SysTick_Handler:00000000 SysTick_Handler
C:\msys64\tmp\ccukn3aw.s:138    .text.SVC_Handler:00000000 $t
C:\msys64\tmp\ccukn3aw.s:144    .text.SVC_Handler:00000000 SVC_Handler
C:\msys64\tmp\ccukn3aw.s:157    .text.DebugMon_Handler:00000000 $t
C:\msys64\tmp\ccukn3aw.s:163    .text.DebugMon_Handler:00000000 DebugMon_Handler
C:\msys64\tmp\ccukn3aw.s:176    .text.TIM6_DAC_IRQHandler:00000000 $t
C:\msys64\tmp\ccukn3aw.s:182    .text.TIM6_DAC_IRQHandler:00000000 TIM6_DAC_IRQHandler
C:\msys64\tmp\ccukn3aw.s:194    .text.TIM6_DAC_IRQHandler:00000010 $d

UNDEFINED SYMBOLS
HAL_IncTick
HAL_TIM_IRQHandler
htim6
