ARM GAS  C:\msys64\tmp\ccZ9yIYv.s 			page 1


   1              		.cpu cortex-m7
   2              		.arch armv7e-m
   3              		.fpu fpv5-sp-d16
   4              		.eabi_attribute 27, 1
   5              		.eabi_attribute 28, 1
   6              		.eabi_attribute 20, 1
   7              		.eabi_attribute 21, 1
   8              		.eabi_attribute 23, 3
   9              		.eabi_attribute 24, 1
  10              		.eabi_attribute 25, 1
  11              		.eabi_attribute 26, 1
  12              		.eabi_attribute 30, 6
  13              		.eabi_attribute 34, 1
  14              		.eabi_attribute 18, 4
  15              		.file	"lwip.c"
  16              		.text
  17              		.global	EthernetLinkTimer
  18              		.section	.bss.EthernetLinkTimer,"aw",%nobits
  19              		.align	2
  22              	EthernetLinkTimer:
  23 0000 00000000 		.space	4
  24              		.global	gnetif
  25              		.section	.bss.gnetif,"aw",%nobits
  26              		.align	2
  29              	gnetif:
  30 0000 00000000 		.space	52
  30      00000000 
  30      00000000 
  30      00000000 
  30      00000000 
  31              		.global	ipaddr
  32              		.section	.bss.ipaddr,"aw",%nobits
  33              		.align	2
  36              	ipaddr:
  37 0000 00000000 		.space	4
  38              		.global	netmask
  39              		.section	.bss.netmask,"aw",%nobits
  40              		.align	2
  43              	netmask:
  44 0000 00000000 		.space	4
  45              		.global	gw
  46              		.section	.bss.gw,"aw",%nobits
  47              		.align	2
  50              	gw:
  51 0000 00000000 		.space	4
  52              		.global	IP_ADDRESS
  53              		.section	.bss.IP_ADDRESS,"aw",%nobits
  54              		.align	2
  57              	IP_ADDRESS:
  58 0000 00000000 		.space	4
  59              		.global	NETMASK_ADDRESS
  60              		.section	.bss.NETMASK_ADDRESS,"aw",%nobits
  61              		.align	2
  64              	NETMASK_ADDRESS:
  65 0000 00000000 		.space	4
  66              		.global	GATEWAY_ADDRESS
  67              		.section	.bss.GATEWAY_ADDRESS,"aw",%nobits
ARM GAS  C:\msys64\tmp\ccZ9yIYv.s 			page 2


  68              		.align	2
  71              	GATEWAY_ADDRESS:
  72 0000 00000000 		.space	4
  73              		.section	.rodata
  74              		.align	2
  75              	.LC0:
  76 0000 4574684C 		.ascii	"EthLink\000"
  76      696E6B00 
  77              		.section	.text.MX_LWIP_Init,"ax",%progbits
  78              		.align	1
  79              		.global	MX_LWIP_Init
  80              		.syntax unified
  81              		.thumb
  82              		.thumb_func
  84              	MX_LWIP_Init:
  85              		@ args = 0, pretend = 0, frame = 0
  86              		@ frame_needed = 1, uses_anonymous_args = 0
  87 0000 80B5     		push	{r7, lr}
  88 0002 84B0     		sub	sp, sp, #16
  89 0004 04AF     		add	r7, sp, #16
  90 0006 8D4B     		ldr	r3, .L2
  91 0008 C022     		movs	r2, #192
  92 000a 1A70     		strb	r2, [r3]
  93 000c 8B4B     		ldr	r3, .L2
  94 000e A822     		movs	r2, #168
  95 0010 5A70     		strb	r2, [r3, #1]
  96 0012 8A4B     		ldr	r3, .L2
  97 0014 0022     		movs	r2, #0
  98 0016 9A70     		strb	r2, [r3, #2]
  99 0018 884B     		ldr	r3, .L2
 100 001a 6522     		movs	r2, #101
 101 001c DA70     		strb	r2, [r3, #3]
 102 001e 884B     		ldr	r3, .L2+4
 103 0020 FF22     		movs	r2, #255
 104 0022 1A70     		strb	r2, [r3]
 105 0024 864B     		ldr	r3, .L2+4
 106 0026 FF22     		movs	r2, #255
 107 0028 5A70     		strb	r2, [r3, #1]
 108 002a 854B     		ldr	r3, .L2+4
 109 002c FF22     		movs	r2, #255
 110 002e 9A70     		strb	r2, [r3, #2]
 111 0030 834B     		ldr	r3, .L2+4
 112 0032 0022     		movs	r2, #0
 113 0034 DA70     		strb	r2, [r3, #3]
 114 0036 834B     		ldr	r3, .L2+8
 115 0038 0022     		movs	r2, #0
 116 003a 1A70     		strb	r2, [r3]
 117 003c 814B     		ldr	r3, .L2+8
 118 003e 0022     		movs	r2, #0
 119 0040 5A70     		strb	r2, [r3, #1]
 120 0042 804B     		ldr	r3, .L2+8
 121 0044 0022     		movs	r2, #0
 122 0046 9A70     		strb	r2, [r3, #2]
 123 0048 7E4B     		ldr	r3, .L2+8
 124 004a 0022     		movs	r2, #0
 125 004c DA70     		strb	r2, [r3, #3]
 126 004e 0021     		movs	r1, #0
ARM GAS  C:\msys64\tmp\ccZ9yIYv.s 			page 3


 127 0050 0020     		movs	r0, #0
 128 0052 FFF7FEFF 		bl	tcpip_init
 129 0056 794B     		ldr	r3, .L2
 130 0058 1B78     		ldrb	r3, [r3]	@ zero_extendqisi2
 131 005a 1A06     		lsls	r2, r3, #24
 132 005c 774B     		ldr	r3, .L2
 133 005e 5B78     		ldrb	r3, [r3, #1]	@ zero_extendqisi2
 134 0060 1B04     		lsls	r3, r3, #16
 135 0062 1A43     		orrs	r2, r2, r3
 136 0064 754B     		ldr	r3, .L2
 137 0066 9B78     		ldrb	r3, [r3, #2]	@ zero_extendqisi2
 138 0068 1B02     		lsls	r3, r3, #8
 139 006a 1343     		orrs	r3, r3, r2
 140 006c 734A     		ldr	r2, .L2
 141 006e D278     		ldrb	r2, [r2, #3]	@ zero_extendqisi2
 142 0070 1343     		orrs	r3, r3, r2
 143 0072 1A06     		lsls	r2, r3, #24
 144 0074 714B     		ldr	r3, .L2
 145 0076 1B78     		ldrb	r3, [r3]	@ zero_extendqisi2
 146 0078 1906     		lsls	r1, r3, #24
 147 007a 704B     		ldr	r3, .L2
 148 007c 5B78     		ldrb	r3, [r3, #1]	@ zero_extendqisi2
 149 007e 1B04     		lsls	r3, r3, #16
 150 0080 1943     		orrs	r1, r1, r3
 151 0082 6E4B     		ldr	r3, .L2
 152 0084 9B78     		ldrb	r3, [r3, #2]	@ zero_extendqisi2
 153 0086 1B02     		lsls	r3, r3, #8
 154 0088 0B43     		orrs	r3, r3, r1
 155 008a 6C49     		ldr	r1, .L2
 156 008c C978     		ldrb	r1, [r1, #3]	@ zero_extendqisi2
 157 008e 0B43     		orrs	r3, r3, r1
 158 0090 1B02     		lsls	r3, r3, #8
 159 0092 03F47F03 		and	r3, r3, #16711680
 160 0096 1A43     		orrs	r2, r2, r3
 161 0098 684B     		ldr	r3, .L2
 162 009a 1B78     		ldrb	r3, [r3]	@ zero_extendqisi2
 163 009c 1906     		lsls	r1, r3, #24
 164 009e 674B     		ldr	r3, .L2
 165 00a0 5B78     		ldrb	r3, [r3, #1]	@ zero_extendqisi2
 166 00a2 1B04     		lsls	r3, r3, #16
 167 00a4 1943     		orrs	r1, r1, r3
 168 00a6 654B     		ldr	r3, .L2
 169 00a8 9B78     		ldrb	r3, [r3, #2]	@ zero_extendqisi2
 170 00aa 1B02     		lsls	r3, r3, #8
 171 00ac 0B43     		orrs	r3, r3, r1
 172 00ae 6349     		ldr	r1, .L2
 173 00b0 C978     		ldrb	r1, [r1, #3]	@ zero_extendqisi2
 174 00b2 0B43     		orrs	r3, r3, r1
 175 00b4 1B0A     		lsrs	r3, r3, #8
 176 00b6 03F47F43 		and	r3, r3, #65280
 177 00ba 1A43     		orrs	r2, r2, r3
 178 00bc 5F4B     		ldr	r3, .L2
 179 00be 1B78     		ldrb	r3, [r3]	@ zero_extendqisi2
 180 00c0 1906     		lsls	r1, r3, #24
 181 00c2 5E4B     		ldr	r3, .L2
 182 00c4 5B78     		ldrb	r3, [r3, #1]	@ zero_extendqisi2
 183 00c6 1B04     		lsls	r3, r3, #16
ARM GAS  C:\msys64\tmp\ccZ9yIYv.s 			page 4


 184 00c8 1943     		orrs	r1, r1, r3
 185 00ca 5C4B     		ldr	r3, .L2
 186 00cc 9B78     		ldrb	r3, [r3, #2]	@ zero_extendqisi2
 187 00ce 1B02     		lsls	r3, r3, #8
 188 00d0 0B43     		orrs	r3, r3, r1
 189 00d2 5A49     		ldr	r1, .L2
 190 00d4 C978     		ldrb	r1, [r1, #3]	@ zero_extendqisi2
 191 00d6 0B43     		orrs	r3, r3, r1
 192 00d8 1B0E     		lsrs	r3, r3, #24
 193 00da 1343     		orrs	r3, r3, r2
 194 00dc 5A4A     		ldr	r2, .L2+12
 195 00de 1360     		str	r3, [r2]
 196 00e0 574B     		ldr	r3, .L2+4
 197 00e2 1B78     		ldrb	r3, [r3]	@ zero_extendqisi2
 198 00e4 1A06     		lsls	r2, r3, #24
 199 00e6 564B     		ldr	r3, .L2+4
 200 00e8 5B78     		ldrb	r3, [r3, #1]	@ zero_extendqisi2
 201 00ea 1B04     		lsls	r3, r3, #16
 202 00ec 1A43     		orrs	r2, r2, r3
 203 00ee 544B     		ldr	r3, .L2+4
 204 00f0 9B78     		ldrb	r3, [r3, #2]	@ zero_extendqisi2
 205 00f2 1B02     		lsls	r3, r3, #8
 206 00f4 1343     		orrs	r3, r3, r2
 207 00f6 524A     		ldr	r2, .L2+4
 208 00f8 D278     		ldrb	r2, [r2, #3]	@ zero_extendqisi2
 209 00fa 1343     		orrs	r3, r3, r2
 210 00fc 1A06     		lsls	r2, r3, #24
 211 00fe 504B     		ldr	r3, .L2+4
 212 0100 1B78     		ldrb	r3, [r3]	@ zero_extendqisi2
 213 0102 1906     		lsls	r1, r3, #24
 214 0104 4E4B     		ldr	r3, .L2+4
 215 0106 5B78     		ldrb	r3, [r3, #1]	@ zero_extendqisi2
 216 0108 1B04     		lsls	r3, r3, #16
 217 010a 1943     		orrs	r1, r1, r3
 218 010c 4C4B     		ldr	r3, .L2+4
 219 010e 9B78     		ldrb	r3, [r3, #2]	@ zero_extendqisi2
 220 0110 1B02     		lsls	r3, r3, #8
 221 0112 0B43     		orrs	r3, r3, r1
 222 0114 4A49     		ldr	r1, .L2+4
 223 0116 C978     		ldrb	r1, [r1, #3]	@ zero_extendqisi2
 224 0118 0B43     		orrs	r3, r3, r1
 225 011a 1B02     		lsls	r3, r3, #8
 226 011c 03F47F03 		and	r3, r3, #16711680
 227 0120 1A43     		orrs	r2, r2, r3
 228 0122 474B     		ldr	r3, .L2+4
 229 0124 1B78     		ldrb	r3, [r3]	@ zero_extendqisi2
 230 0126 1906     		lsls	r1, r3, #24
 231 0128 454B     		ldr	r3, .L2+4
 232 012a 5B78     		ldrb	r3, [r3, #1]	@ zero_extendqisi2
 233 012c 1B04     		lsls	r3, r3, #16
 234 012e 1943     		orrs	r1, r1, r3
 235 0130 434B     		ldr	r3, .L2+4
 236 0132 9B78     		ldrb	r3, [r3, #2]	@ zero_extendqisi2
 237 0134 1B02     		lsls	r3, r3, #8
 238 0136 0B43     		orrs	r3, r3, r1
 239 0138 4149     		ldr	r1, .L2+4
 240 013a C978     		ldrb	r1, [r1, #3]	@ zero_extendqisi2
ARM GAS  C:\msys64\tmp\ccZ9yIYv.s 			page 5


 241 013c 0B43     		orrs	r3, r3, r1
 242 013e 1B0A     		lsrs	r3, r3, #8
 243 0140 03F47F43 		and	r3, r3, #65280
 244 0144 1A43     		orrs	r2, r2, r3
 245 0146 3E4B     		ldr	r3, .L2+4
 246 0148 1B78     		ldrb	r3, [r3]	@ zero_extendqisi2
 247 014a 1906     		lsls	r1, r3, #24
 248 014c 3C4B     		ldr	r3, .L2+4
 249 014e 5B78     		ldrb	r3, [r3, #1]	@ zero_extendqisi2
 250 0150 1B04     		lsls	r3, r3, #16
 251 0152 1943     		orrs	r1, r1, r3
 252 0154 3A4B     		ldr	r3, .L2+4
 253 0156 9B78     		ldrb	r3, [r3, #2]	@ zero_extendqisi2
 254 0158 1B02     		lsls	r3, r3, #8
 255 015a 0B43     		orrs	r3, r3, r1
 256 015c 3849     		ldr	r1, .L2+4
 257 015e C978     		ldrb	r1, [r1, #3]	@ zero_extendqisi2
 258 0160 0B43     		orrs	r3, r3, r1
 259 0162 1B0E     		lsrs	r3, r3, #24
 260 0164 1343     		orrs	r3, r3, r2
 261 0166 394A     		ldr	r2, .L2+16
 262 0168 1360     		str	r3, [r2]
 263 016a 364B     		ldr	r3, .L2+8
 264 016c 1B78     		ldrb	r3, [r3]	@ zero_extendqisi2
 265 016e 1A06     		lsls	r2, r3, #24
 266 0170 344B     		ldr	r3, .L2+8
 267 0172 5B78     		ldrb	r3, [r3, #1]	@ zero_extendqisi2
 268 0174 1B04     		lsls	r3, r3, #16
 269 0176 1A43     		orrs	r2, r2, r3
 270 0178 324B     		ldr	r3, .L2+8
 271 017a 9B78     		ldrb	r3, [r3, #2]	@ zero_extendqisi2
 272 017c 1B02     		lsls	r3, r3, #8
 273 017e 1343     		orrs	r3, r3, r2
 274 0180 304A     		ldr	r2, .L2+8
 275 0182 D278     		ldrb	r2, [r2, #3]	@ zero_extendqisi2
 276 0184 1343     		orrs	r3, r3, r2
 277 0186 1A06     		lsls	r2, r3, #24
 278 0188 2E4B     		ldr	r3, .L2+8
 279 018a 1B78     		ldrb	r3, [r3]	@ zero_extendqisi2
 280 018c 1906     		lsls	r1, r3, #24
 281 018e 2D4B     		ldr	r3, .L2+8
 282 0190 5B78     		ldrb	r3, [r3, #1]	@ zero_extendqisi2
 283 0192 1B04     		lsls	r3, r3, #16
 284 0194 1943     		orrs	r1, r1, r3
 285 0196 2B4B     		ldr	r3, .L2+8
 286 0198 9B78     		ldrb	r3, [r3, #2]	@ zero_extendqisi2
 287 019a 1B02     		lsls	r3, r3, #8
 288 019c 0B43     		orrs	r3, r3, r1
 289 019e 2949     		ldr	r1, .L2+8
 290 01a0 C978     		ldrb	r1, [r1, #3]	@ zero_extendqisi2
 291 01a2 0B43     		orrs	r3, r3, r1
 292 01a4 1B02     		lsls	r3, r3, #8
 293 01a6 03F47F03 		and	r3, r3, #16711680
 294 01aa 1A43     		orrs	r2, r2, r3
 295 01ac 254B     		ldr	r3, .L2+8
 296 01ae 1B78     		ldrb	r3, [r3]	@ zero_extendqisi2
 297 01b0 1906     		lsls	r1, r3, #24
ARM GAS  C:\msys64\tmp\ccZ9yIYv.s 			page 6


 298 01b2 244B     		ldr	r3, .L2+8
 299 01b4 5B78     		ldrb	r3, [r3, #1]	@ zero_extendqisi2
 300 01b6 1B04     		lsls	r3, r3, #16
 301 01b8 1943     		orrs	r1, r1, r3
 302 01ba 224B     		ldr	r3, .L2+8
 303 01bc 9B78     		ldrb	r3, [r3, #2]	@ zero_extendqisi2
 304 01be 1B02     		lsls	r3, r3, #8
 305 01c0 0B43     		orrs	r3, r3, r1
 306 01c2 2049     		ldr	r1, .L2+8
 307 01c4 C978     		ldrb	r1, [r1, #3]	@ zero_extendqisi2
 308 01c6 0B43     		orrs	r3, r3, r1
 309 01c8 1B0A     		lsrs	r3, r3, #8
 310 01ca 03F47F43 		and	r3, r3, #65280
 311 01ce 1A43     		orrs	r2, r2, r3
 312 01d0 1C4B     		ldr	r3, .L2+8
 313 01d2 1B78     		ldrb	r3, [r3]	@ zero_extendqisi2
 314 01d4 1906     		lsls	r1, r3, #24
 315 01d6 1B4B     		ldr	r3, .L2+8
 316 01d8 5B78     		ldrb	r3, [r3, #1]	@ zero_extendqisi2
 317 01da 1B04     		lsls	r3, r3, #16
 318 01dc 1943     		orrs	r1, r1, r3
 319 01de 194B     		ldr	r3, .L2+8
 320 01e0 9B78     		ldrb	r3, [r3, #2]	@ zero_extendqisi2
 321 01e2 1B02     		lsls	r3, r3, #8
 322 01e4 0B43     		orrs	r3, r3, r1
 323 01e6 1749     		ldr	r1, .L2+8
 324 01e8 C978     		ldrb	r1, [r1, #3]	@ zero_extendqisi2
 325 01ea 0B43     		orrs	r3, r3, r1
 326 01ec 1B0E     		lsrs	r3, r3, #24
 327 01ee 1343     		orrs	r3, r3, r2
 328 01f0 174A     		ldr	r2, .L2+20
 329 01f2 1360     		str	r3, [r2]
 330 01f4 174B     		ldr	r3, .L2+24
 331 01f6 0293     		str	r3, [sp, #8]
 332 01f8 174B     		ldr	r3, .L2+28
 333 01fa 0193     		str	r3, [sp, #4]
 334 01fc 0023     		movs	r3, #0
 335 01fe 0093     		str	r3, [sp]
 336 0200 134B     		ldr	r3, .L2+20
 337 0202 124A     		ldr	r2, .L2+16
 338 0204 1049     		ldr	r1, .L2+12
 339 0206 1548     		ldr	r0, .L2+32
 340 0208 FFF7FEFF 		bl	netif_add
 341 020c 1348     		ldr	r0, .L2+32
 342 020e FFF7FEFF 		bl	netif_set_default
 343 0212 1248     		ldr	r0, .L2+32
 344 0214 FFF7FEFF 		bl	netif_set_up
 345 0218 1149     		ldr	r1, .L2+36
 346 021a 1048     		ldr	r0, .L2+32
 347 021c FFF7FEFF 		bl	netif_set_link_callback
 348 0220 0023     		movs	r3, #0
 349 0222 0193     		str	r3, [sp, #4]
 350 0224 0223     		movs	r3, #2
 351 0226 0093     		str	r3, [sp]
 352 0228 0C4B     		ldr	r3, .L2+32
 353 022a 4FF40072 		mov	r2, #512
 354 022e 0D49     		ldr	r1, .L2+40
ARM GAS  C:\msys64\tmp\ccZ9yIYv.s 			page 7


 355 0230 0D48     		ldr	r0, .L2+44
 356 0232 FFF7FEFF 		bl	xTaskCreate
 357 0236 00BF     		nop
 358 0238 BD46     		mov	sp, r7
 359              		@ sp needed
 360 023a 80BD     		pop	{r7, pc}
 361              	.L3:
 362              		.align	2
 363              	.L2:
 364 023c 00000000 		.word	IP_ADDRESS
 365 0240 00000000 		.word	NETMASK_ADDRESS
 366 0244 00000000 		.word	GATEWAY_ADDRESS
 367 0248 00000000 		.word	ipaddr
 368 024c 00000000 		.word	netmask
 369 0250 00000000 		.word	gw
 370 0254 00000000 		.word	ethernet_input
 371 0258 00000000 		.word	ethernetif_init
 372 025c 00000000 		.word	gnetif
 373 0260 00000000 		.word	ethernet_link_status_updated
 374 0264 00000000 		.word	.LC0
 375 0268 00000000 		.word	ethernet_link_thread
 377              		.section	.text.Ethernet_Link_Periodic_Handle,"ax",%progbits
 378              		.align	1
 379              		.syntax unified
 380              		.thumb
 381              		.thumb_func
 383              	Ethernet_Link_Periodic_Handle:
 384              		@ args = 0, pretend = 0, frame = 8
 385              		@ frame_needed = 1, uses_anonymous_args = 0
 386 0000 80B5     		push	{r7, lr}
 387 0002 82B0     		sub	sp, sp, #8
 388 0004 00AF     		add	r7, sp, #0
 389 0006 7860     		str	r0, [r7, #4]
 390 0008 FFF7FEFF 		bl	HAL_GetTick
 391 000c 0246     		mov	r2, r0
 392 000e 084B     		ldr	r3, .L7
 393 0010 1B68     		ldr	r3, [r3]
 394 0012 D31A     		subs	r3, r2, r3
 395 0014 632B     		cmp	r3, #99
 396 0016 07D9     		bls	.L6
 397 0018 FFF7FEFF 		bl	HAL_GetTick
 398 001c 0346     		mov	r3, r0
 399 001e 044A     		ldr	r2, .L7
 400 0020 1360     		str	r3, [r2]
 401 0022 7868     		ldr	r0, [r7, #4]
 402 0024 FFF7FEFF 		bl	ethernet_link_check_state
 403              	.L6:
 404 0028 00BF     		nop
 405 002a 0837     		adds	r7, r7, #8
 406 002c BD46     		mov	sp, r7
 407              		@ sp needed
 408 002e 80BD     		pop	{r7, pc}
 409              	.L8:
 410              		.align	2
 411              	.L7:
 412 0030 00000000 		.word	EthernetLinkTimer
 414              		.section	.text.MX_LWIP_Process,"ax",%progbits
ARM GAS  C:\msys64\tmp\ccZ9yIYv.s 			page 8


 415              		.align	1
 416              		.global	MX_LWIP_Process
 417              		.syntax unified
 418              		.thumb
 419              		.thumb_func
 421              	MX_LWIP_Process:
 422              		@ args = 0, pretend = 0, frame = 0
 423              		@ frame_needed = 1, uses_anonymous_args = 0
 424 0000 80B5     		push	{r7, lr}
 425 0002 00AF     		add	r7, sp, #0
 426 0004 0448     		ldr	r0, .L10
 427 0006 FFF7FEFF 		bl	ethernetif_input
 428 000a FFF7FEFF 		bl	sys_check_timeouts
 429 000e 0248     		ldr	r0, .L10
 430 0010 FFF7FEFF 		bl	Ethernet_Link_Periodic_Handle
 431 0014 00BF     		nop
 432 0016 80BD     		pop	{r7, pc}
 433              	.L11:
 434              		.align	2
 435              	.L10:
 436 0018 00000000 		.word	gnetif
 438              		.section	.text.ethernet_link_status_updated,"ax",%progbits
 439              		.align	1
 440              		.syntax unified
 441              		.thumb
 442              		.thumb_func
 444              	ethernet_link_status_updated:
 445              		@ args = 0, pretend = 0, frame = 8
 446              		@ frame_needed = 1, uses_anonymous_args = 0
 447              		@ link register save eliminated.
 448 0000 80B4     		push	{r7}
 449 0002 83B0     		sub	sp, sp, #12
 450 0004 00AF     		add	r7, sp, #0
 451 0006 7860     		str	r0, [r7, #4]
 452 0008 00BF     		nop
 453 000a 0C37     		adds	r7, r7, #12
 454 000c BD46     		mov	sp, r7
 455              		@ sp needed
 456 000e 5DF8047B 		ldr	r7, [sp], #4
 457 0012 7047     		bx	lr
 459              		.ident	"GCC: (GNU) 13.3.0"
ARM GAS  C:\msys64\tmp\ccZ9yIYv.s 			page 9


DEFINED SYMBOLS
                            *ABS*:00000000 lwip.c
C:\msys64\tmp\ccZ9yIYv.s:22     .bss.EthernetLinkTimer:00000000 EthernetLinkTimer
C:\msys64\tmp\ccZ9yIYv.s:19     .bss.EthernetLinkTimer:00000000 $d
C:\msys64\tmp\ccZ9yIYv.s:29     .bss.gnetif:00000000 gnetif
C:\msys64\tmp\ccZ9yIYv.s:26     .bss.gnetif:00000000 $d
C:\msys64\tmp\ccZ9yIYv.s:36     .bss.ipaddr:00000000 ipaddr
C:\msys64\tmp\ccZ9yIYv.s:33     .bss.ipaddr:00000000 $d
C:\msys64\tmp\ccZ9yIYv.s:43     .bss.netmask:00000000 netmask
C:\msys64\tmp\ccZ9yIYv.s:40     .bss.netmask:00000000 $d
C:\msys64\tmp\ccZ9yIYv.s:50     .bss.gw:00000000 gw
C:\msys64\tmp\ccZ9yIYv.s:47     .bss.gw:00000000 $d
C:\msys64\tmp\ccZ9yIYv.s:57     .bss.IP_ADDRESS:00000000 IP_ADDRESS
C:\msys64\tmp\ccZ9yIYv.s:54     .bss.IP_ADDRESS:00000000 $d
C:\msys64\tmp\ccZ9yIYv.s:64     .bss.NETMASK_ADDRESS:00000000 NETMASK_ADDRESS
C:\msys64\tmp\ccZ9yIYv.s:61     .bss.NETMASK_ADDRESS:00000000 $d
C:\msys64\tmp\ccZ9yIYv.s:71     .bss.GATEWAY_ADDRESS:00000000 GATEWAY_ADDRESS
C:\msys64\tmp\ccZ9yIYv.s:68     .bss.GATEWAY_ADDRESS:00000000 $d
C:\msys64\tmp\ccZ9yIYv.s:74     .rodata:00000000 $d
C:\msys64\tmp\ccZ9yIYv.s:78     .text.MX_LWIP_Init:00000000 $t
C:\msys64\tmp\ccZ9yIYv.s:84     .text.MX_LWIP_Init:00000000 MX_LWIP_Init
C:\msys64\tmp\ccZ9yIYv.s:364    .text.MX_LWIP_Init:0000023c $d
C:\msys64\tmp\ccZ9yIYv.s:444    .text.ethernet_link_status_updated:00000000 ethernet_link_status_updated
C:\msys64\tmp\ccZ9yIYv.s:378    .text.Ethernet_Link_Periodic_Handle:00000000 $t
C:\msys64\tmp\ccZ9yIYv.s:383    .text.Ethernet_Link_Periodic_Handle:00000000 Ethernet_Link_Periodic_Handle
C:\msys64\tmp\ccZ9yIYv.s:412    .text.Ethernet_Link_Periodic_Handle:00000030 $d
C:\msys64\tmp\ccZ9yIYv.s:415    .text.MX_LWIP_Process:00000000 $t
C:\msys64\tmp\ccZ9yIYv.s:421    .text.MX_LWIP_Process:00000000 MX_LWIP_Process
C:\msys64\tmp\ccZ9yIYv.s:436    .text.MX_LWIP_Process:00000018 $d
C:\msys64\tmp\ccZ9yIYv.s:439    .text.ethernet_link_status_updated:00000000 $t

UNDEFINED SYMBOLS
tcpip_init
netif_add
netif_set_default
netif_set_up
netif_set_link_callback
xTaskCreate
ethernet_input
ethernetif_init
ethernet_link_thread
HAL_GetTick
ethernet_link_check_state
ethernetif_input
sys_check_timeouts
