ARM GAS  C:\msys64\tmp\ccy2hv6S.s 			page 1


   1              		.cpu cortex-m7
   2              		.arch armv7e-m
   3              		.fpu fpv5-sp-d16
   4              		.eabi_attribute 27, 1
   5              		.eabi_attribute 28, 1
   6              		.eabi_attribute 20, 1
   7              		.eabi_attribute 21, 1
   8              		.eabi_attribute 23, 3
   9              		.eabi_attribute 24, 1
  10              		.eabi_attribute 25, 1
  11              		.eabi_attribute 26, 1
  12              		.eabi_attribute 30, 6
  13              		.eabi_attribute 34, 1
  14              		.eabi_attribute 18, 4
  15              		.file	"stm32f7xx_hal_flash.c"
  16              		.text
  17              		.global	pFlash
  18              		.section	.bss.pFlash,"aw",%nobits
  19              		.align	2
  22              	pFlash:
  23 0000 00000000 		.space	28
  23      00000000 
  23      00000000 
  23      00000000 
  23      00000000 
  24              		.section	.text.HAL_FLASH_Program,"ax",%progbits
  25              		.align	1
  26              		.global	HAL_FLASH_Program
  27              		.syntax unified
  28              		.thumb
  29              		.thumb_func
  31              	HAL_FLASH_Program:
  32              		@ args = 0, pretend = 0, frame = 24
  33              		@ frame_needed = 1, uses_anonymous_args = 0
  34 0000 80B5     		push	{r7, lr}
  35 0002 86B0     		sub	sp, sp, #24
  36 0004 00AF     		add	r7, sp, #0
  37 0006 F860     		str	r0, [r7, #12]
  38 0008 B960     		str	r1, [r7, #8]
  39 000a C7E90023 		strd	r2, [r7]
  40 000e 274B     		ldr	r3, .L13
  41 0010 1B7D     		ldrb	r3, [r3, #20]	@ zero_extendqisi2
  42 0012 012B     		cmp	r3, #1
  43 0014 01D1     		bne	.L2
  44 0016 0223     		movs	r3, #2
  45 0018 43E0     		b	.L3
  46              	.L2:
  47 001a 244B     		ldr	r3, .L13
  48 001c 0122     		movs	r2, #1
  49 001e 1A75     		strb	r2, [r3, #20]
  50 0020 4CF25030 		movw	r0, #50000
  51 0024 FFF7FEFF 		bl	FLASH_WaitForLastOperation
  52 0028 0346     		mov	r3, r0
  53 002a FB75     		strb	r3, [r7, #23]
  54 002c FB7D     		ldrb	r3, [r7, #23]	@ zero_extendqisi2
  55 002e 002B     		cmp	r3, #0
  56 0030 33D1     		bne	.L4
ARM GAS  C:\msys64\tmp\ccy2hv6S.s 			page 2


  57 0032 FB68     		ldr	r3, [r7, #12]
  58 0034 032B     		cmp	r3, #3
  59 0036 23D8     		bhi	.L12
  60 0038 01A2     		adr	r2, .L7
  61 003a 52F823F0 		ldr	pc, [r2, r3, lsl #2]
  62 003e 00BF     		.p2align 2
  63              	.L7:
  64 0040 51000000 		.word	.L10+1
  65 0044 5D000000 		.word	.L9+1
  66 0048 69000000 		.word	.L8+1
  67 004c 75000000 		.word	.L6+1
  68              		.p2align 1
  69              	.L10:
  70 0050 3B78     		ldrb	r3, [r7]	@ zero_extendqisi2
  71 0052 1946     		mov	r1, r3
  72 0054 B868     		ldr	r0, [r7, #8]
  73 0056 FFF7FEFF 		bl	FLASH_Program_Byte
  74 005a 12E0     		b	.L11
  75              	.L9:
  76 005c 3B88     		ldrh	r3, [r7]
  77 005e 1946     		mov	r1, r3
  78 0060 B868     		ldr	r0, [r7, #8]
  79 0062 FFF7FEFF 		bl	FLASH_Program_HalfWord
  80 0066 0CE0     		b	.L11
  81              	.L8:
  82 0068 3B68     		ldr	r3, [r7]
  83 006a 1946     		mov	r1, r3
  84 006c B868     		ldr	r0, [r7, #8]
  85 006e FFF7FEFF 		bl	FLASH_Program_Word
  86 0072 06E0     		b	.L11
  87              	.L6:
  88 0074 D7E90023 		ldrd	r2, [r7]
  89 0078 B868     		ldr	r0, [r7, #8]
  90 007a FFF7FEFF 		bl	FLASH_Program_DoubleWord
  91 007e 00E0     		b	.L11
  92              	.L12:
  93 0080 00BF     		nop
  94              	.L11:
  95 0082 4CF25030 		movw	r0, #50000
  96 0086 FFF7FEFF 		bl	FLASH_WaitForLastOperation
  97 008a 0346     		mov	r3, r0
  98 008c FB75     		strb	r3, [r7, #23]
  99 008e 084B     		ldr	r3, .L13+4
 100 0090 1B69     		ldr	r3, [r3, #16]
 101 0092 074A     		ldr	r2, .L13+4
 102 0094 23F00103 		bic	r3, r3, #1
 103 0098 1361     		str	r3, [r2, #16]
 104              	.L4:
 105 009a 044B     		ldr	r3, .L13
 106 009c 0022     		movs	r2, #0
 107 009e 1A75     		strb	r2, [r3, #20]
 108 00a0 FB7D     		ldrb	r3, [r7, #23]	@ zero_extendqisi2
 109              	.L3:
 110 00a2 1846     		mov	r0, r3
 111 00a4 1837     		adds	r7, r7, #24
 112 00a6 BD46     		mov	sp, r7
 113              		@ sp needed
ARM GAS  C:\msys64\tmp\ccy2hv6S.s 			page 3


 114 00a8 80BD     		pop	{r7, pc}
 115              	.L14:
 116 00aa 00BF     		.align	2
 117              	.L13:
 118 00ac 00000000 		.word	pFlash
 119 00b0 003C0240 		.word	1073888256
 121              		.section	.text.HAL_FLASH_Program_IT,"ax",%progbits
 122              		.align	1
 123              		.global	HAL_FLASH_Program_IT
 124              		.syntax unified
 125              		.thumb
 126              		.thumb_func
 128              	HAL_FLASH_Program_IT:
 129              		@ args = 0, pretend = 0, frame = 24
 130              		@ frame_needed = 1, uses_anonymous_args = 0
 131 0000 80B5     		push	{r7, lr}
 132 0002 86B0     		sub	sp, sp, #24
 133 0004 00AF     		add	r7, sp, #0
 134 0006 F860     		str	r0, [r7, #12]
 135 0008 B960     		str	r1, [r7, #8]
 136 000a C7E90023 		strd	r2, [r7]
 137 000e 0023     		movs	r3, #0
 138 0010 FB75     		strb	r3, [r7, #23]
 139 0012 254B     		ldr	r3, .L26
 140 0014 1B7D     		ldrb	r3, [r3, #20]	@ zero_extendqisi2
 141 0016 012B     		cmp	r3, #1
 142 0018 01D1     		bne	.L16
 143 001a 0223     		movs	r3, #2
 144 001c 40E0     		b	.L17
 145              	.L16:
 146 001e 224B     		ldr	r3, .L26
 147 0020 0122     		movs	r2, #1
 148 0022 1A75     		strb	r2, [r3, #20]
 149 0024 214B     		ldr	r3, .L26+4
 150 0026 1B69     		ldr	r3, [r3, #16]
 151 0028 204A     		ldr	r2, .L26+4
 152 002a 43F08073 		orr	r3, r3, #16777216
 153 002e 1361     		str	r3, [r2, #16]
 154 0030 1E4B     		ldr	r3, .L26+4
 155 0032 1B69     		ldr	r3, [r3, #16]
 156 0034 1D4A     		ldr	r2, .L26+4
 157 0036 43F00073 		orr	r3, r3, #33554432
 158 003a 1361     		str	r3, [r2, #16]
 159 003c 1B4B     		ldr	r3, .L26+4
 160 003e F322     		movs	r2, #243
 161 0040 DA60     		str	r2, [r3, #12]
 162 0042 194B     		ldr	r3, .L26
 163 0044 0322     		movs	r2, #3
 164 0046 1A70     		strb	r2, [r3]
 165 0048 174A     		ldr	r2, .L26
 166 004a BB68     		ldr	r3, [r7, #8]
 167 004c 1361     		str	r3, [r2, #16]
 168 004e FB68     		ldr	r3, [r7, #12]
 169 0050 032B     		cmp	r3, #3
 170 0052 23D8     		bhi	.L25
 171 0054 01A2     		adr	r2, .L20
 172 0056 52F823F0 		ldr	pc, [r2, r3, lsl #2]
ARM GAS  C:\msys64\tmp\ccy2hv6S.s 			page 4


 173 005a 00BF     		.p2align 2
 174              	.L20:
 175 005c 6D000000 		.word	.L23+1
 176 0060 79000000 		.word	.L22+1
 177 0064 85000000 		.word	.L21+1
 178 0068 91000000 		.word	.L19+1
 179              		.p2align 1
 180              	.L23:
 181 006c 3B78     		ldrb	r3, [r7]	@ zero_extendqisi2
 182 006e 1946     		mov	r1, r3
 183 0070 B868     		ldr	r0, [r7, #8]
 184 0072 FFF7FEFF 		bl	FLASH_Program_Byte
 185 0076 12E0     		b	.L24
 186              	.L22:
 187 0078 3B88     		ldrh	r3, [r7]
 188 007a 1946     		mov	r1, r3
 189 007c B868     		ldr	r0, [r7, #8]
 190 007e FFF7FEFF 		bl	FLASH_Program_HalfWord
 191 0082 0CE0     		b	.L24
 192              	.L21:
 193 0084 3B68     		ldr	r3, [r7]
 194 0086 1946     		mov	r1, r3
 195 0088 B868     		ldr	r0, [r7, #8]
 196 008a FFF7FEFF 		bl	FLASH_Program_Word
 197 008e 06E0     		b	.L24
 198              	.L19:
 199 0090 D7E90023 		ldrd	r2, [r7]
 200 0094 B868     		ldr	r0, [r7, #8]
 201 0096 FFF7FEFF 		bl	FLASH_Program_DoubleWord
 202 009a 00E0     		b	.L24
 203              	.L25:
 204 009c 00BF     		nop
 205              	.L24:
 206 009e FB7D     		ldrb	r3, [r7, #23]	@ zero_extendqisi2
 207              	.L17:
 208 00a0 1846     		mov	r0, r3
 209 00a2 1837     		adds	r7, r7, #24
 210 00a4 BD46     		mov	sp, r7
 211              		@ sp needed
 212 00a6 80BD     		pop	{r7, pc}
 213              	.L27:
 214              		.align	2
 215              	.L26:
 216 00a8 00000000 		.word	pFlash
 217 00ac 003C0240 		.word	1073888256
 219              		.section	.text.HAL_FLASH_IRQHandler,"ax",%progbits
 220              		.align	1
 221              		.global	HAL_FLASH_IRQHandler
 222              		.syntax unified
 223              		.thumb
 224              		.thumb_func
 226              	HAL_FLASH_IRQHandler:
 227              		@ args = 0, pretend = 0, frame = 8
 228              		@ frame_needed = 1, uses_anonymous_args = 0
 229 0000 80B5     		push	{r7, lr}
 230 0002 82B0     		sub	sp, sp, #8
 231 0004 00AF     		add	r7, sp, #0
ARM GAS  C:\msys64\tmp\ccy2hv6S.s 			page 5


 232 0006 0023     		movs	r3, #0
 233 0008 7B60     		str	r3, [r7, #4]
 234 000a 554B     		ldr	r3, .L46
 235 000c 1B69     		ldr	r3, [r3, #16]
 236 000e 544A     		ldr	r2, .L46
 237 0010 23F00103 		bic	r3, r3, #1
 238 0014 1361     		str	r3, [r2, #16]
 239 0016 524B     		ldr	r3, .L46
 240 0018 1B69     		ldr	r3, [r3, #16]
 241 001a 514A     		ldr	r2, .L46
 242 001c 23F00203 		bic	r3, r3, #2
 243 0020 1361     		str	r3, [r2, #16]
 244 0022 4F4B     		ldr	r3, .L46
 245 0024 1B69     		ldr	r3, [r3, #16]
 246 0026 4E4A     		ldr	r2, .L46
 247 0028 23F0F803 		bic	r3, r3, #248
 248 002c 1361     		str	r3, [r2, #16]
 249 002e 4C4B     		ldr	r3, .L46
 250 0030 1B69     		ldr	r3, [r3, #16]
 251 0032 4B4A     		ldr	r2, .L46
 252 0034 23F00403 		bic	r3, r3, #4
 253 0038 1361     		str	r3, [r2, #16]
 254 003a 494B     		ldr	r3, .L46
 255 003c DB68     		ldr	r3, [r3, #12]
 256 003e 03F00103 		and	r3, r3, #1
 257 0042 002B     		cmp	r3, #0
 258 0044 49D0     		beq	.L29
 259 0046 464B     		ldr	r3, .L46
 260 0048 0122     		movs	r2, #1
 261 004a DA60     		str	r2, [r3, #12]
 262 004c 454B     		ldr	r3, .L46+4
 263 004e 1B78     		ldrb	r3, [r3]
 264 0050 DBB2     		uxtb	r3, r3
 265 0052 032B     		cmp	r3, #3
 266 0054 37D0     		beq	.L30
 267 0056 032B     		cmp	r3, #3
 268 0058 3EDC     		bgt	.L43
 269 005a 012B     		cmp	r3, #1
 270 005c 02D0     		beq	.L32
 271 005e 022B     		cmp	r3, #2
 272 0060 2AD0     		beq	.L33
 273 0062 39E0     		b	.L43
 274              	.L32:
 275 0064 3F4B     		ldr	r3, .L46+4
 276 0066 5B68     		ldr	r3, [r3, #4]
 277 0068 013B     		subs	r3, r3, #1
 278 006a 3E4A     		ldr	r2, .L46+4
 279 006c 5360     		str	r3, [r2, #4]
 280 006e 3D4B     		ldr	r3, .L46+4
 281 0070 5B68     		ldr	r3, [r3, #4]
 282 0072 002B     		cmp	r3, #0
 283 0074 13D0     		beq	.L34
 284 0076 3B4B     		ldr	r3, .L46+4
 285 0078 DB68     		ldr	r3, [r3, #12]
 286 007a 7B60     		str	r3, [r7, #4]
 287 007c 7868     		ldr	r0, [r7, #4]
 288 007e FFF7FEFF 		bl	HAL_FLASH_EndOfOperationCallback
ARM GAS  C:\msys64\tmp\ccy2hv6S.s 			page 6


 289 0082 384B     		ldr	r3, .L46+4
 290 0084 DB68     		ldr	r3, [r3, #12]
 291 0086 0133     		adds	r3, r3, #1
 292 0088 364A     		ldr	r2, .L46+4
 293 008a D360     		str	r3, [r2, #12]
 294 008c 7B60     		str	r3, [r7, #4]
 295 008e 354B     		ldr	r3, .L46+4
 296 0090 1B7A     		ldrb	r3, [r3, #8]
 297 0092 DBB2     		uxtb	r3, r3
 298 0094 1946     		mov	r1, r3
 299 0096 7868     		ldr	r0, [r7, #4]
 300 0098 FFF7FEFF 		bl	FLASH_Erase_Sector
 301 009c 1DE0     		b	.L29
 302              	.L34:
 303 009e 4FF0FF33 		mov	r3, #-1
 304 00a2 7B60     		str	r3, [r7, #4]
 305 00a4 2F4A     		ldr	r2, .L46+4
 306 00a6 7B68     		ldr	r3, [r7, #4]
 307 00a8 D360     		str	r3, [r2, #12]
 308 00aa 7868     		ldr	r0, [r7, #4]
 309 00ac FFF7FEFF 		bl	HAL_FLASH_EndOfOperationCallback
 310 00b0 2C4B     		ldr	r3, .L46+4
 311 00b2 0022     		movs	r2, #0
 312 00b4 1A70     		strb	r2, [r3]
 313 00b6 10E0     		b	.L29
 314              	.L33:
 315 00b8 0020     		movs	r0, #0
 316 00ba FFF7FEFF 		bl	HAL_FLASH_EndOfOperationCallback
 317 00be 294B     		ldr	r3, .L46+4
 318 00c0 0022     		movs	r2, #0
 319 00c2 1A70     		strb	r2, [r3]
 320 00c4 09E0     		b	.L29
 321              	.L30:
 322 00c6 274B     		ldr	r3, .L46+4
 323 00c8 1B69     		ldr	r3, [r3, #16]
 324 00ca 1846     		mov	r0, r3
 325 00cc FFF7FEFF 		bl	HAL_FLASH_EndOfOperationCallback
 326 00d0 244B     		ldr	r3, .L46+4
 327 00d2 0022     		movs	r2, #0
 328 00d4 1A70     		strb	r2, [r3]
 329 00d6 00E0     		b	.L29
 330              	.L43:
 331 00d8 00BF     		nop
 332              	.L29:
 333 00da 214B     		ldr	r3, .L46
 334 00dc DB68     		ldr	r3, [r3, #12]
 335 00de 03F0F203 		and	r3, r3, #242
 336 00e2 002B     		cmp	r3, #0
 337 00e4 23D0     		beq	.L36
 338 00e6 1F4B     		ldr	r3, .L46+4
 339 00e8 1B78     		ldrb	r3, [r3]
 340 00ea DBB2     		uxtb	r3, r3
 341 00ec 032B     		cmp	r3, #3
 342 00ee 11D0     		beq	.L37
 343 00f0 032B     		cmp	r3, #3
 344 00f2 13DC     		bgt	.L44
 345 00f4 012B     		cmp	r3, #1
ARM GAS  C:\msys64\tmp\ccy2hv6S.s 			page 7


 346 00f6 02D0     		beq	.L39
 347 00f8 022B     		cmp	r3, #2
 348 00fa 08D0     		beq	.L40
 349 00fc 0EE0     		b	.L44
 350              	.L39:
 351 00fe 194B     		ldr	r3, .L46+4
 352 0100 DB68     		ldr	r3, [r3, #12]
 353 0102 7B60     		str	r3, [r7, #4]
 354 0104 174B     		ldr	r3, .L46+4
 355 0106 4FF0FF32 		mov	r2, #-1
 356 010a DA60     		str	r2, [r3, #12]
 357 010c 07E0     		b	.L41
 358              	.L40:
 359 010e 0023     		movs	r3, #0
 360 0110 7B60     		str	r3, [r7, #4]
 361 0112 04E0     		b	.L41
 362              	.L37:
 363 0114 134B     		ldr	r3, .L46+4
 364 0116 1B69     		ldr	r3, [r3, #16]
 365 0118 7B60     		str	r3, [r7, #4]
 366 011a 00E0     		b	.L41
 367              	.L44:
 368 011c 00BF     		nop
 369              	.L41:
 370 011e FFF7FEFF 		bl	FLASH_SetErrorCode
 371 0122 7868     		ldr	r0, [r7, #4]
 372 0124 FFF7FEFF 		bl	HAL_FLASH_OperationErrorCallback
 373 0128 0E4B     		ldr	r3, .L46+4
 374 012a 0022     		movs	r2, #0
 375 012c 1A70     		strb	r2, [r3]
 376              	.L36:
 377 012e 0D4B     		ldr	r3, .L46+4
 378 0130 1B78     		ldrb	r3, [r3]
 379 0132 DBB2     		uxtb	r3, r3
 380 0134 002B     		cmp	r3, #0
 381 0136 0ED1     		bne	.L45
 382 0138 094B     		ldr	r3, .L46
 383 013a 1B69     		ldr	r3, [r3, #16]
 384 013c 084A     		ldr	r2, .L46
 385 013e 23F08073 		bic	r3, r3, #16777216
 386 0142 1361     		str	r3, [r2, #16]
 387 0144 064B     		ldr	r3, .L46
 388 0146 1B69     		ldr	r3, [r3, #16]
 389 0148 054A     		ldr	r2, .L46
 390 014a 23F00073 		bic	r3, r3, #33554432
 391 014e 1361     		str	r3, [r2, #16]
 392 0150 044B     		ldr	r3, .L46+4
 393 0152 0022     		movs	r2, #0
 394 0154 1A75     		strb	r2, [r3, #20]
 395              	.L45:
 396 0156 00BF     		nop
 397 0158 0837     		adds	r7, r7, #8
 398 015a BD46     		mov	sp, r7
 399              		@ sp needed
 400 015c 80BD     		pop	{r7, pc}
 401              	.L47:
 402 015e 00BF     		.align	2
ARM GAS  C:\msys64\tmp\ccy2hv6S.s 			page 8


 403              	.L46:
 404 0160 003C0240 		.word	1073888256
 405 0164 00000000 		.word	pFlash
 407              		.section	.text.HAL_FLASH_EndOfOperationCallback,"ax",%progbits
 408              		.align	1
 409              		.weak	HAL_FLASH_EndOfOperationCallback
 410              		.syntax unified
 411              		.thumb
 412              		.thumb_func
 414              	HAL_FLASH_EndOfOperationCallback:
 415              		@ args = 0, pretend = 0, frame = 8
 416              		@ frame_needed = 1, uses_anonymous_args = 0
 417              		@ link register save eliminated.
 418 0000 80B4     		push	{r7}
 419 0002 83B0     		sub	sp, sp, #12
 420 0004 00AF     		add	r7, sp, #0
 421 0006 7860     		str	r0, [r7, #4]
 422 0008 00BF     		nop
 423 000a 0C37     		adds	r7, r7, #12
 424 000c BD46     		mov	sp, r7
 425              		@ sp needed
 426 000e 5DF8047B 		ldr	r7, [sp], #4
 427 0012 7047     		bx	lr
 429              		.section	.text.HAL_FLASH_OperationErrorCallback,"ax",%progbits
 430              		.align	1
 431              		.weak	HAL_FLASH_OperationErrorCallback
 432              		.syntax unified
 433              		.thumb
 434              		.thumb_func
 436              	HAL_FLASH_OperationErrorCallback:
 437              		@ args = 0, pretend = 0, frame = 8
 438              		@ frame_needed = 1, uses_anonymous_args = 0
 439              		@ link register save eliminated.
 440 0000 80B4     		push	{r7}
 441 0002 83B0     		sub	sp, sp, #12
 442 0004 00AF     		add	r7, sp, #0
 443 0006 7860     		str	r0, [r7, #4]
 444 0008 00BF     		nop
 445 000a 0C37     		adds	r7, r7, #12
 446 000c BD46     		mov	sp, r7
 447              		@ sp needed
 448 000e 5DF8047B 		ldr	r7, [sp], #4
 449 0012 7047     		bx	lr
 451              		.section	.text.HAL_FLASH_Unlock,"ax",%progbits
 452              		.align	1
 453              		.global	HAL_FLASH_Unlock
 454              		.syntax unified
 455              		.thumb
 456              		.thumb_func
 458              	HAL_FLASH_Unlock:
 459              		@ args = 0, pretend = 0, frame = 8
 460              		@ frame_needed = 1, uses_anonymous_args = 0
 461              		@ link register save eliminated.
 462 0000 80B4     		push	{r7}
 463 0002 83B0     		sub	sp, sp, #12
 464 0004 00AF     		add	r7, sp, #0
 465 0006 0023     		movs	r3, #0
ARM GAS  C:\msys64\tmp\ccy2hv6S.s 			page 9


 466 0008 FB71     		strb	r3, [r7, #7]
 467 000a 0B4B     		ldr	r3, .L53
 468 000c 1B69     		ldr	r3, [r3, #16]
 469 000e 002B     		cmp	r3, #0
 470 0010 0BDA     		bge	.L51
 471 0012 094B     		ldr	r3, .L53
 472 0014 094A     		ldr	r2, .L53+4
 473 0016 5A60     		str	r2, [r3, #4]
 474 0018 074B     		ldr	r3, .L53
 475 001a 094A     		ldr	r2, .L53+8
 476 001c 5A60     		str	r2, [r3, #4]
 477 001e 064B     		ldr	r3, .L53
 478 0020 1B69     		ldr	r3, [r3, #16]
 479 0022 002B     		cmp	r3, #0
 480 0024 01DA     		bge	.L51
 481 0026 0123     		movs	r3, #1
 482 0028 FB71     		strb	r3, [r7, #7]
 483              	.L51:
 484 002a FB79     		ldrb	r3, [r7, #7]	@ zero_extendqisi2
 485 002c 1846     		mov	r0, r3
 486 002e 0C37     		adds	r7, r7, #12
 487 0030 BD46     		mov	sp, r7
 488              		@ sp needed
 489 0032 5DF8047B 		ldr	r7, [sp], #4
 490 0036 7047     		bx	lr
 491              	.L54:
 492              		.align	2
 493              	.L53:
 494 0038 003C0240 		.word	1073888256
 495 003c 23016745 		.word	1164378403
 496 0040 AB89EFCD 		.word	-839939669
 498              		.section	.text.HAL_FLASH_Lock,"ax",%progbits
 499              		.align	1
 500              		.global	HAL_FLASH_Lock
 501              		.syntax unified
 502              		.thumb
 503              		.thumb_func
 505              	HAL_FLASH_Lock:
 506              		@ args = 0, pretend = 0, frame = 0
 507              		@ frame_needed = 1, uses_anonymous_args = 0
 508              		@ link register save eliminated.
 509 0000 80B4     		push	{r7}
 510 0002 00AF     		add	r7, sp, #0
 511 0004 054B     		ldr	r3, .L57
 512 0006 1B69     		ldr	r3, [r3, #16]
 513 0008 044A     		ldr	r2, .L57
 514 000a 43F00043 		orr	r3, r3, #-2147483648
 515 000e 1361     		str	r3, [r2, #16]
 516 0010 0023     		movs	r3, #0
 517 0012 1846     		mov	r0, r3
 518 0014 BD46     		mov	sp, r7
 519              		@ sp needed
 520 0016 5DF8047B 		ldr	r7, [sp], #4
 521 001a 7047     		bx	lr
 522              	.L58:
 523              		.align	2
 524              	.L57:
ARM GAS  C:\msys64\tmp\ccy2hv6S.s 			page 10


 525 001c 003C0240 		.word	1073888256
 527              		.section	.text.HAL_FLASH_OB_Unlock,"ax",%progbits
 528              		.align	1
 529              		.global	HAL_FLASH_OB_Unlock
 530              		.syntax unified
 531              		.thumb
 532              		.thumb_func
 534              	HAL_FLASH_OB_Unlock:
 535              		@ args = 0, pretend = 0, frame = 0
 536              		@ frame_needed = 1, uses_anonymous_args = 0
 537              		@ link register save eliminated.
 538 0000 80B4     		push	{r7}
 539 0002 00AF     		add	r7, sp, #0
 540 0004 094B     		ldr	r3, .L63
 541 0006 5B69     		ldr	r3, [r3, #20]
 542 0008 03F00103 		and	r3, r3, #1
 543 000c 002B     		cmp	r3, #0
 544 000e 07D0     		beq	.L60
 545 0010 064B     		ldr	r3, .L63
 546 0012 074A     		ldr	r2, .L63+4
 547 0014 9A60     		str	r2, [r3, #8]
 548 0016 054B     		ldr	r3, .L63
 549 0018 064A     		ldr	r2, .L63+8
 550 001a 9A60     		str	r2, [r3, #8]
 551 001c 0023     		movs	r3, #0
 552 001e 00E0     		b	.L62
 553              	.L60:
 554 0020 0123     		movs	r3, #1
 555              	.L62:
 556 0022 1846     		mov	r0, r3
 557 0024 BD46     		mov	sp, r7
 558              		@ sp needed
 559 0026 5DF8047B 		ldr	r7, [sp], #4
 560 002a 7047     		bx	lr
 561              	.L64:
 562              		.align	2
 563              	.L63:
 564 002c 003C0240 		.word	1073888256
 565 0030 3B2A1908 		.word	135866939
 566 0034 7F6E5D4C 		.word	1281191551
 568              		.section	.text.HAL_FLASH_OB_Lock,"ax",%progbits
 569              		.align	1
 570              		.global	HAL_FLASH_OB_Lock
 571              		.syntax unified
 572              		.thumb
 573              		.thumb_func
 575              	HAL_FLASH_OB_Lock:
 576              		@ args = 0, pretend = 0, frame = 0
 577              		@ frame_needed = 1, uses_anonymous_args = 0
 578              		@ link register save eliminated.
 579 0000 80B4     		push	{r7}
 580 0002 00AF     		add	r7, sp, #0
 581 0004 054B     		ldr	r3, .L67
 582 0006 5B69     		ldr	r3, [r3, #20]
 583 0008 044A     		ldr	r2, .L67
 584 000a 43F00103 		orr	r3, r3, #1
 585 000e 5361     		str	r3, [r2, #20]
ARM GAS  C:\msys64\tmp\ccy2hv6S.s 			page 11


 586 0010 0023     		movs	r3, #0
 587 0012 1846     		mov	r0, r3
 588 0014 BD46     		mov	sp, r7
 589              		@ sp needed
 590 0016 5DF8047B 		ldr	r7, [sp], #4
 591 001a 7047     		bx	lr
 592              	.L68:
 593              		.align	2
 594              	.L67:
 595 001c 003C0240 		.word	1073888256
 597              		.section	.text.HAL_FLASH_OB_Launch,"ax",%progbits
 598              		.align	1
 599              		.global	HAL_FLASH_OB_Launch
 600              		.syntax unified
 601              		.thumb
 602              		.thumb_func
 604              	HAL_FLASH_OB_Launch:
 605              		@ args = 0, pretend = 0, frame = 0
 606              		@ frame_needed = 1, uses_anonymous_args = 0
 607 0000 80B5     		push	{r7, lr}
 608 0002 00AF     		add	r7, sp, #0
 609 0004 064B     		ldr	r3, .L71
 610 0006 5B69     		ldr	r3, [r3, #20]
 611 0008 054A     		ldr	r2, .L71
 612 000a 43F00203 		orr	r3, r3, #2
 613 000e 5361     		str	r3, [r2, #20]
 614 0010 4CF25030 		movw	r0, #50000
 615 0014 FFF7FEFF 		bl	FLASH_WaitForLastOperation
 616 0018 0346     		mov	r3, r0
 617 001a 1846     		mov	r0, r3
 618 001c 80BD     		pop	{r7, pc}
 619              	.L72:
 620 001e 00BF     		.align	2
 621              	.L71:
 622 0020 003C0240 		.word	1073888256
 624              		.section	.text.HAL_FLASH_GetError,"ax",%progbits
 625              		.align	1
 626              		.global	HAL_FLASH_GetError
 627              		.syntax unified
 628              		.thumb
 629              		.thumb_func
 631              	HAL_FLASH_GetError:
 632              		@ args = 0, pretend = 0, frame = 0
 633              		@ frame_needed = 1, uses_anonymous_args = 0
 634              		@ link register save eliminated.
 635 0000 80B4     		push	{r7}
 636 0002 00AF     		add	r7, sp, #0
 637 0004 034B     		ldr	r3, .L75
 638 0006 9B69     		ldr	r3, [r3, #24]
 639 0008 1846     		mov	r0, r3
 640 000a BD46     		mov	sp, r7
 641              		@ sp needed
 642 000c 5DF8047B 		ldr	r7, [sp], #4
 643 0010 7047     		bx	lr
 644              	.L76:
 645 0012 00BF     		.align	2
 646              	.L75:
ARM GAS  C:\msys64\tmp\ccy2hv6S.s 			page 12


 647 0014 00000000 		.word	pFlash
 649              		.section	.text.FLASH_WaitForLastOperation,"ax",%progbits
 650              		.align	1
 651              		.global	FLASH_WaitForLastOperation
 652              		.syntax unified
 653              		.thumb
 654              		.thumb_func
 656              	FLASH_WaitForLastOperation:
 657              		@ args = 0, pretend = 0, frame = 16
 658              		@ frame_needed = 1, uses_anonymous_args = 0
 659 0000 80B5     		push	{r7, lr}
 660 0002 84B0     		sub	sp, sp, #16
 661 0004 00AF     		add	r7, sp, #0
 662 0006 7860     		str	r0, [r7, #4]
 663 0008 0023     		movs	r3, #0
 664 000a FB60     		str	r3, [r7, #12]
 665 000c 1A4B     		ldr	r3, .L85
 666 000e 0022     		movs	r2, #0
 667 0010 9A61     		str	r2, [r3, #24]
 668 0012 FFF7FEFF 		bl	HAL_GetTick
 669 0016 F860     		str	r0, [r7, #12]
 670 0018 10E0     		b	.L79
 671              	.L82:
 672 001a 7B68     		ldr	r3, [r7, #4]
 673 001c B3F1FF3F 		cmp	r3, #-1
 674 0020 0CD0     		beq	.L79
 675 0022 7B68     		ldr	r3, [r7, #4]
 676 0024 002B     		cmp	r3, #0
 677 0026 07D0     		beq	.L80
 678 0028 FFF7FEFF 		bl	HAL_GetTick
 679 002c 0246     		mov	r2, r0
 680 002e FB68     		ldr	r3, [r7, #12]
 681 0030 D31A     		subs	r3, r2, r3
 682 0032 7A68     		ldr	r2, [r7, #4]
 683 0034 9A42     		cmp	r2, r3
 684 0036 01D2     		bcs	.L79
 685              	.L80:
 686 0038 0323     		movs	r3, #3
 687 003a 19E0     		b	.L81
 688              	.L79:
 689 003c 0F4B     		ldr	r3, .L85+4
 690 003e DB68     		ldr	r3, [r3, #12]
 691 0040 03F48033 		and	r3, r3, #65536
 692 0044 002B     		cmp	r3, #0
 693 0046 E8D1     		bne	.L82
 694 0048 0C4B     		ldr	r3, .L85+4
 695 004a DB68     		ldr	r3, [r3, #12]
 696 004c 03F0F203 		and	r3, r3, #242
 697 0050 002B     		cmp	r3, #0
 698 0052 03D0     		beq	.L83
 699 0054 FFF7FEFF 		bl	FLASH_SetErrorCode
 700 0058 0123     		movs	r3, #1
 701 005a 09E0     		b	.L81
 702              	.L83:
 703 005c 074B     		ldr	r3, .L85+4
 704 005e DB68     		ldr	r3, [r3, #12]
 705 0060 03F00103 		and	r3, r3, #1
ARM GAS  C:\msys64\tmp\ccy2hv6S.s 			page 13


 706 0064 002B     		cmp	r3, #0
 707 0066 02D0     		beq	.L84
 708 0068 044B     		ldr	r3, .L85+4
 709 006a 0122     		movs	r2, #1
 710 006c DA60     		str	r2, [r3, #12]
 711              	.L84:
 712 006e 0023     		movs	r3, #0
 713              	.L81:
 714 0070 1846     		mov	r0, r3
 715 0072 1037     		adds	r7, r7, #16
 716 0074 BD46     		mov	sp, r7
 717              		@ sp needed
 718 0076 80BD     		pop	{r7, pc}
 719              	.L86:
 720              		.align	2
 721              	.L85:
 722 0078 00000000 		.word	pFlash
 723 007c 003C0240 		.word	1073888256
 725              		.section	.text.FLASH_Program_DoubleWord,"ax",%progbits
 726              		.align	1
 727              		.syntax unified
 728              		.thumb
 729              		.thumb_func
 731              	FLASH_Program_DoubleWord:
 732              		@ args = 0, pretend = 0, frame = 16
 733              		@ frame_needed = 1, uses_anonymous_args = 0
 734              		@ link register save eliminated.
 735 0000 80B4     		push	{r7}
 736 0002 85B0     		sub	sp, sp, #20
 737 0004 00AF     		add	r7, sp, #0
 738 0006 F860     		str	r0, [r7, #12]
 739 0008 C7E90023 		strd	r2, [r7]
 740 000c 164B     		ldr	r3, .L88
 741 000e 1B69     		ldr	r3, [r3, #16]
 742 0010 154A     		ldr	r2, .L88
 743 0012 23F44073 		bic	r3, r3, #768
 744 0016 1361     		str	r3, [r2, #16]
 745 0018 134B     		ldr	r3, .L88
 746 001a 1B69     		ldr	r3, [r3, #16]
 747 001c 124A     		ldr	r2, .L88
 748 001e 43F44073 		orr	r3, r3, #768
 749 0022 1361     		str	r3, [r2, #16]
 750 0024 104B     		ldr	r3, .L88
 751 0026 1B69     		ldr	r3, [r3, #16]
 752 0028 0F4A     		ldr	r2, .L88
 753 002a 43F00103 		orr	r3, r3, #1
 754 002e 1361     		str	r3, [r2, #16]
 755 0030 FB68     		ldr	r3, [r7, #12]
 756 0032 3A68     		ldr	r2, [r7]
 757 0034 1A60     		str	r2, [r3]
 758              		.syntax unified
 759              	@ 868 "cmsis/core/cmsis_gcc.h" 1
 760 0036 BFF36F8F 		isb 0xF
 761              	@ 0 "" 2
 762              		.thumb
 763              		.syntax unified
 764 003a 00BF     		nop
ARM GAS  C:\msys64\tmp\ccy2hv6S.s 			page 14


 765 003c D7E90001 		ldrd	r0, [r7]
 766 0040 4FF00002 		mov	r2, #0
 767 0044 4FF00003 		mov	r3, #0
 768 0048 0A00     		movs	r2, r1
 769 004a 0023     		movs	r3, #0
 770 004c F968     		ldr	r1, [r7, #12]
 771 004e 0431     		adds	r1, r1, #4
 772 0050 1346     		mov	r3, r2
 773 0052 0B60     		str	r3, [r1]
 774              		.syntax unified
 775              	@ 879 "cmsis/core/cmsis_gcc.h" 1
 776 0054 BFF34F8F 		dsb 0xF
 777              	@ 0 "" 2
 778              		.thumb
 779              		.syntax unified
 780 0058 00BF     		nop
 781 005a 00BF     		nop
 782 005c 1437     		adds	r7, r7, #20
 783 005e BD46     		mov	sp, r7
 784              		@ sp needed
 785 0060 5DF8047B 		ldr	r7, [sp], #4
 786 0064 7047     		bx	lr
 787              	.L89:
 788 0066 00BF     		.align	2
 789              	.L88:
 790 0068 003C0240 		.word	1073888256
 792              		.section	.text.FLASH_Program_Word,"ax",%progbits
 793              		.align	1
 794              		.syntax unified
 795              		.thumb
 796              		.thumb_func
 798              	FLASH_Program_Word:
 799              		@ args = 0, pretend = 0, frame = 8
 800              		@ frame_needed = 1, uses_anonymous_args = 0
 801              		@ link register save eliminated.
 802 0000 80B4     		push	{r7}
 803 0002 83B0     		sub	sp, sp, #12
 804 0004 00AF     		add	r7, sp, #0
 805 0006 7860     		str	r0, [r7, #4]
 806 0008 3960     		str	r1, [r7]
 807 000a 0F4B     		ldr	r3, .L91
 808 000c 1B69     		ldr	r3, [r3, #16]
 809 000e 0E4A     		ldr	r2, .L91
 810 0010 23F44073 		bic	r3, r3, #768
 811 0014 1361     		str	r3, [r2, #16]
 812 0016 0C4B     		ldr	r3, .L91
 813 0018 1B69     		ldr	r3, [r3, #16]
 814 001a 0B4A     		ldr	r2, .L91
 815 001c 43F40073 		orr	r3, r3, #512
 816 0020 1361     		str	r3, [r2, #16]
 817 0022 094B     		ldr	r3, .L91
 818 0024 1B69     		ldr	r3, [r3, #16]
 819 0026 084A     		ldr	r2, .L91
 820 0028 43F00103 		orr	r3, r3, #1
 821 002c 1361     		str	r3, [r2, #16]
 822 002e 7B68     		ldr	r3, [r7, #4]
 823 0030 3A68     		ldr	r2, [r7]
ARM GAS  C:\msys64\tmp\ccy2hv6S.s 			page 15


 824 0032 1A60     		str	r2, [r3]
 825              		.syntax unified
 826              	@ 879 "cmsis/core/cmsis_gcc.h" 1
 827 0034 BFF34F8F 		dsb 0xF
 828              	@ 0 "" 2
 829              		.thumb
 830              		.syntax unified
 831 0038 00BF     		nop
 832 003a 00BF     		nop
 833 003c 0C37     		adds	r7, r7, #12
 834 003e BD46     		mov	sp, r7
 835              		@ sp needed
 836 0040 5DF8047B 		ldr	r7, [sp], #4
 837 0044 7047     		bx	lr
 838              	.L92:
 839 0046 00BF     		.align	2
 840              	.L91:
 841 0048 003C0240 		.word	1073888256
 843              		.section	.text.FLASH_Program_HalfWord,"ax",%progbits
 844              		.align	1
 845              		.syntax unified
 846              		.thumb
 847              		.thumb_func
 849              	FLASH_Program_HalfWord:
 850              		@ args = 0, pretend = 0, frame = 8
 851              		@ frame_needed = 1, uses_anonymous_args = 0
 852              		@ link register save eliminated.
 853 0000 80B4     		push	{r7}
 854 0002 83B0     		sub	sp, sp, #12
 855 0004 00AF     		add	r7, sp, #0
 856 0006 7860     		str	r0, [r7, #4]
 857 0008 0B46     		mov	r3, r1
 858 000a 7B80     		strh	r3, [r7, #2]	@ movhi
 859 000c 0E4B     		ldr	r3, .L94
 860 000e 1B69     		ldr	r3, [r3, #16]
 861 0010 0D4A     		ldr	r2, .L94
 862 0012 23F44073 		bic	r3, r3, #768
 863 0016 1361     		str	r3, [r2, #16]
 864 0018 0B4B     		ldr	r3, .L94
 865 001a 1B69     		ldr	r3, [r3, #16]
 866 001c 0A4A     		ldr	r2, .L94
 867 001e 43F48073 		orr	r3, r3, #256
 868 0022 1361     		str	r3, [r2, #16]
 869 0024 084B     		ldr	r3, .L94
 870 0026 1B69     		ldr	r3, [r3, #16]
 871 0028 074A     		ldr	r2, .L94
 872 002a 43F00103 		orr	r3, r3, #1
 873 002e 1361     		str	r3, [r2, #16]
 874 0030 7B68     		ldr	r3, [r7, #4]
 875 0032 7A88     		ldrh	r2, [r7, #2]	@ movhi
 876 0034 1A80     		strh	r2, [r3]	@ movhi
 877              		.syntax unified
 878              	@ 879 "cmsis/core/cmsis_gcc.h" 1
 879 0036 BFF34F8F 		dsb 0xF
 880              	@ 0 "" 2
 881              		.thumb
 882              		.syntax unified
ARM GAS  C:\msys64\tmp\ccy2hv6S.s 			page 16


 883 003a 00BF     		nop
 884 003c 00BF     		nop
 885 003e 0C37     		adds	r7, r7, #12
 886 0040 BD46     		mov	sp, r7
 887              		@ sp needed
 888 0042 5DF8047B 		ldr	r7, [sp], #4
 889 0046 7047     		bx	lr
 890              	.L95:
 891              		.align	2
 892              	.L94:
 893 0048 003C0240 		.word	1073888256
 895              		.section	.text.FLASH_Program_Byte,"ax",%progbits
 896              		.align	1
 897              		.syntax unified
 898              		.thumb
 899              		.thumb_func
 901              	FLASH_Program_Byte:
 902              		@ args = 0, pretend = 0, frame = 8
 903              		@ frame_needed = 1, uses_anonymous_args = 0
 904              		@ link register save eliminated.
 905 0000 80B4     		push	{r7}
 906 0002 83B0     		sub	sp, sp, #12
 907 0004 00AF     		add	r7, sp, #0
 908 0006 7860     		str	r0, [r7, #4]
 909 0008 0B46     		mov	r3, r1
 910 000a FB70     		strb	r3, [r7, #3]
 911 000c 0D4B     		ldr	r3, .L97
 912 000e 1B69     		ldr	r3, [r3, #16]
 913 0010 0C4A     		ldr	r2, .L97
 914 0012 23F44073 		bic	r3, r3, #768
 915 0016 1361     		str	r3, [r2, #16]
 916 0018 0A4B     		ldr	r3, .L97
 917 001a 0A4A     		ldr	r2, .L97
 918 001c 1B69     		ldr	r3, [r3, #16]
 919 001e 1361     		str	r3, [r2, #16]
 920 0020 084B     		ldr	r3, .L97
 921 0022 1B69     		ldr	r3, [r3, #16]
 922 0024 074A     		ldr	r2, .L97
 923 0026 43F00103 		orr	r3, r3, #1
 924 002a 1361     		str	r3, [r2, #16]
 925 002c 7B68     		ldr	r3, [r7, #4]
 926 002e FA78     		ldrb	r2, [r7, #3]
 927 0030 1A70     		strb	r2, [r3]
 928              		.syntax unified
 929              	@ 879 "cmsis/core/cmsis_gcc.h" 1
 930 0032 BFF34F8F 		dsb 0xF
 931              	@ 0 "" 2
 932              		.thumb
 933              		.syntax unified
 934 0036 00BF     		nop
 935 0038 00BF     		nop
 936 003a 0C37     		adds	r7, r7, #12
 937 003c BD46     		mov	sp, r7
 938              		@ sp needed
 939 003e 5DF8047B 		ldr	r7, [sp], #4
 940 0042 7047     		bx	lr
 941              	.L98:
ARM GAS  C:\msys64\tmp\ccy2hv6S.s 			page 17


 942              		.align	2
 943              	.L97:
 944 0044 003C0240 		.word	1073888256
 946              		.section	.text.FLASH_SetErrorCode,"ax",%progbits
 947              		.align	1
 948              		.syntax unified
 949              		.thumb
 950              		.thumb_func
 952              	FLASH_SetErrorCode:
 953              		@ args = 0, pretend = 0, frame = 0
 954              		@ frame_needed = 1, uses_anonymous_args = 0
 955              		@ link register save eliminated.
 956 0000 80B4     		push	{r7}
 957 0002 00AF     		add	r7, sp, #0
 958 0004 214B     		ldr	r3, .L105
 959 0006 DB68     		ldr	r3, [r3, #12]
 960 0008 03F00203 		and	r3, r3, #2
 961 000c 002B     		cmp	r3, #0
 962 000e 05D0     		beq	.L100
 963 0010 1F4B     		ldr	r3, .L105+4
 964 0012 9B69     		ldr	r3, [r3, #24]
 965 0014 43F02003 		orr	r3, r3, #32
 966 0018 1D4A     		ldr	r2, .L105+4
 967 001a 9361     		str	r3, [r2, #24]
 968              	.L100:
 969 001c 1B4B     		ldr	r3, .L105
 970 001e DB68     		ldr	r3, [r3, #12]
 971 0020 03F01003 		and	r3, r3, #16
 972 0024 002B     		cmp	r3, #0
 973 0026 05D0     		beq	.L101
 974 0028 194B     		ldr	r3, .L105+4
 975 002a 9B69     		ldr	r3, [r3, #24]
 976 002c 43F01003 		orr	r3, r3, #16
 977 0030 174A     		ldr	r2, .L105+4
 978 0032 9361     		str	r3, [r2, #24]
 979              	.L101:
 980 0034 154B     		ldr	r3, .L105
 981 0036 DB68     		ldr	r3, [r3, #12]
 982 0038 03F02003 		and	r3, r3, #32
 983 003c 002B     		cmp	r3, #0
 984 003e 05D0     		beq	.L102
 985 0040 134B     		ldr	r3, .L105+4
 986 0042 9B69     		ldr	r3, [r3, #24]
 987 0044 43F00803 		orr	r3, r3, #8
 988 0048 114A     		ldr	r2, .L105+4
 989 004a 9361     		str	r3, [r2, #24]
 990              	.L102:
 991 004c 0F4B     		ldr	r3, .L105
 992 004e DB68     		ldr	r3, [r3, #12]
 993 0050 03F04003 		and	r3, r3, #64
 994 0054 002B     		cmp	r3, #0
 995 0056 05D0     		beq	.L103
 996 0058 0D4B     		ldr	r3, .L105+4
 997 005a 9B69     		ldr	r3, [r3, #24]
 998 005c 43F00403 		orr	r3, r3, #4
 999 0060 0B4A     		ldr	r2, .L105+4
 1000 0062 9361     		str	r3, [r2, #24]
ARM GAS  C:\msys64\tmp\ccy2hv6S.s 			page 18


 1001              	.L103:
 1002 0064 094B     		ldr	r3, .L105
 1003 0066 DB68     		ldr	r3, [r3, #12]
 1004 0068 03F08003 		and	r3, r3, #128
 1005 006c 002B     		cmp	r3, #0
 1006 006e 05D0     		beq	.L104
 1007 0070 074B     		ldr	r3, .L105+4
 1008 0072 9B69     		ldr	r3, [r3, #24]
 1009 0074 43F00203 		orr	r3, r3, #2
 1010 0078 054A     		ldr	r2, .L105+4
 1011 007a 9361     		str	r3, [r2, #24]
 1012              	.L104:
 1013 007c 034B     		ldr	r3, .L105
 1014 007e F222     		movs	r2, #242
 1015 0080 DA60     		str	r2, [r3, #12]
 1016 0082 00BF     		nop
 1017 0084 BD46     		mov	sp, r7
 1018              		@ sp needed
 1019 0086 5DF8047B 		ldr	r7, [sp], #4
 1020 008a 7047     		bx	lr
 1021              	.L106:
 1022              		.align	2
 1023              	.L105:
 1024 008c 003C0240 		.word	1073888256
 1025 0090 00000000 		.word	pFlash
 1027              		.ident	"GCC: (GNU) 13.3.0"
ARM GAS  C:\msys64\tmp\ccy2hv6S.s 			page 19


DEFINED SYMBOLS
                            *ABS*:00000000 stm32f7xx_hal_flash.c
C:\msys64\tmp\ccy2hv6S.s:22     .bss.pFlash:00000000 pFlash
C:\msys64\tmp\ccy2hv6S.s:19     .bss.pFlash:00000000 $d
C:\msys64\tmp\ccy2hv6S.s:25     .text.HAL_FLASH_Program:00000000 $t
C:\msys64\tmp\ccy2hv6S.s:31     .text.HAL_FLASH_Program:00000000 HAL_FLASH_Program
C:\msys64\tmp\ccy2hv6S.s:656    .text.FLASH_WaitForLastOperation:00000000 FLASH_WaitForLastOperation
C:\msys64\tmp\ccy2hv6S.s:64     .text.HAL_FLASH_Program:00000040 $d
C:\msys64\tmp\ccy2hv6S.s:68     .text.HAL_FLASH_Program:00000050 $t
C:\msys64\tmp\ccy2hv6S.s:901    .text.FLASH_Program_Byte:00000000 FLASH_Program_Byte
C:\msys64\tmp\ccy2hv6S.s:849    .text.FLASH_Program_HalfWord:00000000 FLASH_Program_HalfWord
C:\msys64\tmp\ccy2hv6S.s:798    .text.FLASH_Program_Word:00000000 FLASH_Program_Word
C:\msys64\tmp\ccy2hv6S.s:731    .text.FLASH_Program_DoubleWord:00000000 FLASH_Program_DoubleWord
C:\msys64\tmp\ccy2hv6S.s:118    .text.HAL_FLASH_Program:000000ac $d
C:\msys64\tmp\ccy2hv6S.s:122    .text.HAL_FLASH_Program_IT:00000000 $t
C:\msys64\tmp\ccy2hv6S.s:128    .text.HAL_FLASH_Program_IT:00000000 HAL_FLASH_Program_IT
C:\msys64\tmp\ccy2hv6S.s:175    .text.HAL_FLASH_Program_IT:0000005c $d
C:\msys64\tmp\ccy2hv6S.s:179    .text.HAL_FLASH_Program_IT:0000006c $t
C:\msys64\tmp\ccy2hv6S.s:216    .text.HAL_FLASH_Program_IT:000000a8 $d
C:\msys64\tmp\ccy2hv6S.s:220    .text.HAL_FLASH_IRQHandler:00000000 $t
C:\msys64\tmp\ccy2hv6S.s:226    .text.HAL_FLASH_IRQHandler:00000000 HAL_FLASH_IRQHandler
C:\msys64\tmp\ccy2hv6S.s:414    .text.HAL_FLASH_EndOfOperationCallback:00000000 HAL_FLASH_EndOfOperationCallback
C:\msys64\tmp\ccy2hv6S.s:952    .text.FLASH_SetErrorCode:00000000 FLASH_SetErrorCode
C:\msys64\tmp\ccy2hv6S.s:436    .text.HAL_FLASH_OperationErrorCallback:00000000 HAL_FLASH_OperationErrorCallback
C:\msys64\tmp\ccy2hv6S.s:404    .text.HAL_FLASH_IRQHandler:00000160 $d
C:\msys64\tmp\ccy2hv6S.s:408    .text.HAL_FLASH_EndOfOperationCallback:00000000 $t
C:\msys64\tmp\ccy2hv6S.s:430    .text.HAL_FLASH_OperationErrorCallback:00000000 $t
C:\msys64\tmp\ccy2hv6S.s:452    .text.HAL_FLASH_Unlock:00000000 $t
C:\msys64\tmp\ccy2hv6S.s:458    .text.HAL_FLASH_Unlock:00000000 HAL_FLASH_Unlock
C:\msys64\tmp\ccy2hv6S.s:494    .text.HAL_FLASH_Unlock:00000038 $d
C:\msys64\tmp\ccy2hv6S.s:499    .text.HAL_FLASH_Lock:00000000 $t
C:\msys64\tmp\ccy2hv6S.s:505    .text.HAL_FLASH_Lock:00000000 HAL_FLASH_Lock
C:\msys64\tmp\ccy2hv6S.s:525    .text.HAL_FLASH_Lock:0000001c $d
C:\msys64\tmp\ccy2hv6S.s:528    .text.HAL_FLASH_OB_Unlock:00000000 $t
C:\msys64\tmp\ccy2hv6S.s:534    .text.HAL_FLASH_OB_Unlock:00000000 HAL_FLASH_OB_Unlock
C:\msys64\tmp\ccy2hv6S.s:564    .text.HAL_FLASH_OB_Unlock:0000002c $d
C:\msys64\tmp\ccy2hv6S.s:569    .text.HAL_FLASH_OB_Lock:00000000 $t
C:\msys64\tmp\ccy2hv6S.s:575    .text.HAL_FLASH_OB_Lock:00000000 HAL_FLASH_OB_Lock
C:\msys64\tmp\ccy2hv6S.s:595    .text.HAL_FLASH_OB_Lock:0000001c $d
C:\msys64\tmp\ccy2hv6S.s:598    .text.HAL_FLASH_OB_Launch:00000000 $t
C:\msys64\tmp\ccy2hv6S.s:604    .text.HAL_FLASH_OB_Launch:00000000 HAL_FLASH_OB_Launch
C:\msys64\tmp\ccy2hv6S.s:622    .text.HAL_FLASH_OB_Launch:00000020 $d
C:\msys64\tmp\ccy2hv6S.s:625    .text.HAL_FLASH_GetError:00000000 $t
C:\msys64\tmp\ccy2hv6S.s:631    .text.HAL_FLASH_GetError:00000000 HAL_FLASH_GetError
C:\msys64\tmp\ccy2hv6S.s:647    .text.HAL_FLASH_GetError:00000014 $d
C:\msys64\tmp\ccy2hv6S.s:650    .text.FLASH_WaitForLastOperation:00000000 $t
C:\msys64\tmp\ccy2hv6S.s:722    .text.FLASH_WaitForLastOperation:00000078 $d
C:\msys64\tmp\ccy2hv6S.s:726    .text.FLASH_Program_DoubleWord:00000000 $t
C:\msys64\tmp\ccy2hv6S.s:790    .text.FLASH_Program_DoubleWord:00000068 $d
C:\msys64\tmp\ccy2hv6S.s:793    .text.FLASH_Program_Word:00000000 $t
C:\msys64\tmp\ccy2hv6S.s:841    .text.FLASH_Program_Word:00000048 $d
C:\msys64\tmp\ccy2hv6S.s:844    .text.FLASH_Program_HalfWord:00000000 $t
C:\msys64\tmp\ccy2hv6S.s:893    .text.FLASH_Program_HalfWord:00000048 $d
C:\msys64\tmp\ccy2hv6S.s:896    .text.FLASH_Program_Byte:00000000 $t
C:\msys64\tmp\ccy2hv6S.s:944    .text.FLASH_Program_Byte:00000044 $d
C:\msys64\tmp\ccy2hv6S.s:947    .text.FLASH_SetErrorCode:00000000 $t
C:\msys64\tmp\ccy2hv6S.s:1024   .text.FLASH_SetErrorCode:0000008c $d
ARM GAS  C:\msys64\tmp\ccy2hv6S.s 			page 20



UNDEFINED SYMBOLS
FLASH_Erase_Sector
HAL_GetTick
