ARM GAS  C:\msys64\tmp\cceM8Ue4.s 			page 1


   1              		.cpu cortex-m7
   2              		.arch armv7e-m
   3              		.fpu fpv5-sp-d16
   4              		.eabi_attribute 27, 1
   5              		.eabi_attribute 28, 1
   6              		.eabi_attribute 20, 1
   7              		.eabi_attribute 21, 1
   8              		.eabi_attribute 23, 3
   9              		.eabi_attribute 24, 1
  10              		.eabi_attribute 25, 1
  11              		.eabi_attribute 26, 1
  12              		.eabi_attribute 30, 6
  13              		.eabi_attribute 34, 1
  14              		.eabi_attribute 18, 4
  15              		.file	"stm32f7xx_hal_dma.c"
  16              		.text
  17              		.section	.text.HAL_DMA_Init,"ax",%progbits
  18              		.align	1
  19              		.global	HAL_DMA_Init
  20              		.syntax unified
  21              		.thumb
  22              		.thumb_func
  24              	HAL_DMA_Init:
  25              		@ args = 0, pretend = 0, frame = 24
  26              		@ frame_needed = 1, uses_anonymous_args = 0
  27 0000 80B5     		push	{r7, lr}
  28 0002 86B0     		sub	sp, sp, #24
  29 0004 00AF     		add	r7, sp, #0
  30 0006 7860     		str	r0, [r7, #4]
  31 0008 0023     		movs	r3, #0
  32 000a 7B61     		str	r3, [r7, #20]
  33 000c FFF7FEFF 		bl	HAL_GetTick
  34 0010 3861     		str	r0, [r7, #16]
  35 0012 7B68     		ldr	r3, [r7, #4]
  36 0014 002B     		cmp	r3, #0
  37 0016 01D1     		bne	.L2
  38 0018 0123     		movs	r3, #1
  39 001a 99E0     		b	.L3
  40              	.L2:
  41 001c 7B68     		ldr	r3, [r7, #4]
  42 001e 0222     		movs	r2, #2
  43 0020 83F83520 		strb	r2, [r3, #53]
  44 0024 7B68     		ldr	r3, [r7, #4]
  45 0026 0022     		movs	r2, #0
  46 0028 83F83420 		strb	r2, [r3, #52]
  47 002c 7B68     		ldr	r3, [r7, #4]
  48 002e 1B68     		ldr	r3, [r3]
  49 0030 1A68     		ldr	r2, [r3]
  50 0032 7B68     		ldr	r3, [r7, #4]
  51 0034 1B68     		ldr	r3, [r3]
  52 0036 22F00102 		bic	r2, r2, #1
  53 003a 1A60     		str	r2, [r3]
  54 003c 0FE0     		b	.L4
  55              	.L5:
  56 003e FFF7FEFF 		bl	HAL_GetTick
  57 0042 0246     		mov	r2, r0
  58 0044 3B69     		ldr	r3, [r7, #16]
ARM GAS  C:\msys64\tmp\cceM8Ue4.s 			page 2


  59 0046 D31A     		subs	r3, r2, r3
  60 0048 052B     		cmp	r3, #5
  61 004a 08D9     		bls	.L4
  62 004c 7B68     		ldr	r3, [r7, #4]
  63 004e 2022     		movs	r2, #32
  64 0050 5A65     		str	r2, [r3, #84]
  65 0052 7B68     		ldr	r3, [r7, #4]
  66 0054 0322     		movs	r2, #3
  67 0056 83F83520 		strb	r2, [r3, #53]
  68 005a 0323     		movs	r3, #3
  69 005c 78E0     		b	.L3
  70              	.L4:
  71 005e 7B68     		ldr	r3, [r7, #4]
  72 0060 1B68     		ldr	r3, [r3]
  73 0062 1B68     		ldr	r3, [r3]
  74 0064 03F00103 		and	r3, r3, #1
  75 0068 002B     		cmp	r3, #0
  76 006a E8D1     		bne	.L5
  77 006c 7B68     		ldr	r3, [r7, #4]
  78 006e 1B68     		ldr	r3, [r3]
  79 0070 1B68     		ldr	r3, [r3]
  80 0072 7B61     		str	r3, [r7, #20]
  81 0074 7A69     		ldr	r2, [r7, #20]
  82 0076 384B     		ldr	r3, .L8
  83 0078 1340     		ands	r3, r3, r2
  84 007a 7B61     		str	r3, [r7, #20]
  85 007c 7B68     		ldr	r3, [r7, #4]
  86 007e 5A68     		ldr	r2, [r3, #4]
  87 0080 7B68     		ldr	r3, [r7, #4]
  88 0082 9B68     		ldr	r3, [r3, #8]
  89 0084 1A43     		orrs	r2, r2, r3
  90 0086 7B68     		ldr	r3, [r7, #4]
  91 0088 DB68     		ldr	r3, [r3, #12]
  92 008a 1A43     		orrs	r2, r2, r3
  93 008c 7B68     		ldr	r3, [r7, #4]
  94 008e 1B69     		ldr	r3, [r3, #16]
  95 0090 1A43     		orrs	r2, r2, r3
  96 0092 7B68     		ldr	r3, [r7, #4]
  97 0094 5B69     		ldr	r3, [r3, #20]
  98 0096 1A43     		orrs	r2, r2, r3
  99 0098 7B68     		ldr	r3, [r7, #4]
 100 009a 9B69     		ldr	r3, [r3, #24]
 101 009c 1A43     		orrs	r2, r2, r3
 102 009e 7B68     		ldr	r3, [r7, #4]
 103 00a0 DB69     		ldr	r3, [r3, #28]
 104 00a2 1A43     		orrs	r2, r2, r3
 105 00a4 7B68     		ldr	r3, [r7, #4]
 106 00a6 1B6A     		ldr	r3, [r3, #32]
 107 00a8 1343     		orrs	r3, r3, r2
 108 00aa 7A69     		ldr	r2, [r7, #20]
 109 00ac 1343     		orrs	r3, r3, r2
 110 00ae 7B61     		str	r3, [r7, #20]
 111 00b0 7B68     		ldr	r3, [r7, #4]
 112 00b2 5B6A     		ldr	r3, [r3, #36]
 113 00b4 042B     		cmp	r3, #4
 114 00b6 07D1     		bne	.L6
 115 00b8 7B68     		ldr	r3, [r7, #4]
ARM GAS  C:\msys64\tmp\cceM8Ue4.s 			page 3


 116 00ba DA6A     		ldr	r2, [r3, #44]
 117 00bc 7B68     		ldr	r3, [r7, #4]
 118 00be 1B6B     		ldr	r3, [r3, #48]
 119 00c0 1343     		orrs	r3, r3, r2
 120 00c2 7A69     		ldr	r2, [r7, #20]
 121 00c4 1343     		orrs	r3, r3, r2
 122 00c6 7B61     		str	r3, [r7, #20]
 123              	.L6:
 124 00c8 7B68     		ldr	r3, [r7, #4]
 125 00ca 1B68     		ldr	r3, [r3]
 126 00cc 7A69     		ldr	r2, [r7, #20]
 127 00ce 1A60     		str	r2, [r3]
 128 00d0 7B68     		ldr	r3, [r7, #4]
 129 00d2 1B68     		ldr	r3, [r3]
 130 00d4 5B69     		ldr	r3, [r3, #20]
 131 00d6 7B61     		str	r3, [r7, #20]
 132 00d8 7B69     		ldr	r3, [r7, #20]
 133 00da 23F00703 		bic	r3, r3, #7
 134 00de 7B61     		str	r3, [r7, #20]
 135 00e0 7B68     		ldr	r3, [r7, #4]
 136 00e2 5B6A     		ldr	r3, [r3, #36]
 137 00e4 7A69     		ldr	r2, [r7, #20]
 138 00e6 1343     		orrs	r3, r3, r2
 139 00e8 7B61     		str	r3, [r7, #20]
 140 00ea 7B68     		ldr	r3, [r7, #4]
 141 00ec 5B6A     		ldr	r3, [r3, #36]
 142 00ee 042B     		cmp	r3, #4
 143 00f0 17D1     		bne	.L7
 144 00f2 7B68     		ldr	r3, [r7, #4]
 145 00f4 9B6A     		ldr	r3, [r3, #40]
 146 00f6 7A69     		ldr	r2, [r7, #20]
 147 00f8 1343     		orrs	r3, r3, r2
 148 00fa 7B61     		str	r3, [r7, #20]
 149 00fc 7B68     		ldr	r3, [r7, #4]
 150 00fe DB6A     		ldr	r3, [r3, #44]
 151 0100 002B     		cmp	r3, #0
 152 0102 0ED0     		beq	.L7
 153 0104 7868     		ldr	r0, [r7, #4]
 154 0106 FFF7FEFF 		bl	DMA_CheckFifoParam
 155 010a 0346     		mov	r3, r0
 156 010c 002B     		cmp	r3, #0
 157 010e 08D0     		beq	.L7
 158 0110 7B68     		ldr	r3, [r7, #4]
 159 0112 4022     		movs	r2, #64
 160 0114 5A65     		str	r2, [r3, #84]
 161 0116 7B68     		ldr	r3, [r7, #4]
 162 0118 0022     		movs	r2, #0
 163 011a 83F83520 		strb	r2, [r3, #53]
 164 011e 0123     		movs	r3, #1
 165 0120 16E0     		b	.L3
 166              	.L7:
 167 0122 7B68     		ldr	r3, [r7, #4]
 168 0124 1B68     		ldr	r3, [r3]
 169 0126 7A69     		ldr	r2, [r7, #20]
 170 0128 5A61     		str	r2, [r3, #20]
 171 012a 7868     		ldr	r0, [r7, #4]
 172 012c FFF7FEFF 		bl	DMA_CalcBaseAndBitshift
ARM GAS  C:\msys64\tmp\cceM8Ue4.s 			page 4


 173 0130 0346     		mov	r3, r0
 174 0132 FB60     		str	r3, [r7, #12]
 175 0134 7B68     		ldr	r3, [r7, #4]
 176 0136 DB6D     		ldr	r3, [r3, #92]
 177 0138 3F22     		movs	r2, #63
 178 013a 9A40     		lsls	r2, r2, r3
 179 013c FB68     		ldr	r3, [r7, #12]
 180 013e 9A60     		str	r2, [r3, #8]
 181 0140 7B68     		ldr	r3, [r7, #4]
 182 0142 0022     		movs	r2, #0
 183 0144 5A65     		str	r2, [r3, #84]
 184 0146 7B68     		ldr	r3, [r7, #4]
 185 0148 0122     		movs	r2, #1
 186 014a 83F83520 		strb	r2, [r3, #53]
 187 014e 0023     		movs	r3, #0
 188              	.L3:
 189 0150 1846     		mov	r0, r3
 190 0152 1837     		adds	r7, r7, #24
 191 0154 BD46     		mov	sp, r7
 192              		@ sp needed
 193 0156 80BD     		pop	{r7, pc}
 194              	.L9:
 195              		.align	2
 196              	.L8:
 197 0158 3F8010F0 		.word	-267354049
 199              		.section	.text.HAL_DMA_DeInit,"ax",%progbits
 200              		.align	1
 201              		.global	HAL_DMA_DeInit
 202              		.syntax unified
 203              		.thumb
 204              		.thumb_func
 206              	HAL_DMA_DeInit:
 207              		@ args = 0, pretend = 0, frame = 16
 208              		@ frame_needed = 1, uses_anonymous_args = 0
 209 0000 80B5     		push	{r7, lr}
 210 0002 84B0     		sub	sp, sp, #16
 211 0004 00AF     		add	r7, sp, #0
 212 0006 7860     		str	r0, [r7, #4]
 213 0008 7B68     		ldr	r3, [r7, #4]
 214 000a 002B     		cmp	r3, #0
 215 000c 01D1     		bne	.L11
 216 000e 0123     		movs	r3, #1
 217 0010 50E0     		b	.L12
 218              	.L11:
 219 0012 7B68     		ldr	r3, [r7, #4]
 220 0014 93F83530 		ldrb	r3, [r3, #53]
 221 0018 DBB2     		uxtb	r3, r3
 222 001a 022B     		cmp	r3, #2
 223 001c 01D1     		bne	.L13
 224 001e 0223     		movs	r3, #2
 225 0020 48E0     		b	.L12
 226              	.L13:
 227 0022 7B68     		ldr	r3, [r7, #4]
 228 0024 1B68     		ldr	r3, [r3]
 229 0026 1A68     		ldr	r2, [r3]
 230 0028 7B68     		ldr	r3, [r7, #4]
 231 002a 1B68     		ldr	r3, [r3]
ARM GAS  C:\msys64\tmp\cceM8Ue4.s 			page 5


 232 002c 22F00102 		bic	r2, r2, #1
 233 0030 1A60     		str	r2, [r3]
 234 0032 7B68     		ldr	r3, [r7, #4]
 235 0034 1B68     		ldr	r3, [r3]
 236 0036 0022     		movs	r2, #0
 237 0038 1A60     		str	r2, [r3]
 238 003a 7B68     		ldr	r3, [r7, #4]
 239 003c 1B68     		ldr	r3, [r3]
 240 003e 0022     		movs	r2, #0
 241 0040 5A60     		str	r2, [r3, #4]
 242 0042 7B68     		ldr	r3, [r7, #4]
 243 0044 1B68     		ldr	r3, [r3]
 244 0046 0022     		movs	r2, #0
 245 0048 9A60     		str	r2, [r3, #8]
 246 004a 7B68     		ldr	r3, [r7, #4]
 247 004c 1B68     		ldr	r3, [r3]
 248 004e 0022     		movs	r2, #0
 249 0050 DA60     		str	r2, [r3, #12]
 250 0052 7B68     		ldr	r3, [r7, #4]
 251 0054 1B68     		ldr	r3, [r3]
 252 0056 0022     		movs	r2, #0
 253 0058 1A61     		str	r2, [r3, #16]
 254 005a 7B68     		ldr	r3, [r7, #4]
 255 005c 1B68     		ldr	r3, [r3]
 256 005e 2122     		movs	r2, #33
 257 0060 5A61     		str	r2, [r3, #20]
 258 0062 7868     		ldr	r0, [r7, #4]
 259 0064 FFF7FEFF 		bl	DMA_CalcBaseAndBitshift
 260 0068 0346     		mov	r3, r0
 261 006a FB60     		str	r3, [r7, #12]
 262 006c 7B68     		ldr	r3, [r7, #4]
 263 006e DB6D     		ldr	r3, [r3, #92]
 264 0070 3F22     		movs	r2, #63
 265 0072 9A40     		lsls	r2, r2, r3
 266 0074 FB68     		ldr	r3, [r7, #12]
 267 0076 9A60     		str	r2, [r3, #8]
 268 0078 7B68     		ldr	r3, [r7, #4]
 269 007a 0022     		movs	r2, #0
 270 007c DA63     		str	r2, [r3, #60]
 271 007e 7B68     		ldr	r3, [r7, #4]
 272 0080 0022     		movs	r2, #0
 273 0082 1A64     		str	r2, [r3, #64]
 274 0084 7B68     		ldr	r3, [r7, #4]
 275 0086 0022     		movs	r2, #0
 276 0088 5A64     		str	r2, [r3, #68]
 277 008a 7B68     		ldr	r3, [r7, #4]
 278 008c 0022     		movs	r2, #0
 279 008e 9A64     		str	r2, [r3, #72]
 280 0090 7B68     		ldr	r3, [r7, #4]
 281 0092 0022     		movs	r2, #0
 282 0094 DA64     		str	r2, [r3, #76]
 283 0096 7B68     		ldr	r3, [r7, #4]
 284 0098 0022     		movs	r2, #0
 285 009a 1A65     		str	r2, [r3, #80]
 286 009c 7B68     		ldr	r3, [r7, #4]
 287 009e 0022     		movs	r2, #0
 288 00a0 5A65     		str	r2, [r3, #84]
ARM GAS  C:\msys64\tmp\cceM8Ue4.s 			page 6


 289 00a2 7B68     		ldr	r3, [r7, #4]
 290 00a4 0022     		movs	r2, #0
 291 00a6 83F83520 		strb	r2, [r3, #53]
 292 00aa 7B68     		ldr	r3, [r7, #4]
 293 00ac 0022     		movs	r2, #0
 294 00ae 83F83420 		strb	r2, [r3, #52]
 295 00b2 0023     		movs	r3, #0
 296              	.L12:
 297 00b4 1846     		mov	r0, r3
 298 00b6 1037     		adds	r7, r7, #16
 299 00b8 BD46     		mov	sp, r7
 300              		@ sp needed
 301 00ba 80BD     		pop	{r7, pc}
 303              		.section	.text.HAL_DMA_Start,"ax",%progbits
 304              		.align	1
 305              		.global	HAL_DMA_Start
 306              		.syntax unified
 307              		.thumb
 308              		.thumb_func
 310              	HAL_DMA_Start:
 311              		@ args = 0, pretend = 0, frame = 24
 312              		@ frame_needed = 1, uses_anonymous_args = 0
 313 0000 80B5     		push	{r7, lr}
 314 0002 86B0     		sub	sp, sp, #24
 315 0004 00AF     		add	r7, sp, #0
 316 0006 F860     		str	r0, [r7, #12]
 317 0008 B960     		str	r1, [r7, #8]
 318 000a 7A60     		str	r2, [r7, #4]
 319 000c 3B60     		str	r3, [r7]
 320 000e 0023     		movs	r3, #0
 321 0010 FB75     		strb	r3, [r7, #23]
 322 0012 FB68     		ldr	r3, [r7, #12]
 323 0014 93F83430 		ldrb	r3, [r3, #52]	@ zero_extendqisi2
 324 0018 012B     		cmp	r3, #1
 325 001a 01D1     		bne	.L15
 326 001c 0223     		movs	r3, #2
 327 001e 26E0     		b	.L16
 328              	.L15:
 329 0020 FB68     		ldr	r3, [r7, #12]
 330 0022 0122     		movs	r2, #1
 331 0024 83F83420 		strb	r2, [r3, #52]
 332 0028 FB68     		ldr	r3, [r7, #12]
 333 002a 93F83530 		ldrb	r3, [r3, #53]
 334 002e DBB2     		uxtb	r3, r3
 335 0030 012B     		cmp	r3, #1
 336 0032 15D1     		bne	.L17
 337 0034 FB68     		ldr	r3, [r7, #12]
 338 0036 0222     		movs	r2, #2
 339 0038 83F83520 		strb	r2, [r3, #53]
 340 003c FB68     		ldr	r3, [r7, #12]
 341 003e 0022     		movs	r2, #0
 342 0040 5A65     		str	r2, [r3, #84]
 343 0042 3B68     		ldr	r3, [r7]
 344 0044 7A68     		ldr	r2, [r7, #4]
 345 0046 B968     		ldr	r1, [r7, #8]
 346 0048 F868     		ldr	r0, [r7, #12]
 347 004a FFF7FEFF 		bl	DMA_SetConfig
ARM GAS  C:\msys64\tmp\cceM8Ue4.s 			page 7


 348 004e FB68     		ldr	r3, [r7, #12]
 349 0050 1B68     		ldr	r3, [r3]
 350 0052 1A68     		ldr	r2, [r3]
 351 0054 FB68     		ldr	r3, [r7, #12]
 352 0056 1B68     		ldr	r3, [r3]
 353 0058 42F00102 		orr	r2, r2, #1
 354 005c 1A60     		str	r2, [r3]
 355 005e 05E0     		b	.L18
 356              	.L17:
 357 0060 FB68     		ldr	r3, [r7, #12]
 358 0062 0022     		movs	r2, #0
 359 0064 83F83420 		strb	r2, [r3, #52]
 360 0068 0223     		movs	r3, #2
 361 006a FB75     		strb	r3, [r7, #23]
 362              	.L18:
 363 006c FB7D     		ldrb	r3, [r7, #23]	@ zero_extendqisi2
 364              	.L16:
 365 006e 1846     		mov	r0, r3
 366 0070 1837     		adds	r7, r7, #24
 367 0072 BD46     		mov	sp, r7
 368              		@ sp needed
 369 0074 80BD     		pop	{r7, pc}
 371              		.section	.text.HAL_DMA_Start_IT,"ax",%progbits
 372              		.align	1
 373              		.global	HAL_DMA_Start_IT
 374              		.syntax unified
 375              		.thumb
 376              		.thumb_func
 378              	HAL_DMA_Start_IT:
 379              		@ args = 0, pretend = 0, frame = 24
 380              		@ frame_needed = 1, uses_anonymous_args = 0
 381 0000 80B5     		push	{r7, lr}
 382 0002 86B0     		sub	sp, sp, #24
 383 0004 00AF     		add	r7, sp, #0
 384 0006 F860     		str	r0, [r7, #12]
 385 0008 B960     		str	r1, [r7, #8]
 386 000a 7A60     		str	r2, [r7, #4]
 387 000c 3B60     		str	r3, [r7]
 388 000e 0023     		movs	r3, #0
 389 0010 FB75     		strb	r3, [r7, #23]
 390 0012 FB68     		ldr	r3, [r7, #12]
 391 0014 9B6D     		ldr	r3, [r3, #88]
 392 0016 3B61     		str	r3, [r7, #16]
 393 0018 FB68     		ldr	r3, [r7, #12]
 394 001a 93F83430 		ldrb	r3, [r3, #52]	@ zero_extendqisi2
 395 001e 012B     		cmp	r3, #1
 396 0020 01D1     		bne	.L20
 397 0022 0223     		movs	r3, #2
 398 0024 48E0     		b	.L21
 399              	.L20:
 400 0026 FB68     		ldr	r3, [r7, #12]
 401 0028 0122     		movs	r2, #1
 402 002a 83F83420 		strb	r2, [r3, #52]
 403 002e FB68     		ldr	r3, [r7, #12]
 404 0030 93F83530 		ldrb	r3, [r3, #53]
 405 0034 DBB2     		uxtb	r3, r3
 406 0036 012B     		cmp	r3, #1
ARM GAS  C:\msys64\tmp\cceM8Ue4.s 			page 8


 407 0038 37D1     		bne	.L22
 408 003a FB68     		ldr	r3, [r7, #12]
 409 003c 0222     		movs	r2, #2
 410 003e 83F83520 		strb	r2, [r3, #53]
 411 0042 FB68     		ldr	r3, [r7, #12]
 412 0044 0022     		movs	r2, #0
 413 0046 5A65     		str	r2, [r3, #84]
 414 0048 3B68     		ldr	r3, [r7]
 415 004a 7A68     		ldr	r2, [r7, #4]
 416 004c B968     		ldr	r1, [r7, #8]
 417 004e F868     		ldr	r0, [r7, #12]
 418 0050 FFF7FEFF 		bl	DMA_SetConfig
 419 0054 FB68     		ldr	r3, [r7, #12]
 420 0056 DB6D     		ldr	r3, [r3, #92]
 421 0058 3F22     		movs	r2, #63
 422 005a 9A40     		lsls	r2, r2, r3
 423 005c 3B69     		ldr	r3, [r7, #16]
 424 005e 9A60     		str	r2, [r3, #8]
 425 0060 FB68     		ldr	r3, [r7, #12]
 426 0062 1B68     		ldr	r3, [r3]
 427 0064 1A68     		ldr	r2, [r3]
 428 0066 FB68     		ldr	r3, [r7, #12]
 429 0068 1B68     		ldr	r3, [r3]
 430 006a 42F01602 		orr	r2, r2, #22
 431 006e 1A60     		str	r2, [r3]
 432 0070 FB68     		ldr	r3, [r7, #12]
 433 0072 1B68     		ldr	r3, [r3]
 434 0074 5A69     		ldr	r2, [r3, #20]
 435 0076 FB68     		ldr	r3, [r7, #12]
 436 0078 1B68     		ldr	r3, [r3]
 437 007a 42F08002 		orr	r2, r2, #128
 438 007e 5A61     		str	r2, [r3, #20]
 439 0080 FB68     		ldr	r3, [r7, #12]
 440 0082 1B6C     		ldr	r3, [r3, #64]
 441 0084 002B     		cmp	r3, #0
 442 0086 07D0     		beq	.L23
 443 0088 FB68     		ldr	r3, [r7, #12]
 444 008a 1B68     		ldr	r3, [r3]
 445 008c 1A68     		ldr	r2, [r3]
 446 008e FB68     		ldr	r3, [r7, #12]
 447 0090 1B68     		ldr	r3, [r3]
 448 0092 42F00802 		orr	r2, r2, #8
 449 0096 1A60     		str	r2, [r3]
 450              	.L23:
 451 0098 FB68     		ldr	r3, [r7, #12]
 452 009a 1B68     		ldr	r3, [r3]
 453 009c 1A68     		ldr	r2, [r3]
 454 009e FB68     		ldr	r3, [r7, #12]
 455 00a0 1B68     		ldr	r3, [r3]
 456 00a2 42F00102 		orr	r2, r2, #1
 457 00a6 1A60     		str	r2, [r3]
 458 00a8 05E0     		b	.L24
 459              	.L22:
 460 00aa FB68     		ldr	r3, [r7, #12]
 461 00ac 0022     		movs	r2, #0
 462 00ae 83F83420 		strb	r2, [r3, #52]
 463 00b2 0223     		movs	r3, #2
ARM GAS  C:\msys64\tmp\cceM8Ue4.s 			page 9


 464 00b4 FB75     		strb	r3, [r7, #23]
 465              	.L24:
 466 00b6 FB7D     		ldrb	r3, [r7, #23]	@ zero_extendqisi2
 467              	.L21:
 468 00b8 1846     		mov	r0, r3
 469 00ba 1837     		adds	r7, r7, #24
 470 00bc BD46     		mov	sp, r7
 471              		@ sp needed
 472 00be 80BD     		pop	{r7, pc}
 474              		.section	.text.HAL_DMA_Abort,"ax",%progbits
 475              		.align	1
 476              		.global	HAL_DMA_Abort
 477              		.syntax unified
 478              		.thumb
 479              		.thumb_func
 481              	HAL_DMA_Abort:
 482              		@ args = 0, pretend = 0, frame = 16
 483              		@ frame_needed = 1, uses_anonymous_args = 0
 484 0000 80B5     		push	{r7, lr}
 485 0002 84B0     		sub	sp, sp, #16
 486 0004 00AF     		add	r7, sp, #0
 487 0006 7860     		str	r0, [r7, #4]
 488 0008 7B68     		ldr	r3, [r7, #4]
 489 000a 9B6D     		ldr	r3, [r3, #88]
 490 000c FB60     		str	r3, [r7, #12]
 491 000e FFF7FEFF 		bl	HAL_GetTick
 492 0012 B860     		str	r0, [r7, #8]
 493 0014 7B68     		ldr	r3, [r7, #4]
 494 0016 93F83530 		ldrb	r3, [r3, #53]
 495 001a DBB2     		uxtb	r3, r3
 496 001c 022B     		cmp	r3, #2
 497 001e 08D0     		beq	.L26
 498 0020 7B68     		ldr	r3, [r7, #4]
 499 0022 8022     		movs	r2, #128
 500 0024 5A65     		str	r2, [r3, #84]
 501 0026 7B68     		ldr	r3, [r7, #4]
 502 0028 0022     		movs	r2, #0
 503 002a 83F83420 		strb	r2, [r3, #52]
 504 002e 0123     		movs	r3, #1
 505 0030 52E0     		b	.L27
 506              	.L26:
 507 0032 7B68     		ldr	r3, [r7, #4]
 508 0034 1B68     		ldr	r3, [r3]
 509 0036 1A68     		ldr	r2, [r3]
 510 0038 7B68     		ldr	r3, [r7, #4]
 511 003a 1B68     		ldr	r3, [r3]
 512 003c 22F01602 		bic	r2, r2, #22
 513 0040 1A60     		str	r2, [r3]
 514 0042 7B68     		ldr	r3, [r7, #4]
 515 0044 1B68     		ldr	r3, [r3]
 516 0046 5A69     		ldr	r2, [r3, #20]
 517 0048 7B68     		ldr	r3, [r7, #4]
 518 004a 1B68     		ldr	r3, [r3]
 519 004c 22F08002 		bic	r2, r2, #128
 520 0050 5A61     		str	r2, [r3, #20]
 521 0052 7B68     		ldr	r3, [r7, #4]
 522 0054 1B6C     		ldr	r3, [r3, #64]
ARM GAS  C:\msys64\tmp\cceM8Ue4.s 			page 10


 523 0056 002B     		cmp	r3, #0
 524 0058 03D1     		bne	.L28
 525 005a 7B68     		ldr	r3, [r7, #4]
 526 005c 9B6C     		ldr	r3, [r3, #72]
 527 005e 002B     		cmp	r3, #0
 528 0060 07D0     		beq	.L29
 529              	.L28:
 530 0062 7B68     		ldr	r3, [r7, #4]
 531 0064 1B68     		ldr	r3, [r3]
 532 0066 1A68     		ldr	r2, [r3]
 533 0068 7B68     		ldr	r3, [r7, #4]
 534 006a 1B68     		ldr	r3, [r3]
 535 006c 22F00802 		bic	r2, r2, #8
 536 0070 1A60     		str	r2, [r3]
 537              	.L29:
 538 0072 7B68     		ldr	r3, [r7, #4]
 539 0074 1B68     		ldr	r3, [r3]
 540 0076 1A68     		ldr	r2, [r3]
 541 0078 7B68     		ldr	r3, [r7, #4]
 542 007a 1B68     		ldr	r3, [r3]
 543 007c 22F00102 		bic	r2, r2, #1
 544 0080 1A60     		str	r2, [r3]
 545 0082 13E0     		b	.L30
 546              	.L31:
 547 0084 FFF7FEFF 		bl	HAL_GetTick
 548 0088 0246     		mov	r2, r0
 549 008a BB68     		ldr	r3, [r7, #8]
 550 008c D31A     		subs	r3, r2, r3
 551 008e 052B     		cmp	r3, #5
 552 0090 0CD9     		bls	.L30
 553 0092 7B68     		ldr	r3, [r7, #4]
 554 0094 2022     		movs	r2, #32
 555 0096 5A65     		str	r2, [r3, #84]
 556 0098 7B68     		ldr	r3, [r7, #4]
 557 009a 0322     		movs	r2, #3
 558 009c 83F83520 		strb	r2, [r3, #53]
 559 00a0 7B68     		ldr	r3, [r7, #4]
 560 00a2 0022     		movs	r2, #0
 561 00a4 83F83420 		strb	r2, [r3, #52]
 562 00a8 0323     		movs	r3, #3
 563 00aa 15E0     		b	.L27
 564              	.L30:
 565 00ac 7B68     		ldr	r3, [r7, #4]
 566 00ae 1B68     		ldr	r3, [r3]
 567 00b0 1B68     		ldr	r3, [r3]
 568 00b2 03F00103 		and	r3, r3, #1
 569 00b6 002B     		cmp	r3, #0
 570 00b8 E4D1     		bne	.L31
 571 00ba 7B68     		ldr	r3, [r7, #4]
 572 00bc DB6D     		ldr	r3, [r3, #92]
 573 00be 3F22     		movs	r2, #63
 574 00c0 9A40     		lsls	r2, r2, r3
 575 00c2 FB68     		ldr	r3, [r7, #12]
 576 00c4 9A60     		str	r2, [r3, #8]
 577 00c6 7B68     		ldr	r3, [r7, #4]
 578 00c8 0122     		movs	r2, #1
 579 00ca 83F83520 		strb	r2, [r3, #53]
ARM GAS  C:\msys64\tmp\cceM8Ue4.s 			page 11


 580 00ce 7B68     		ldr	r3, [r7, #4]
 581 00d0 0022     		movs	r2, #0
 582 00d2 83F83420 		strb	r2, [r3, #52]
 583 00d6 0023     		movs	r3, #0
 584              	.L27:
 585 00d8 1846     		mov	r0, r3
 586 00da 1037     		adds	r7, r7, #16
 587 00dc BD46     		mov	sp, r7
 588              		@ sp needed
 589 00de 80BD     		pop	{r7, pc}
 591              		.section	.text.HAL_DMA_Abort_IT,"ax",%progbits
 592              		.align	1
 593              		.global	HAL_DMA_Abort_IT
 594              		.syntax unified
 595              		.thumb
 596              		.thumb_func
 598              	HAL_DMA_Abort_IT:
 599              		@ args = 0, pretend = 0, frame = 8
 600              		@ frame_needed = 1, uses_anonymous_args = 0
 601              		@ link register save eliminated.
 602 0000 80B4     		push	{r7}
 603 0002 83B0     		sub	sp, sp, #12
 604 0004 00AF     		add	r7, sp, #0
 605 0006 7860     		str	r0, [r7, #4]
 606 0008 7B68     		ldr	r3, [r7, #4]
 607 000a 93F83530 		ldrb	r3, [r3, #53]
 608 000e DBB2     		uxtb	r3, r3
 609 0010 022B     		cmp	r3, #2
 610 0012 04D0     		beq	.L33
 611 0014 7B68     		ldr	r3, [r7, #4]
 612 0016 8022     		movs	r2, #128
 613 0018 5A65     		str	r2, [r3, #84]
 614 001a 0123     		movs	r3, #1
 615 001c 0CE0     		b	.L34
 616              	.L33:
 617 001e 7B68     		ldr	r3, [r7, #4]
 618 0020 0522     		movs	r2, #5
 619 0022 83F83520 		strb	r2, [r3, #53]
 620 0026 7B68     		ldr	r3, [r7, #4]
 621 0028 1B68     		ldr	r3, [r3]
 622 002a 1A68     		ldr	r2, [r3]
 623 002c 7B68     		ldr	r3, [r7, #4]
 624 002e 1B68     		ldr	r3, [r3]
 625 0030 22F00102 		bic	r2, r2, #1
 626 0034 1A60     		str	r2, [r3]
 627 0036 0023     		movs	r3, #0
 628              	.L34:
 629 0038 1846     		mov	r0, r3
 630 003a 0C37     		adds	r7, r7, #12
 631 003c BD46     		mov	sp, r7
 632              		@ sp needed
 633 003e 5DF8047B 		ldr	r7, [sp], #4
 634 0042 7047     		bx	lr
 636              		.section	.text.HAL_DMA_PollForTransfer,"ax",%progbits
 637              		.align	1
 638              		.global	HAL_DMA_PollForTransfer
 639              		.syntax unified
ARM GAS  C:\msys64\tmp\cceM8Ue4.s 			page 12


 640              		.thumb
 641              		.thumb_func
 643              	HAL_DMA_PollForTransfer:
 644              		@ args = 0, pretend = 0, frame = 40
 645              		@ frame_needed = 1, uses_anonymous_args = 0
 646 0000 80B5     		push	{r7, lr}
 647 0002 8AB0     		sub	sp, sp, #40
 648 0004 00AF     		add	r7, sp, #0
 649 0006 F860     		str	r0, [r7, #12]
 650 0008 0B46     		mov	r3, r1
 651 000a 7A60     		str	r2, [r7, #4]
 652 000c FB72     		strb	r3, [r7, #11]
 653 000e 0023     		movs	r3, #0
 654 0010 FB77     		strb	r3, [r7, #31]
 655 0012 FFF7FEFF 		bl	HAL_GetTick
 656 0016 B861     		str	r0, [r7, #24]
 657 0018 FB68     		ldr	r3, [r7, #12]
 658 001a 93F83530 		ldrb	r3, [r3, #53]
 659 001e DBB2     		uxtb	r3, r3
 660 0020 022B     		cmp	r3, #2
 661 0022 08D0     		beq	.L36
 662 0024 FB68     		ldr	r3, [r7, #12]
 663 0026 8022     		movs	r2, #128
 664 0028 5A65     		str	r2, [r3, #84]
 665 002a FB68     		ldr	r3, [r7, #12]
 666 002c 0022     		movs	r2, #0
 667 002e 83F83420 		strb	r2, [r3, #52]
 668 0032 0123     		movs	r3, #1
 669 0034 BFE0     		b	.L37
 670              	.L36:
 671 0036 FB68     		ldr	r3, [r7, #12]
 672 0038 1B68     		ldr	r3, [r3]
 673 003a 1B68     		ldr	r3, [r3]
 674 003c 03F48073 		and	r3, r3, #256
 675 0040 002B     		cmp	r3, #0
 676 0042 05D0     		beq	.L38
 677 0044 FB68     		ldr	r3, [r7, #12]
 678 0046 4FF48072 		mov	r2, #256
 679 004a 5A65     		str	r2, [r3, #84]
 680 004c 0123     		movs	r3, #1
 681 004e B2E0     		b	.L37
 682              	.L38:
 683 0050 FB7A     		ldrb	r3, [r7, #11]	@ zero_extendqisi2
 684 0052 002B     		cmp	r3, #0
 685 0054 06D1     		bne	.L39
 686 0056 FB68     		ldr	r3, [r7, #12]
 687 0058 DB6D     		ldr	r3, [r3, #92]
 688 005a 2022     		movs	r2, #32
 689 005c 02FA03F3 		lsl	r3, r2, r3
 690 0060 7B62     		str	r3, [r7, #36]
 691 0062 05E0     		b	.L40
 692              	.L39:
 693 0064 FB68     		ldr	r3, [r7, #12]
 694 0066 DB6D     		ldr	r3, [r3, #92]
 695 0068 1022     		movs	r2, #16
 696 006a 02FA03F3 		lsl	r3, r2, r3
 697 006e 7B62     		str	r3, [r7, #36]
ARM GAS  C:\msys64\tmp\cceM8Ue4.s 			page 13


 698              	.L40:
 699 0070 FB68     		ldr	r3, [r7, #12]
 700 0072 9B6D     		ldr	r3, [r3, #88]
 701 0074 7B61     		str	r3, [r7, #20]
 702 0076 7B69     		ldr	r3, [r7, #20]
 703 0078 1B68     		ldr	r3, [r3]
 704 007a 3B62     		str	r3, [r7, #32]
 705 007c 5AE0     		b	.L41
 706              	.L48:
 707 007e 7B68     		ldr	r3, [r7, #4]
 708 0080 B3F1FF3F 		cmp	r3, #-1
 709 0084 17D0     		beq	.L42
 710 0086 7B68     		ldr	r3, [r7, #4]
 711 0088 002B     		cmp	r3, #0
 712 008a 07D0     		beq	.L43
 713 008c FFF7FEFF 		bl	HAL_GetTick
 714 0090 0246     		mov	r2, r0
 715 0092 BB69     		ldr	r3, [r7, #24]
 716 0094 D31A     		subs	r3, r2, r3
 717 0096 7A68     		ldr	r2, [r7, #4]
 718 0098 9A42     		cmp	r2, r3
 719 009a 0CD2     		bcs	.L42
 720              	.L43:
 721 009c FB68     		ldr	r3, [r7, #12]
 722 009e 2022     		movs	r2, #32
 723 00a0 5A65     		str	r2, [r3, #84]
 724 00a2 FB68     		ldr	r3, [r7, #12]
 725 00a4 0122     		movs	r2, #1
 726 00a6 83F83520 		strb	r2, [r3, #53]
 727 00aa FB68     		ldr	r3, [r7, #12]
 728 00ac 0022     		movs	r2, #0
 729 00ae 83F83420 		strb	r2, [r3, #52]
 730 00b2 0323     		movs	r3, #3
 731 00b4 7FE0     		b	.L37
 732              	.L42:
 733 00b6 7B69     		ldr	r3, [r7, #20]
 734 00b8 1B68     		ldr	r3, [r3]
 735 00ba 3B62     		str	r3, [r7, #32]
 736 00bc FB68     		ldr	r3, [r7, #12]
 737 00be DB6D     		ldr	r3, [r3, #92]
 738 00c0 0822     		movs	r2, #8
 739 00c2 9A40     		lsls	r2, r2, r3
 740 00c4 3B6A     		ldr	r3, [r7, #32]
 741 00c6 1340     		ands	r3, r3, r2
 742 00c8 002B     		cmp	r3, #0
 743 00ca 0BD0     		beq	.L44
 744 00cc FB68     		ldr	r3, [r7, #12]
 745 00ce 5B6D     		ldr	r3, [r3, #84]
 746 00d0 43F00102 		orr	r2, r3, #1
 747 00d4 FB68     		ldr	r3, [r7, #12]
 748 00d6 5A65     		str	r2, [r3, #84]
 749 00d8 FB68     		ldr	r3, [r7, #12]
 750 00da DB6D     		ldr	r3, [r3, #92]
 751 00dc 0822     		movs	r2, #8
 752 00de 9A40     		lsls	r2, r2, r3
 753 00e0 7B69     		ldr	r3, [r7, #20]
 754 00e2 9A60     		str	r2, [r3, #8]
ARM GAS  C:\msys64\tmp\cceM8Ue4.s 			page 14


 755              	.L44:
 756 00e4 FB68     		ldr	r3, [r7, #12]
 757 00e6 DB6D     		ldr	r3, [r3, #92]
 758 00e8 0122     		movs	r2, #1
 759 00ea 9A40     		lsls	r2, r2, r3
 760 00ec 3B6A     		ldr	r3, [r7, #32]
 761 00ee 1340     		ands	r3, r3, r2
 762 00f0 002B     		cmp	r3, #0
 763 00f2 0BD0     		beq	.L45
 764 00f4 FB68     		ldr	r3, [r7, #12]
 765 00f6 5B6D     		ldr	r3, [r3, #84]
 766 00f8 43F00202 		orr	r2, r3, #2
 767 00fc FB68     		ldr	r3, [r7, #12]
 768 00fe 5A65     		str	r2, [r3, #84]
 769 0100 FB68     		ldr	r3, [r7, #12]
 770 0102 DB6D     		ldr	r3, [r3, #92]
 771 0104 0122     		movs	r2, #1
 772 0106 9A40     		lsls	r2, r2, r3
 773 0108 7B69     		ldr	r3, [r7, #20]
 774 010a 9A60     		str	r2, [r3, #8]
 775              	.L45:
 776 010c FB68     		ldr	r3, [r7, #12]
 777 010e DB6D     		ldr	r3, [r3, #92]
 778 0110 0422     		movs	r2, #4
 779 0112 9A40     		lsls	r2, r2, r3
 780 0114 3B6A     		ldr	r3, [r7, #32]
 781 0116 1340     		ands	r3, r3, r2
 782 0118 002B     		cmp	r3, #0
 783 011a 0BD0     		beq	.L41
 784 011c FB68     		ldr	r3, [r7, #12]
 785 011e 5B6D     		ldr	r3, [r3, #84]
 786 0120 43F00402 		orr	r2, r3, #4
 787 0124 FB68     		ldr	r3, [r7, #12]
 788 0126 5A65     		str	r2, [r3, #84]
 789 0128 FB68     		ldr	r3, [r7, #12]
 790 012a DB6D     		ldr	r3, [r3, #92]
 791 012c 0422     		movs	r2, #4
 792 012e 9A40     		lsls	r2, r2, r3
 793 0130 7B69     		ldr	r3, [r7, #20]
 794 0132 9A60     		str	r2, [r3, #8]
 795              	.L41:
 796 0134 3A6A     		ldr	r2, [r7, #32]
 797 0136 7B6A     		ldr	r3, [r7, #36]
 798 0138 1340     		ands	r3, r3, r2
 799 013a 002B     		cmp	r3, #0
 800 013c 05D1     		bne	.L47
 801 013e FB68     		ldr	r3, [r7, #12]
 802 0140 5B6D     		ldr	r3, [r3, #84]
 803 0142 03F00103 		and	r3, r3, #1
 804 0146 002B     		cmp	r3, #0
 805 0148 99D0     		beq	.L48
 806              	.L47:
 807 014a FB68     		ldr	r3, [r7, #12]
 808 014c 5B6D     		ldr	r3, [r3, #84]
 809 014e 002B     		cmp	r3, #0
 810 0150 18D0     		beq	.L49
 811 0152 FB68     		ldr	r3, [r7, #12]
ARM GAS  C:\msys64\tmp\cceM8Ue4.s 			page 15


 812 0154 5B6D     		ldr	r3, [r3, #84]
 813 0156 03F00103 		and	r3, r3, #1
 814 015a 002B     		cmp	r3, #0
 815 015c 12D0     		beq	.L49
 816 015e F868     		ldr	r0, [r7, #12]
 817 0160 FFF7FEFF 		bl	HAL_DMA_Abort
 818 0164 FB68     		ldr	r3, [r7, #12]
 819 0166 DB6D     		ldr	r3, [r3, #92]
 820 0168 3022     		movs	r2, #48
 821 016a 9A40     		lsls	r2, r2, r3
 822 016c 7B69     		ldr	r3, [r7, #20]
 823 016e 9A60     		str	r2, [r3, #8]
 824 0170 FB68     		ldr	r3, [r7, #12]
 825 0172 0122     		movs	r2, #1
 826 0174 83F83520 		strb	r2, [r3, #53]
 827 0178 FB68     		ldr	r3, [r7, #12]
 828 017a 0022     		movs	r2, #0
 829 017c 83F83420 		strb	r2, [r3, #52]
 830 0180 0123     		movs	r3, #1
 831 0182 18E0     		b	.L37
 832              	.L49:
 833 0184 FB7A     		ldrb	r3, [r7, #11]	@ zero_extendqisi2
 834 0186 002B     		cmp	r3, #0
 835 0188 0ED1     		bne	.L50
 836 018a FB68     		ldr	r3, [r7, #12]
 837 018c DB6D     		ldr	r3, [r3, #92]
 838 018e 3022     		movs	r2, #48
 839 0190 9A40     		lsls	r2, r2, r3
 840 0192 7B69     		ldr	r3, [r7, #20]
 841 0194 9A60     		str	r2, [r3, #8]
 842 0196 FB68     		ldr	r3, [r7, #12]
 843 0198 0122     		movs	r2, #1
 844 019a 83F83520 		strb	r2, [r3, #53]
 845 019e FB68     		ldr	r3, [r7, #12]
 846 01a0 0022     		movs	r2, #0
 847 01a2 83F83420 		strb	r2, [r3, #52]
 848 01a6 05E0     		b	.L51
 849              	.L50:
 850 01a8 FB68     		ldr	r3, [r7, #12]
 851 01aa DB6D     		ldr	r3, [r3, #92]
 852 01ac 1022     		movs	r2, #16
 853 01ae 9A40     		lsls	r2, r2, r3
 854 01b0 7B69     		ldr	r3, [r7, #20]
 855 01b2 9A60     		str	r2, [r3, #8]
 856              	.L51:
 857 01b4 FB7F     		ldrb	r3, [r7, #31]	@ zero_extendqisi2
 858              	.L37:
 859 01b6 1846     		mov	r0, r3
 860 01b8 2837     		adds	r7, r7, #40
 861 01ba BD46     		mov	sp, r7
 862              		@ sp needed
 863 01bc 80BD     		pop	{r7, pc}
 865              		.section	.text.HAL_DMA_IRQHandler,"ax",%progbits
 866              		.align	1
 867              		.global	HAL_DMA_IRQHandler
 868              		.syntax unified
 869              		.thumb
ARM GAS  C:\msys64\tmp\cceM8Ue4.s 			page 16


 870              		.thumb_func
 872              	HAL_DMA_IRQHandler:
 873              		@ args = 0, pretend = 0, frame = 24
 874              		@ frame_needed = 1, uses_anonymous_args = 0
 875 0000 80B5     		push	{r7, lr}
 876 0002 86B0     		sub	sp, sp, #24
 877 0004 00AF     		add	r7, sp, #0
 878 0006 7860     		str	r0, [r7, #4]
 879 0008 0023     		movs	r3, #0
 880 000a BB60     		str	r3, [r7, #8]
 881 000c 8E4B     		ldr	r3, .L75
 882 000e 1B68     		ldr	r3, [r3]
 883 0010 8E4A     		ldr	r2, .L75+4
 884 0012 A2FB0323 		umull	r2, r3, r2, r3
 885 0016 9B0A     		lsrs	r3, r3, #10
 886 0018 7B61     		str	r3, [r7, #20]
 887 001a 7B68     		ldr	r3, [r7, #4]
 888 001c 9B6D     		ldr	r3, [r3, #88]
 889 001e 3B61     		str	r3, [r7, #16]
 890 0020 3B69     		ldr	r3, [r7, #16]
 891 0022 1B68     		ldr	r3, [r3]
 892 0024 FB60     		str	r3, [r7, #12]
 893 0026 7B68     		ldr	r3, [r7, #4]
 894 0028 DB6D     		ldr	r3, [r3, #92]
 895 002a 0822     		movs	r2, #8
 896 002c 9A40     		lsls	r2, r2, r3
 897 002e FB68     		ldr	r3, [r7, #12]
 898 0030 1340     		ands	r3, r3, r2
 899 0032 002B     		cmp	r3, #0
 900 0034 1AD0     		beq	.L53
 901 0036 7B68     		ldr	r3, [r7, #4]
 902 0038 1B68     		ldr	r3, [r3]
 903 003a 1B68     		ldr	r3, [r3]
 904 003c 03F00403 		and	r3, r3, #4
 905 0040 002B     		cmp	r3, #0
 906 0042 13D0     		beq	.L53
 907 0044 7B68     		ldr	r3, [r7, #4]
 908 0046 1B68     		ldr	r3, [r3]
 909 0048 1A68     		ldr	r2, [r3]
 910 004a 7B68     		ldr	r3, [r7, #4]
 911 004c 1B68     		ldr	r3, [r3]
 912 004e 22F00402 		bic	r2, r2, #4
 913 0052 1A60     		str	r2, [r3]
 914 0054 7B68     		ldr	r3, [r7, #4]
 915 0056 DB6D     		ldr	r3, [r3, #92]
 916 0058 0822     		movs	r2, #8
 917 005a 9A40     		lsls	r2, r2, r3
 918 005c 3B69     		ldr	r3, [r7, #16]
 919 005e 9A60     		str	r2, [r3, #8]
 920 0060 7B68     		ldr	r3, [r7, #4]
 921 0062 5B6D     		ldr	r3, [r3, #84]
 922 0064 43F00102 		orr	r2, r3, #1
 923 0068 7B68     		ldr	r3, [r7, #4]
 924 006a 5A65     		str	r2, [r3, #84]
 925              	.L53:
 926 006c 7B68     		ldr	r3, [r7, #4]
 927 006e DB6D     		ldr	r3, [r3, #92]
ARM GAS  C:\msys64\tmp\cceM8Ue4.s 			page 17


 928 0070 0122     		movs	r2, #1
 929 0072 9A40     		lsls	r2, r2, r3
 930 0074 FB68     		ldr	r3, [r7, #12]
 931 0076 1340     		ands	r3, r3, r2
 932 0078 002B     		cmp	r3, #0
 933 007a 12D0     		beq	.L54
 934 007c 7B68     		ldr	r3, [r7, #4]
 935 007e 1B68     		ldr	r3, [r3]
 936 0080 5B69     		ldr	r3, [r3, #20]
 937 0082 03F08003 		and	r3, r3, #128
 938 0086 002B     		cmp	r3, #0
 939 0088 0BD0     		beq	.L54
 940 008a 7B68     		ldr	r3, [r7, #4]
 941 008c DB6D     		ldr	r3, [r3, #92]
 942 008e 0122     		movs	r2, #1
 943 0090 9A40     		lsls	r2, r2, r3
 944 0092 3B69     		ldr	r3, [r7, #16]
 945 0094 9A60     		str	r2, [r3, #8]
 946 0096 7B68     		ldr	r3, [r7, #4]
 947 0098 5B6D     		ldr	r3, [r3, #84]
 948 009a 43F00202 		orr	r2, r3, #2
 949 009e 7B68     		ldr	r3, [r7, #4]
 950 00a0 5A65     		str	r2, [r3, #84]
 951              	.L54:
 952 00a2 7B68     		ldr	r3, [r7, #4]
 953 00a4 DB6D     		ldr	r3, [r3, #92]
 954 00a6 0422     		movs	r2, #4
 955 00a8 9A40     		lsls	r2, r2, r3
 956 00aa FB68     		ldr	r3, [r7, #12]
 957 00ac 1340     		ands	r3, r3, r2
 958 00ae 002B     		cmp	r3, #0
 959 00b0 12D0     		beq	.L55
 960 00b2 7B68     		ldr	r3, [r7, #4]
 961 00b4 1B68     		ldr	r3, [r3]
 962 00b6 1B68     		ldr	r3, [r3]
 963 00b8 03F00203 		and	r3, r3, #2
 964 00bc 002B     		cmp	r3, #0
 965 00be 0BD0     		beq	.L55
 966 00c0 7B68     		ldr	r3, [r7, #4]
 967 00c2 DB6D     		ldr	r3, [r3, #92]
 968 00c4 0422     		movs	r2, #4
 969 00c6 9A40     		lsls	r2, r2, r3
 970 00c8 3B69     		ldr	r3, [r7, #16]
 971 00ca 9A60     		str	r2, [r3, #8]
 972 00cc 7B68     		ldr	r3, [r7, #4]
 973 00ce 5B6D     		ldr	r3, [r3, #84]
 974 00d0 43F00402 		orr	r2, r3, #4
 975 00d4 7B68     		ldr	r3, [r7, #4]
 976 00d6 5A65     		str	r2, [r3, #84]
 977              	.L55:
 978 00d8 7B68     		ldr	r3, [r7, #4]
 979 00da DB6D     		ldr	r3, [r3, #92]
 980 00dc 1022     		movs	r2, #16
 981 00de 9A40     		lsls	r2, r2, r3
 982 00e0 FB68     		ldr	r3, [r7, #12]
 983 00e2 1340     		ands	r3, r3, r2
 984 00e4 002B     		cmp	r3, #0
ARM GAS  C:\msys64\tmp\cceM8Ue4.s 			page 18


 985 00e6 43D0     		beq	.L56
 986 00e8 7B68     		ldr	r3, [r7, #4]
 987 00ea 1B68     		ldr	r3, [r3]
 988 00ec 1B68     		ldr	r3, [r3]
 989 00ee 03F00803 		and	r3, r3, #8
 990 00f2 002B     		cmp	r3, #0
 991 00f4 3CD0     		beq	.L56
 992 00f6 7B68     		ldr	r3, [r7, #4]
 993 00f8 DB6D     		ldr	r3, [r3, #92]
 994 00fa 1022     		movs	r2, #16
 995 00fc 9A40     		lsls	r2, r2, r3
 996 00fe 3B69     		ldr	r3, [r7, #16]
 997 0100 9A60     		str	r2, [r3, #8]
 998 0102 7B68     		ldr	r3, [r7, #4]
 999 0104 1B68     		ldr	r3, [r3]
 1000 0106 1B68     		ldr	r3, [r3]
 1001 0108 03F48023 		and	r3, r3, #262144
 1002 010c 002B     		cmp	r3, #0
 1003 010e 18D0     		beq	.L57
 1004 0110 7B68     		ldr	r3, [r7, #4]
 1005 0112 1B68     		ldr	r3, [r3]
 1006 0114 1B68     		ldr	r3, [r3]
 1007 0116 03F40023 		and	r3, r3, #524288
 1008 011a 002B     		cmp	r3, #0
 1009 011c 08D1     		bne	.L58
 1010 011e 7B68     		ldr	r3, [r7, #4]
 1011 0120 1B6C     		ldr	r3, [r3, #64]
 1012 0122 002B     		cmp	r3, #0
 1013 0124 24D0     		beq	.L56
 1014 0126 7B68     		ldr	r3, [r7, #4]
 1015 0128 1B6C     		ldr	r3, [r3, #64]
 1016 012a 7868     		ldr	r0, [r7, #4]
 1017 012c 9847     		blx	r3
 1018 012e 1FE0     		b	.L56
 1019              	.L58:
 1020 0130 7B68     		ldr	r3, [r7, #4]
 1021 0132 9B6C     		ldr	r3, [r3, #72]
 1022 0134 002B     		cmp	r3, #0
 1023 0136 1BD0     		beq	.L56
 1024 0138 7B68     		ldr	r3, [r7, #4]
 1025 013a 9B6C     		ldr	r3, [r3, #72]
 1026 013c 7868     		ldr	r0, [r7, #4]
 1027 013e 9847     		blx	r3
 1028 0140 16E0     		b	.L56
 1029              	.L57:
 1030 0142 7B68     		ldr	r3, [r7, #4]
 1031 0144 1B68     		ldr	r3, [r3]
 1032 0146 1B68     		ldr	r3, [r3]
 1033 0148 03F48073 		and	r3, r3, #256
 1034 014c 002B     		cmp	r3, #0
 1035 014e 07D1     		bne	.L59
 1036 0150 7B68     		ldr	r3, [r7, #4]
 1037 0152 1B68     		ldr	r3, [r3]
 1038 0154 1A68     		ldr	r2, [r3]
 1039 0156 7B68     		ldr	r3, [r7, #4]
 1040 0158 1B68     		ldr	r3, [r3]
 1041 015a 22F00802 		bic	r2, r2, #8
ARM GAS  C:\msys64\tmp\cceM8Ue4.s 			page 19


 1042 015e 1A60     		str	r2, [r3]
 1043              	.L59:
 1044 0160 7B68     		ldr	r3, [r7, #4]
 1045 0162 1B6C     		ldr	r3, [r3, #64]
 1046 0164 002B     		cmp	r3, #0
 1047 0166 03D0     		beq	.L56
 1048 0168 7B68     		ldr	r3, [r7, #4]
 1049 016a 1B6C     		ldr	r3, [r3, #64]
 1050 016c 7868     		ldr	r0, [r7, #4]
 1051 016e 9847     		blx	r3
 1052              	.L56:
 1053 0170 7B68     		ldr	r3, [r7, #4]
 1054 0172 DB6D     		ldr	r3, [r3, #92]
 1055 0174 2022     		movs	r2, #32
 1056 0176 9A40     		lsls	r2, r2, r3
 1057 0178 FB68     		ldr	r3, [r7, #12]
 1058 017a 1340     		ands	r3, r3, r2
 1059 017c 002B     		cmp	r3, #0
 1060 017e 00F08F80 		beq	.L60
 1061 0182 7B68     		ldr	r3, [r7, #4]
 1062 0184 1B68     		ldr	r3, [r3]
 1063 0186 1B68     		ldr	r3, [r3]
 1064 0188 03F01003 		and	r3, r3, #16
 1065 018c 002B     		cmp	r3, #0
 1066 018e 00F08780 		beq	.L60
 1067 0192 7B68     		ldr	r3, [r7, #4]
 1068 0194 DB6D     		ldr	r3, [r3, #92]
 1069 0196 2022     		movs	r2, #32
 1070 0198 9A40     		lsls	r2, r2, r3
 1071 019a 3B69     		ldr	r3, [r7, #16]
 1072 019c 9A60     		str	r2, [r3, #8]
 1073 019e 7B68     		ldr	r3, [r7, #4]
 1074 01a0 93F83530 		ldrb	r3, [r3, #53]
 1075 01a4 DBB2     		uxtb	r3, r3
 1076 01a6 052B     		cmp	r3, #5
 1077 01a8 36D1     		bne	.L61
 1078 01aa 7B68     		ldr	r3, [r7, #4]
 1079 01ac 1B68     		ldr	r3, [r3]
 1080 01ae 1A68     		ldr	r2, [r3]
 1081 01b0 7B68     		ldr	r3, [r7, #4]
 1082 01b2 1B68     		ldr	r3, [r3]
 1083 01b4 22F01602 		bic	r2, r2, #22
 1084 01b8 1A60     		str	r2, [r3]
 1085 01ba 7B68     		ldr	r3, [r7, #4]
 1086 01bc 1B68     		ldr	r3, [r3]
 1087 01be 5A69     		ldr	r2, [r3, #20]
 1088 01c0 7B68     		ldr	r3, [r7, #4]
 1089 01c2 1B68     		ldr	r3, [r3]
 1090 01c4 22F08002 		bic	r2, r2, #128
 1091 01c8 5A61     		str	r2, [r3, #20]
 1092 01ca 7B68     		ldr	r3, [r7, #4]
 1093 01cc 1B6C     		ldr	r3, [r3, #64]
 1094 01ce 002B     		cmp	r3, #0
 1095 01d0 03D1     		bne	.L62
 1096 01d2 7B68     		ldr	r3, [r7, #4]
 1097 01d4 9B6C     		ldr	r3, [r3, #72]
 1098 01d6 002B     		cmp	r3, #0
ARM GAS  C:\msys64\tmp\cceM8Ue4.s 			page 20


 1099 01d8 07D0     		beq	.L63
 1100              	.L62:
 1101 01da 7B68     		ldr	r3, [r7, #4]
 1102 01dc 1B68     		ldr	r3, [r3]
 1103 01de 1A68     		ldr	r2, [r3]
 1104 01e0 7B68     		ldr	r3, [r7, #4]
 1105 01e2 1B68     		ldr	r3, [r3]
 1106 01e4 22F00802 		bic	r2, r2, #8
 1107 01e8 1A60     		str	r2, [r3]
 1108              	.L63:
 1109 01ea 7B68     		ldr	r3, [r7, #4]
 1110 01ec DB6D     		ldr	r3, [r3, #92]
 1111 01ee 3F22     		movs	r2, #63
 1112 01f0 9A40     		lsls	r2, r2, r3
 1113 01f2 3B69     		ldr	r3, [r7, #16]
 1114 01f4 9A60     		str	r2, [r3, #8]
 1115 01f6 7B68     		ldr	r3, [r7, #4]
 1116 01f8 0122     		movs	r2, #1
 1117 01fa 83F83520 		strb	r2, [r3, #53]
 1118 01fe 7B68     		ldr	r3, [r7, #4]
 1119 0200 0022     		movs	r2, #0
 1120 0202 83F83420 		strb	r2, [r3, #52]
 1121 0206 7B68     		ldr	r3, [r7, #4]
 1122 0208 1B6D     		ldr	r3, [r3, #80]
 1123 020a 002B     		cmp	r3, #0
 1124 020c 7ED0     		beq	.L73
 1125 020e 7B68     		ldr	r3, [r7, #4]
 1126 0210 1B6D     		ldr	r3, [r3, #80]
 1127 0212 7868     		ldr	r0, [r7, #4]
 1128 0214 9847     		blx	r3
 1129 0216 79E0     		b	.L73
 1130              	.L61:
 1131 0218 7B68     		ldr	r3, [r7, #4]
 1132 021a 1B68     		ldr	r3, [r3]
 1133 021c 1B68     		ldr	r3, [r3]
 1134 021e 03F48023 		and	r3, r3, #262144
 1135 0222 002B     		cmp	r3, #0
 1136 0224 1DD0     		beq	.L66
 1137 0226 7B68     		ldr	r3, [r7, #4]
 1138 0228 1B68     		ldr	r3, [r3]
 1139 022a 1B68     		ldr	r3, [r3]
 1140 022c 03F40023 		and	r3, r3, #524288
 1141 0230 002B     		cmp	r3, #0
 1142 0232 0DD1     		bne	.L67
 1143 0234 7B68     		ldr	r3, [r7, #4]
 1144 0236 5B6C     		ldr	r3, [r3, #68]
 1145 0238 002B     		cmp	r3, #0
 1146 023a 31D0     		beq	.L60
 1147 023c 7B68     		ldr	r3, [r7, #4]
 1148 023e 5B6C     		ldr	r3, [r3, #68]
 1149 0240 7868     		ldr	r0, [r7, #4]
 1150 0242 9847     		blx	r3
 1151 0244 2CE0     		b	.L60
 1152              	.L76:
 1153 0246 00BF     		.align	2
 1154              	.L75:
 1155 0248 00000000 		.word	SystemCoreClock
ARM GAS  C:\msys64\tmp\cceM8Ue4.s 			page 21


 1156 024c B5814E1B 		.word	458129845
 1157              	.L67:
 1158 0250 7B68     		ldr	r3, [r7, #4]
 1159 0252 DB6B     		ldr	r3, [r3, #60]
 1160 0254 002B     		cmp	r3, #0
 1161 0256 23D0     		beq	.L60
 1162 0258 7B68     		ldr	r3, [r7, #4]
 1163 025a DB6B     		ldr	r3, [r3, #60]
 1164 025c 7868     		ldr	r0, [r7, #4]
 1165 025e 9847     		blx	r3
 1166 0260 1EE0     		b	.L60
 1167              	.L66:
 1168 0262 7B68     		ldr	r3, [r7, #4]
 1169 0264 1B68     		ldr	r3, [r3]
 1170 0266 1B68     		ldr	r3, [r3]
 1171 0268 03F48073 		and	r3, r3, #256
 1172 026c 002B     		cmp	r3, #0
 1173 026e 0FD1     		bne	.L68
 1174 0270 7B68     		ldr	r3, [r7, #4]
 1175 0272 1B68     		ldr	r3, [r3]
 1176 0274 1A68     		ldr	r2, [r3]
 1177 0276 7B68     		ldr	r3, [r7, #4]
 1178 0278 1B68     		ldr	r3, [r3]
 1179 027a 22F01002 		bic	r2, r2, #16
 1180 027e 1A60     		str	r2, [r3]
 1181 0280 7B68     		ldr	r3, [r7, #4]
 1182 0282 0122     		movs	r2, #1
 1183 0284 83F83520 		strb	r2, [r3, #53]
 1184 0288 7B68     		ldr	r3, [r7, #4]
 1185 028a 0022     		movs	r2, #0
 1186 028c 83F83420 		strb	r2, [r3, #52]
 1187              	.L68:
 1188 0290 7B68     		ldr	r3, [r7, #4]
 1189 0292 DB6B     		ldr	r3, [r3, #60]
 1190 0294 002B     		cmp	r3, #0
 1191 0296 03D0     		beq	.L60
 1192 0298 7B68     		ldr	r3, [r7, #4]
 1193 029a DB6B     		ldr	r3, [r3, #60]
 1194 029c 7868     		ldr	r0, [r7, #4]
 1195 029e 9847     		blx	r3
 1196              	.L60:
 1197 02a0 7B68     		ldr	r3, [r7, #4]
 1198 02a2 5B6D     		ldr	r3, [r3, #84]
 1199 02a4 002B     		cmp	r3, #0
 1200 02a6 32D0     		beq	.L52
 1201 02a8 7B68     		ldr	r3, [r7, #4]
 1202 02aa 5B6D     		ldr	r3, [r3, #84]
 1203 02ac 03F00103 		and	r3, r3, #1
 1204 02b0 002B     		cmp	r3, #0
 1205 02b2 22D0     		beq	.L69
 1206 02b4 7B68     		ldr	r3, [r7, #4]
 1207 02b6 0522     		movs	r2, #5
 1208 02b8 83F83520 		strb	r2, [r3, #53]
 1209 02bc 7B68     		ldr	r3, [r7, #4]
 1210 02be 1B68     		ldr	r3, [r3]
 1211 02c0 1A68     		ldr	r2, [r3]
 1212 02c2 7B68     		ldr	r3, [r7, #4]
ARM GAS  C:\msys64\tmp\cceM8Ue4.s 			page 22


 1213 02c4 1B68     		ldr	r3, [r3]
 1214 02c6 22F00102 		bic	r2, r2, #1
 1215 02ca 1A60     		str	r2, [r3]
 1216              	.L72:
 1217 02cc BB68     		ldr	r3, [r7, #8]
 1218 02ce 0133     		adds	r3, r3, #1
 1219 02d0 BB60     		str	r3, [r7, #8]
 1220 02d2 7A69     		ldr	r2, [r7, #20]
 1221 02d4 9A42     		cmp	r2, r3
 1222 02d6 07D3     		bcc	.L74
 1223 02d8 7B68     		ldr	r3, [r7, #4]
 1224 02da 1B68     		ldr	r3, [r3]
 1225 02dc 1B68     		ldr	r3, [r3]
 1226 02de 03F00103 		and	r3, r3, #1
 1227 02e2 002B     		cmp	r3, #0
 1228 02e4 F2D1     		bne	.L72
 1229 02e6 00E0     		b	.L71
 1230              	.L74:
 1231 02e8 00BF     		nop
 1232              	.L71:
 1233 02ea 7B68     		ldr	r3, [r7, #4]
 1234 02ec 0122     		movs	r2, #1
 1235 02ee 83F83520 		strb	r2, [r3, #53]
 1236 02f2 7B68     		ldr	r3, [r7, #4]
 1237 02f4 0022     		movs	r2, #0
 1238 02f6 83F83420 		strb	r2, [r3, #52]
 1239              	.L69:
 1240 02fa 7B68     		ldr	r3, [r7, #4]
 1241 02fc DB6C     		ldr	r3, [r3, #76]
 1242 02fe 002B     		cmp	r3, #0
 1243 0300 05D0     		beq	.L52
 1244 0302 7B68     		ldr	r3, [r7, #4]
 1245 0304 DB6C     		ldr	r3, [r3, #76]
 1246 0306 7868     		ldr	r0, [r7, #4]
 1247 0308 9847     		blx	r3
 1248 030a 00E0     		b	.L52
 1249              	.L73:
 1250 030c 00BF     		nop
 1251              	.L52:
 1252 030e 1837     		adds	r7, r7, #24
 1253 0310 BD46     		mov	sp, r7
 1254              		@ sp needed
 1255 0312 80BD     		pop	{r7, pc}
 1257              		.section	.text.HAL_DMA_RegisterCallback,"ax",%progbits
 1258              		.align	1
 1259              		.global	HAL_DMA_RegisterCallback
 1260              		.syntax unified
 1261              		.thumb
 1262              		.thumb_func
 1264              	HAL_DMA_RegisterCallback:
 1265              		@ args = 0, pretend = 0, frame = 24
 1266              		@ frame_needed = 1, uses_anonymous_args = 0
 1267              		@ link register save eliminated.
 1268 0000 80B4     		push	{r7}
 1269 0002 87B0     		sub	sp, sp, #28
 1270 0004 00AF     		add	r7, sp, #0
 1271 0006 F860     		str	r0, [r7, #12]
ARM GAS  C:\msys64\tmp\cceM8Ue4.s 			page 23


 1272 0008 0B46     		mov	r3, r1
 1273 000a 7A60     		str	r2, [r7, #4]
 1274 000c FB72     		strb	r3, [r7, #11]
 1275 000e 0023     		movs	r3, #0
 1276 0010 FB75     		strb	r3, [r7, #23]
 1277 0012 FB68     		ldr	r3, [r7, #12]
 1278 0014 93F83430 		ldrb	r3, [r3, #52]	@ zero_extendqisi2
 1279 0018 012B     		cmp	r3, #1
 1280 001a 01D1     		bne	.L78
 1281 001c 0223     		movs	r3, #2
 1282 001e 3DE0     		b	.L79
 1283              	.L78:
 1284 0020 FB68     		ldr	r3, [r7, #12]
 1285 0022 0122     		movs	r2, #1
 1286 0024 83F83420 		strb	r2, [r3, #52]
 1287 0028 FB68     		ldr	r3, [r7, #12]
 1288 002a 93F83530 		ldrb	r3, [r3, #53]
 1289 002e DBB2     		uxtb	r3, r3
 1290 0030 012B     		cmp	r3, #1
 1291 0032 2CD1     		bne	.L80
 1292 0034 FB7A     		ldrb	r3, [r7, #11]	@ zero_extendqisi2
 1293 0036 052B     		cmp	r3, #5
 1294 0038 26D8     		bhi	.L81
 1295 003a 01A2     		adr	r2, .L83
 1296 003c 52F823F0 		ldr	pc, [r2, r3, lsl #2]
 1297              		.p2align 2
 1298              	.L83:
 1299 0040 59000000 		.word	.L88+1
 1300 0044 61000000 		.word	.L87+1
 1301 0048 69000000 		.word	.L86+1
 1302 004c 71000000 		.word	.L85+1
 1303 0050 79000000 		.word	.L84+1
 1304 0054 81000000 		.word	.L82+1
 1305              		.p2align 1
 1306              	.L88:
 1307 0058 FB68     		ldr	r3, [r7, #12]
 1308 005a 7A68     		ldr	r2, [r7, #4]
 1309 005c DA63     		str	r2, [r3, #60]
 1310 005e 18E0     		b	.L90
 1311              	.L87:
 1312 0060 FB68     		ldr	r3, [r7, #12]
 1313 0062 7A68     		ldr	r2, [r7, #4]
 1314 0064 1A64     		str	r2, [r3, #64]
 1315 0066 14E0     		b	.L90
 1316              	.L86:
 1317 0068 FB68     		ldr	r3, [r7, #12]
 1318 006a 7A68     		ldr	r2, [r7, #4]
 1319 006c 5A64     		str	r2, [r3, #68]
 1320 006e 10E0     		b	.L90
 1321              	.L85:
 1322 0070 FB68     		ldr	r3, [r7, #12]
 1323 0072 7A68     		ldr	r2, [r7, #4]
 1324 0074 9A64     		str	r2, [r3, #72]
 1325 0076 0CE0     		b	.L90
 1326              	.L84:
 1327 0078 FB68     		ldr	r3, [r7, #12]
 1328 007a 7A68     		ldr	r2, [r7, #4]
ARM GAS  C:\msys64\tmp\cceM8Ue4.s 			page 24


 1329 007c DA64     		str	r2, [r3, #76]
 1330 007e 08E0     		b	.L90
 1331              	.L82:
 1332 0080 FB68     		ldr	r3, [r7, #12]
 1333 0082 7A68     		ldr	r2, [r7, #4]
 1334 0084 1A65     		str	r2, [r3, #80]
 1335 0086 04E0     		b	.L90
 1336              	.L81:
 1337 0088 0123     		movs	r3, #1
 1338 008a FB75     		strb	r3, [r7, #23]
 1339 008c 01E0     		b	.L90
 1340              	.L80:
 1341 008e 0123     		movs	r3, #1
 1342 0090 FB75     		strb	r3, [r7, #23]
 1343              	.L90:
 1344 0092 FB68     		ldr	r3, [r7, #12]
 1345 0094 0022     		movs	r2, #0
 1346 0096 83F83420 		strb	r2, [r3, #52]
 1347 009a FB7D     		ldrb	r3, [r7, #23]	@ zero_extendqisi2
 1348              	.L79:
 1349 009c 1846     		mov	r0, r3
 1350 009e 1C37     		adds	r7, r7, #28
 1351 00a0 BD46     		mov	sp, r7
 1352              		@ sp needed
 1353 00a2 5DF8047B 		ldr	r7, [sp], #4
 1354 00a6 7047     		bx	lr
 1356              		.section	.text.HAL_DMA_UnRegisterCallback,"ax",%progbits
 1357              		.align	1
 1358              		.global	HAL_DMA_UnRegisterCallback
 1359              		.syntax unified
 1360              		.thumb
 1361              		.thumb_func
 1363              	HAL_DMA_UnRegisterCallback:
 1364              		@ args = 0, pretend = 0, frame = 16
 1365              		@ frame_needed = 1, uses_anonymous_args = 0
 1366              		@ link register save eliminated.
 1367 0000 80B4     		push	{r7}
 1368 0002 85B0     		sub	sp, sp, #20
 1369 0004 00AF     		add	r7, sp, #0
 1370 0006 7860     		str	r0, [r7, #4]
 1371 0008 0B46     		mov	r3, r1
 1372 000a FB70     		strb	r3, [r7, #3]
 1373 000c 0023     		movs	r3, #0
 1374 000e FB73     		strb	r3, [r7, #15]
 1375 0010 7B68     		ldr	r3, [r7, #4]
 1376 0012 93F83430 		ldrb	r3, [r3, #52]	@ zero_extendqisi2
 1377 0016 012B     		cmp	r3, #1
 1378 0018 01D1     		bne	.L92
 1379 001a 0223     		movs	r3, #2
 1380 001c 53E0     		b	.L93
 1381              	.L92:
 1382 001e 7B68     		ldr	r3, [r7, #4]
 1383 0020 0122     		movs	r2, #1
 1384 0022 83F83420 		strb	r2, [r3, #52]
 1385 0026 7B68     		ldr	r3, [r7, #4]
 1386 0028 93F83530 		ldrb	r3, [r3, #53]
 1387 002c DBB2     		uxtb	r3, r3
ARM GAS  C:\msys64\tmp\cceM8Ue4.s 			page 25


 1388 002e 012B     		cmp	r3, #1
 1389 0030 42D1     		bne	.L94
 1390 0032 FB78     		ldrb	r3, [r7, #3]	@ zero_extendqisi2
 1391 0034 062B     		cmp	r3, #6
 1392 0036 3CD8     		bhi	.L95
 1393 0038 01A2     		adr	r2, .L97
 1394 003a 52F823F0 		ldr	pc, [r2, r3, lsl #2]
 1395 003e 00BF     		.p2align 2
 1396              	.L97:
 1397 0040 5D000000 		.word	.L103+1
 1398 0044 65000000 		.word	.L102+1
 1399 0048 6D000000 		.word	.L101+1
 1400 004c 75000000 		.word	.L100+1
 1401 0050 7D000000 		.word	.L99+1
 1402 0054 85000000 		.word	.L98+1
 1403 0058 8D000000 		.word	.L96+1
 1404              		.p2align 1
 1405              	.L103:
 1406 005c 7B68     		ldr	r3, [r7, #4]
 1407 005e 0022     		movs	r2, #0
 1408 0060 DA63     		str	r2, [r3, #60]
 1409 0062 2BE0     		b	.L105
 1410              	.L102:
 1411 0064 7B68     		ldr	r3, [r7, #4]
 1412 0066 0022     		movs	r2, #0
 1413 0068 1A64     		str	r2, [r3, #64]
 1414 006a 27E0     		b	.L105
 1415              	.L101:
 1416 006c 7B68     		ldr	r3, [r7, #4]
 1417 006e 0022     		movs	r2, #0
 1418 0070 5A64     		str	r2, [r3, #68]
 1419 0072 23E0     		b	.L105
 1420              	.L100:
 1421 0074 7B68     		ldr	r3, [r7, #4]
 1422 0076 0022     		movs	r2, #0
 1423 0078 9A64     		str	r2, [r3, #72]
 1424 007a 1FE0     		b	.L105
 1425              	.L99:
 1426 007c 7B68     		ldr	r3, [r7, #4]
 1427 007e 0022     		movs	r2, #0
 1428 0080 DA64     		str	r2, [r3, #76]
 1429 0082 1BE0     		b	.L105
 1430              	.L98:
 1431 0084 7B68     		ldr	r3, [r7, #4]
 1432 0086 0022     		movs	r2, #0
 1433 0088 1A65     		str	r2, [r3, #80]
 1434 008a 17E0     		b	.L105
 1435              	.L96:
 1436 008c 7B68     		ldr	r3, [r7, #4]
 1437 008e 0022     		movs	r2, #0
 1438 0090 DA63     		str	r2, [r3, #60]
 1439 0092 7B68     		ldr	r3, [r7, #4]
 1440 0094 0022     		movs	r2, #0
 1441 0096 1A64     		str	r2, [r3, #64]
 1442 0098 7B68     		ldr	r3, [r7, #4]
 1443 009a 0022     		movs	r2, #0
 1444 009c 5A64     		str	r2, [r3, #68]
ARM GAS  C:\msys64\tmp\cceM8Ue4.s 			page 26


 1445 009e 7B68     		ldr	r3, [r7, #4]
 1446 00a0 0022     		movs	r2, #0
 1447 00a2 9A64     		str	r2, [r3, #72]
 1448 00a4 7B68     		ldr	r3, [r7, #4]
 1449 00a6 0022     		movs	r2, #0
 1450 00a8 DA64     		str	r2, [r3, #76]
 1451 00aa 7B68     		ldr	r3, [r7, #4]
 1452 00ac 0022     		movs	r2, #0
 1453 00ae 1A65     		str	r2, [r3, #80]
 1454 00b0 04E0     		b	.L105
 1455              	.L95:
 1456 00b2 0123     		movs	r3, #1
 1457 00b4 FB73     		strb	r3, [r7, #15]
 1458 00b6 01E0     		b	.L105
 1459              	.L94:
 1460 00b8 0123     		movs	r3, #1
 1461 00ba FB73     		strb	r3, [r7, #15]
 1462              	.L105:
 1463 00bc 7B68     		ldr	r3, [r7, #4]
 1464 00be 0022     		movs	r2, #0
 1465 00c0 83F83420 		strb	r2, [r3, #52]
 1466 00c4 FB7B     		ldrb	r3, [r7, #15]	@ zero_extendqisi2
 1467              	.L93:
 1468 00c6 1846     		mov	r0, r3
 1469 00c8 1437     		adds	r7, r7, #20
 1470 00ca BD46     		mov	sp, r7
 1471              		@ sp needed
 1472 00cc 5DF8047B 		ldr	r7, [sp], #4
 1473 00d0 7047     		bx	lr
 1475 00d2 00BF     		.section	.text.HAL_DMA_GetState,"ax",%progbits
 1476              		.align	1
 1477              		.global	HAL_DMA_GetState
 1478              		.syntax unified
 1479              		.thumb
 1480              		.thumb_func
 1482              	HAL_DMA_GetState:
 1483              		@ args = 0, pretend = 0, frame = 8
 1484              		@ frame_needed = 1, uses_anonymous_args = 0
 1485              		@ link register save eliminated.
 1486 0000 80B4     		push	{r7}
 1487 0002 83B0     		sub	sp, sp, #12
 1488 0004 00AF     		add	r7, sp, #0
 1489 0006 7860     		str	r0, [r7, #4]
 1490 0008 7B68     		ldr	r3, [r7, #4]
 1491 000a 93F83530 		ldrb	r3, [r3, #53]
 1492 000e DBB2     		uxtb	r3, r3
 1493 0010 1846     		mov	r0, r3
 1494 0012 0C37     		adds	r7, r7, #12
 1495 0014 BD46     		mov	sp, r7
 1496              		@ sp needed
 1497 0016 5DF8047B 		ldr	r7, [sp], #4
 1498 001a 7047     		bx	lr
 1500              		.section	.text.HAL_DMA_GetError,"ax",%progbits
 1501              		.align	1
 1502              		.global	HAL_DMA_GetError
 1503              		.syntax unified
 1504              		.thumb
ARM GAS  C:\msys64\tmp\cceM8Ue4.s 			page 27


 1505              		.thumb_func
 1507              	HAL_DMA_GetError:
 1508              		@ args = 0, pretend = 0, frame = 8
 1509              		@ frame_needed = 1, uses_anonymous_args = 0
 1510              		@ link register save eliminated.
 1511 0000 80B4     		push	{r7}
 1512 0002 83B0     		sub	sp, sp, #12
 1513 0004 00AF     		add	r7, sp, #0
 1514 0006 7860     		str	r0, [r7, #4]
 1515 0008 7B68     		ldr	r3, [r7, #4]
 1516 000a 5B6D     		ldr	r3, [r3, #84]
 1517 000c 1846     		mov	r0, r3
 1518 000e 0C37     		adds	r7, r7, #12
 1519 0010 BD46     		mov	sp, r7
 1520              		@ sp needed
 1521 0012 5DF8047B 		ldr	r7, [sp], #4
 1522 0016 7047     		bx	lr
 1524              		.section	.text.DMA_SetConfig,"ax",%progbits
 1525              		.align	1
 1526              		.syntax unified
 1527              		.thumb
 1528              		.thumb_func
 1530              	DMA_SetConfig:
 1531              		@ args = 0, pretend = 0, frame = 16
 1532              		@ frame_needed = 1, uses_anonymous_args = 0
 1533              		@ link register save eliminated.
 1534 0000 80B4     		push	{r7}
 1535 0002 85B0     		sub	sp, sp, #20
 1536 0004 00AF     		add	r7, sp, #0
 1537 0006 F860     		str	r0, [r7, #12]
 1538 0008 B960     		str	r1, [r7, #8]
 1539 000a 7A60     		str	r2, [r7, #4]
 1540 000c 3B60     		str	r3, [r7]
 1541 000e FB68     		ldr	r3, [r7, #12]
 1542 0010 1B68     		ldr	r3, [r3]
 1543 0012 1A68     		ldr	r2, [r3]
 1544 0014 FB68     		ldr	r3, [r7, #12]
 1545 0016 1B68     		ldr	r3, [r3]
 1546 0018 22F48022 		bic	r2, r2, #262144
 1547 001c 1A60     		str	r2, [r3]
 1548 001e FB68     		ldr	r3, [r7, #12]
 1549 0020 1B68     		ldr	r3, [r3]
 1550 0022 3A68     		ldr	r2, [r7]
 1551 0024 5A60     		str	r2, [r3, #4]
 1552 0026 FB68     		ldr	r3, [r7, #12]
 1553 0028 9B68     		ldr	r3, [r3, #8]
 1554 002a 402B     		cmp	r3, #64
 1555 002c 08D1     		bne	.L111
 1556 002e FB68     		ldr	r3, [r7, #12]
 1557 0030 1B68     		ldr	r3, [r3]
 1558 0032 7A68     		ldr	r2, [r7, #4]
 1559 0034 9A60     		str	r2, [r3, #8]
 1560 0036 FB68     		ldr	r3, [r7, #12]
 1561 0038 1B68     		ldr	r3, [r3]
 1562 003a BA68     		ldr	r2, [r7, #8]
 1563 003c DA60     		str	r2, [r3, #12]
 1564 003e 07E0     		b	.L113
ARM GAS  C:\msys64\tmp\cceM8Ue4.s 			page 28


 1565              	.L111:
 1566 0040 FB68     		ldr	r3, [r7, #12]
 1567 0042 1B68     		ldr	r3, [r3]
 1568 0044 BA68     		ldr	r2, [r7, #8]
 1569 0046 9A60     		str	r2, [r3, #8]
 1570 0048 FB68     		ldr	r3, [r7, #12]
 1571 004a 1B68     		ldr	r3, [r3]
 1572 004c 7A68     		ldr	r2, [r7, #4]
 1573 004e DA60     		str	r2, [r3, #12]
 1574              	.L113:
 1575 0050 00BF     		nop
 1576 0052 1437     		adds	r7, r7, #20
 1577 0054 BD46     		mov	sp, r7
 1578              		@ sp needed
 1579 0056 5DF8047B 		ldr	r7, [sp], #4
 1580 005a 7047     		bx	lr
 1582              		.section	.text.DMA_CalcBaseAndBitshift,"ax",%progbits
 1583              		.align	1
 1584              		.syntax unified
 1585              		.thumb
 1586              		.thumb_func
 1588              	DMA_CalcBaseAndBitshift:
 1589              		@ args = 0, pretend = 0, frame = 16
 1590              		@ frame_needed = 1, uses_anonymous_args = 0
 1591              		@ link register save eliminated.
 1592 0000 80B4     		push	{r7}
 1593 0002 85B0     		sub	sp, sp, #20
 1594 0004 00AF     		add	r7, sp, #0
 1595 0006 7860     		str	r0, [r7, #4]
 1596 0008 7B68     		ldr	r3, [r7, #4]
 1597 000a 1B68     		ldr	r3, [r3]
 1598 000c DBB2     		uxtb	r3, r3
 1599 000e 103B     		subs	r3, r3, #16
 1600 0010 134A     		ldr	r2, .L118
 1601 0012 A2FB0323 		umull	r2, r3, r2, r3
 1602 0016 1B09     		lsrs	r3, r3, #4
 1603 0018 FB60     		str	r3, [r7, #12]
 1604 001a 124A     		ldr	r2, .L118+4
 1605 001c FB68     		ldr	r3, [r7, #12]
 1606 001e 1344     		add	r3, r3, r2
 1607 0020 1B78     		ldrb	r3, [r3]	@ zero_extendqisi2
 1608 0022 1A46     		mov	r2, r3
 1609 0024 7B68     		ldr	r3, [r7, #4]
 1610 0026 DA65     		str	r2, [r3, #92]
 1611 0028 FB68     		ldr	r3, [r7, #12]
 1612 002a 032B     		cmp	r3, #3
 1613 002c 08D9     		bls	.L115
 1614 002e 7B68     		ldr	r3, [r7, #4]
 1615 0030 1B68     		ldr	r3, [r3]
 1616 0032 1A46     		mov	r2, r3
 1617 0034 0C4B     		ldr	r3, .L118+8
 1618 0036 1340     		ands	r3, r3, r2
 1619 0038 1A1D     		adds	r2, r3, #4
 1620 003a 7B68     		ldr	r3, [r7, #4]
 1621 003c 9A65     		str	r2, [r3, #88]
 1622 003e 06E0     		b	.L116
 1623              	.L115:
ARM GAS  C:\msys64\tmp\cceM8Ue4.s 			page 29


 1624 0040 7B68     		ldr	r3, [r7, #4]
 1625 0042 1B68     		ldr	r3, [r3]
 1626 0044 1A46     		mov	r2, r3
 1627 0046 084B     		ldr	r3, .L118+8
 1628 0048 1340     		ands	r3, r3, r2
 1629 004a 7A68     		ldr	r2, [r7, #4]
 1630 004c 9365     		str	r3, [r2, #88]
 1631              	.L116:
 1632 004e 7B68     		ldr	r3, [r7, #4]
 1633 0050 9B6D     		ldr	r3, [r3, #88]
 1634 0052 1846     		mov	r0, r3
 1635 0054 1437     		adds	r7, r7, #20
 1636 0056 BD46     		mov	sp, r7
 1637              		@ sp needed
 1638 0058 5DF8047B 		ldr	r7, [sp], #4
 1639 005c 7047     		bx	lr
 1640              	.L119:
 1641 005e 00BF     		.align	2
 1642              	.L118:
 1643 0060 ABAAAAAA 		.word	-1431655765
 1644 0064 00000000 		.word	flagBitshiftOffset.0
 1645 0068 00FCFFFF 		.word	-1024
 1647              		.section	.text.DMA_CheckFifoParam,"ax",%progbits
 1648              		.align	1
 1649              		.syntax unified
 1650              		.thumb
 1651              		.thumb_func
 1653              	DMA_CheckFifoParam:
 1654              		@ args = 0, pretend = 0, frame = 16
 1655              		@ frame_needed = 1, uses_anonymous_args = 0
 1656              		@ link register save eliminated.
 1657 0000 80B4     		push	{r7}
 1658 0002 85B0     		sub	sp, sp, #20
 1659 0004 00AF     		add	r7, sp, #0
 1660 0006 7860     		str	r0, [r7, #4]
 1661 0008 0023     		movs	r3, #0
 1662 000a FB73     		strb	r3, [r7, #15]
 1663 000c 7B68     		ldr	r3, [r7, #4]
 1664 000e 9B6A     		ldr	r3, [r3, #40]
 1665 0010 BB60     		str	r3, [r7, #8]
 1666 0012 7B68     		ldr	r3, [r7, #4]
 1667 0014 9B69     		ldr	r3, [r3, #24]
 1668 0016 002B     		cmp	r3, #0
 1669 0018 1FD1     		bne	.L121
 1670 001a BB68     		ldr	r3, [r7, #8]
 1671 001c 032B     		cmp	r3, #3
 1672 001e 56D8     		bhi	.L145
 1673 0020 01A2     		adr	r2, .L124
 1674 0022 52F823F0 		ldr	pc, [r2, r3, lsl #2]
 1675 0026 00BF     		.p2align 2
 1676              	.L124:
 1677 0028 39000000 		.word	.L125+1
 1678 002c 4B000000 		.word	.L126+1
 1679 0030 39000000 		.word	.L125+1
 1680 0034 CF000000 		.word	.L145+1
 1681              		.p2align 1
 1682              	.L125:
ARM GAS  C:\msys64\tmp\cceM8Ue4.s 			page 30


 1683 0038 7B68     		ldr	r3, [r7, #4]
 1684 003a DB6A     		ldr	r3, [r3, #44]
 1685 003c 03F08073 		and	r3, r3, #16777216
 1686 0040 002B     		cmp	r3, #0
 1687 0042 46D0     		beq	.L146
 1688 0044 0123     		movs	r3, #1
 1689 0046 FB73     		strb	r3, [r7, #15]
 1690 0048 43E0     		b	.L146
 1691              	.L126:
 1692 004a 7B68     		ldr	r3, [r7, #4]
 1693 004c DB6A     		ldr	r3, [r3, #44]
 1694 004e B3F1C07F 		cmp	r3, #25165824
 1695 0052 40D1     		bne	.L147
 1696 0054 0123     		movs	r3, #1
 1697 0056 FB73     		strb	r3, [r7, #15]
 1698 0058 3DE0     		b	.L147
 1699              	.L121:
 1700 005a 7B68     		ldr	r3, [r7, #4]
 1701 005c 9B69     		ldr	r3, [r3, #24]
 1702 005e B3F5005F 		cmp	r3, #8192
 1703 0062 21D1     		bne	.L131
 1704 0064 BB68     		ldr	r3, [r7, #8]
 1705 0066 032B     		cmp	r3, #3
 1706 0068 37D8     		bhi	.L148
 1707 006a 01A2     		adr	r2, .L134
 1708 006c 52F823F0 		ldr	pc, [r2, r3, lsl #2]
 1709              		.p2align 2
 1710              	.L134:
 1711 0070 81000000 		.word	.L135+1
 1712 0074 87000000 		.word	.L136+1
 1713 0078 81000000 		.word	.L135+1
 1714 007c 99000000 		.word	.L133+1
 1715              		.p2align 1
 1716              	.L135:
 1717 0080 0123     		movs	r3, #1
 1718 0082 FB73     		strb	r3, [r7, #15]
 1719 0084 30E0     		b	.L130
 1720              	.L136:
 1721 0086 7B68     		ldr	r3, [r7, #4]
 1722 0088 DB6A     		ldr	r3, [r3, #44]
 1723 008a 03F08073 		and	r3, r3, #16777216
 1724 008e 002B     		cmp	r3, #0
 1725 0090 25D0     		beq	.L149
 1726 0092 0123     		movs	r3, #1
 1727 0094 FB73     		strb	r3, [r7, #15]
 1728 0096 22E0     		b	.L149
 1729              	.L133:
 1730 0098 7B68     		ldr	r3, [r7, #4]
 1731 009a DB6A     		ldr	r3, [r3, #44]
 1732 009c B3F1C07F 		cmp	r3, #25165824
 1733 00a0 1FD1     		bne	.L150
 1734 00a2 0123     		movs	r3, #1
 1735 00a4 FB73     		strb	r3, [r7, #15]
 1736 00a6 1CE0     		b	.L150
 1737              	.L131:
 1738 00a8 BB68     		ldr	r3, [r7, #8]
 1739 00aa 022B     		cmp	r3, #2
ARM GAS  C:\msys64\tmp\cceM8Ue4.s 			page 31


 1740 00ac 03D9     		bls	.L140
 1741 00ae BB68     		ldr	r3, [r7, #8]
 1742 00b0 032B     		cmp	r3, #3
 1743 00b2 03D0     		beq	.L141
 1744 00b4 18E0     		b	.L130
 1745              	.L140:
 1746 00b6 0123     		movs	r3, #1
 1747 00b8 FB73     		strb	r3, [r7, #15]
 1748 00ba 15E0     		b	.L130
 1749              	.L141:
 1750 00bc 7B68     		ldr	r3, [r7, #4]
 1751 00be DB6A     		ldr	r3, [r3, #44]
 1752 00c0 03F08073 		and	r3, r3, #16777216
 1753 00c4 002B     		cmp	r3, #0
 1754 00c6 0ED0     		beq	.L151
 1755 00c8 0123     		movs	r3, #1
 1756 00ca FB73     		strb	r3, [r7, #15]
 1757 00cc 0BE0     		b	.L151
 1758              	.L145:
 1759 00ce 00BF     		nop
 1760 00d0 0AE0     		b	.L130
 1761              	.L146:
 1762 00d2 00BF     		nop
 1763 00d4 08E0     		b	.L130
 1764              	.L147:
 1765 00d6 00BF     		nop
 1766 00d8 06E0     		b	.L130
 1767              	.L148:
 1768 00da 00BF     		nop
 1769 00dc 04E0     		b	.L130
 1770              	.L149:
 1771 00de 00BF     		nop
 1772 00e0 02E0     		b	.L130
 1773              	.L150:
 1774 00e2 00BF     		nop
 1775 00e4 00E0     		b	.L130
 1776              	.L151:
 1777 00e6 00BF     		nop
 1778              	.L130:
 1779 00e8 FB7B     		ldrb	r3, [r7, #15]	@ zero_extendqisi2
 1780 00ea 1846     		mov	r0, r3
 1781 00ec 1437     		adds	r7, r7, #20
 1782 00ee BD46     		mov	sp, r7
 1783              		@ sp needed
 1784 00f0 5DF8047B 		ldr	r7, [sp], #4
 1785 00f4 7047     		bx	lr
 1787 00f6 00BF     		.section	.rodata.flagBitshiftOffset.0,"a"
 1788              		.align	2
 1791              	flagBitshiftOffset.0:
 1792 0000 00061016 		.ascii	"\000\006\020\026\000\006\020\026"
 1792      00061016 
 1793              		.ident	"GCC: (GNU) 13.3.0"
ARM GAS  C:\msys64\tmp\cceM8Ue4.s 			page 32


DEFINED SYMBOLS
                            *ABS*:00000000 stm32f7xx_hal_dma.c
C:\msys64\tmp\cceM8Ue4.s:18     .text.HAL_DMA_Init:00000000 $t
C:\msys64\tmp\cceM8Ue4.s:24     .text.HAL_DMA_Init:00000000 HAL_DMA_Init
C:\msys64\tmp\cceM8Ue4.s:1653   .text.DMA_CheckFifoParam:00000000 DMA_CheckFifoParam
C:\msys64\tmp\cceM8Ue4.s:1588   .text.DMA_CalcBaseAndBitshift:00000000 DMA_CalcBaseAndBitshift
C:\msys64\tmp\cceM8Ue4.s:197    .text.HAL_DMA_Init:00000158 $d
C:\msys64\tmp\cceM8Ue4.s:200    .text.HAL_DMA_DeInit:00000000 $t
C:\msys64\tmp\cceM8Ue4.s:206    .text.HAL_DMA_DeInit:00000000 HAL_DMA_DeInit
C:\msys64\tmp\cceM8Ue4.s:304    .text.HAL_DMA_Start:00000000 $t
C:\msys64\tmp\cceM8Ue4.s:310    .text.HAL_DMA_Start:00000000 HAL_DMA_Start
C:\msys64\tmp\cceM8Ue4.s:1530   .text.DMA_SetConfig:00000000 DMA_SetConfig
C:\msys64\tmp\cceM8Ue4.s:372    .text.HAL_DMA_Start_IT:00000000 $t
C:\msys64\tmp\cceM8Ue4.s:378    .text.HAL_DMA_Start_IT:00000000 HAL_DMA_Start_IT
C:\msys64\tmp\cceM8Ue4.s:475    .text.HAL_DMA_Abort:00000000 $t
C:\msys64\tmp\cceM8Ue4.s:481    .text.HAL_DMA_Abort:00000000 HAL_DMA_Abort
C:\msys64\tmp\cceM8Ue4.s:592    .text.HAL_DMA_Abort_IT:00000000 $t
C:\msys64\tmp\cceM8Ue4.s:598    .text.HAL_DMA_Abort_IT:00000000 HAL_DMA_Abort_IT
C:\msys64\tmp\cceM8Ue4.s:637    .text.HAL_DMA_PollForTransfer:00000000 $t
C:\msys64\tmp\cceM8Ue4.s:643    .text.HAL_DMA_PollForTransfer:00000000 HAL_DMA_PollForTransfer
C:\msys64\tmp\cceM8Ue4.s:866    .text.HAL_DMA_IRQHandler:00000000 $t
C:\msys64\tmp\cceM8Ue4.s:872    .text.HAL_DMA_IRQHandler:00000000 HAL_DMA_IRQHandler
C:\msys64\tmp\cceM8Ue4.s:1155   .text.HAL_DMA_IRQHandler:00000248 $d
C:\msys64\tmp\cceM8Ue4.s:1158   .text.HAL_DMA_IRQHandler:00000250 $t
C:\msys64\tmp\cceM8Ue4.s:1258   .text.HAL_DMA_RegisterCallback:00000000 $t
C:\msys64\tmp\cceM8Ue4.s:1264   .text.HAL_DMA_RegisterCallback:00000000 HAL_DMA_RegisterCallback
C:\msys64\tmp\cceM8Ue4.s:1299   .text.HAL_DMA_RegisterCallback:00000040 $d
C:\msys64\tmp\cceM8Ue4.s:1305   .text.HAL_DMA_RegisterCallback:00000058 $t
C:\msys64\tmp\cceM8Ue4.s:1357   .text.HAL_DMA_UnRegisterCallback:00000000 $t
C:\msys64\tmp\cceM8Ue4.s:1363   .text.HAL_DMA_UnRegisterCallback:00000000 HAL_DMA_UnRegisterCallback
C:\msys64\tmp\cceM8Ue4.s:1397   .text.HAL_DMA_UnRegisterCallback:00000040 $d
C:\msys64\tmp\cceM8Ue4.s:1404   .text.HAL_DMA_UnRegisterCallback:0000005c $t
C:\msys64\tmp\cceM8Ue4.s:1476   .text.HAL_DMA_GetState:00000000 $t
C:\msys64\tmp\cceM8Ue4.s:1482   .text.HAL_DMA_GetState:00000000 HAL_DMA_GetState
C:\msys64\tmp\cceM8Ue4.s:1501   .text.HAL_DMA_GetError:00000000 $t
C:\msys64\tmp\cceM8Ue4.s:1507   .text.HAL_DMA_GetError:00000000 HAL_DMA_GetError
C:\msys64\tmp\cceM8Ue4.s:1525   .text.DMA_SetConfig:00000000 $t
C:\msys64\tmp\cceM8Ue4.s:1583   .text.DMA_CalcBaseAndBitshift:00000000 $t
C:\msys64\tmp\cceM8Ue4.s:1643   .text.DMA_CalcBaseAndBitshift:00000060 $d
C:\msys64\tmp\cceM8Ue4.s:1791   .rodata.flagBitshiftOffset.0:00000000 flagBitshiftOffset.0
C:\msys64\tmp\cceM8Ue4.s:1648   .text.DMA_CheckFifoParam:00000000 $t
C:\msys64\tmp\cceM8Ue4.s:1677   .text.DMA_CheckFifoParam:00000028 $d
C:\msys64\tmp\cceM8Ue4.s:1681   .text.DMA_CheckFifoParam:00000038 $t
C:\msys64\tmp\cceM8Ue4.s:1711   .text.DMA_CheckFifoParam:00000070 $d
C:\msys64\tmp\cceM8Ue4.s:1715   .text.DMA_CheckFifoParam:00000080 $t
C:\msys64\tmp\cceM8Ue4.s:1788   .rodata.flagBitshiftOffset.0:00000000 $d

UNDEFINED SYMBOLS
HAL_GetTick
SystemCoreClock
