ARM GAS  C:\msys64\tmp\ccoDArIb.s 			page 1


   1              		.cpu cortex-m7
   2              		.arch armv7e-m
   3              		.fpu fpv5-sp-d16
   4              		.eabi_attribute 27, 1
   5              		.eabi_attribute 28, 1
   6              		.eabi_attribute 20, 1
   7              		.eabi_attribute 21, 1
   8              		.eabi_attribute 23, 3
   9              		.eabi_attribute 24, 1
  10              		.eabi_attribute 25, 1
  11              		.eabi_attribute 26, 1
  12              		.eabi_attribute 30, 6
  13              		.eabi_attribute 34, 1
  14              		.eabi_attribute 18, 4
  15              		.file	"stm32f7xx_hal.c"
  16              		.text
  17              		.global	uwTick
  18              		.section	.bss.uwTick,"aw",%nobits
  19              		.align	2
  22              	uwTick:
  23 0000 00000000 		.space	4
  24              		.global	uwTickPrio
  25              		.section	.data.uwTickPrio,"aw"
  26              		.align	2
  29              	uwTickPrio:
  30 0000 10000000 		.word	16
  31              		.global	uwTickFreq
  32              		.section	.data.uwTickFreq,"aw"
  35              	uwTickFreq:
  36 0000 01       		.byte	1
  37              		.section	.text.HAL_Init,"ax",%progbits
  38              		.align	1
  39              		.global	HAL_Init
  40              		.syntax unified
  41              		.thumb
  42              		.thumb_func
  44              	HAL_Init:
  45              		@ args = 0, pretend = 0, frame = 0
  46              		@ frame_needed = 1, uses_anonymous_args = 0
  47 0000 80B5     		push	{r7, lr}
  48 0002 00AF     		add	r7, sp, #0
  49 0004 0320     		movs	r0, #3
  50 0006 FFF7FEFF 		bl	HAL_NVIC_SetPriorityGrouping
  51 000a 0F20     		movs	r0, #15
  52 000c FFF7FEFF 		bl	HAL_InitTick
  53 0010 FFF7FEFF 		bl	HAL_MspInit
  54 0014 0023     		movs	r3, #0
  55 0016 1846     		mov	r0, r3
  56 0018 80BD     		pop	{r7, pc}
  58              		.section	.text.HAL_DeInit,"ax",%progbits
  59              		.align	1
  60              		.global	HAL_DeInit
  61              		.syntax unified
  62              		.thumb
  63              		.thumb_func
  65              	HAL_DeInit:
  66              		@ args = 0, pretend = 0, frame = 0
ARM GAS  C:\msys64\tmp\ccoDArIb.s 			page 2


  67              		@ frame_needed = 1, uses_anonymous_args = 0
  68 0000 80B5     		push	{r7, lr}
  69 0002 00AF     		add	r7, sp, #0
  70 0004 134B     		ldr	r3, .L5
  71 0006 4FF0FF32 		mov	r2, #-1
  72 000a 1A62     		str	r2, [r3, #32]
  73 000c 114B     		ldr	r3, .L5
  74 000e 0022     		movs	r2, #0
  75 0010 1A62     		str	r2, [r3, #32]
  76 0012 104B     		ldr	r3, .L5
  77 0014 4FF0FF32 		mov	r2, #-1
  78 0018 5A62     		str	r2, [r3, #36]
  79 001a 0E4B     		ldr	r3, .L5
  80 001c 0022     		movs	r2, #0
  81 001e 5A62     		str	r2, [r3, #36]
  82 0020 0C4B     		ldr	r3, .L5
  83 0022 4FF0FF32 		mov	r2, #-1
  84 0026 1A61     		str	r2, [r3, #16]
  85 0028 0A4B     		ldr	r3, .L5
  86 002a 0022     		movs	r2, #0
  87 002c 1A61     		str	r2, [r3, #16]
  88 002e 094B     		ldr	r3, .L5
  89 0030 4FF0FF32 		mov	r2, #-1
  90 0034 5A61     		str	r2, [r3, #20]
  91 0036 074B     		ldr	r3, .L5
  92 0038 0022     		movs	r2, #0
  93 003a 5A61     		str	r2, [r3, #20]
  94 003c 054B     		ldr	r3, .L5
  95 003e 4FF0FF32 		mov	r2, #-1
  96 0042 9A61     		str	r2, [r3, #24]
  97 0044 034B     		ldr	r3, .L5
  98 0046 0022     		movs	r2, #0
  99 0048 9A61     		str	r2, [r3, #24]
 100 004a FFF7FEFF 		bl	HAL_MspDeInit
 101 004e 0023     		movs	r3, #0
 102 0050 1846     		mov	r0, r3
 103 0052 80BD     		pop	{r7, pc}
 104              	.L6:
 105              		.align	2
 106              	.L5:
 107 0054 00380240 		.word	1073887232
 109              		.section	.text.HAL_MspInit,"ax",%progbits
 110              		.align	1
 111              		.weak	HAL_MspInit
 112              		.syntax unified
 113              		.thumb
 114              		.thumb_func
 116              	HAL_MspInit:
 117              		@ args = 0, pretend = 0, frame = 0
 118              		@ frame_needed = 1, uses_anonymous_args = 0
 119              		@ link register save eliminated.
 120 0000 80B4     		push	{r7}
 121 0002 00AF     		add	r7, sp, #0
 122 0004 00BF     		nop
 123 0006 BD46     		mov	sp, r7
 124              		@ sp needed
 125 0008 5DF8047B 		ldr	r7, [sp], #4
ARM GAS  C:\msys64\tmp\ccoDArIb.s 			page 3


 126 000c 7047     		bx	lr
 128              		.section	.text.HAL_MspDeInit,"ax",%progbits
 129              		.align	1
 130              		.weak	HAL_MspDeInit
 131              		.syntax unified
 132              		.thumb
 133              		.thumb_func
 135              	HAL_MspDeInit:
 136              		@ args = 0, pretend = 0, frame = 0
 137              		@ frame_needed = 1, uses_anonymous_args = 0
 138              		@ link register save eliminated.
 139 0000 80B4     		push	{r7}
 140 0002 00AF     		add	r7, sp, #0
 141 0004 00BF     		nop
 142 0006 BD46     		mov	sp, r7
 143              		@ sp needed
 144 0008 5DF8047B 		ldr	r7, [sp], #4
 145 000c 7047     		bx	lr
 147              		.section	.text.HAL_InitTick,"ax",%progbits
 148              		.align	1
 149              		.weak	HAL_InitTick
 150              		.syntax unified
 151              		.thumb
 152              		.thumb_func
 154              	HAL_InitTick:
 155              		@ args = 0, pretend = 0, frame = 8
 156              		@ frame_needed = 1, uses_anonymous_args = 0
 157 0000 80B5     		push	{r7, lr}
 158 0002 82B0     		sub	sp, sp, #8
 159 0004 00AF     		add	r7, sp, #0
 160 0006 7860     		str	r0, [r7, #4]
 161 0008 124B     		ldr	r3, .L14
 162 000a 1A68     		ldr	r2, [r3]
 163 000c 124B     		ldr	r3, .L14+4
 164 000e 1B78     		ldrb	r3, [r3]	@ zero_extendqisi2
 165 0010 1946     		mov	r1, r3
 166 0012 4FF47A73 		mov	r3, #1000
 167 0016 B3FBF1F3 		udiv	r3, r3, r1
 168 001a B2FBF3F3 		udiv	r3, r2, r3
 169 001e 1846     		mov	r0, r3
 170 0020 FFF7FEFF 		bl	HAL_SYSTICK_Config
 171 0024 0346     		mov	r3, r0
 172 0026 002B     		cmp	r3, #0
 173 0028 01D0     		beq	.L10
 174 002a 0123     		movs	r3, #1
 175 002c 0EE0     		b	.L11
 176              	.L10:
 177 002e 7B68     		ldr	r3, [r7, #4]
 178 0030 0F2B     		cmp	r3, #15
 179 0032 0AD8     		bhi	.L12
 180 0034 0022     		movs	r2, #0
 181 0036 7968     		ldr	r1, [r7, #4]
 182 0038 4FF0FF30 		mov	r0, #-1
 183 003c FFF7FEFF 		bl	HAL_NVIC_SetPriority
 184 0040 064A     		ldr	r2, .L14+8
 185 0042 7B68     		ldr	r3, [r7, #4]
 186 0044 1360     		str	r3, [r2]
ARM GAS  C:\msys64\tmp\ccoDArIb.s 			page 4


 187 0046 0023     		movs	r3, #0
 188 0048 00E0     		b	.L11
 189              	.L12:
 190 004a 0123     		movs	r3, #1
 191              	.L11:
 192 004c 1846     		mov	r0, r3
 193 004e 0837     		adds	r7, r7, #8
 194 0050 BD46     		mov	sp, r7
 195              		@ sp needed
 196 0052 80BD     		pop	{r7, pc}
 197              	.L15:
 198              		.align	2
 199              	.L14:
 200 0054 00000000 		.word	SystemCoreClock
 201 0058 00000000 		.word	uwTickFreq
 202 005c 00000000 		.word	uwTickPrio
 204              		.section	.text.HAL_IncTick,"ax",%progbits
 205              		.align	1
 206              		.weak	HAL_IncTick
 207              		.syntax unified
 208              		.thumb
 209              		.thumb_func
 211              	HAL_IncTick:
 212              		@ args = 0, pretend = 0, frame = 0
 213              		@ frame_needed = 1, uses_anonymous_args = 0
 214              		@ link register save eliminated.
 215 0000 80B4     		push	{r7}
 216 0002 00AF     		add	r7, sp, #0
 217 0004 064B     		ldr	r3, .L17
 218 0006 1B78     		ldrb	r3, [r3]	@ zero_extendqisi2
 219 0008 1A46     		mov	r2, r3
 220 000a 064B     		ldr	r3, .L17+4
 221 000c 1B68     		ldr	r3, [r3]
 222 000e 1344     		add	r3, r3, r2
 223 0010 044A     		ldr	r2, .L17+4
 224 0012 1360     		str	r3, [r2]
 225 0014 00BF     		nop
 226 0016 BD46     		mov	sp, r7
 227              		@ sp needed
 228 0018 5DF8047B 		ldr	r7, [sp], #4
 229 001c 7047     		bx	lr
 230              	.L18:
 231 001e 00BF     		.align	2
 232              	.L17:
 233 0020 00000000 		.word	uwTickFreq
 234 0024 00000000 		.word	uwTick
 236              		.section	.text.HAL_GetTick,"ax",%progbits
 237              		.align	1
 238              		.weak	HAL_GetTick
 239              		.syntax unified
 240              		.thumb
 241              		.thumb_func
 243              	HAL_GetTick:
 244              		@ args = 0, pretend = 0, frame = 0
 245              		@ frame_needed = 1, uses_anonymous_args = 0
 246              		@ link register save eliminated.
 247 0000 80B4     		push	{r7}
ARM GAS  C:\msys64\tmp\ccoDArIb.s 			page 5


 248 0002 00AF     		add	r7, sp, #0
 249 0004 034B     		ldr	r3, .L21
 250 0006 1B68     		ldr	r3, [r3]
 251 0008 1846     		mov	r0, r3
 252 000a BD46     		mov	sp, r7
 253              		@ sp needed
 254 000c 5DF8047B 		ldr	r7, [sp], #4
 255 0010 7047     		bx	lr
 256              	.L22:
 257 0012 00BF     		.align	2
 258              	.L21:
 259 0014 00000000 		.word	uwTick
 261              		.section	.text.HAL_GetTickPrio,"ax",%progbits
 262              		.align	1
 263              		.global	HAL_GetTickPrio
 264              		.syntax unified
 265              		.thumb
 266              		.thumb_func
 268              	HAL_GetTickPrio:
 269              		@ args = 0, pretend = 0, frame = 0
 270              		@ frame_needed = 1, uses_anonymous_args = 0
 271              		@ link register save eliminated.
 272 0000 80B4     		push	{r7}
 273 0002 00AF     		add	r7, sp, #0
 274 0004 034B     		ldr	r3, .L25
 275 0006 1B68     		ldr	r3, [r3]
 276 0008 1846     		mov	r0, r3
 277 000a BD46     		mov	sp, r7
 278              		@ sp needed
 279 000c 5DF8047B 		ldr	r7, [sp], #4
 280 0010 7047     		bx	lr
 281              	.L26:
 282 0012 00BF     		.align	2
 283              	.L25:
 284 0014 00000000 		.word	uwTickPrio
 286              		.section	.text.HAL_SetTickFreq,"ax",%progbits
 287              		.align	1
 288              		.global	HAL_SetTickFreq
 289              		.syntax unified
 290              		.thumb
 291              		.thumb_func
 293              	HAL_SetTickFreq:
 294              		@ args = 0, pretend = 0, frame = 16
 295              		@ frame_needed = 1, uses_anonymous_args = 0
 296 0000 80B5     		push	{r7, lr}
 297 0002 84B0     		sub	sp, sp, #16
 298 0004 00AF     		add	r7, sp, #0
 299 0006 0346     		mov	r3, r0
 300 0008 FB71     		strb	r3, [r7, #7]
 301 000a 0023     		movs	r3, #0
 302 000c FB73     		strb	r3, [r7, #15]
 303 000e 0E4B     		ldr	r3, .L30
 304 0010 1B78     		ldrb	r3, [r3]	@ zero_extendqisi2
 305 0012 FA79     		ldrb	r2, [r7, #7]	@ zero_extendqisi2
 306 0014 9A42     		cmp	r2, r3
 307 0016 12D0     		beq	.L28
 308 0018 0B4B     		ldr	r3, .L30
ARM GAS  C:\msys64\tmp\ccoDArIb.s 			page 6


 309 001a 1B78     		ldrb	r3, [r3]
 310 001c BB73     		strb	r3, [r7, #14]
 311 001e 0A4A     		ldr	r2, .L30
 312 0020 FB79     		ldrb	r3, [r7, #7]
 313 0022 1370     		strb	r3, [r2]
 314 0024 094B     		ldr	r3, .L30+4
 315 0026 1B68     		ldr	r3, [r3]
 316 0028 1846     		mov	r0, r3
 317 002a FFF7FEFF 		bl	HAL_InitTick
 318 002e 0346     		mov	r3, r0
 319 0030 FB73     		strb	r3, [r7, #15]
 320 0032 FB7B     		ldrb	r3, [r7, #15]	@ zero_extendqisi2
 321 0034 002B     		cmp	r3, #0
 322 0036 02D0     		beq	.L28
 323 0038 034A     		ldr	r2, .L30
 324 003a BB7B     		ldrb	r3, [r7, #14]
 325 003c 1370     		strb	r3, [r2]
 326              	.L28:
 327 003e FB7B     		ldrb	r3, [r7, #15]	@ zero_extendqisi2
 328 0040 1846     		mov	r0, r3
 329 0042 1037     		adds	r7, r7, #16
 330 0044 BD46     		mov	sp, r7
 331              		@ sp needed
 332 0046 80BD     		pop	{r7, pc}
 333              	.L31:
 334              		.align	2
 335              	.L30:
 336 0048 00000000 		.word	uwTickFreq
 337 004c 00000000 		.word	uwTickPrio
 339              		.section	.text.HAL_GetTickFreq,"ax",%progbits
 340              		.align	1
 341              		.global	HAL_GetTickFreq
 342              		.syntax unified
 343              		.thumb
 344              		.thumb_func
 346              	HAL_GetTickFreq:
 347              		@ args = 0, pretend = 0, frame = 0
 348              		@ frame_needed = 1, uses_anonymous_args = 0
 349              		@ link register save eliminated.
 350 0000 80B4     		push	{r7}
 351 0002 00AF     		add	r7, sp, #0
 352 0004 034B     		ldr	r3, .L34
 353 0006 1B78     		ldrb	r3, [r3]	@ zero_extendqisi2
 354 0008 1846     		mov	r0, r3
 355 000a BD46     		mov	sp, r7
 356              		@ sp needed
 357 000c 5DF8047B 		ldr	r7, [sp], #4
 358 0010 7047     		bx	lr
 359              	.L35:
 360 0012 00BF     		.align	2
 361              	.L34:
 362 0014 00000000 		.word	uwTickFreq
 364              		.section	.text.HAL_Delay,"ax",%progbits
 365              		.align	1
 366              		.weak	HAL_Delay
 367              		.syntax unified
 368              		.thumb
ARM GAS  C:\msys64\tmp\ccoDArIb.s 			page 7


 369              		.thumb_func
 371              	HAL_Delay:
 372              		@ args = 0, pretend = 0, frame = 16
 373              		@ frame_needed = 1, uses_anonymous_args = 0
 374 0000 80B5     		push	{r7, lr}
 375 0002 84B0     		sub	sp, sp, #16
 376 0004 00AF     		add	r7, sp, #0
 377 0006 7860     		str	r0, [r7, #4]
 378 0008 FFF7FEFF 		bl	HAL_GetTick
 379 000c B860     		str	r0, [r7, #8]
 380 000e 7B68     		ldr	r3, [r7, #4]
 381 0010 FB60     		str	r3, [r7, #12]
 382 0012 FB68     		ldr	r3, [r7, #12]
 383 0014 B3F1FF3F 		cmp	r3, #-1
 384 0018 05D0     		beq	.L39
 385 001a 0A4B     		ldr	r3, .L40
 386 001c 1B78     		ldrb	r3, [r3]	@ zero_extendqisi2
 387 001e 1A46     		mov	r2, r3
 388 0020 FB68     		ldr	r3, [r7, #12]
 389 0022 1344     		add	r3, r3, r2
 390 0024 FB60     		str	r3, [r7, #12]
 391              	.L39:
 392 0026 00BF     		nop
 393              	.L38:
 394 0028 FFF7FEFF 		bl	HAL_GetTick
 395 002c 0246     		mov	r2, r0
 396 002e BB68     		ldr	r3, [r7, #8]
 397 0030 D31A     		subs	r3, r2, r3
 398 0032 FA68     		ldr	r2, [r7, #12]
 399 0034 9A42     		cmp	r2, r3
 400 0036 F7D8     		bhi	.L38
 401 0038 00BF     		nop
 402 003a 00BF     		nop
 403 003c 1037     		adds	r7, r7, #16
 404 003e BD46     		mov	sp, r7
 405              		@ sp needed
 406 0040 80BD     		pop	{r7, pc}
 407              	.L41:
 408 0042 00BF     		.align	2
 409              	.L40:
 410 0044 00000000 		.word	uwTickFreq
 412              		.section	.text.HAL_SuspendTick,"ax",%progbits
 413              		.align	1
 414              		.weak	HAL_SuspendTick
 415              		.syntax unified
 416              		.thumb
 417              		.thumb_func
 419              	HAL_SuspendTick:
 420              		@ args = 0, pretend = 0, frame = 0
 421              		@ frame_needed = 1, uses_anonymous_args = 0
 422              		@ link register save eliminated.
 423 0000 80B4     		push	{r7}
 424 0002 00AF     		add	r7, sp, #0
 425 0004 054B     		ldr	r3, .L43
 426 0006 1B68     		ldr	r3, [r3]
 427 0008 044A     		ldr	r2, .L43
 428 000a 23F00203 		bic	r3, r3, #2
ARM GAS  C:\msys64\tmp\ccoDArIb.s 			page 8


 429 000e 1360     		str	r3, [r2]
 430 0010 00BF     		nop
 431 0012 BD46     		mov	sp, r7
 432              		@ sp needed
 433 0014 5DF8047B 		ldr	r7, [sp], #4
 434 0018 7047     		bx	lr
 435              	.L44:
 436 001a 00BF     		.align	2
 437              	.L43:
 438 001c 10E000E0 		.word	-536813552
 440              		.section	.text.HAL_ResumeTick,"ax",%progbits
 441              		.align	1
 442              		.weak	HAL_ResumeTick
 443              		.syntax unified
 444              		.thumb
 445              		.thumb_func
 447              	HAL_ResumeTick:
 448              		@ args = 0, pretend = 0, frame = 0
 449              		@ frame_needed = 1, uses_anonymous_args = 0
 450              		@ link register save eliminated.
 451 0000 80B4     		push	{r7}
 452 0002 00AF     		add	r7, sp, #0
 453 0004 054B     		ldr	r3, .L46
 454 0006 1B68     		ldr	r3, [r3]
 455 0008 044A     		ldr	r2, .L46
 456 000a 43F00203 		orr	r3, r3, #2
 457 000e 1360     		str	r3, [r2]
 458 0010 00BF     		nop
 459 0012 BD46     		mov	sp, r7
 460              		@ sp needed
 461 0014 5DF8047B 		ldr	r7, [sp], #4
 462 0018 7047     		bx	lr
 463              	.L47:
 464 001a 00BF     		.align	2
 465              	.L46:
 466 001c 10E000E0 		.word	-536813552
 468              		.section	.text.HAL_GetHalVersion,"ax",%progbits
 469              		.align	1
 470              		.global	HAL_GetHalVersion
 471              		.syntax unified
 472              		.thumb
 473              		.thumb_func
 475              	HAL_GetHalVersion:
 476              		@ args = 0, pretend = 0, frame = 0
 477              		@ frame_needed = 1, uses_anonymous_args = 0
 478              		@ link register save eliminated.
 479 0000 80B4     		push	{r7}
 480 0002 00AF     		add	r7, sp, #0
 481 0004 024B     		ldr	r3, .L50
 482 0006 1846     		mov	r0, r3
 483 0008 BD46     		mov	sp, r7
 484              		@ sp needed
 485 000a 5DF8047B 		ldr	r7, [sp], #4
 486 000e 7047     		bx	lr
 487              	.L51:
 488              		.align	2
 489              	.L50:
ARM GAS  C:\msys64\tmp\ccoDArIb.s 			page 9


 490 0010 00030301 		.word	16974592
 492              		.section	.text.HAL_GetREVID,"ax",%progbits
 493              		.align	1
 494              		.global	HAL_GetREVID
 495              		.syntax unified
 496              		.thumb
 497              		.thumb_func
 499              	HAL_GetREVID:
 500              		@ args = 0, pretend = 0, frame = 0
 501              		@ frame_needed = 1, uses_anonymous_args = 0
 502              		@ link register save eliminated.
 503 0000 80B4     		push	{r7}
 504 0002 00AF     		add	r7, sp, #0
 505 0004 034B     		ldr	r3, .L54
 506 0006 1B68     		ldr	r3, [r3]
 507 0008 1B0C     		lsrs	r3, r3, #16
 508 000a 1846     		mov	r0, r3
 509 000c BD46     		mov	sp, r7
 510              		@ sp needed
 511 000e 5DF8047B 		ldr	r7, [sp], #4
 512 0012 7047     		bx	lr
 513              	.L55:
 514              		.align	2
 515              	.L54:
 516 0014 002004E0 		.word	-536600576
 518              		.section	.text.HAL_GetDEVID,"ax",%progbits
 519              		.align	1
 520              		.global	HAL_GetDEVID
 521              		.syntax unified
 522              		.thumb
 523              		.thumb_func
 525              	HAL_GetDEVID:
 526              		@ args = 0, pretend = 0, frame = 0
 527              		@ frame_needed = 1, uses_anonymous_args = 0
 528              		@ link register save eliminated.
 529 0000 80B4     		push	{r7}
 530 0002 00AF     		add	r7, sp, #0
 531 0004 044B     		ldr	r3, .L58
 532 0006 1B68     		ldr	r3, [r3]
 533 0008 C3F30B03 		ubfx	r3, r3, #0, #12
 534 000c 1846     		mov	r0, r3
 535 000e BD46     		mov	sp, r7
 536              		@ sp needed
 537 0010 5DF8047B 		ldr	r7, [sp], #4
 538 0014 7047     		bx	lr
 539              	.L59:
 540 0016 00BF     		.align	2
 541              	.L58:
 542 0018 002004E0 		.word	-536600576
 544              		.section	.text.HAL_GetUIDw0,"ax",%progbits
 545              		.align	1
 546              		.global	HAL_GetUIDw0
 547              		.syntax unified
 548              		.thumb
 549              		.thumb_func
 551              	HAL_GetUIDw0:
 552              		@ args = 0, pretend = 0, frame = 0
ARM GAS  C:\msys64\tmp\ccoDArIb.s 			page 10


 553              		@ frame_needed = 1, uses_anonymous_args = 0
 554              		@ link register save eliminated.
 555 0000 80B4     		push	{r7}
 556 0002 00AF     		add	r7, sp, #0
 557 0004 034B     		ldr	r3, .L62
 558 0006 1B68     		ldr	r3, [r3]
 559 0008 1846     		mov	r0, r3
 560 000a BD46     		mov	sp, r7
 561              		@ sp needed
 562 000c 5DF8047B 		ldr	r7, [sp], #4
 563 0010 7047     		bx	lr
 564              	.L63:
 565 0012 00BF     		.align	2
 566              	.L62:
 567 0014 20F4F01F 		.word	535884832
 569              		.section	.text.HAL_GetUIDw1,"ax",%progbits
 570              		.align	1
 571              		.global	HAL_GetUIDw1
 572              		.syntax unified
 573              		.thumb
 574              		.thumb_func
 576              	HAL_GetUIDw1:
 577              		@ args = 0, pretend = 0, frame = 0
 578              		@ frame_needed = 1, uses_anonymous_args = 0
 579              		@ link register save eliminated.
 580 0000 80B4     		push	{r7}
 581 0002 00AF     		add	r7, sp, #0
 582 0004 034B     		ldr	r3, .L66
 583 0006 1B68     		ldr	r3, [r3]
 584 0008 1846     		mov	r0, r3
 585 000a BD46     		mov	sp, r7
 586              		@ sp needed
 587 000c 5DF8047B 		ldr	r7, [sp], #4
 588 0010 7047     		bx	lr
 589              	.L67:
 590 0012 00BF     		.align	2
 591              	.L66:
 592 0014 24F4F01F 		.word	535884836
 594              		.section	.text.HAL_GetUIDw2,"ax",%progbits
 595              		.align	1
 596              		.global	HAL_GetUIDw2
 597              		.syntax unified
 598              		.thumb
 599              		.thumb_func
 601              	HAL_GetUIDw2:
 602              		@ args = 0, pretend = 0, frame = 0
 603              		@ frame_needed = 1, uses_anonymous_args = 0
 604              		@ link register save eliminated.
 605 0000 80B4     		push	{r7}
 606 0002 00AF     		add	r7, sp, #0
 607 0004 034B     		ldr	r3, .L70
 608 0006 1B68     		ldr	r3, [r3]
 609 0008 1846     		mov	r0, r3
 610 000a BD46     		mov	sp, r7
 611              		@ sp needed
 612 000c 5DF8047B 		ldr	r7, [sp], #4
 613 0010 7047     		bx	lr
ARM GAS  C:\msys64\tmp\ccoDArIb.s 			page 11


 614              	.L71:
 615 0012 00BF     		.align	2
 616              	.L70:
 617 0014 28F4F01F 		.word	535884840
 619              		.section	.text.HAL_DBGMCU_EnableDBGSleepMode,"ax",%progbits
 620              		.align	1
 621              		.global	HAL_DBGMCU_EnableDBGSleepMode
 622              		.syntax unified
 623              		.thumb
 624              		.thumb_func
 626              	HAL_DBGMCU_EnableDBGSleepMode:
 627              		@ args = 0, pretend = 0, frame = 0
 628              		@ frame_needed = 1, uses_anonymous_args = 0
 629              		@ link register save eliminated.
 630 0000 80B4     		push	{r7}
 631 0002 00AF     		add	r7, sp, #0
 632 0004 054B     		ldr	r3, .L73
 633 0006 5B68     		ldr	r3, [r3, #4]
 634 0008 044A     		ldr	r2, .L73
 635 000a 43F00103 		orr	r3, r3, #1
 636 000e 5360     		str	r3, [r2, #4]
 637 0010 00BF     		nop
 638 0012 BD46     		mov	sp, r7
 639              		@ sp needed
 640 0014 5DF8047B 		ldr	r7, [sp], #4
 641 0018 7047     		bx	lr
 642              	.L74:
 643 001a 00BF     		.align	2
 644              	.L73:
 645 001c 002004E0 		.word	-536600576
 647              		.section	.text.HAL_DBGMCU_DisableDBGSleepMode,"ax",%progbits
 648              		.align	1
 649              		.global	HAL_DBGMCU_DisableDBGSleepMode
 650              		.syntax unified
 651              		.thumb
 652              		.thumb_func
 654              	HAL_DBGMCU_DisableDBGSleepMode:
 655              		@ args = 0, pretend = 0, frame = 0
 656              		@ frame_needed = 1, uses_anonymous_args = 0
 657              		@ link register save eliminated.
 658 0000 80B4     		push	{r7}
 659 0002 00AF     		add	r7, sp, #0
 660 0004 054B     		ldr	r3, .L76
 661 0006 5B68     		ldr	r3, [r3, #4]
 662 0008 044A     		ldr	r2, .L76
 663 000a 23F00103 		bic	r3, r3, #1
 664 000e 5360     		str	r3, [r2, #4]
 665 0010 00BF     		nop
 666 0012 BD46     		mov	sp, r7
 667              		@ sp needed
 668 0014 5DF8047B 		ldr	r7, [sp], #4
 669 0018 7047     		bx	lr
 670              	.L77:
 671 001a 00BF     		.align	2
 672              	.L76:
 673 001c 002004E0 		.word	-536600576
 675              		.section	.text.HAL_DBGMCU_EnableDBGStopMode,"ax",%progbits
ARM GAS  C:\msys64\tmp\ccoDArIb.s 			page 12


 676              		.align	1
 677              		.global	HAL_DBGMCU_EnableDBGStopMode
 678              		.syntax unified
 679              		.thumb
 680              		.thumb_func
 682              	HAL_DBGMCU_EnableDBGStopMode:
 683              		@ args = 0, pretend = 0, frame = 0
 684              		@ frame_needed = 1, uses_anonymous_args = 0
 685              		@ link register save eliminated.
 686 0000 80B4     		push	{r7}
 687 0002 00AF     		add	r7, sp, #0
 688 0004 054B     		ldr	r3, .L79
 689 0006 5B68     		ldr	r3, [r3, #4]
 690 0008 044A     		ldr	r2, .L79
 691 000a 43F00203 		orr	r3, r3, #2
 692 000e 5360     		str	r3, [r2, #4]
 693 0010 00BF     		nop
 694 0012 BD46     		mov	sp, r7
 695              		@ sp needed
 696 0014 5DF8047B 		ldr	r7, [sp], #4
 697 0018 7047     		bx	lr
 698              	.L80:
 699 001a 00BF     		.align	2
 700              	.L79:
 701 001c 002004E0 		.word	-536600576
 703              		.section	.text.HAL_DBGMCU_DisableDBGStopMode,"ax",%progbits
 704              		.align	1
 705              		.global	HAL_DBGMCU_DisableDBGStopMode
 706              		.syntax unified
 707              		.thumb
 708              		.thumb_func
 710              	HAL_DBGMCU_DisableDBGStopMode:
 711              		@ args = 0, pretend = 0, frame = 0
 712              		@ frame_needed = 1, uses_anonymous_args = 0
 713              		@ link register save eliminated.
 714 0000 80B4     		push	{r7}
 715 0002 00AF     		add	r7, sp, #0
 716 0004 054B     		ldr	r3, .L82
 717 0006 5B68     		ldr	r3, [r3, #4]
 718 0008 044A     		ldr	r2, .L82
 719 000a 23F00203 		bic	r3, r3, #2
 720 000e 5360     		str	r3, [r2, #4]
 721 0010 00BF     		nop
 722 0012 BD46     		mov	sp, r7
 723              		@ sp needed
 724 0014 5DF8047B 		ldr	r7, [sp], #4
 725 0018 7047     		bx	lr
 726              	.L83:
 727 001a 00BF     		.align	2
 728              	.L82:
 729 001c 002004E0 		.word	-536600576
 731              		.section	.text.HAL_DBGMCU_EnableDBGStandbyMode,"ax",%progbits
 732              		.align	1
 733              		.global	HAL_DBGMCU_EnableDBGStandbyMode
 734              		.syntax unified
 735              		.thumb
 736              		.thumb_func
ARM GAS  C:\msys64\tmp\ccoDArIb.s 			page 13


 738              	HAL_DBGMCU_EnableDBGStandbyMode:
 739              		@ args = 0, pretend = 0, frame = 0
 740              		@ frame_needed = 1, uses_anonymous_args = 0
 741              		@ link register save eliminated.
 742 0000 80B4     		push	{r7}
 743 0002 00AF     		add	r7, sp, #0
 744 0004 054B     		ldr	r3, .L85
 745 0006 5B68     		ldr	r3, [r3, #4]
 746 0008 044A     		ldr	r2, .L85
 747 000a 43F00403 		orr	r3, r3, #4
 748 000e 5360     		str	r3, [r2, #4]
 749 0010 00BF     		nop
 750 0012 BD46     		mov	sp, r7
 751              		@ sp needed
 752 0014 5DF8047B 		ldr	r7, [sp], #4
 753 0018 7047     		bx	lr
 754              	.L86:
 755 001a 00BF     		.align	2
 756              	.L85:
 757 001c 002004E0 		.word	-536600576
 759              		.section	.text.HAL_DBGMCU_DisableDBGStandbyMode,"ax",%progbits
 760              		.align	1
 761              		.global	HAL_DBGMCU_DisableDBGStandbyMode
 762              		.syntax unified
 763              		.thumb
 764              		.thumb_func
 766              	HAL_DBGMCU_DisableDBGStandbyMode:
 767              		@ args = 0, pretend = 0, frame = 0
 768              		@ frame_needed = 1, uses_anonymous_args = 0
 769              		@ link register save eliminated.
 770 0000 80B4     		push	{r7}
 771 0002 00AF     		add	r7, sp, #0
 772 0004 054B     		ldr	r3, .L88
 773 0006 5B68     		ldr	r3, [r3, #4]
 774 0008 044A     		ldr	r2, .L88
 775 000a 23F00403 		bic	r3, r3, #4
 776 000e 5360     		str	r3, [r2, #4]
 777 0010 00BF     		nop
 778 0012 BD46     		mov	sp, r7
 779              		@ sp needed
 780 0014 5DF8047B 		ldr	r7, [sp], #4
 781 0018 7047     		bx	lr
 782              	.L89:
 783 001a 00BF     		.align	2
 784              	.L88:
 785 001c 002004E0 		.word	-536600576
 787              		.section	.text.HAL_EnableCompensationCell,"ax",%progbits
 788              		.align	1
 789              		.global	HAL_EnableCompensationCell
 790              		.syntax unified
 791              		.thumb
 792              		.thumb_func
 794              	HAL_EnableCompensationCell:
 795              		@ args = 0, pretend = 0, frame = 0
 796              		@ frame_needed = 1, uses_anonymous_args = 0
 797              		@ link register save eliminated.
 798 0000 80B4     		push	{r7}
ARM GAS  C:\msys64\tmp\ccoDArIb.s 			page 14


 799 0002 00AF     		add	r7, sp, #0
 800 0004 054B     		ldr	r3, .L91
 801 0006 1B6A     		ldr	r3, [r3, #32]
 802 0008 044A     		ldr	r2, .L91
 803 000a 43F00103 		orr	r3, r3, #1
 804 000e 1362     		str	r3, [r2, #32]
 805 0010 00BF     		nop
 806 0012 BD46     		mov	sp, r7
 807              		@ sp needed
 808 0014 5DF8047B 		ldr	r7, [sp], #4
 809 0018 7047     		bx	lr
 810              	.L92:
 811 001a 00BF     		.align	2
 812              	.L91:
 813 001c 00380140 		.word	1073821696
 815              		.section	.text.HAL_DisableCompensationCell,"ax",%progbits
 816              		.align	1
 817              		.global	HAL_DisableCompensationCell
 818              		.syntax unified
 819              		.thumb
 820              		.thumb_func
 822              	HAL_DisableCompensationCell:
 823              		@ args = 0, pretend = 0, frame = 0
 824              		@ frame_needed = 1, uses_anonymous_args = 0
 825              		@ link register save eliminated.
 826 0000 80B4     		push	{r7}
 827 0002 00AF     		add	r7, sp, #0
 828 0004 054B     		ldr	r3, .L94
 829 0006 1B6A     		ldr	r3, [r3, #32]
 830 0008 044A     		ldr	r2, .L94
 831 000a 23F00103 		bic	r3, r3, #1
 832 000e 1362     		str	r3, [r2, #32]
 833 0010 00BF     		nop
 834 0012 BD46     		mov	sp, r7
 835              		@ sp needed
 836 0014 5DF8047B 		ldr	r7, [sp], #4
 837 0018 7047     		bx	lr
 838              	.L95:
 839 001a 00BF     		.align	2
 840              	.L94:
 841 001c 00380140 		.word	1073821696
 843              		.section	.text.HAL_EnableFMCMemorySwapping,"ax",%progbits
 844              		.align	1
 845              		.global	HAL_EnableFMCMemorySwapping
 846              		.syntax unified
 847              		.thumb
 848              		.thumb_func
 850              	HAL_EnableFMCMemorySwapping:
 851              		@ args = 0, pretend = 0, frame = 0
 852              		@ frame_needed = 1, uses_anonymous_args = 0
 853              		@ link register save eliminated.
 854 0000 80B4     		push	{r7}
 855 0002 00AF     		add	r7, sp, #0
 856 0004 054B     		ldr	r3, .L97
 857 0006 1B68     		ldr	r3, [r3]
 858 0008 044A     		ldr	r2, .L97
 859 000a 43F48063 		orr	r3, r3, #1024
ARM GAS  C:\msys64\tmp\ccoDArIb.s 			page 15


 860 000e 1360     		str	r3, [r2]
 861 0010 00BF     		nop
 862 0012 BD46     		mov	sp, r7
 863              		@ sp needed
 864 0014 5DF8047B 		ldr	r7, [sp], #4
 865 0018 7047     		bx	lr
 866              	.L98:
 867 001a 00BF     		.align	2
 868              	.L97:
 869 001c 00380140 		.word	1073821696
 871              		.section	.text.HAL_DisableFMCMemorySwapping,"ax",%progbits
 872              		.align	1
 873              		.global	HAL_DisableFMCMemorySwapping
 874              		.syntax unified
 875              		.thumb
 876              		.thumb_func
 878              	HAL_DisableFMCMemorySwapping:
 879              		@ args = 0, pretend = 0, frame = 0
 880              		@ frame_needed = 1, uses_anonymous_args = 0
 881              		@ link register save eliminated.
 882 0000 80B4     		push	{r7}
 883 0002 00AF     		add	r7, sp, #0
 884 0004 054B     		ldr	r3, .L100
 885 0006 1B68     		ldr	r3, [r3]
 886 0008 044A     		ldr	r2, .L100
 887 000a 23F44063 		bic	r3, r3, #3072
 888 000e 1360     		str	r3, [r2]
 889 0010 00BF     		nop
 890 0012 BD46     		mov	sp, r7
 891              		@ sp needed
 892 0014 5DF8047B 		ldr	r7, [sp], #4
 893 0018 7047     		bx	lr
 894              	.L101:
 895 001a 00BF     		.align	2
 896              	.L100:
 897 001c 00380140 		.word	1073821696
 899              		.ident	"GCC: (GNU) 13.3.0"
ARM GAS  C:\msys64\tmp\ccoDArIb.s 			page 16


DEFINED SYMBOLS
                            *ABS*:00000000 stm32f7xx_hal.c
C:\msys64\tmp\ccoDArIb.s:22     .bss.uwTick:00000000 uwTick
C:\msys64\tmp\ccoDArIb.s:19     .bss.uwTick:00000000 $d
C:\msys64\tmp\ccoDArIb.s:29     .data.uwTickPrio:00000000 uwTickPrio
C:\msys64\tmp\ccoDArIb.s:26     .data.uwTickPrio:00000000 $d
C:\msys64\tmp\ccoDArIb.s:35     .data.uwTickFreq:00000000 uwTickFreq
C:\msys64\tmp\ccoDArIb.s:38     .text.HAL_Init:00000000 $t
C:\msys64\tmp\ccoDArIb.s:44     .text.HAL_Init:00000000 HAL_Init
C:\msys64\tmp\ccoDArIb.s:154    .text.HAL_InitTick:00000000 HAL_InitTick
C:\msys64\tmp\ccoDArIb.s:116    .text.HAL_MspInit:00000000 HAL_MspInit
C:\msys64\tmp\ccoDArIb.s:59     .text.HAL_DeInit:00000000 $t
C:\msys64\tmp\ccoDArIb.s:65     .text.HAL_DeInit:00000000 HAL_DeInit
C:\msys64\tmp\ccoDArIb.s:135    .text.HAL_MspDeInit:00000000 HAL_MspDeInit
C:\msys64\tmp\ccoDArIb.s:107    .text.HAL_DeInit:00000054 $d
C:\msys64\tmp\ccoDArIb.s:110    .text.HAL_MspInit:00000000 $t
C:\msys64\tmp\ccoDArIb.s:129    .text.HAL_MspDeInit:00000000 $t
C:\msys64\tmp\ccoDArIb.s:148    .text.HAL_InitTick:00000000 $t
C:\msys64\tmp\ccoDArIb.s:200    .text.HAL_InitTick:00000054 $d
C:\msys64\tmp\ccoDArIb.s:205    .text.HAL_IncTick:00000000 $t
C:\msys64\tmp\ccoDArIb.s:211    .text.HAL_IncTick:00000000 HAL_IncTick
C:\msys64\tmp\ccoDArIb.s:233    .text.HAL_IncTick:00000020 $d
C:\msys64\tmp\ccoDArIb.s:237    .text.HAL_GetTick:00000000 $t
C:\msys64\tmp\ccoDArIb.s:243    .text.HAL_GetTick:00000000 HAL_GetTick
C:\msys64\tmp\ccoDArIb.s:259    .text.HAL_GetTick:00000014 $d
C:\msys64\tmp\ccoDArIb.s:262    .text.HAL_GetTickPrio:00000000 $t
C:\msys64\tmp\ccoDArIb.s:268    .text.HAL_GetTickPrio:00000000 HAL_GetTickPrio
C:\msys64\tmp\ccoDArIb.s:284    .text.HAL_GetTickPrio:00000014 $d
C:\msys64\tmp\ccoDArIb.s:287    .text.HAL_SetTickFreq:00000000 $t
C:\msys64\tmp\ccoDArIb.s:293    .text.HAL_SetTickFreq:00000000 HAL_SetTickFreq
C:\msys64\tmp\ccoDArIb.s:336    .text.HAL_SetTickFreq:00000048 $d
C:\msys64\tmp\ccoDArIb.s:340    .text.HAL_GetTickFreq:00000000 $t
C:\msys64\tmp\ccoDArIb.s:346    .text.HAL_GetTickFreq:00000000 HAL_GetTickFreq
C:\msys64\tmp\ccoDArIb.s:362    .text.HAL_GetTickFreq:00000014 $d
C:\msys64\tmp\ccoDArIb.s:365    .text.HAL_Delay:00000000 $t
C:\msys64\tmp\ccoDArIb.s:371    .text.HAL_Delay:00000000 HAL_Delay
C:\msys64\tmp\ccoDArIb.s:410    .text.HAL_Delay:00000044 $d
C:\msys64\tmp\ccoDArIb.s:413    .text.HAL_SuspendTick:00000000 $t
C:\msys64\tmp\ccoDArIb.s:419    .text.HAL_SuspendTick:00000000 HAL_SuspendTick
C:\msys64\tmp\ccoDArIb.s:438    .text.HAL_SuspendTick:0000001c $d
C:\msys64\tmp\ccoDArIb.s:441    .text.HAL_ResumeTick:00000000 $t
C:\msys64\tmp\ccoDArIb.s:447    .text.HAL_ResumeTick:00000000 HAL_ResumeTick
C:\msys64\tmp\ccoDArIb.s:466    .text.HAL_ResumeTick:0000001c $d
C:\msys64\tmp\ccoDArIb.s:469    .text.HAL_GetHalVersion:00000000 $t
C:\msys64\tmp\ccoDArIb.s:475    .text.HAL_GetHalVersion:00000000 HAL_GetHalVersion
C:\msys64\tmp\ccoDArIb.s:490    .text.HAL_GetHalVersion:00000010 $d
C:\msys64\tmp\ccoDArIb.s:493    .text.HAL_GetREVID:00000000 $t
C:\msys64\tmp\ccoDArIb.s:499    .text.HAL_GetREVID:00000000 HAL_GetREVID
C:\msys64\tmp\ccoDArIb.s:516    .text.HAL_GetREVID:00000014 $d
C:\msys64\tmp\ccoDArIb.s:519    .text.HAL_GetDEVID:00000000 $t
C:\msys64\tmp\ccoDArIb.s:525    .text.HAL_GetDEVID:00000000 HAL_GetDEVID
C:\msys64\tmp\ccoDArIb.s:542    .text.HAL_GetDEVID:00000018 $d
C:\msys64\tmp\ccoDArIb.s:545    .text.HAL_GetUIDw0:00000000 $t
C:\msys64\tmp\ccoDArIb.s:551    .text.HAL_GetUIDw0:00000000 HAL_GetUIDw0
C:\msys64\tmp\ccoDArIb.s:567    .text.HAL_GetUIDw0:00000014 $d
C:\msys64\tmp\ccoDArIb.s:570    .text.HAL_GetUIDw1:00000000 $t
C:\msys64\tmp\ccoDArIb.s:576    .text.HAL_GetUIDw1:00000000 HAL_GetUIDw1
ARM GAS  C:\msys64\tmp\ccoDArIb.s 			page 17


C:\msys64\tmp\ccoDArIb.s:592    .text.HAL_GetUIDw1:00000014 $d
C:\msys64\tmp\ccoDArIb.s:595    .text.HAL_GetUIDw2:00000000 $t
C:\msys64\tmp\ccoDArIb.s:601    .text.HAL_GetUIDw2:00000000 HAL_GetUIDw2
C:\msys64\tmp\ccoDArIb.s:617    .text.HAL_GetUIDw2:00000014 $d
C:\msys64\tmp\ccoDArIb.s:620    .text.HAL_DBGMCU_EnableDBGSleepMode:00000000 $t
C:\msys64\tmp\ccoDArIb.s:626    .text.HAL_DBGMCU_EnableDBGSleepMode:00000000 HAL_DBGMCU_EnableDBGSleepMode
C:\msys64\tmp\ccoDArIb.s:645    .text.HAL_DBGMCU_EnableDBGSleepMode:0000001c $d
C:\msys64\tmp\ccoDArIb.s:648    .text.HAL_DBGMCU_DisableDBGSleepMode:00000000 $t
C:\msys64\tmp\ccoDArIb.s:654    .text.HAL_DBGMCU_DisableDBGSleepMode:00000000 HAL_DBGMCU_DisableDBGSleepMode
C:\msys64\tmp\ccoDArIb.s:673    .text.HAL_DBGMCU_DisableDBGSleepMode:0000001c $d
C:\msys64\tmp\ccoDArIb.s:676    .text.HAL_DBGMCU_EnableDBGStopMode:00000000 $t
C:\msys64\tmp\ccoDArIb.s:682    .text.HAL_DBGMCU_EnableDBGStopMode:00000000 HAL_DBGMCU_EnableDBGStopMode
C:\msys64\tmp\ccoDArIb.s:701    .text.HAL_DBGMCU_EnableDBGStopMode:0000001c $d
C:\msys64\tmp\ccoDArIb.s:704    .text.HAL_DBGMCU_DisableDBGStopMode:00000000 $t
C:\msys64\tmp\ccoDArIb.s:710    .text.HAL_DBGMCU_DisableDBGStopMode:00000000 HAL_DBGMCU_DisableDBGStopMode
C:\msys64\tmp\ccoDArIb.s:729    .text.HAL_DBGMCU_DisableDBGStopMode:0000001c $d
C:\msys64\tmp\ccoDArIb.s:732    .text.HAL_DBGMCU_EnableDBGStandbyMode:00000000 $t
C:\msys64\tmp\ccoDArIb.s:738    .text.HAL_DBGMCU_EnableDBGStandbyMode:00000000 HAL_DBGMCU_EnableDBGStandbyMode
C:\msys64\tmp\ccoDArIb.s:757    .text.HAL_DBGMCU_EnableDBGStandbyMode:0000001c $d
C:\msys64\tmp\ccoDArIb.s:760    .text.HAL_DBGMCU_DisableDBGStandbyMode:00000000 $t
C:\msys64\tmp\ccoDArIb.s:766    .text.HAL_DBGMCU_DisableDBGStandbyMode:00000000 HAL_DBGMCU_DisableDBGStandbyMode
C:\msys64\tmp\ccoDArIb.s:785    .text.HAL_DBGMCU_DisableDBGStandbyMode:0000001c $d
C:\msys64\tmp\ccoDArIb.s:788    .text.HAL_EnableCompensationCell:00000000 $t
C:\msys64\tmp\ccoDArIb.s:794    .text.HAL_EnableCompensationCell:00000000 HAL_EnableCompensationCell
C:\msys64\tmp\ccoDArIb.s:813    .text.HAL_EnableCompensationCell:0000001c $d
C:\msys64\tmp\ccoDArIb.s:816    .text.HAL_DisableCompensationCell:00000000 $t
C:\msys64\tmp\ccoDArIb.s:822    .text.HAL_DisableCompensationCell:00000000 HAL_DisableCompensationCell
C:\msys64\tmp\ccoDArIb.s:841    .text.HAL_DisableCompensationCell:0000001c $d
C:\msys64\tmp\ccoDArIb.s:844    .text.HAL_EnableFMCMemorySwapping:00000000 $t
C:\msys64\tmp\ccoDArIb.s:850    .text.HAL_EnableFMCMemorySwapping:00000000 HAL_EnableFMCMemorySwapping
C:\msys64\tmp\ccoDArIb.s:869    .text.HAL_EnableFMCMemorySwapping:0000001c $d
C:\msys64\tmp\ccoDArIb.s:872    .text.HAL_DisableFMCMemorySwapping:00000000 $t
C:\msys64\tmp\ccoDArIb.s:878    .text.HAL_DisableFMCMemorySwapping:00000000 HAL_DisableFMCMemorySwapping
C:\msys64\tmp\ccoDArIb.s:897    .text.HAL_DisableFMCMemorySwapping:0000001c $d

UNDEFINED SYMBOLS
HAL_NVIC_SetPriorityGrouping
HAL_SYSTICK_Config
HAL_NVIC_SetPriority
SystemCoreClock
