ARM GAS  C:\msys64\tmp\ccPkMsRc.s 			page 1


   1              		.cpu cortex-m7
   2              		.arch armv7e-m
   3              		.fpu fpv5-sp-d16
   4              		.eabi_attribute 27, 1
   5              		.eabi_attribute 28, 1
   6              		.eabi_attribute 20, 1
   7              		.eabi_attribute 21, 1
   8              		.eabi_attribute 23, 3
   9              		.eabi_attribute 24, 1
  10              		.eabi_attribute 25, 1
  11              		.eabi_attribute 26, 1
  12              		.eabi_attribute 30, 6
  13              		.eabi_attribute 34, 1
  14              		.eabi_attribute 18, 4
  15              		.file	"stm32f7xx_hal_rtc.c"
  16              		.text
  17              		.section	.text.HAL_RTC_Init,"ax",%progbits
  18              		.align	1
  19              		.global	HAL_RTC_Init
  20              		.syntax unified
  21              		.thumb
  22              		.thumb_func
  24              	HAL_RTC_Init:
  25              		@ args = 0, pretend = 0, frame = 16
  26              		@ frame_needed = 1, uses_anonymous_args = 0
  27 0000 80B5     		push	{r7, lr}
  28 0002 84B0     		sub	sp, sp, #16
  29 0004 00AF     		add	r7, sp, #0
  30 0006 7860     		str	r0, [r7, #4]
  31 0008 7B68     		ldr	r3, [r7, #4]
  32 000a 002B     		cmp	r3, #0
  33 000c 01D1     		bne	.L2
  34 000e 0123     		movs	r3, #1
  35 0010 71E0     		b	.L3
  36              	.L2:
  37 0012 7B68     		ldr	r3, [r7, #4]
  38 0014 5B7F     		ldrb	r3, [r3, #29]
  39 0016 DBB2     		uxtb	r3, r3
  40 0018 002B     		cmp	r3, #0
  41 001a 05D1     		bne	.L4
  42 001c 7B68     		ldr	r3, [r7, #4]
  43 001e 0022     		movs	r2, #0
  44 0020 1A77     		strb	r2, [r3, #28]
  45 0022 7868     		ldr	r0, [r7, #4]
  46 0024 FFF7FEFF 		bl	HAL_RTC_MspInit
  47              	.L4:
  48 0028 7B68     		ldr	r3, [r7, #4]
  49 002a 0222     		movs	r2, #2
  50 002c 5A77     		strb	r2, [r3, #29]
  51 002e 7B68     		ldr	r3, [r7, #4]
  52 0030 1B68     		ldr	r3, [r3]
  53 0032 DB68     		ldr	r3, [r3, #12]
  54 0034 03F01003 		and	r3, r3, #16
  55 0038 102B     		cmp	r3, #16
  56 003a 53D0     		beq	.L5
  57 003c 7B68     		ldr	r3, [r7, #4]
  58 003e 1B68     		ldr	r3, [r3]
ARM GAS  C:\msys64\tmp\ccPkMsRc.s 			page 2


  59 0040 CA22     		movs	r2, #202
  60 0042 5A62     		str	r2, [r3, #36]
  61 0044 7B68     		ldr	r3, [r7, #4]
  62 0046 1B68     		ldr	r3, [r3]
  63 0048 5322     		movs	r2, #83
  64 004a 5A62     		str	r2, [r3, #36]
  65 004c 7868     		ldr	r0, [r7, #4]
  66 004e FFF7FEFF 		bl	RTC_EnterInitMode
  67 0052 0346     		mov	r3, r0
  68 0054 FB73     		strb	r3, [r7, #15]
  69 0056 FB7B     		ldrb	r3, [r7, #15]	@ zero_extendqisi2
  70 0058 002B     		cmp	r3, #0
  71 005a 2AD1     		bne	.L6
  72 005c 7B68     		ldr	r3, [r7, #4]
  73 005e 1B68     		ldr	r3, [r3]
  74 0060 9968     		ldr	r1, [r3, #8]
  75 0062 7B68     		ldr	r3, [r7, #4]
  76 0064 1A68     		ldr	r2, [r3]
  77 0066 264B     		ldr	r3, .L10
  78 0068 0B40     		ands	r3, r3, r1
  79 006a 9360     		str	r3, [r2, #8]
  80 006c 7B68     		ldr	r3, [r7, #4]
  81 006e 1B68     		ldr	r3, [r3]
  82 0070 9968     		ldr	r1, [r3, #8]
  83 0072 7B68     		ldr	r3, [r7, #4]
  84 0074 5A68     		ldr	r2, [r3, #4]
  85 0076 7B68     		ldr	r3, [r7, #4]
  86 0078 1B69     		ldr	r3, [r3, #16]
  87 007a 1A43     		orrs	r2, r2, r3
  88 007c 7B68     		ldr	r3, [r7, #4]
  89 007e 5B69     		ldr	r3, [r3, #20]
  90 0080 1A43     		orrs	r2, r2, r3
  91 0082 7B68     		ldr	r3, [r7, #4]
  92 0084 1B68     		ldr	r3, [r3]
  93 0086 0A43     		orrs	r2, r2, r1
  94 0088 9A60     		str	r2, [r3, #8]
  95 008a 7B68     		ldr	r3, [r7, #4]
  96 008c 1B68     		ldr	r3, [r3]
  97 008e 7A68     		ldr	r2, [r7, #4]
  98 0090 D268     		ldr	r2, [r2, #12]
  99 0092 1A61     		str	r2, [r3, #16]
 100 0094 7B68     		ldr	r3, [r7, #4]
 101 0096 1B68     		ldr	r3, [r3]
 102 0098 1969     		ldr	r1, [r3, #16]
 103 009a 7B68     		ldr	r3, [r7, #4]
 104 009c 9B68     		ldr	r3, [r3, #8]
 105 009e 1A04     		lsls	r2, r3, #16
 106 00a0 7B68     		ldr	r3, [r7, #4]
 107 00a2 1B68     		ldr	r3, [r3]
 108 00a4 0A43     		orrs	r2, r2, r1
 109 00a6 1A61     		str	r2, [r3, #16]
 110 00a8 7868     		ldr	r0, [r7, #4]
 111 00aa FFF7FEFF 		bl	RTC_ExitInitMode
 112 00ae 0346     		mov	r3, r0
 113 00b0 FB73     		strb	r3, [r7, #15]
 114              	.L6:
 115 00b2 FB7B     		ldrb	r3, [r7, #15]	@ zero_extendqisi2
ARM GAS  C:\msys64\tmp\ccPkMsRc.s 			page 3


 116 00b4 002B     		cmp	r3, #0
 117 00b6 10D1     		bne	.L7
 118 00b8 7B68     		ldr	r3, [r7, #4]
 119 00ba 1B68     		ldr	r3, [r3]
 120 00bc DA6C     		ldr	r2, [r3, #76]
 121 00be 7B68     		ldr	r3, [r7, #4]
 122 00c0 1B68     		ldr	r3, [r3]
 123 00c2 22F00802 		bic	r2, r2, #8
 124 00c6 DA64     		str	r2, [r3, #76]
 125 00c8 7B68     		ldr	r3, [r7, #4]
 126 00ca 1B68     		ldr	r3, [r3]
 127 00cc D96C     		ldr	r1, [r3, #76]
 128 00ce 7B68     		ldr	r3, [r7, #4]
 129 00d0 9A69     		ldr	r2, [r3, #24]
 130 00d2 7B68     		ldr	r3, [r7, #4]
 131 00d4 1B68     		ldr	r3, [r3]
 132 00d6 0A43     		orrs	r2, r2, r1
 133 00d8 DA64     		str	r2, [r3, #76]
 134              	.L7:
 135 00da 7B68     		ldr	r3, [r7, #4]
 136 00dc 1B68     		ldr	r3, [r3]
 137 00de FF22     		movs	r2, #255
 138 00e0 5A62     		str	r2, [r3, #36]
 139 00e2 01E0     		b	.L8
 140              	.L5:
 141 00e4 0023     		movs	r3, #0
 142 00e6 FB73     		strb	r3, [r7, #15]
 143              	.L8:
 144 00e8 FB7B     		ldrb	r3, [r7, #15]	@ zero_extendqisi2
 145 00ea 002B     		cmp	r3, #0
 146 00ec 02D1     		bne	.L9
 147 00ee 7B68     		ldr	r3, [r7, #4]
 148 00f0 0122     		movs	r2, #1
 149 00f2 5A77     		strb	r2, [r3, #29]
 150              	.L9:
 151 00f4 FB7B     		ldrb	r3, [r7, #15]	@ zero_extendqisi2
 152              	.L3:
 153 00f6 1846     		mov	r0, r3
 154 00f8 1037     		adds	r7, r7, #16
 155 00fa BD46     		mov	sp, r7
 156              		@ sp needed
 157 00fc 80BD     		pop	{r7, pc}
 158              	.L11:
 159 00fe 00BF     		.align	2
 160              	.L10:
 161 0100 BFFF8FFF 		.word	-7340097
 163              		.section	.text.HAL_RTC_DeInit,"ax",%progbits
 164              		.align	1
 165              		.global	HAL_RTC_DeInit
 166              		.syntax unified
 167              		.thumb
 168              		.thumb_func
 170              	HAL_RTC_DeInit:
 171              		@ args = 0, pretend = 0, frame = 16
 172              		@ frame_needed = 1, uses_anonymous_args = 0
 173 0000 80B5     		push	{r7, lr}
 174 0002 84B0     		sub	sp, sp, #16
ARM GAS  C:\msys64\tmp\ccPkMsRc.s 			page 4


 175 0004 00AF     		add	r7, sp, #0
 176 0006 7860     		str	r0, [r7, #4]
 177 0008 7B68     		ldr	r3, [r7, #4]
 178 000a 0222     		movs	r2, #2
 179 000c 5A77     		strb	r2, [r3, #29]
 180 000e 7B68     		ldr	r3, [r7, #4]
 181 0010 1B68     		ldr	r3, [r3]
 182 0012 CA22     		movs	r2, #202
 183 0014 5A62     		str	r2, [r3, #36]
 184 0016 7B68     		ldr	r3, [r7, #4]
 185 0018 1B68     		ldr	r3, [r3]
 186 001a 5322     		movs	r2, #83
 187 001c 5A62     		str	r2, [r3, #36]
 188 001e 7868     		ldr	r0, [r7, #4]
 189 0020 FFF7FEFF 		bl	RTC_EnterInitMode
 190 0024 0346     		mov	r3, r0
 191 0026 FB73     		strb	r3, [r7, #15]
 192 0028 FB7B     		ldrb	r3, [r7, #15]	@ zero_extendqisi2
 193 002a 002B     		cmp	r3, #0
 194 002c 32D1     		bne	.L13
 195 002e 7B68     		ldr	r3, [r7, #4]
 196 0030 1B68     		ldr	r3, [r3]
 197 0032 0022     		movs	r2, #0
 198 0034 1A60     		str	r2, [r3]
 199 0036 7B68     		ldr	r3, [r7, #4]
 200 0038 1B68     		ldr	r3, [r3]
 201 003a 42F20112 		movw	r2, #8449
 202 003e 5A60     		str	r2, [r3, #4]
 203 0040 7B68     		ldr	r3, [r7, #4]
 204 0042 1B68     		ldr	r3, [r3]
 205 0044 0022     		movs	r2, #0
 206 0046 9A60     		str	r2, [r3, #8]
 207 0048 7B68     		ldr	r3, [r7, #4]
 208 004a 1B68     		ldr	r3, [r3]
 209 004c 4FF6FF72 		movw	r2, #65535
 210 0050 5A61     		str	r2, [r3, #20]
 211 0052 7B68     		ldr	r3, [r7, #4]
 212 0054 1B68     		ldr	r3, [r3]
 213 0056 1E4A     		ldr	r2, .L16
 214 0058 1A61     		str	r2, [r3, #16]
 215 005a 7B68     		ldr	r3, [r7, #4]
 216 005c 1B68     		ldr	r3, [r3]
 217 005e 0022     		movs	r2, #0
 218 0060 DA61     		str	r2, [r3, #28]
 219 0062 7B68     		ldr	r3, [r7, #4]
 220 0064 1B68     		ldr	r3, [r3]
 221 0066 0022     		movs	r2, #0
 222 0068 1A62     		str	r2, [r3, #32]
 223 006a 7B68     		ldr	r3, [r7, #4]
 224 006c 1B68     		ldr	r3, [r3]
 225 006e 0022     		movs	r2, #0
 226 0070 DA63     		str	r2, [r3, #60]
 227 0072 7B68     		ldr	r3, [r7, #4]
 228 0074 1B68     		ldr	r3, [r3]
 229 0076 0022     		movs	r2, #0
 230 0078 DA62     		str	r2, [r3, #44]
 231 007a 7B68     		ldr	r3, [r7, #4]
ARM GAS  C:\msys64\tmp\ccPkMsRc.s 			page 5


 232 007c 1B68     		ldr	r3, [r3]
 233 007e 0022     		movs	r2, #0
 234 0080 5A64     		str	r2, [r3, #68]
 235 0082 7B68     		ldr	r3, [r7, #4]
 236 0084 1B68     		ldr	r3, [r3]
 237 0086 0022     		movs	r2, #0
 238 0088 9A64     		str	r2, [r3, #72]
 239 008a 7868     		ldr	r0, [r7, #4]
 240 008c FFF7FEFF 		bl	RTC_ExitInitMode
 241 0090 0346     		mov	r3, r0
 242 0092 FB73     		strb	r3, [r7, #15]
 243              	.L13:
 244 0094 7B68     		ldr	r3, [r7, #4]
 245 0096 1B68     		ldr	r3, [r3]
 246 0098 FF22     		movs	r2, #255
 247 009a 5A62     		str	r2, [r3, #36]
 248 009c FB7B     		ldrb	r3, [r7, #15]	@ zero_extendqisi2
 249 009e 002B     		cmp	r3, #0
 250 00a0 0DD1     		bne	.L14
 251 00a2 7B68     		ldr	r3, [r7, #4]
 252 00a4 1B68     		ldr	r3, [r3]
 253 00a6 0022     		movs	r2, #0
 254 00a8 1A64     		str	r2, [r3, #64]
 255 00aa 7B68     		ldr	r3, [r7, #4]
 256 00ac 1B68     		ldr	r3, [r3]
 257 00ae 0022     		movs	r2, #0
 258 00b0 DA64     		str	r2, [r3, #76]
 259 00b2 7868     		ldr	r0, [r7, #4]
 260 00b4 FFF7FEFF 		bl	HAL_RTC_MspDeInit
 261 00b8 7B68     		ldr	r3, [r7, #4]
 262 00ba 0022     		movs	r2, #0
 263 00bc 5A77     		strb	r2, [r3, #29]
 264              	.L14:
 265 00be 7B68     		ldr	r3, [r7, #4]
 266 00c0 0022     		movs	r2, #0
 267 00c2 1A77     		strb	r2, [r3, #28]
 268 00c4 FB7B     		ldrb	r3, [r7, #15]	@ zero_extendqisi2
 269 00c6 1846     		mov	r0, r3
 270 00c8 1037     		adds	r7, r7, #16
 271 00ca BD46     		mov	sp, r7
 272              		@ sp needed
 273 00cc 80BD     		pop	{r7, pc}
 274              	.L17:
 275 00ce 00BF     		.align	2
 276              	.L16:
 277 00d0 FF007F00 		.word	8323327
 279              		.section	.text.HAL_RTC_MspInit,"ax",%progbits
 280              		.align	1
 281              		.weak	HAL_RTC_MspInit
 282              		.syntax unified
 283              		.thumb
 284              		.thumb_func
 286              	HAL_RTC_MspInit:
 287              		@ args = 0, pretend = 0, frame = 8
 288              		@ frame_needed = 1, uses_anonymous_args = 0
 289              		@ link register save eliminated.
 290 0000 80B4     		push	{r7}
ARM GAS  C:\msys64\tmp\ccPkMsRc.s 			page 6


 291 0002 83B0     		sub	sp, sp, #12
 292 0004 00AF     		add	r7, sp, #0
 293 0006 7860     		str	r0, [r7, #4]
 294 0008 00BF     		nop
 295 000a 0C37     		adds	r7, r7, #12
 296 000c BD46     		mov	sp, r7
 297              		@ sp needed
 298 000e 5DF8047B 		ldr	r7, [sp], #4
 299 0012 7047     		bx	lr
 301              		.section	.text.HAL_RTC_MspDeInit,"ax",%progbits
 302              		.align	1
 303              		.weak	HAL_RTC_MspDeInit
 304              		.syntax unified
 305              		.thumb
 306              		.thumb_func
 308              	HAL_RTC_MspDeInit:
 309              		@ args = 0, pretend = 0, frame = 8
 310              		@ frame_needed = 1, uses_anonymous_args = 0
 311              		@ link register save eliminated.
 312 0000 80B4     		push	{r7}
 313 0002 83B0     		sub	sp, sp, #12
 314 0004 00AF     		add	r7, sp, #0
 315 0006 7860     		str	r0, [r7, #4]
 316 0008 00BF     		nop
 317 000a 0C37     		adds	r7, r7, #12
 318 000c BD46     		mov	sp, r7
 319              		@ sp needed
 320 000e 5DF8047B 		ldr	r7, [sp], #4
 321 0012 7047     		bx	lr
 323              		.section	.text.HAL_RTC_SetTime,"ax",%progbits
 324              		.align	1
 325              		.global	HAL_RTC_SetTime
 326              		.syntax unified
 327              		.thumb
 328              		.thumb_func
 330              	HAL_RTC_SetTime:
 331              		@ args = 0, pretend = 0, frame = 24
 332              		@ frame_needed = 1, uses_anonymous_args = 0
 333 0000 90B5     		push	{r4, r7, lr}
 334 0002 87B0     		sub	sp, sp, #28
 335 0004 00AF     		add	r7, sp, #0
 336 0006 F860     		str	r0, [r7, #12]
 337 0008 B960     		str	r1, [r7, #8]
 338 000a 7A60     		str	r2, [r7, #4]
 339 000c 0023     		movs	r3, #0
 340 000e 7B61     		str	r3, [r7, #20]
 341 0010 FB68     		ldr	r3, [r7, #12]
 342 0012 1B7F     		ldrb	r3, [r3, #28]	@ zero_extendqisi2
 343 0014 012B     		cmp	r3, #1
 344 0016 01D1     		bne	.L21
 345 0018 0223     		movs	r3, #2
 346 001a 85E0     		b	.L22
 347              	.L21:
 348 001c FB68     		ldr	r3, [r7, #12]
 349 001e 0122     		movs	r2, #1
 350 0020 1A77     		strb	r2, [r3, #28]
 351 0022 FB68     		ldr	r3, [r7, #12]
ARM GAS  C:\msys64\tmp\ccPkMsRc.s 			page 7


 352 0024 0222     		movs	r2, #2
 353 0026 5A77     		strb	r2, [r3, #29]
 354 0028 7B68     		ldr	r3, [r7, #4]
 355 002a 002B     		cmp	r3, #0
 356 002c 26D1     		bne	.L23
 357 002e FB68     		ldr	r3, [r7, #12]
 358 0030 1B68     		ldr	r3, [r3]
 359 0032 9B68     		ldr	r3, [r3, #8]
 360 0034 03F04003 		and	r3, r3, #64
 361 0038 002B     		cmp	r3, #0
 362 003a 02D1     		bne	.L24
 363 003c BB68     		ldr	r3, [r7, #8]
 364 003e 0022     		movs	r2, #0
 365 0040 DA70     		strb	r2, [r3, #3]
 366              	.L24:
 367 0042 BB68     		ldr	r3, [r7, #8]
 368 0044 1B78     		ldrb	r3, [r3]	@ zero_extendqisi2
 369 0046 1846     		mov	r0, r3
 370 0048 FFF7FEFF 		bl	RTC_ByteToBcd2
 371 004c 0346     		mov	r3, r0
 372 004e 1C04     		lsls	r4, r3, #16
 373 0050 BB68     		ldr	r3, [r7, #8]
 374 0052 5B78     		ldrb	r3, [r3, #1]	@ zero_extendqisi2
 375 0054 1846     		mov	r0, r3
 376 0056 FFF7FEFF 		bl	RTC_ByteToBcd2
 377 005a 0346     		mov	r3, r0
 378 005c 1B02     		lsls	r3, r3, #8
 379 005e 1C43     		orrs	r4, r4, r3
 380 0060 BB68     		ldr	r3, [r7, #8]
 381 0062 9B78     		ldrb	r3, [r3, #2]	@ zero_extendqisi2
 382 0064 1846     		mov	r0, r3
 383 0066 FFF7FEFF 		bl	RTC_ByteToBcd2
 384 006a 0346     		mov	r3, r0
 385 006c 44EA0302 		orr	r2, r4, r3
 386 0070 BB68     		ldr	r3, [r7, #8]
 387 0072 DB78     		ldrb	r3, [r3, #3]	@ zero_extendqisi2
 388 0074 9B05     		lsls	r3, r3, #22
 389 0076 1343     		orrs	r3, r3, r2
 390 0078 7B61     		str	r3, [r7, #20]
 391 007a 18E0     		b	.L25
 392              	.L23:
 393 007c FB68     		ldr	r3, [r7, #12]
 394 007e 1B68     		ldr	r3, [r3]
 395 0080 9B68     		ldr	r3, [r3, #8]
 396 0082 03F04003 		and	r3, r3, #64
 397 0086 002B     		cmp	r3, #0
 398 0088 02D1     		bne	.L26
 399 008a BB68     		ldr	r3, [r7, #8]
 400 008c 0022     		movs	r2, #0
 401 008e DA70     		strb	r2, [r3, #3]
 402              	.L26:
 403 0090 BB68     		ldr	r3, [r7, #8]
 404 0092 1B78     		ldrb	r3, [r3]	@ zero_extendqisi2
 405 0094 1A04     		lsls	r2, r3, #16
 406 0096 BB68     		ldr	r3, [r7, #8]
 407 0098 5B78     		ldrb	r3, [r3, #1]	@ zero_extendqisi2
 408 009a 1B02     		lsls	r3, r3, #8
ARM GAS  C:\msys64\tmp\ccPkMsRc.s 			page 8


 409 009c 1343     		orrs	r3, r3, r2
 410 009e BA68     		ldr	r2, [r7, #8]
 411 00a0 9278     		ldrb	r2, [r2, #2]	@ zero_extendqisi2
 412 00a2 1A43     		orrs	r2, r2, r3
 413 00a4 BB68     		ldr	r3, [r7, #8]
 414 00a6 DB78     		ldrb	r3, [r3, #3]	@ zero_extendqisi2
 415 00a8 9B05     		lsls	r3, r3, #22
 416 00aa 1343     		orrs	r3, r3, r2
 417 00ac 7B61     		str	r3, [r7, #20]
 418              	.L25:
 419 00ae FB68     		ldr	r3, [r7, #12]
 420 00b0 1B68     		ldr	r3, [r3]
 421 00b2 CA22     		movs	r2, #202
 422 00b4 5A62     		str	r2, [r3, #36]
 423 00b6 FB68     		ldr	r3, [r7, #12]
 424 00b8 1B68     		ldr	r3, [r3]
 425 00ba 5322     		movs	r2, #83
 426 00bc 5A62     		str	r2, [r3, #36]
 427 00be F868     		ldr	r0, [r7, #12]
 428 00c0 FFF7FEFF 		bl	RTC_EnterInitMode
 429 00c4 0346     		mov	r3, r0
 430 00c6 FB74     		strb	r3, [r7, #19]
 431 00c8 FB7C     		ldrb	r3, [r7, #19]	@ zero_extendqisi2
 432 00ca 002B     		cmp	r3, #0
 433 00cc 1ED1     		bne	.L27
 434 00ce FB68     		ldr	r3, [r7, #12]
 435 00d0 1A68     		ldr	r2, [r3]
 436 00d2 7969     		ldr	r1, [r7, #20]
 437 00d4 164B     		ldr	r3, .L29
 438 00d6 0B40     		ands	r3, r3, r1
 439 00d8 1360     		str	r3, [r2]
 440 00da FB68     		ldr	r3, [r7, #12]
 441 00dc 1B68     		ldr	r3, [r3]
 442 00de 9A68     		ldr	r2, [r3, #8]
 443 00e0 FB68     		ldr	r3, [r7, #12]
 444 00e2 1B68     		ldr	r3, [r3]
 445 00e4 22F48022 		bic	r2, r2, #262144
 446 00e8 9A60     		str	r2, [r3, #8]
 447 00ea FB68     		ldr	r3, [r7, #12]
 448 00ec 1B68     		ldr	r3, [r3]
 449 00ee 9968     		ldr	r1, [r3, #8]
 450 00f0 BB68     		ldr	r3, [r7, #8]
 451 00f2 DA68     		ldr	r2, [r3, #12]
 452 00f4 BB68     		ldr	r3, [r7, #8]
 453 00f6 1B69     		ldr	r3, [r3, #16]
 454 00f8 1A43     		orrs	r2, r2, r3
 455 00fa FB68     		ldr	r3, [r7, #12]
 456 00fc 1B68     		ldr	r3, [r3]
 457 00fe 0A43     		orrs	r2, r2, r1
 458 0100 9A60     		str	r2, [r3, #8]
 459 0102 F868     		ldr	r0, [r7, #12]
 460 0104 FFF7FEFF 		bl	RTC_ExitInitMode
 461 0108 0346     		mov	r3, r0
 462 010a FB74     		strb	r3, [r7, #19]
 463              	.L27:
 464 010c FB7C     		ldrb	r3, [r7, #19]	@ zero_extendqisi2
 465 010e 002B     		cmp	r3, #0
ARM GAS  C:\msys64\tmp\ccPkMsRc.s 			page 9


 466 0110 02D1     		bne	.L28
 467 0112 FB68     		ldr	r3, [r7, #12]
 468 0114 0122     		movs	r2, #1
 469 0116 5A77     		strb	r2, [r3, #29]
 470              	.L28:
 471 0118 FB68     		ldr	r3, [r7, #12]
 472 011a 1B68     		ldr	r3, [r3]
 473 011c FF22     		movs	r2, #255
 474 011e 5A62     		str	r2, [r3, #36]
 475 0120 FB68     		ldr	r3, [r7, #12]
 476 0122 0022     		movs	r2, #0
 477 0124 1A77     		strb	r2, [r3, #28]
 478 0126 FB7C     		ldrb	r3, [r7, #19]	@ zero_extendqisi2
 479              	.L22:
 480 0128 1846     		mov	r0, r3
 481 012a 1C37     		adds	r7, r7, #28
 482 012c BD46     		mov	sp, r7
 483              		@ sp needed
 484 012e 90BD     		pop	{r4, r7, pc}
 485              	.L30:
 486              		.align	2
 487              	.L29:
 488 0130 7F7F7F00 		.word	8355711
 490              		.section	.text.HAL_RTC_GetTime,"ax",%progbits
 491              		.align	1
 492              		.global	HAL_RTC_GetTime
 493              		.syntax unified
 494              		.thumb
 495              		.thumb_func
 497              	HAL_RTC_GetTime:
 498              		@ args = 0, pretend = 0, frame = 24
 499              		@ frame_needed = 1, uses_anonymous_args = 0
 500 0000 80B5     		push	{r7, lr}
 501 0002 86B0     		sub	sp, sp, #24
 502 0004 00AF     		add	r7, sp, #0
 503 0006 F860     		str	r0, [r7, #12]
 504 0008 B960     		str	r1, [r7, #8]
 505 000a 7A60     		str	r2, [r7, #4]
 506 000c 0023     		movs	r3, #0
 507 000e 7B61     		str	r3, [r7, #20]
 508 0010 FB68     		ldr	r3, [r7, #12]
 509 0012 1B68     		ldr	r3, [r3]
 510 0014 9A6A     		ldr	r2, [r3, #40]
 511 0016 BB68     		ldr	r3, [r7, #8]
 512 0018 5A60     		str	r2, [r3, #4]
 513 001a FB68     		ldr	r3, [r7, #12]
 514 001c 1B68     		ldr	r3, [r3]
 515 001e 1B69     		ldr	r3, [r3, #16]
 516 0020 C3F30E02 		ubfx	r2, r3, #0, #15
 517 0024 BB68     		ldr	r3, [r7, #8]
 518 0026 9A60     		str	r2, [r3, #8]
 519 0028 FB68     		ldr	r3, [r7, #12]
 520 002a 1B68     		ldr	r3, [r3]
 521 002c 1A68     		ldr	r2, [r3]
 522 002e 224B     		ldr	r3, .L34
 523 0030 1340     		ands	r3, r3, r2
 524 0032 7B61     		str	r3, [r7, #20]
ARM GAS  C:\msys64\tmp\ccPkMsRc.s 			page 10


 525 0034 7B69     		ldr	r3, [r7, #20]
 526 0036 1B0C     		lsrs	r3, r3, #16
 527 0038 DBB2     		uxtb	r3, r3
 528 003a 03F03F03 		and	r3, r3, #63
 529 003e DAB2     		uxtb	r2, r3
 530 0040 BB68     		ldr	r3, [r7, #8]
 531 0042 1A70     		strb	r2, [r3]
 532 0044 7B69     		ldr	r3, [r7, #20]
 533 0046 1B0A     		lsrs	r3, r3, #8
 534 0048 DBB2     		uxtb	r3, r3
 535 004a 03F07F03 		and	r3, r3, #127
 536 004e DAB2     		uxtb	r2, r3
 537 0050 BB68     		ldr	r3, [r7, #8]
 538 0052 5A70     		strb	r2, [r3, #1]
 539 0054 7B69     		ldr	r3, [r7, #20]
 540 0056 DBB2     		uxtb	r3, r3
 541 0058 03F07F03 		and	r3, r3, #127
 542 005c DAB2     		uxtb	r2, r3
 543 005e BB68     		ldr	r3, [r7, #8]
 544 0060 9A70     		strb	r2, [r3, #2]
 545 0062 7B69     		ldr	r3, [r7, #20]
 546 0064 9B0D     		lsrs	r3, r3, #22
 547 0066 DBB2     		uxtb	r3, r3
 548 0068 03F00103 		and	r3, r3, #1
 549 006c DAB2     		uxtb	r2, r3
 550 006e BB68     		ldr	r3, [r7, #8]
 551 0070 DA70     		strb	r2, [r3, #3]
 552 0072 7B68     		ldr	r3, [r7, #4]
 553 0074 002B     		cmp	r3, #0
 554 0076 1AD1     		bne	.L32
 555 0078 BB68     		ldr	r3, [r7, #8]
 556 007a 1B78     		ldrb	r3, [r3]	@ zero_extendqisi2
 557 007c 1846     		mov	r0, r3
 558 007e FFF7FEFF 		bl	RTC_Bcd2ToByte
 559 0082 0346     		mov	r3, r0
 560 0084 1A46     		mov	r2, r3
 561 0086 BB68     		ldr	r3, [r7, #8]
 562 0088 1A70     		strb	r2, [r3]
 563 008a BB68     		ldr	r3, [r7, #8]
 564 008c 5B78     		ldrb	r3, [r3, #1]	@ zero_extendqisi2
 565 008e 1846     		mov	r0, r3
 566 0090 FFF7FEFF 		bl	RTC_Bcd2ToByte
 567 0094 0346     		mov	r3, r0
 568 0096 1A46     		mov	r2, r3
 569 0098 BB68     		ldr	r3, [r7, #8]
 570 009a 5A70     		strb	r2, [r3, #1]
 571 009c BB68     		ldr	r3, [r7, #8]
 572 009e 9B78     		ldrb	r3, [r3, #2]	@ zero_extendqisi2
 573 00a0 1846     		mov	r0, r3
 574 00a2 FFF7FEFF 		bl	RTC_Bcd2ToByte
 575 00a6 0346     		mov	r3, r0
 576 00a8 1A46     		mov	r2, r3
 577 00aa BB68     		ldr	r3, [r7, #8]
 578 00ac 9A70     		strb	r2, [r3, #2]
 579              	.L32:
 580 00ae 0023     		movs	r3, #0
 581 00b0 1846     		mov	r0, r3
ARM GAS  C:\msys64\tmp\ccPkMsRc.s 			page 11


 582 00b2 1837     		adds	r7, r7, #24
 583 00b4 BD46     		mov	sp, r7
 584              		@ sp needed
 585 00b6 80BD     		pop	{r7, pc}
 586              	.L35:
 587              		.align	2
 588              	.L34:
 589 00b8 7F7F7F00 		.word	8355711
 591              		.section	.text.HAL_RTC_SetDate,"ax",%progbits
 592              		.align	1
 593              		.global	HAL_RTC_SetDate
 594              		.syntax unified
 595              		.thumb
 596              		.thumb_func
 598              	HAL_RTC_SetDate:
 599              		@ args = 0, pretend = 0, frame = 24
 600              		@ frame_needed = 1, uses_anonymous_args = 0
 601 0000 90B5     		push	{r4, r7, lr}
 602 0002 87B0     		sub	sp, sp, #28
 603 0004 00AF     		add	r7, sp, #0
 604 0006 F860     		str	r0, [r7, #12]
 605 0008 B960     		str	r1, [r7, #8]
 606 000a 7A60     		str	r2, [r7, #4]
 607 000c 0023     		movs	r3, #0
 608 000e 7B61     		str	r3, [r7, #20]
 609 0010 FB68     		ldr	r3, [r7, #12]
 610 0012 1B7F     		ldrb	r3, [r3, #28]	@ zero_extendqisi2
 611 0014 012B     		cmp	r3, #1
 612 0016 01D1     		bne	.L37
 613 0018 0223     		movs	r3, #2
 614 001a 6FE0     		b	.L38
 615              	.L37:
 616 001c FB68     		ldr	r3, [r7, #12]
 617 001e 0122     		movs	r2, #1
 618 0020 1A77     		strb	r2, [r3, #28]
 619 0022 FB68     		ldr	r3, [r7, #12]
 620 0024 0222     		movs	r2, #2
 621 0026 5A77     		strb	r2, [r3, #29]
 622 0028 7B68     		ldr	r3, [r7, #4]
 623 002a 002B     		cmp	r3, #0
 624 002c 0ED1     		bne	.L39
 625 002e BB68     		ldr	r3, [r7, #8]
 626 0030 5B78     		ldrb	r3, [r3, #1]	@ zero_extendqisi2
 627 0032 03F01003 		and	r3, r3, #16
 628 0036 002B     		cmp	r3, #0
 629 0038 08D0     		beq	.L39
 630 003a BB68     		ldr	r3, [r7, #8]
 631 003c 5B78     		ldrb	r3, [r3, #1]	@ zero_extendqisi2
 632 003e 23F01003 		bic	r3, r3, #16
 633 0042 DBB2     		uxtb	r3, r3
 634 0044 0A33     		adds	r3, r3, #10
 635 0046 DAB2     		uxtb	r2, r3
 636 0048 BB68     		ldr	r3, [r7, #8]
 637 004a 5A70     		strb	r2, [r3, #1]
 638              	.L39:
 639 004c 7B68     		ldr	r3, [r7, #4]
 640 004e 002B     		cmp	r3, #0
ARM GAS  C:\msys64\tmp\ccPkMsRc.s 			page 12


 641 0050 1CD1     		bne	.L40
 642 0052 BB68     		ldr	r3, [r7, #8]
 643 0054 DB78     		ldrb	r3, [r3, #3]	@ zero_extendqisi2
 644 0056 1846     		mov	r0, r3
 645 0058 FFF7FEFF 		bl	RTC_ByteToBcd2
 646 005c 0346     		mov	r3, r0
 647 005e 1C04     		lsls	r4, r3, #16
 648 0060 BB68     		ldr	r3, [r7, #8]
 649 0062 5B78     		ldrb	r3, [r3, #1]	@ zero_extendqisi2
 650 0064 1846     		mov	r0, r3
 651 0066 FFF7FEFF 		bl	RTC_ByteToBcd2
 652 006a 0346     		mov	r3, r0
 653 006c 1B02     		lsls	r3, r3, #8
 654 006e 1C43     		orrs	r4, r4, r3
 655 0070 BB68     		ldr	r3, [r7, #8]
 656 0072 9B78     		ldrb	r3, [r3, #2]	@ zero_extendqisi2
 657 0074 1846     		mov	r0, r3
 658 0076 FFF7FEFF 		bl	RTC_ByteToBcd2
 659 007a 0346     		mov	r3, r0
 660 007c 44EA0302 		orr	r2, r4, r3
 661 0080 BB68     		ldr	r3, [r7, #8]
 662 0082 1B78     		ldrb	r3, [r3]	@ zero_extendqisi2
 663 0084 5B03     		lsls	r3, r3, #13
 664 0086 1343     		orrs	r3, r3, r2
 665 0088 7B61     		str	r3, [r7, #20]
 666 008a 0EE0     		b	.L41
 667              	.L40:
 668 008c BB68     		ldr	r3, [r7, #8]
 669 008e DB78     		ldrb	r3, [r3, #3]	@ zero_extendqisi2
 670 0090 1A04     		lsls	r2, r3, #16
 671 0092 BB68     		ldr	r3, [r7, #8]
 672 0094 5B78     		ldrb	r3, [r3, #1]	@ zero_extendqisi2
 673 0096 1B02     		lsls	r3, r3, #8
 674 0098 1343     		orrs	r3, r3, r2
 675 009a BA68     		ldr	r2, [r7, #8]
 676 009c 9278     		ldrb	r2, [r2, #2]	@ zero_extendqisi2
 677 009e 1A43     		orrs	r2, r2, r3
 678 00a0 BB68     		ldr	r3, [r7, #8]
 679 00a2 1B78     		ldrb	r3, [r3]	@ zero_extendqisi2
 680 00a4 5B03     		lsls	r3, r3, #13
 681 00a6 1343     		orrs	r3, r3, r2
 682 00a8 7B61     		str	r3, [r7, #20]
 683              	.L41:
 684 00aa FB68     		ldr	r3, [r7, #12]
 685 00ac 1B68     		ldr	r3, [r3]
 686 00ae CA22     		movs	r2, #202
 687 00b0 5A62     		str	r2, [r3, #36]
 688 00b2 FB68     		ldr	r3, [r7, #12]
 689 00b4 1B68     		ldr	r3, [r3]
 690 00b6 5322     		movs	r2, #83
 691 00b8 5A62     		str	r2, [r3, #36]
 692 00ba F868     		ldr	r0, [r7, #12]
 693 00bc FFF7FEFF 		bl	RTC_EnterInitMode
 694 00c0 0346     		mov	r3, r0
 695 00c2 FB74     		strb	r3, [r7, #19]
 696 00c4 FB7C     		ldrb	r3, [r7, #19]	@ zero_extendqisi2
 697 00c6 002B     		cmp	r3, #0
ARM GAS  C:\msys64\tmp\ccPkMsRc.s 			page 13


 698 00c8 0AD1     		bne	.L42
 699 00ca FB68     		ldr	r3, [r7, #12]
 700 00cc 1A68     		ldr	r2, [r3]
 701 00ce 7969     		ldr	r1, [r7, #20]
 702 00d0 0C4B     		ldr	r3, .L44
 703 00d2 0B40     		ands	r3, r3, r1
 704 00d4 5360     		str	r3, [r2, #4]
 705 00d6 F868     		ldr	r0, [r7, #12]
 706 00d8 FFF7FEFF 		bl	RTC_ExitInitMode
 707 00dc 0346     		mov	r3, r0
 708 00de FB74     		strb	r3, [r7, #19]
 709              	.L42:
 710 00e0 FB7C     		ldrb	r3, [r7, #19]	@ zero_extendqisi2
 711 00e2 002B     		cmp	r3, #0
 712 00e4 02D1     		bne	.L43
 713 00e6 FB68     		ldr	r3, [r7, #12]
 714 00e8 0122     		movs	r2, #1
 715 00ea 5A77     		strb	r2, [r3, #29]
 716              	.L43:
 717 00ec FB68     		ldr	r3, [r7, #12]
 718 00ee 1B68     		ldr	r3, [r3]
 719 00f0 FF22     		movs	r2, #255
 720 00f2 5A62     		str	r2, [r3, #36]
 721 00f4 FB68     		ldr	r3, [r7, #12]
 722 00f6 0022     		movs	r2, #0
 723 00f8 1A77     		strb	r2, [r3, #28]
 724 00fa FB7C     		ldrb	r3, [r7, #19]	@ zero_extendqisi2
 725              	.L38:
 726 00fc 1846     		mov	r0, r3
 727 00fe 1C37     		adds	r7, r7, #28
 728 0100 BD46     		mov	sp, r7
 729              		@ sp needed
 730 0102 90BD     		pop	{r4, r7, pc}
 731              	.L45:
 732              		.align	2
 733              	.L44:
 734 0104 3FFFFF00 		.word	16777023
 736              		.section	.text.HAL_RTC_GetDate,"ax",%progbits
 737              		.align	1
 738              		.global	HAL_RTC_GetDate
 739              		.syntax unified
 740              		.thumb
 741              		.thumb_func
 743              	HAL_RTC_GetDate:
 744              		@ args = 0, pretend = 0, frame = 24
 745              		@ frame_needed = 1, uses_anonymous_args = 0
 746 0000 80B5     		push	{r7, lr}
 747 0002 86B0     		sub	sp, sp, #24
 748 0004 00AF     		add	r7, sp, #0
 749 0006 F860     		str	r0, [r7, #12]
 750 0008 B960     		str	r1, [r7, #8]
 751 000a 7A60     		str	r2, [r7, #4]
 752 000c 0023     		movs	r3, #0
 753 000e 7B61     		str	r3, [r7, #20]
 754 0010 FB68     		ldr	r3, [r7, #12]
 755 0012 1B68     		ldr	r3, [r3]
 756 0014 5A68     		ldr	r2, [r3, #4]
ARM GAS  C:\msys64\tmp\ccPkMsRc.s 			page 14


 757 0016 214B     		ldr	r3, .L49
 758 0018 1340     		ands	r3, r3, r2
 759 001a 7B61     		str	r3, [r7, #20]
 760 001c 7B69     		ldr	r3, [r7, #20]
 761 001e 1B0C     		lsrs	r3, r3, #16
 762 0020 DAB2     		uxtb	r2, r3
 763 0022 BB68     		ldr	r3, [r7, #8]
 764 0024 DA70     		strb	r2, [r3, #3]
 765 0026 7B69     		ldr	r3, [r7, #20]
 766 0028 1B0A     		lsrs	r3, r3, #8
 767 002a DBB2     		uxtb	r3, r3
 768 002c 03F01F03 		and	r3, r3, #31
 769 0030 DAB2     		uxtb	r2, r3
 770 0032 BB68     		ldr	r3, [r7, #8]
 771 0034 5A70     		strb	r2, [r3, #1]
 772 0036 7B69     		ldr	r3, [r7, #20]
 773 0038 DBB2     		uxtb	r3, r3
 774 003a 03F03F03 		and	r3, r3, #63
 775 003e DAB2     		uxtb	r2, r3
 776 0040 BB68     		ldr	r3, [r7, #8]
 777 0042 9A70     		strb	r2, [r3, #2]
 778 0044 7B69     		ldr	r3, [r7, #20]
 779 0046 5B0B     		lsrs	r3, r3, #13
 780 0048 DBB2     		uxtb	r3, r3
 781 004a 03F00703 		and	r3, r3, #7
 782 004e DAB2     		uxtb	r2, r3
 783 0050 BB68     		ldr	r3, [r7, #8]
 784 0052 1A70     		strb	r2, [r3]
 785 0054 7B68     		ldr	r3, [r7, #4]
 786 0056 002B     		cmp	r3, #0
 787 0058 1AD1     		bne	.L47
 788 005a BB68     		ldr	r3, [r7, #8]
 789 005c DB78     		ldrb	r3, [r3, #3]	@ zero_extendqisi2
 790 005e 1846     		mov	r0, r3
 791 0060 FFF7FEFF 		bl	RTC_Bcd2ToByte
 792 0064 0346     		mov	r3, r0
 793 0066 1A46     		mov	r2, r3
 794 0068 BB68     		ldr	r3, [r7, #8]
 795 006a DA70     		strb	r2, [r3, #3]
 796 006c BB68     		ldr	r3, [r7, #8]
 797 006e 5B78     		ldrb	r3, [r3, #1]	@ zero_extendqisi2
 798 0070 1846     		mov	r0, r3
 799 0072 FFF7FEFF 		bl	RTC_Bcd2ToByte
 800 0076 0346     		mov	r3, r0
 801 0078 1A46     		mov	r2, r3
 802 007a BB68     		ldr	r3, [r7, #8]
 803 007c 5A70     		strb	r2, [r3, #1]
 804 007e BB68     		ldr	r3, [r7, #8]
 805 0080 9B78     		ldrb	r3, [r3, #2]	@ zero_extendqisi2
 806 0082 1846     		mov	r0, r3
 807 0084 FFF7FEFF 		bl	RTC_Bcd2ToByte
 808 0088 0346     		mov	r3, r0
 809 008a 1A46     		mov	r2, r3
 810 008c BB68     		ldr	r3, [r7, #8]
 811 008e 9A70     		strb	r2, [r3, #2]
 812              	.L47:
 813 0090 0023     		movs	r3, #0
ARM GAS  C:\msys64\tmp\ccPkMsRc.s 			page 15


 814 0092 1846     		mov	r0, r3
 815 0094 1837     		adds	r7, r7, #24
 816 0096 BD46     		mov	sp, r7
 817              		@ sp needed
 818 0098 80BD     		pop	{r7, pc}
 819              	.L50:
 820 009a 00BF     		.align	2
 821              	.L49:
 822 009c 3FFFFF00 		.word	16777023
 824              		.section	.text.HAL_RTC_SetAlarm,"ax",%progbits
 825              		.align	1
 826              		.global	HAL_RTC_SetAlarm
 827              		.syntax unified
 828              		.thumb
 829              		.thumb_func
 831              	HAL_RTC_SetAlarm:
 832              		@ args = 0, pretend = 0, frame = 32
 833              		@ frame_needed = 1, uses_anonymous_args = 0
 834 0000 90B5     		push	{r4, r7, lr}
 835 0002 89B0     		sub	sp, sp, #36
 836 0004 00AF     		add	r7, sp, #0
 837 0006 F860     		str	r0, [r7, #12]
 838 0008 B960     		str	r1, [r7, #8]
 839 000a 7A60     		str	r2, [r7, #4]
 840 000c 0023     		movs	r3, #0
 841 000e BB61     		str	r3, [r7, #24]
 842 0010 0023     		movs	r3, #0
 843 0012 FB61     		str	r3, [r7, #28]
 844 0014 0023     		movs	r3, #0
 845 0016 7B61     		str	r3, [r7, #20]
 846 0018 FB68     		ldr	r3, [r7, #12]
 847 001a 1B7F     		ldrb	r3, [r3, #28]	@ zero_extendqisi2
 848 001c 012B     		cmp	r3, #1
 849 001e 01D1     		bne	.L52
 850 0020 0223     		movs	r3, #2
 851 0022 13E1     		b	.L53
 852              	.L52:
 853 0024 FB68     		ldr	r3, [r7, #12]
 854 0026 0122     		movs	r2, #1
 855 0028 1A77     		strb	r2, [r3, #28]
 856 002a FB68     		ldr	r3, [r7, #12]
 857 002c 0222     		movs	r2, #2
 858 002e 5A77     		strb	r2, [r3, #29]
 859 0030 7B68     		ldr	r3, [r7, #4]
 860 0032 002B     		cmp	r3, #0
 861 0034 37D1     		bne	.L54
 862 0036 FB68     		ldr	r3, [r7, #12]
 863 0038 1B68     		ldr	r3, [r3]
 864 003a 9B68     		ldr	r3, [r3, #8]
 865 003c 03F04003 		and	r3, r3, #64
 866 0040 002B     		cmp	r3, #0
 867 0042 02D1     		bne	.L55
 868 0044 BB68     		ldr	r3, [r7, #8]
 869 0046 0022     		movs	r2, #0
 870 0048 DA70     		strb	r2, [r3, #3]
 871              	.L55:
 872 004a BB68     		ldr	r3, [r7, #8]
ARM GAS  C:\msys64\tmp\ccPkMsRc.s 			page 16


 873 004c 1B78     		ldrb	r3, [r3]	@ zero_extendqisi2
 874 004e 1846     		mov	r0, r3
 875 0050 FFF7FEFF 		bl	RTC_ByteToBcd2
 876 0054 0346     		mov	r3, r0
 877 0056 1C04     		lsls	r4, r3, #16
 878 0058 BB68     		ldr	r3, [r7, #8]
 879 005a 5B78     		ldrb	r3, [r3, #1]	@ zero_extendqisi2
 880 005c 1846     		mov	r0, r3
 881 005e FFF7FEFF 		bl	RTC_ByteToBcd2
 882 0062 0346     		mov	r3, r0
 883 0064 1B02     		lsls	r3, r3, #8
 884 0066 1C43     		orrs	r4, r4, r3
 885 0068 BB68     		ldr	r3, [r7, #8]
 886 006a 9B78     		ldrb	r3, [r3, #2]	@ zero_extendqisi2
 887 006c 1846     		mov	r0, r3
 888 006e FFF7FEFF 		bl	RTC_ByteToBcd2
 889 0072 0346     		mov	r3, r0
 890 0074 44EA0302 		orr	r2, r4, r3
 891 0078 BB68     		ldr	r3, [r7, #8]
 892 007a DB78     		ldrb	r3, [r3, #3]	@ zero_extendqisi2
 893 007c 9B05     		lsls	r3, r3, #22
 894 007e 42EA0304 		orr	r4, r2, r3
 895 0082 BB68     		ldr	r3, [r7, #8]
 896 0084 93F82030 		ldrb	r3, [r3, #32]	@ zero_extendqisi2
 897 0088 1846     		mov	r0, r3
 898 008a FFF7FEFF 		bl	RTC_ByteToBcd2
 899 008e 0346     		mov	r3, r0
 900 0090 1B06     		lsls	r3, r3, #24
 901 0092 44EA0302 		orr	r2, r4, r3
 902 0096 BB68     		ldr	r3, [r7, #8]
 903 0098 DB69     		ldr	r3, [r3, #28]
 904 009a 1A43     		orrs	r2, r2, r3
 905 009c BB68     		ldr	r3, [r7, #8]
 906 009e 5B69     		ldr	r3, [r3, #20]
 907 00a0 1343     		orrs	r3, r3, r2
 908 00a2 FB61     		str	r3, [r7, #28]
 909 00a4 23E0     		b	.L56
 910              	.L54:
 911 00a6 FB68     		ldr	r3, [r7, #12]
 912 00a8 1B68     		ldr	r3, [r3]
 913 00aa 9B68     		ldr	r3, [r3, #8]
 914 00ac 03F04003 		and	r3, r3, #64
 915 00b0 002B     		cmp	r3, #0
 916 00b2 02D1     		bne	.L57
 917 00b4 BB68     		ldr	r3, [r7, #8]
 918 00b6 0022     		movs	r2, #0
 919 00b8 DA70     		strb	r2, [r3, #3]
 920              	.L57:
 921 00ba BB68     		ldr	r3, [r7, #8]
 922 00bc 1B78     		ldrb	r3, [r3]	@ zero_extendqisi2
 923 00be 1A04     		lsls	r2, r3, #16
 924 00c0 BB68     		ldr	r3, [r7, #8]
 925 00c2 5B78     		ldrb	r3, [r3, #1]	@ zero_extendqisi2
 926 00c4 1B02     		lsls	r3, r3, #8
 927 00c6 1343     		orrs	r3, r3, r2
 928 00c8 BA68     		ldr	r2, [r7, #8]
 929 00ca 9278     		ldrb	r2, [r2, #2]	@ zero_extendqisi2
ARM GAS  C:\msys64\tmp\ccPkMsRc.s 			page 17


 930 00cc 1A43     		orrs	r2, r2, r3
 931 00ce BB68     		ldr	r3, [r7, #8]
 932 00d0 DB78     		ldrb	r3, [r3, #3]	@ zero_extendqisi2
 933 00d2 9B05     		lsls	r3, r3, #22
 934 00d4 1A43     		orrs	r2, r2, r3
 935 00d6 BB68     		ldr	r3, [r7, #8]
 936 00d8 93F82030 		ldrb	r3, [r3, #32]	@ zero_extendqisi2
 937 00dc 1B06     		lsls	r3, r3, #24
 938 00de 1A43     		orrs	r2, r2, r3
 939 00e0 BB68     		ldr	r3, [r7, #8]
 940 00e2 DB69     		ldr	r3, [r3, #28]
 941 00e4 1A43     		orrs	r2, r2, r3
 942 00e6 BB68     		ldr	r3, [r7, #8]
 943 00e8 5B69     		ldr	r3, [r3, #20]
 944 00ea 1343     		orrs	r3, r3, r2
 945 00ec FB61     		str	r3, [r7, #28]
 946              	.L56:
 947 00ee BB68     		ldr	r3, [r7, #8]
 948 00f0 5A68     		ldr	r2, [r3, #4]
 949 00f2 BB68     		ldr	r3, [r7, #8]
 950 00f4 9B69     		ldr	r3, [r3, #24]
 951 00f6 1343     		orrs	r3, r3, r2
 952 00f8 7B61     		str	r3, [r7, #20]
 953 00fa FB68     		ldr	r3, [r7, #12]
 954 00fc 1B68     		ldr	r3, [r3]
 955 00fe CA22     		movs	r2, #202
 956 0100 5A62     		str	r2, [r3, #36]
 957 0102 FB68     		ldr	r3, [r7, #12]
 958 0104 1B68     		ldr	r3, [r3]
 959 0106 5322     		movs	r2, #83
 960 0108 5A62     		str	r2, [r3, #36]
 961 010a BB68     		ldr	r3, [r7, #8]
 962 010c 5B6A     		ldr	r3, [r3, #36]
 963 010e B3F5807F 		cmp	r3, #256
 964 0112 48D1     		bne	.L58
 965 0114 FB68     		ldr	r3, [r7, #12]
 966 0116 1B68     		ldr	r3, [r3]
 967 0118 9A68     		ldr	r2, [r3, #8]
 968 011a FB68     		ldr	r3, [r7, #12]
 969 011c 1B68     		ldr	r3, [r3]
 970 011e 22F48072 		bic	r2, r2, #256
 971 0122 9A60     		str	r2, [r3, #8]
 972 0124 FB68     		ldr	r3, [r7, #12]
 973 0126 1B68     		ldr	r3, [r3]
 974 0128 9A68     		ldr	r2, [r3, #8]
 975 012a FB68     		ldr	r3, [r7, #12]
 976 012c 1B68     		ldr	r3, [r3]
 977 012e 22F48052 		bic	r2, r2, #4096
 978 0132 9A60     		str	r2, [r3, #8]
 979 0134 FB68     		ldr	r3, [r7, #12]
 980 0136 1B68     		ldr	r3, [r3]
 981 0138 DB68     		ldr	r3, [r3, #12]
 982 013a DAB2     		uxtb	r2, r3
 983 013c FB68     		ldr	r3, [r7, #12]
 984 013e 1B68     		ldr	r3, [r3]
 985 0140 62F4C072 		orn	r2, r2, #384
 986 0144 DA60     		str	r2, [r3, #12]
ARM GAS  C:\msys64\tmp\ccPkMsRc.s 			page 18


 987 0146 FFF7FEFF 		bl	HAL_GetTick
 988 014a B861     		str	r0, [r7, #24]
 989 014c 13E0     		b	.L59
 990              	.L60:
 991 014e FFF7FEFF 		bl	HAL_GetTick
 992 0152 0246     		mov	r2, r0
 993 0154 BB69     		ldr	r3, [r7, #24]
 994 0156 D31A     		subs	r3, r2, r3
 995 0158 B3F57A7F 		cmp	r3, #1000
 996 015c 0BD9     		bls	.L59
 997 015e FB68     		ldr	r3, [r7, #12]
 998 0160 1B68     		ldr	r3, [r3]
 999 0162 FF22     		movs	r2, #255
 1000 0164 5A62     		str	r2, [r3, #36]
 1001 0166 FB68     		ldr	r3, [r7, #12]
 1002 0168 0322     		movs	r2, #3
 1003 016a 5A77     		strb	r2, [r3, #29]
 1004 016c FB68     		ldr	r3, [r7, #12]
 1005 016e 0022     		movs	r2, #0
 1006 0170 1A77     		strb	r2, [r3, #28]
 1007 0172 0323     		movs	r3, #3
 1008 0174 6AE0     		b	.L53
 1009              	.L59:
 1010 0176 FB68     		ldr	r3, [r7, #12]
 1011 0178 1B68     		ldr	r3, [r3]
 1012 017a DB68     		ldr	r3, [r3, #12]
 1013 017c 03F00103 		and	r3, r3, #1
 1014 0180 002B     		cmp	r3, #0
 1015 0182 E4D0     		beq	.L60
 1016 0184 FB68     		ldr	r3, [r7, #12]
 1017 0186 1B68     		ldr	r3, [r3]
 1018 0188 FA69     		ldr	r2, [r7, #28]
 1019 018a DA61     		str	r2, [r3, #28]
 1020 018c FB68     		ldr	r3, [r7, #12]
 1021 018e 1B68     		ldr	r3, [r3]
 1022 0190 7A69     		ldr	r2, [r7, #20]
 1023 0192 5A64     		str	r2, [r3, #68]
 1024 0194 FB68     		ldr	r3, [r7, #12]
 1025 0196 1B68     		ldr	r3, [r3]
 1026 0198 9A68     		ldr	r2, [r3, #8]
 1027 019a FB68     		ldr	r3, [r7, #12]
 1028 019c 1B68     		ldr	r3, [r3]
 1029 019e 42F48072 		orr	r2, r2, #256
 1030 01a2 9A60     		str	r2, [r3, #8]
 1031 01a4 47E0     		b	.L61
 1032              	.L58:
 1033 01a6 FB68     		ldr	r3, [r7, #12]
 1034 01a8 1B68     		ldr	r3, [r3]
 1035 01aa 9A68     		ldr	r2, [r3, #8]
 1036 01ac FB68     		ldr	r3, [r7, #12]
 1037 01ae 1B68     		ldr	r3, [r3]
 1038 01b0 22F40072 		bic	r2, r2, #512
 1039 01b4 9A60     		str	r2, [r3, #8]
 1040 01b6 FB68     		ldr	r3, [r7, #12]
 1041 01b8 1B68     		ldr	r3, [r3]
 1042 01ba 9A68     		ldr	r2, [r3, #8]
 1043 01bc FB68     		ldr	r3, [r7, #12]
ARM GAS  C:\msys64\tmp\ccPkMsRc.s 			page 19


 1044 01be 1B68     		ldr	r3, [r3]
 1045 01c0 22F40052 		bic	r2, r2, #8192
 1046 01c4 9A60     		str	r2, [r3, #8]
 1047 01c6 FB68     		ldr	r3, [r7, #12]
 1048 01c8 1B68     		ldr	r3, [r3]
 1049 01ca DB68     		ldr	r3, [r3, #12]
 1050 01cc DAB2     		uxtb	r2, r3
 1051 01ce FB68     		ldr	r3, [r7, #12]
 1052 01d0 1B68     		ldr	r3, [r3]
 1053 01d2 62F42072 		orn	r2, r2, #640
 1054 01d6 DA60     		str	r2, [r3, #12]
 1055 01d8 FFF7FEFF 		bl	HAL_GetTick
 1056 01dc B861     		str	r0, [r7, #24]
 1057 01de 13E0     		b	.L62
 1058              	.L63:
 1059 01e0 FFF7FEFF 		bl	HAL_GetTick
 1060 01e4 0246     		mov	r2, r0
 1061 01e6 BB69     		ldr	r3, [r7, #24]
 1062 01e8 D31A     		subs	r3, r2, r3
 1063 01ea B3F57A7F 		cmp	r3, #1000
 1064 01ee 0BD9     		bls	.L62
 1065 01f0 FB68     		ldr	r3, [r7, #12]
 1066 01f2 1B68     		ldr	r3, [r3]
 1067 01f4 FF22     		movs	r2, #255
 1068 01f6 5A62     		str	r2, [r3, #36]
 1069 01f8 FB68     		ldr	r3, [r7, #12]
 1070 01fa 0322     		movs	r2, #3
 1071 01fc 5A77     		strb	r2, [r3, #29]
 1072 01fe FB68     		ldr	r3, [r7, #12]
 1073 0200 0022     		movs	r2, #0
 1074 0202 1A77     		strb	r2, [r3, #28]
 1075 0204 0323     		movs	r3, #3
 1076 0206 21E0     		b	.L53
 1077              	.L62:
 1078 0208 FB68     		ldr	r3, [r7, #12]
 1079 020a 1B68     		ldr	r3, [r3]
 1080 020c DB68     		ldr	r3, [r3, #12]
 1081 020e 03F00203 		and	r3, r3, #2
 1082 0212 002B     		cmp	r3, #0
 1083 0214 E4D0     		beq	.L63
 1084 0216 FB68     		ldr	r3, [r7, #12]
 1085 0218 1B68     		ldr	r3, [r3]
 1086 021a FA69     		ldr	r2, [r7, #28]
 1087 021c 1A62     		str	r2, [r3, #32]
 1088 021e FB68     		ldr	r3, [r7, #12]
 1089 0220 1B68     		ldr	r3, [r3]
 1090 0222 7A69     		ldr	r2, [r7, #20]
 1091 0224 9A64     		str	r2, [r3, #72]
 1092 0226 FB68     		ldr	r3, [r7, #12]
 1093 0228 1B68     		ldr	r3, [r3]
 1094 022a 9A68     		ldr	r2, [r3, #8]
 1095 022c FB68     		ldr	r3, [r7, #12]
 1096 022e 1B68     		ldr	r3, [r3]
 1097 0230 42F40072 		orr	r2, r2, #512
 1098 0234 9A60     		str	r2, [r3, #8]
 1099              	.L61:
 1100 0236 FB68     		ldr	r3, [r7, #12]
ARM GAS  C:\msys64\tmp\ccPkMsRc.s 			page 20


 1101 0238 1B68     		ldr	r3, [r3]
 1102 023a FF22     		movs	r2, #255
 1103 023c 5A62     		str	r2, [r3, #36]
 1104 023e FB68     		ldr	r3, [r7, #12]
 1105 0240 0122     		movs	r2, #1
 1106 0242 5A77     		strb	r2, [r3, #29]
 1107 0244 FB68     		ldr	r3, [r7, #12]
 1108 0246 0022     		movs	r2, #0
 1109 0248 1A77     		strb	r2, [r3, #28]
 1110 024a 0023     		movs	r3, #0
 1111              	.L53:
 1112 024c 1846     		mov	r0, r3
 1113 024e 2437     		adds	r7, r7, #36
 1114 0250 BD46     		mov	sp, r7
 1115              		@ sp needed
 1116 0252 90BD     		pop	{r4, r7, pc}
 1118              		.section	.text.HAL_RTC_SetAlarm_IT,"ax",%progbits
 1119              		.align	1
 1120              		.global	HAL_RTC_SetAlarm_IT
 1121              		.syntax unified
 1122              		.thumb
 1123              		.thumb_func
 1125              	HAL_RTC_SetAlarm_IT:
 1126              		@ args = 0, pretend = 0, frame = 32
 1127              		@ frame_needed = 1, uses_anonymous_args = 0
 1128 0000 90B5     		push	{r4, r7, lr}
 1129 0002 89B0     		sub	sp, sp, #36
 1130 0004 00AF     		add	r7, sp, #0
 1131 0006 F860     		str	r0, [r7, #12]
 1132 0008 B960     		str	r1, [r7, #8]
 1133 000a 7A60     		str	r2, [r7, #4]
 1134 000c 9B4B     		ldr	r3, .L77
 1135 000e 1B68     		ldr	r3, [r3]
 1136 0010 9B4A     		ldr	r2, .L77+4
 1137 0012 A2FB0323 		umull	r2, r3, r2, r3
 1138 0016 DB0A     		lsrs	r3, r3, #11
 1139 0018 4FF47A72 		mov	r2, #1000
 1140 001c 02FB03F3 		mul	r3, r2, r3
 1141 0020 7B61     		str	r3, [r7, #20]
 1142 0022 0023     		movs	r3, #0
 1143 0024 FB61     		str	r3, [r7, #28]
 1144 0026 0023     		movs	r3, #0
 1145 0028 BB61     		str	r3, [r7, #24]
 1146 002a FB68     		ldr	r3, [r7, #12]
 1147 002c 1B7F     		ldrb	r3, [r3, #28]	@ zero_extendqisi2
 1148 002e 012B     		cmp	r3, #1
 1149 0030 01D1     		bne	.L65
 1150 0032 0223     		movs	r3, #2
 1151 0034 1EE1     		b	.L66
 1152              	.L65:
 1153 0036 FB68     		ldr	r3, [r7, #12]
 1154 0038 0122     		movs	r2, #1
 1155 003a 1A77     		strb	r2, [r3, #28]
 1156 003c FB68     		ldr	r3, [r7, #12]
 1157 003e 0222     		movs	r2, #2
 1158 0040 5A77     		strb	r2, [r3, #29]
 1159 0042 7B68     		ldr	r3, [r7, #4]
ARM GAS  C:\msys64\tmp\ccPkMsRc.s 			page 21


 1160 0044 002B     		cmp	r3, #0
 1161 0046 37D1     		bne	.L67
 1162 0048 FB68     		ldr	r3, [r7, #12]
 1163 004a 1B68     		ldr	r3, [r3]
 1164 004c 9B68     		ldr	r3, [r3, #8]
 1165 004e 03F04003 		and	r3, r3, #64
 1166 0052 002B     		cmp	r3, #0
 1167 0054 02D1     		bne	.L68
 1168 0056 BB68     		ldr	r3, [r7, #8]
 1169 0058 0022     		movs	r2, #0
 1170 005a DA70     		strb	r2, [r3, #3]
 1171              	.L68:
 1172 005c BB68     		ldr	r3, [r7, #8]
 1173 005e 1B78     		ldrb	r3, [r3]	@ zero_extendqisi2
 1174 0060 1846     		mov	r0, r3
 1175 0062 FFF7FEFF 		bl	RTC_ByteToBcd2
 1176 0066 0346     		mov	r3, r0
 1177 0068 1C04     		lsls	r4, r3, #16
 1178 006a BB68     		ldr	r3, [r7, #8]
 1179 006c 5B78     		ldrb	r3, [r3, #1]	@ zero_extendqisi2
 1180 006e 1846     		mov	r0, r3
 1181 0070 FFF7FEFF 		bl	RTC_ByteToBcd2
 1182 0074 0346     		mov	r3, r0
 1183 0076 1B02     		lsls	r3, r3, #8
 1184 0078 1C43     		orrs	r4, r4, r3
 1185 007a BB68     		ldr	r3, [r7, #8]
 1186 007c 9B78     		ldrb	r3, [r3, #2]	@ zero_extendqisi2
 1187 007e 1846     		mov	r0, r3
 1188 0080 FFF7FEFF 		bl	RTC_ByteToBcd2
 1189 0084 0346     		mov	r3, r0
 1190 0086 44EA0302 		orr	r2, r4, r3
 1191 008a BB68     		ldr	r3, [r7, #8]
 1192 008c DB78     		ldrb	r3, [r3, #3]	@ zero_extendqisi2
 1193 008e 9B05     		lsls	r3, r3, #22
 1194 0090 42EA0304 		orr	r4, r2, r3
 1195 0094 BB68     		ldr	r3, [r7, #8]
 1196 0096 93F82030 		ldrb	r3, [r3, #32]	@ zero_extendqisi2
 1197 009a 1846     		mov	r0, r3
 1198 009c FFF7FEFF 		bl	RTC_ByteToBcd2
 1199 00a0 0346     		mov	r3, r0
 1200 00a2 1B06     		lsls	r3, r3, #24
 1201 00a4 44EA0302 		orr	r2, r4, r3
 1202 00a8 BB68     		ldr	r3, [r7, #8]
 1203 00aa DB69     		ldr	r3, [r3, #28]
 1204 00ac 1A43     		orrs	r2, r2, r3
 1205 00ae BB68     		ldr	r3, [r7, #8]
 1206 00b0 5B69     		ldr	r3, [r3, #20]
 1207 00b2 1343     		orrs	r3, r3, r2
 1208 00b4 FB61     		str	r3, [r7, #28]
 1209 00b6 23E0     		b	.L69
 1210              	.L67:
 1211 00b8 FB68     		ldr	r3, [r7, #12]
 1212 00ba 1B68     		ldr	r3, [r3]
 1213 00bc 9B68     		ldr	r3, [r3, #8]
 1214 00be 03F04003 		and	r3, r3, #64
 1215 00c2 002B     		cmp	r3, #0
 1216 00c4 02D1     		bne	.L70
ARM GAS  C:\msys64\tmp\ccPkMsRc.s 			page 22


 1217 00c6 BB68     		ldr	r3, [r7, #8]
 1218 00c8 0022     		movs	r2, #0
 1219 00ca DA70     		strb	r2, [r3, #3]
 1220              	.L70:
 1221 00cc BB68     		ldr	r3, [r7, #8]
 1222 00ce 1B78     		ldrb	r3, [r3]	@ zero_extendqisi2
 1223 00d0 1A04     		lsls	r2, r3, #16
 1224 00d2 BB68     		ldr	r3, [r7, #8]
 1225 00d4 5B78     		ldrb	r3, [r3, #1]	@ zero_extendqisi2
 1226 00d6 1B02     		lsls	r3, r3, #8
 1227 00d8 1343     		orrs	r3, r3, r2
 1228 00da BA68     		ldr	r2, [r7, #8]
 1229 00dc 9278     		ldrb	r2, [r2, #2]	@ zero_extendqisi2
 1230 00de 1A43     		orrs	r2, r2, r3
 1231 00e0 BB68     		ldr	r3, [r7, #8]
 1232 00e2 DB78     		ldrb	r3, [r3, #3]	@ zero_extendqisi2
 1233 00e4 9B05     		lsls	r3, r3, #22
 1234 00e6 1A43     		orrs	r2, r2, r3
 1235 00e8 BB68     		ldr	r3, [r7, #8]
 1236 00ea 93F82030 		ldrb	r3, [r3, #32]	@ zero_extendqisi2
 1237 00ee 1B06     		lsls	r3, r3, #24
 1238 00f0 1A43     		orrs	r2, r2, r3
 1239 00f2 BB68     		ldr	r3, [r7, #8]
 1240 00f4 DB69     		ldr	r3, [r3, #28]
 1241 00f6 1A43     		orrs	r2, r2, r3
 1242 00f8 BB68     		ldr	r3, [r7, #8]
 1243 00fa 5B69     		ldr	r3, [r3, #20]
 1244 00fc 1343     		orrs	r3, r3, r2
 1245 00fe FB61     		str	r3, [r7, #28]
 1246              	.L69:
 1247 0100 BB68     		ldr	r3, [r7, #8]
 1248 0102 5A68     		ldr	r2, [r3, #4]
 1249 0104 BB68     		ldr	r3, [r7, #8]
 1250 0106 9B69     		ldr	r3, [r3, #24]
 1251 0108 1343     		orrs	r3, r3, r2
 1252 010a BB61     		str	r3, [r7, #24]
 1253 010c FB68     		ldr	r3, [r7, #12]
 1254 010e 1B68     		ldr	r3, [r3]
 1255 0110 CA22     		movs	r2, #202
 1256 0112 5A62     		str	r2, [r3, #36]
 1257 0114 FB68     		ldr	r3, [r7, #12]
 1258 0116 1B68     		ldr	r3, [r3]
 1259 0118 5322     		movs	r2, #83
 1260 011a 5A62     		str	r2, [r3, #36]
 1261 011c BB68     		ldr	r3, [r7, #8]
 1262 011e 5B6A     		ldr	r3, [r3, #36]
 1263 0120 B3F5807F 		cmp	r3, #256
 1264 0124 42D1     		bne	.L71
 1265 0126 FB68     		ldr	r3, [r7, #12]
 1266 0128 1B68     		ldr	r3, [r3]
 1267 012a 9A68     		ldr	r2, [r3, #8]
 1268 012c FB68     		ldr	r3, [r7, #12]
 1269 012e 1B68     		ldr	r3, [r3]
 1270 0130 22F48072 		bic	r2, r2, #256
 1271 0134 9A60     		str	r2, [r3, #8]
 1272 0136 FB68     		ldr	r3, [r7, #12]
 1273 0138 1B68     		ldr	r3, [r3]
ARM GAS  C:\msys64\tmp\ccPkMsRc.s 			page 23


 1274 013a DB68     		ldr	r3, [r3, #12]
 1275 013c DAB2     		uxtb	r2, r3
 1276 013e FB68     		ldr	r3, [r7, #12]
 1277 0140 1B68     		ldr	r3, [r3]
 1278 0142 62F4C072 		orn	r2, r2, #384
 1279 0146 DA60     		str	r2, [r3, #12]
 1280              	.L73:
 1281 0148 7B69     		ldr	r3, [r7, #20]
 1282 014a 013B     		subs	r3, r3, #1
 1283 014c 7B61     		str	r3, [r7, #20]
 1284 014e 7B69     		ldr	r3, [r7, #20]
 1285 0150 002B     		cmp	r3, #0
 1286 0152 0BD1     		bne	.L72
 1287 0154 FB68     		ldr	r3, [r7, #12]
 1288 0156 1B68     		ldr	r3, [r3]
 1289 0158 FF22     		movs	r2, #255
 1290 015a 5A62     		str	r2, [r3, #36]
 1291 015c FB68     		ldr	r3, [r7, #12]
 1292 015e 0322     		movs	r2, #3
 1293 0160 5A77     		strb	r2, [r3, #29]
 1294 0162 FB68     		ldr	r3, [r7, #12]
 1295 0164 0022     		movs	r2, #0
 1296 0166 1A77     		strb	r2, [r3, #28]
 1297 0168 0323     		movs	r3, #3
 1298 016a 83E0     		b	.L66
 1299              	.L72:
 1300 016c FB68     		ldr	r3, [r7, #12]
 1301 016e 1B68     		ldr	r3, [r3]
 1302 0170 DB68     		ldr	r3, [r3, #12]
 1303 0172 03F00103 		and	r3, r3, #1
 1304 0176 002B     		cmp	r3, #0
 1305 0178 E6D0     		beq	.L73
 1306 017a FB68     		ldr	r3, [r7, #12]
 1307 017c 1B68     		ldr	r3, [r3]
 1308 017e FA69     		ldr	r2, [r7, #28]
 1309 0180 DA61     		str	r2, [r3, #28]
 1310 0182 FB68     		ldr	r3, [r7, #12]
 1311 0184 1B68     		ldr	r3, [r3]
 1312 0186 BA69     		ldr	r2, [r7, #24]
 1313 0188 5A64     		str	r2, [r3, #68]
 1314 018a FB68     		ldr	r3, [r7, #12]
 1315 018c 1B68     		ldr	r3, [r3]
 1316 018e 9A68     		ldr	r2, [r3, #8]
 1317 0190 FB68     		ldr	r3, [r7, #12]
 1318 0192 1B68     		ldr	r3, [r3]
 1319 0194 42F48072 		orr	r2, r2, #256
 1320 0198 9A60     		str	r2, [r3, #8]
 1321 019a FB68     		ldr	r3, [r7, #12]
 1322 019c 1B68     		ldr	r3, [r3]
 1323 019e 9A68     		ldr	r2, [r3, #8]
 1324 01a0 FB68     		ldr	r3, [r7, #12]
 1325 01a2 1B68     		ldr	r3, [r3]
 1326 01a4 42F48052 		orr	r2, r2, #4096
 1327 01a8 9A60     		str	r2, [r3, #8]
 1328 01aa 4CE0     		b	.L74
 1329              	.L71:
 1330 01ac FB68     		ldr	r3, [r7, #12]
ARM GAS  C:\msys64\tmp\ccPkMsRc.s 			page 24


 1331 01ae 1B68     		ldr	r3, [r3]
 1332 01b0 9A68     		ldr	r2, [r3, #8]
 1333 01b2 FB68     		ldr	r3, [r7, #12]
 1334 01b4 1B68     		ldr	r3, [r3]
 1335 01b6 22F40072 		bic	r2, r2, #512
 1336 01ba 9A60     		str	r2, [r3, #8]
 1337 01bc FB68     		ldr	r3, [r7, #12]
 1338 01be 1B68     		ldr	r3, [r3]
 1339 01c0 DB68     		ldr	r3, [r3, #12]
 1340 01c2 DAB2     		uxtb	r2, r3
 1341 01c4 FB68     		ldr	r3, [r7, #12]
 1342 01c6 1B68     		ldr	r3, [r3]
 1343 01c8 62F42072 		orn	r2, r2, #640
 1344 01cc DA60     		str	r2, [r3, #12]
 1345 01ce 2B4B     		ldr	r3, .L77
 1346 01d0 1B68     		ldr	r3, [r3]
 1347 01d2 2B4A     		ldr	r2, .L77+4
 1348 01d4 A2FB0323 		umull	r2, r3, r2, r3
 1349 01d8 DB0A     		lsrs	r3, r3, #11
 1350 01da 4FF47A72 		mov	r2, #1000
 1351 01de 02FB03F3 		mul	r3, r2, r3
 1352 01e2 7B61     		str	r3, [r7, #20]
 1353              	.L76:
 1354 01e4 7B69     		ldr	r3, [r7, #20]
 1355 01e6 013B     		subs	r3, r3, #1
 1356 01e8 7B61     		str	r3, [r7, #20]
 1357 01ea 7B69     		ldr	r3, [r7, #20]
 1358 01ec 002B     		cmp	r3, #0
 1359 01ee 0BD1     		bne	.L75
 1360 01f0 FB68     		ldr	r3, [r7, #12]
 1361 01f2 1B68     		ldr	r3, [r3]
 1362 01f4 FF22     		movs	r2, #255
 1363 01f6 5A62     		str	r2, [r3, #36]
 1364 01f8 FB68     		ldr	r3, [r7, #12]
 1365 01fa 0322     		movs	r2, #3
 1366 01fc 5A77     		strb	r2, [r3, #29]
 1367 01fe FB68     		ldr	r3, [r7, #12]
 1368 0200 0022     		movs	r2, #0
 1369 0202 1A77     		strb	r2, [r3, #28]
 1370 0204 0323     		movs	r3, #3
 1371 0206 35E0     		b	.L66
 1372              	.L75:
 1373 0208 FB68     		ldr	r3, [r7, #12]
 1374 020a 1B68     		ldr	r3, [r3]
 1375 020c DB68     		ldr	r3, [r3, #12]
 1376 020e 03F00203 		and	r3, r3, #2
 1377 0212 002B     		cmp	r3, #0
 1378 0214 E6D0     		beq	.L76
 1379 0216 FB68     		ldr	r3, [r7, #12]
 1380 0218 1B68     		ldr	r3, [r3]
 1381 021a FA69     		ldr	r2, [r7, #28]
 1382 021c 1A62     		str	r2, [r3, #32]
 1383 021e FB68     		ldr	r3, [r7, #12]
 1384 0220 1B68     		ldr	r3, [r3]
 1385 0222 BA69     		ldr	r2, [r7, #24]
 1386 0224 9A64     		str	r2, [r3, #72]
 1387 0226 FB68     		ldr	r3, [r7, #12]
ARM GAS  C:\msys64\tmp\ccPkMsRc.s 			page 25


 1388 0228 1B68     		ldr	r3, [r3]
 1389 022a 9A68     		ldr	r2, [r3, #8]
 1390 022c FB68     		ldr	r3, [r7, #12]
 1391 022e 1B68     		ldr	r3, [r3]
 1392 0230 42F40072 		orr	r2, r2, #512
 1393 0234 9A60     		str	r2, [r3, #8]
 1394 0236 FB68     		ldr	r3, [r7, #12]
 1395 0238 1B68     		ldr	r3, [r3]
 1396 023a 9A68     		ldr	r2, [r3, #8]
 1397 023c FB68     		ldr	r3, [r7, #12]
 1398 023e 1B68     		ldr	r3, [r3]
 1399 0240 42F40052 		orr	r2, r2, #8192
 1400 0244 9A60     		str	r2, [r3, #8]
 1401              	.L74:
 1402 0246 0F4B     		ldr	r3, .L77+8
 1403 0248 1B68     		ldr	r3, [r3]
 1404 024a 0E4A     		ldr	r2, .L77+8
 1405 024c 43F40033 		orr	r3, r3, #131072
 1406 0250 1360     		str	r3, [r2]
 1407 0252 0C4B     		ldr	r3, .L77+8
 1408 0254 9B68     		ldr	r3, [r3, #8]
 1409 0256 0B4A     		ldr	r2, .L77+8
 1410 0258 43F40033 		orr	r3, r3, #131072
 1411 025c 9360     		str	r3, [r2, #8]
 1412 025e FB68     		ldr	r3, [r7, #12]
 1413 0260 1B68     		ldr	r3, [r3]
 1414 0262 FF22     		movs	r2, #255
 1415 0264 5A62     		str	r2, [r3, #36]
 1416 0266 FB68     		ldr	r3, [r7, #12]
 1417 0268 0122     		movs	r2, #1
 1418 026a 5A77     		strb	r2, [r3, #29]
 1419 026c FB68     		ldr	r3, [r7, #12]
 1420 026e 0022     		movs	r2, #0
 1421 0270 1A77     		strb	r2, [r3, #28]
 1422 0272 0023     		movs	r3, #0
 1423              	.L66:
 1424 0274 1846     		mov	r0, r3
 1425 0276 2437     		adds	r7, r7, #36
 1426 0278 BD46     		mov	sp, r7
 1427              		@ sp needed
 1428 027a 90BD     		pop	{r4, r7, pc}
 1429              	.L78:
 1430              		.align	2
 1431              	.L77:
 1432 027c 00000000 		.word	SystemCoreClock
 1433 0280 D34D6210 		.word	274877907
 1434 0284 003C0140 		.word	1073822720
 1436              		.section	.text.HAL_RTC_DeactivateAlarm,"ax",%progbits
 1437              		.align	1
 1438              		.global	HAL_RTC_DeactivateAlarm
 1439              		.syntax unified
 1440              		.thumb
 1441              		.thumb_func
 1443              	HAL_RTC_DeactivateAlarm:
 1444              		@ args = 0, pretend = 0, frame = 16
 1445              		@ frame_needed = 1, uses_anonymous_args = 0
 1446 0000 80B5     		push	{r7, lr}
ARM GAS  C:\msys64\tmp\ccPkMsRc.s 			page 26


 1447 0002 84B0     		sub	sp, sp, #16
 1448 0004 00AF     		add	r7, sp, #0
 1449 0006 7860     		str	r0, [r7, #4]
 1450 0008 3960     		str	r1, [r7]
 1451 000a 0023     		movs	r3, #0
 1452 000c FB60     		str	r3, [r7, #12]
 1453 000e 7B68     		ldr	r3, [r7, #4]
 1454 0010 1B7F     		ldrb	r3, [r3, #28]	@ zero_extendqisi2
 1455 0012 012B     		cmp	r3, #1
 1456 0014 01D1     		bne	.L80
 1457 0016 0223     		movs	r3, #2
 1458 0018 7BE0     		b	.L81
 1459              	.L80:
 1460 001a 7B68     		ldr	r3, [r7, #4]
 1461 001c 0122     		movs	r2, #1
 1462 001e 1A77     		strb	r2, [r3, #28]
 1463 0020 7B68     		ldr	r3, [r7, #4]
 1464 0022 0222     		movs	r2, #2
 1465 0024 5A77     		strb	r2, [r3, #29]
 1466 0026 7B68     		ldr	r3, [r7, #4]
 1467 0028 1B68     		ldr	r3, [r3]
 1468 002a CA22     		movs	r2, #202
 1469 002c 5A62     		str	r2, [r3, #36]
 1470 002e 7B68     		ldr	r3, [r7, #4]
 1471 0030 1B68     		ldr	r3, [r3]
 1472 0032 5322     		movs	r2, #83
 1473 0034 5A62     		str	r2, [r3, #36]
 1474 0036 3B68     		ldr	r3, [r7]
 1475 0038 B3F5807F 		cmp	r3, #256
 1476 003c 2FD1     		bne	.L82
 1477 003e 7B68     		ldr	r3, [r7, #4]
 1478 0040 1B68     		ldr	r3, [r3]
 1479 0042 9A68     		ldr	r2, [r3, #8]
 1480 0044 7B68     		ldr	r3, [r7, #4]
 1481 0046 1B68     		ldr	r3, [r3]
 1482 0048 22F48072 		bic	r2, r2, #256
 1483 004c 9A60     		str	r2, [r3, #8]
 1484 004e 7B68     		ldr	r3, [r7, #4]
 1485 0050 1B68     		ldr	r3, [r3]
 1486 0052 9A68     		ldr	r2, [r3, #8]
 1487 0054 7B68     		ldr	r3, [r7, #4]
 1488 0056 1B68     		ldr	r3, [r3]
 1489 0058 22F48052 		bic	r2, r2, #4096
 1490 005c 9A60     		str	r2, [r3, #8]
 1491 005e FFF7FEFF 		bl	HAL_GetTick
 1492 0062 F860     		str	r0, [r7, #12]
 1493 0064 13E0     		b	.L83
 1494              	.L84:
 1495 0066 FFF7FEFF 		bl	HAL_GetTick
 1496 006a 0246     		mov	r2, r0
 1497 006c FB68     		ldr	r3, [r7, #12]
 1498 006e D31A     		subs	r3, r2, r3
 1499 0070 B3F57A7F 		cmp	r3, #1000
 1500 0074 0BD9     		bls	.L83
 1501 0076 7B68     		ldr	r3, [r7, #4]
 1502 0078 1B68     		ldr	r3, [r3]
 1503 007a FF22     		movs	r2, #255
ARM GAS  C:\msys64\tmp\ccPkMsRc.s 			page 27


 1504 007c 5A62     		str	r2, [r3, #36]
 1505 007e 7B68     		ldr	r3, [r7, #4]
 1506 0080 0322     		movs	r2, #3
 1507 0082 5A77     		strb	r2, [r3, #29]
 1508 0084 7B68     		ldr	r3, [r7, #4]
 1509 0086 0022     		movs	r2, #0
 1510 0088 1A77     		strb	r2, [r3, #28]
 1511 008a 0323     		movs	r3, #3
 1512 008c 41E0     		b	.L81
 1513              	.L83:
 1514 008e 7B68     		ldr	r3, [r7, #4]
 1515 0090 1B68     		ldr	r3, [r3]
 1516 0092 DB68     		ldr	r3, [r3, #12]
 1517 0094 03F00103 		and	r3, r3, #1
 1518 0098 002B     		cmp	r3, #0
 1519 009a E4D0     		beq	.L84
 1520 009c 2EE0     		b	.L85
 1521              	.L82:
 1522 009e 7B68     		ldr	r3, [r7, #4]
 1523 00a0 1B68     		ldr	r3, [r3]
 1524 00a2 9A68     		ldr	r2, [r3, #8]
 1525 00a4 7B68     		ldr	r3, [r7, #4]
 1526 00a6 1B68     		ldr	r3, [r3]
 1527 00a8 22F40072 		bic	r2, r2, #512
 1528 00ac 9A60     		str	r2, [r3, #8]
 1529 00ae 7B68     		ldr	r3, [r7, #4]
 1530 00b0 1B68     		ldr	r3, [r3]
 1531 00b2 9A68     		ldr	r2, [r3, #8]
 1532 00b4 7B68     		ldr	r3, [r7, #4]
 1533 00b6 1B68     		ldr	r3, [r3]
 1534 00b8 22F40052 		bic	r2, r2, #8192
 1535 00bc 9A60     		str	r2, [r3, #8]
 1536 00be FFF7FEFF 		bl	HAL_GetTick
 1537 00c2 F860     		str	r0, [r7, #12]
 1538 00c4 13E0     		b	.L86
 1539              	.L87:
 1540 00c6 FFF7FEFF 		bl	HAL_GetTick
 1541 00ca 0246     		mov	r2, r0
 1542 00cc FB68     		ldr	r3, [r7, #12]
 1543 00ce D31A     		subs	r3, r2, r3
 1544 00d0 B3F57A7F 		cmp	r3, #1000
 1545 00d4 0BD9     		bls	.L86
 1546 00d6 7B68     		ldr	r3, [r7, #4]
 1547 00d8 1B68     		ldr	r3, [r3]
 1548 00da FF22     		movs	r2, #255
 1549 00dc 5A62     		str	r2, [r3, #36]
 1550 00de 7B68     		ldr	r3, [r7, #4]
 1551 00e0 0322     		movs	r2, #3
 1552 00e2 5A77     		strb	r2, [r3, #29]
 1553 00e4 7B68     		ldr	r3, [r7, #4]
 1554 00e6 0022     		movs	r2, #0
 1555 00e8 1A77     		strb	r2, [r3, #28]
 1556 00ea 0323     		movs	r3, #3
 1557 00ec 11E0     		b	.L81
 1558              	.L86:
 1559 00ee 7B68     		ldr	r3, [r7, #4]
 1560 00f0 1B68     		ldr	r3, [r3]
ARM GAS  C:\msys64\tmp\ccPkMsRc.s 			page 28


 1561 00f2 DB68     		ldr	r3, [r3, #12]
 1562 00f4 03F00203 		and	r3, r3, #2
 1563 00f8 002B     		cmp	r3, #0
 1564 00fa E4D0     		beq	.L87
 1565              	.L85:
 1566 00fc 7B68     		ldr	r3, [r7, #4]
 1567 00fe 1B68     		ldr	r3, [r3]
 1568 0100 FF22     		movs	r2, #255
 1569 0102 5A62     		str	r2, [r3, #36]
 1570 0104 7B68     		ldr	r3, [r7, #4]
 1571 0106 0122     		movs	r2, #1
 1572 0108 5A77     		strb	r2, [r3, #29]
 1573 010a 7B68     		ldr	r3, [r7, #4]
 1574 010c 0022     		movs	r2, #0
 1575 010e 1A77     		strb	r2, [r3, #28]
 1576 0110 0023     		movs	r3, #0
 1577              	.L81:
 1578 0112 1846     		mov	r0, r3
 1579 0114 1037     		adds	r7, r7, #16
 1580 0116 BD46     		mov	sp, r7
 1581              		@ sp needed
 1582 0118 80BD     		pop	{r7, pc}
 1584              		.section	.text.HAL_RTC_GetAlarm,"ax",%progbits
 1585              		.align	1
 1586              		.global	HAL_RTC_GetAlarm
 1587              		.syntax unified
 1588              		.thumb
 1589              		.thumb_func
 1591              	HAL_RTC_GetAlarm:
 1592              		@ args = 0, pretend = 0, frame = 24
 1593              		@ frame_needed = 1, uses_anonymous_args = 0
 1594 0000 80B5     		push	{r7, lr}
 1595 0002 86B0     		sub	sp, sp, #24
 1596 0004 00AF     		add	r7, sp, #0
 1597 0006 F860     		str	r0, [r7, #12]
 1598 0008 B960     		str	r1, [r7, #8]
 1599 000a 7A60     		str	r2, [r7, #4]
 1600 000c 3B60     		str	r3, [r7]
 1601 000e 0023     		movs	r3, #0
 1602 0010 7B61     		str	r3, [r7, #20]
 1603 0012 0023     		movs	r3, #0
 1604 0014 3B61     		str	r3, [r7, #16]
 1605 0016 7B68     		ldr	r3, [r7, #4]
 1606 0018 B3F5807F 		cmp	r3, #256
 1607 001c 0ED1     		bne	.L89
 1608 001e BB68     		ldr	r3, [r7, #8]
 1609 0020 4FF48072 		mov	r2, #256
 1610 0024 5A62     		str	r2, [r3, #36]
 1611 0026 FB68     		ldr	r3, [r7, #12]
 1612 0028 1B68     		ldr	r3, [r3]
 1613 002a DB69     		ldr	r3, [r3, #28]
 1614 002c 7B61     		str	r3, [r7, #20]
 1615 002e FB68     		ldr	r3, [r7, #12]
 1616 0030 1B68     		ldr	r3, [r3]
 1617 0032 5B6C     		ldr	r3, [r3, #68]
 1618 0034 C3F30E03 		ubfx	r3, r3, #0, #15
 1619 0038 3B61     		str	r3, [r7, #16]
ARM GAS  C:\msys64\tmp\ccPkMsRc.s 			page 29


 1620 003a 0DE0     		b	.L90
 1621              	.L89:
 1622 003c BB68     		ldr	r3, [r7, #8]
 1623 003e 4FF40072 		mov	r2, #512
 1624 0042 5A62     		str	r2, [r3, #36]
 1625 0044 FB68     		ldr	r3, [r7, #12]
 1626 0046 1B68     		ldr	r3, [r3]
 1627 0048 1B6A     		ldr	r3, [r3, #32]
 1628 004a 7B61     		str	r3, [r7, #20]
 1629 004c FB68     		ldr	r3, [r7, #12]
 1630 004e 1B68     		ldr	r3, [r3]
 1631 0050 9B6C     		ldr	r3, [r3, #72]
 1632 0052 C3F30E03 		ubfx	r3, r3, #0, #15
 1633 0056 3B61     		str	r3, [r7, #16]
 1634              	.L90:
 1635 0058 7B69     		ldr	r3, [r7, #20]
 1636 005a 1B0C     		lsrs	r3, r3, #16
 1637 005c DBB2     		uxtb	r3, r3
 1638 005e 03F03F03 		and	r3, r3, #63
 1639 0062 DAB2     		uxtb	r2, r3
 1640 0064 BB68     		ldr	r3, [r7, #8]
 1641 0066 1A70     		strb	r2, [r3]
 1642 0068 7B69     		ldr	r3, [r7, #20]
 1643 006a 1B0A     		lsrs	r3, r3, #8
 1644 006c DBB2     		uxtb	r3, r3
 1645 006e 03F07F03 		and	r3, r3, #127
 1646 0072 DAB2     		uxtb	r2, r3
 1647 0074 BB68     		ldr	r3, [r7, #8]
 1648 0076 5A70     		strb	r2, [r3, #1]
 1649 0078 7B69     		ldr	r3, [r7, #20]
 1650 007a DBB2     		uxtb	r3, r3
 1651 007c 03F07F03 		and	r3, r3, #127
 1652 0080 DAB2     		uxtb	r2, r3
 1653 0082 BB68     		ldr	r3, [r7, #8]
 1654 0084 9A70     		strb	r2, [r3, #2]
 1655 0086 7B69     		ldr	r3, [r7, #20]
 1656 0088 9B0D     		lsrs	r3, r3, #22
 1657 008a DBB2     		uxtb	r3, r3
 1658 008c 03F00103 		and	r3, r3, #1
 1659 0090 DAB2     		uxtb	r2, r3
 1660 0092 BB68     		ldr	r3, [r7, #8]
 1661 0094 DA70     		strb	r2, [r3, #3]
 1662 0096 BB68     		ldr	r3, [r7, #8]
 1663 0098 3A69     		ldr	r2, [r7, #16]
 1664 009a 5A60     		str	r2, [r3, #4]
 1665 009c 7B69     		ldr	r3, [r7, #20]
 1666 009e 1B0E     		lsrs	r3, r3, #24
 1667 00a0 DBB2     		uxtb	r3, r3
 1668 00a2 03F03F03 		and	r3, r3, #63
 1669 00a6 DAB2     		uxtb	r2, r3
 1670 00a8 BB68     		ldr	r3, [r7, #8]
 1671 00aa 83F82020 		strb	r2, [r3, #32]
 1672 00ae 7B69     		ldr	r3, [r7, #20]
 1673 00b0 03F08042 		and	r2, r3, #1073741824
 1674 00b4 BB68     		ldr	r3, [r7, #8]
 1675 00b6 DA61     		str	r2, [r3, #28]
 1676 00b8 7B69     		ldr	r3, [r7, #20]
ARM GAS  C:\msys64\tmp\ccPkMsRc.s 			page 30


 1677 00ba 03F08032 		and	r2, r3, #-2139062144
 1678 00be BB68     		ldr	r3, [r7, #8]
 1679 00c0 5A61     		str	r2, [r3, #20]
 1680 00c2 3B68     		ldr	r3, [r7]
 1681 00c4 002B     		cmp	r3, #0
 1682 00c6 25D1     		bne	.L91
 1683 00c8 BB68     		ldr	r3, [r7, #8]
 1684 00ca 1B78     		ldrb	r3, [r3]	@ zero_extendqisi2
 1685 00cc 1846     		mov	r0, r3
 1686 00ce FFF7FEFF 		bl	RTC_Bcd2ToByte
 1687 00d2 0346     		mov	r3, r0
 1688 00d4 1A46     		mov	r2, r3
 1689 00d6 BB68     		ldr	r3, [r7, #8]
 1690 00d8 1A70     		strb	r2, [r3]
 1691 00da BB68     		ldr	r3, [r7, #8]
 1692 00dc 5B78     		ldrb	r3, [r3, #1]	@ zero_extendqisi2
 1693 00de 1846     		mov	r0, r3
 1694 00e0 FFF7FEFF 		bl	RTC_Bcd2ToByte
 1695 00e4 0346     		mov	r3, r0
 1696 00e6 1A46     		mov	r2, r3
 1697 00e8 BB68     		ldr	r3, [r7, #8]
 1698 00ea 5A70     		strb	r2, [r3, #1]
 1699 00ec BB68     		ldr	r3, [r7, #8]
 1700 00ee 9B78     		ldrb	r3, [r3, #2]	@ zero_extendqisi2
 1701 00f0 1846     		mov	r0, r3
 1702 00f2 FFF7FEFF 		bl	RTC_Bcd2ToByte
 1703 00f6 0346     		mov	r3, r0
 1704 00f8 1A46     		mov	r2, r3
 1705 00fa BB68     		ldr	r3, [r7, #8]
 1706 00fc 9A70     		strb	r2, [r3, #2]
 1707 00fe BB68     		ldr	r3, [r7, #8]
 1708 0100 93F82030 		ldrb	r3, [r3, #32]	@ zero_extendqisi2
 1709 0104 1846     		mov	r0, r3
 1710 0106 FFF7FEFF 		bl	RTC_Bcd2ToByte
 1711 010a 0346     		mov	r3, r0
 1712 010c 1A46     		mov	r2, r3
 1713 010e BB68     		ldr	r3, [r7, #8]
 1714 0110 83F82020 		strb	r2, [r3, #32]
 1715              	.L91:
 1716 0114 0023     		movs	r3, #0
 1717 0116 1846     		mov	r0, r3
 1718 0118 1837     		adds	r7, r7, #24
 1719 011a BD46     		mov	sp, r7
 1720              		@ sp needed
 1721 011c 80BD     		pop	{r7, pc}
 1723              		.section	.text.HAL_RTC_AlarmIRQHandler,"ax",%progbits
 1724              		.align	1
 1725              		.global	HAL_RTC_AlarmIRQHandler
 1726              		.syntax unified
 1727              		.thumb
 1728              		.thumb_func
 1730              	HAL_RTC_AlarmIRQHandler:
 1731              		@ args = 0, pretend = 0, frame = 8
 1732              		@ frame_needed = 1, uses_anonymous_args = 0
 1733 0000 80B5     		push	{r7, lr}
 1734 0002 82B0     		sub	sp, sp, #8
 1735 0004 00AF     		add	r7, sp, #0
ARM GAS  C:\msys64\tmp\ccPkMsRc.s 			page 31


 1736 0006 7860     		str	r0, [r7, #4]
 1737 0008 1F4B     		ldr	r3, .L96
 1738 000a 4FF40032 		mov	r2, #131072
 1739 000e 5A61     		str	r2, [r3, #20]
 1740 0010 7B68     		ldr	r3, [r7, #4]
 1741 0012 1B68     		ldr	r3, [r3]
 1742 0014 9B68     		ldr	r3, [r3, #8]
 1743 0016 03F48053 		and	r3, r3, #4096
 1744 001a 002B     		cmp	r3, #0
 1745 001c 12D0     		beq	.L94
 1746 001e 7B68     		ldr	r3, [r7, #4]
 1747 0020 1B68     		ldr	r3, [r3]
 1748 0022 DB68     		ldr	r3, [r3, #12]
 1749 0024 03F48073 		and	r3, r3, #256
 1750 0028 002B     		cmp	r3, #0
 1751 002a 0BD0     		beq	.L94
 1752 002c 7B68     		ldr	r3, [r7, #4]
 1753 002e 1B68     		ldr	r3, [r3]
 1754 0030 DB68     		ldr	r3, [r3, #12]
 1755 0032 DAB2     		uxtb	r2, r3
 1756 0034 7B68     		ldr	r3, [r7, #4]
 1757 0036 1B68     		ldr	r3, [r3]
 1758 0038 62F4C072 		orn	r2, r2, #384
 1759 003c DA60     		str	r2, [r3, #12]
 1760 003e 7868     		ldr	r0, [r7, #4]
 1761 0040 FFF7FEFF 		bl	HAL_RTC_AlarmAEventCallback
 1762              	.L94:
 1763 0044 7B68     		ldr	r3, [r7, #4]
 1764 0046 1B68     		ldr	r3, [r3]
 1765 0048 9B68     		ldr	r3, [r3, #8]
 1766 004a 03F40053 		and	r3, r3, #8192
 1767 004e 002B     		cmp	r3, #0
 1768 0050 12D0     		beq	.L95
 1769 0052 7B68     		ldr	r3, [r7, #4]
 1770 0054 1B68     		ldr	r3, [r3]
 1771 0056 DB68     		ldr	r3, [r3, #12]
 1772 0058 03F40073 		and	r3, r3, #512
 1773 005c 002B     		cmp	r3, #0
 1774 005e 0BD0     		beq	.L95
 1775 0060 7B68     		ldr	r3, [r7, #4]
 1776 0062 1B68     		ldr	r3, [r3]
 1777 0064 DB68     		ldr	r3, [r3, #12]
 1778 0066 DAB2     		uxtb	r2, r3
 1779 0068 7B68     		ldr	r3, [r7, #4]
 1780 006a 1B68     		ldr	r3, [r3]
 1781 006c 62F42072 		orn	r2, r2, #640
 1782 0070 DA60     		str	r2, [r3, #12]
 1783 0072 7868     		ldr	r0, [r7, #4]
 1784 0074 FFF7FEFF 		bl	HAL_RTCEx_AlarmBEventCallback
 1785              	.L95:
 1786 0078 7B68     		ldr	r3, [r7, #4]
 1787 007a 0122     		movs	r2, #1
 1788 007c 5A77     		strb	r2, [r3, #29]
 1789 007e 00BF     		nop
 1790 0080 0837     		adds	r7, r7, #8
 1791 0082 BD46     		mov	sp, r7
 1792              		@ sp needed
ARM GAS  C:\msys64\tmp\ccPkMsRc.s 			page 32


 1793 0084 80BD     		pop	{r7, pc}
 1794              	.L97:
 1795 0086 00BF     		.align	2
 1796              	.L96:
 1797 0088 003C0140 		.word	1073822720
 1799              		.section	.text.HAL_RTC_AlarmAEventCallback,"ax",%progbits
 1800              		.align	1
 1801              		.weak	HAL_RTC_AlarmAEventCallback
 1802              		.syntax unified
 1803              		.thumb
 1804              		.thumb_func
 1806              	HAL_RTC_AlarmAEventCallback:
 1807              		@ args = 0, pretend = 0, frame = 8
 1808              		@ frame_needed = 1, uses_anonymous_args = 0
 1809              		@ link register save eliminated.
 1810 0000 80B4     		push	{r7}
 1811 0002 83B0     		sub	sp, sp, #12
 1812 0004 00AF     		add	r7, sp, #0
 1813 0006 7860     		str	r0, [r7, #4]
 1814 0008 00BF     		nop
 1815 000a 0C37     		adds	r7, r7, #12
 1816 000c BD46     		mov	sp, r7
 1817              		@ sp needed
 1818 000e 5DF8047B 		ldr	r7, [sp], #4
 1819 0012 7047     		bx	lr
 1821              		.section	.text.HAL_RTC_PollForAlarmAEvent,"ax",%progbits
 1822              		.align	1
 1823              		.global	HAL_RTC_PollForAlarmAEvent
 1824              		.syntax unified
 1825              		.thumb
 1826              		.thumb_func
 1828              	HAL_RTC_PollForAlarmAEvent:
 1829              		@ args = 0, pretend = 0, frame = 16
 1830              		@ frame_needed = 1, uses_anonymous_args = 0
 1831 0000 80B5     		push	{r7, lr}
 1832 0002 84B0     		sub	sp, sp, #16
 1833 0004 00AF     		add	r7, sp, #0
 1834 0006 7860     		str	r0, [r7, #4]
 1835 0008 3960     		str	r1, [r7]
 1836 000a 0023     		movs	r3, #0
 1837 000c FB60     		str	r3, [r7, #12]
 1838 000e FFF7FEFF 		bl	HAL_GetTick
 1839 0012 F860     		str	r0, [r7, #12]
 1840 0014 13E0     		b	.L101
 1841              	.L104:
 1842 0016 3B68     		ldr	r3, [r7]
 1843 0018 B3F1FF3F 		cmp	r3, #-1
 1844 001c 0FD0     		beq	.L101
 1845 001e 3B68     		ldr	r3, [r7]
 1846 0020 002B     		cmp	r3, #0
 1847 0022 07D0     		beq	.L102
 1848 0024 FFF7FEFF 		bl	HAL_GetTick
 1849 0028 0246     		mov	r2, r0
 1850 002a FB68     		ldr	r3, [r7, #12]
 1851 002c D31A     		subs	r3, r2, r3
 1852 002e 3A68     		ldr	r2, [r7]
 1853 0030 9A42     		cmp	r2, r3
ARM GAS  C:\msys64\tmp\ccPkMsRc.s 			page 33


 1854 0032 04D2     		bcs	.L101
 1855              	.L102:
 1856 0034 7B68     		ldr	r3, [r7, #4]
 1857 0036 0322     		movs	r2, #3
 1858 0038 5A77     		strb	r2, [r3, #29]
 1859 003a 0323     		movs	r3, #3
 1860 003c 13E0     		b	.L103
 1861              	.L101:
 1862 003e 7B68     		ldr	r3, [r7, #4]
 1863 0040 1B68     		ldr	r3, [r3]
 1864 0042 DB68     		ldr	r3, [r3, #12]
 1865 0044 03F48073 		and	r3, r3, #256
 1866 0048 002B     		cmp	r3, #0
 1867 004a E4D0     		beq	.L104
 1868 004c 7B68     		ldr	r3, [r7, #4]
 1869 004e 1B68     		ldr	r3, [r3]
 1870 0050 DB68     		ldr	r3, [r3, #12]
 1871 0052 DAB2     		uxtb	r2, r3
 1872 0054 7B68     		ldr	r3, [r7, #4]
 1873 0056 1B68     		ldr	r3, [r3]
 1874 0058 62F4C072 		orn	r2, r2, #384
 1875 005c DA60     		str	r2, [r3, #12]
 1876 005e 7B68     		ldr	r3, [r7, #4]
 1877 0060 0122     		movs	r2, #1
 1878 0062 5A77     		strb	r2, [r3, #29]
 1879 0064 0023     		movs	r3, #0
 1880              	.L103:
 1881 0066 1846     		mov	r0, r3
 1882 0068 1037     		adds	r7, r7, #16
 1883 006a BD46     		mov	sp, r7
 1884              		@ sp needed
 1885 006c 80BD     		pop	{r7, pc}
 1887              		.section	.text.HAL_RTC_WaitForSynchro,"ax",%progbits
 1888              		.align	1
 1889              		.global	HAL_RTC_WaitForSynchro
 1890              		.syntax unified
 1891              		.thumb
 1892              		.thumb_func
 1894              	HAL_RTC_WaitForSynchro:
 1895              		@ args = 0, pretend = 0, frame = 16
 1896              		@ frame_needed = 1, uses_anonymous_args = 0
 1897 0000 80B5     		push	{r7, lr}
 1898 0002 84B0     		sub	sp, sp, #16
 1899 0004 00AF     		add	r7, sp, #0
 1900 0006 7860     		str	r0, [r7, #4]
 1901 0008 0023     		movs	r3, #0
 1902 000a FB60     		str	r3, [r7, #12]
 1903 000c 7B68     		ldr	r3, [r7, #4]
 1904 000e 1B68     		ldr	r3, [r3]
 1905 0010 0D4A     		ldr	r2, .L109
 1906 0012 DA60     		str	r2, [r3, #12]
 1907 0014 FFF7FEFF 		bl	HAL_GetTick
 1908 0018 F860     		str	r0, [r7, #12]
 1909 001a 09E0     		b	.L106
 1910              	.L108:
 1911 001c FFF7FEFF 		bl	HAL_GetTick
 1912 0020 0246     		mov	r2, r0
ARM GAS  C:\msys64\tmp\ccPkMsRc.s 			page 34


 1913 0022 FB68     		ldr	r3, [r7, #12]
 1914 0024 D31A     		subs	r3, r2, r3
 1915 0026 B3F57A7F 		cmp	r3, #1000
 1916 002a 01D9     		bls	.L106
 1917 002c 0323     		movs	r3, #3
 1918 002e 07E0     		b	.L107
 1919              	.L106:
 1920 0030 7B68     		ldr	r3, [r7, #4]
 1921 0032 1B68     		ldr	r3, [r3]
 1922 0034 DB68     		ldr	r3, [r3, #12]
 1923 0036 03F02003 		and	r3, r3, #32
 1924 003a 002B     		cmp	r3, #0
 1925 003c EED0     		beq	.L108
 1926 003e 0023     		movs	r3, #0
 1927              	.L107:
 1928 0040 1846     		mov	r0, r3
 1929 0042 1037     		adds	r7, r7, #16
 1930 0044 BD46     		mov	sp, r7
 1931              		@ sp needed
 1932 0046 80BD     		pop	{r7, pc}
 1933              	.L110:
 1934              		.align	2
 1935              	.L109:
 1936 0048 5FFF0100 		.word	130911
 1938              		.section	.text.HAL_RTC_DST_Add1Hour,"ax",%progbits
 1939              		.align	1
 1940              		.global	HAL_RTC_DST_Add1Hour
 1941              		.syntax unified
 1942              		.thumb
 1943              		.thumb_func
 1945              	HAL_RTC_DST_Add1Hour:
 1946              		@ args = 0, pretend = 0, frame = 8
 1947              		@ frame_needed = 1, uses_anonymous_args = 0
 1948              		@ link register save eliminated.
 1949 0000 80B4     		push	{r7}
 1950 0002 83B0     		sub	sp, sp, #12
 1951 0004 00AF     		add	r7, sp, #0
 1952 0006 7860     		str	r0, [r7, #4]
 1953 0008 7B68     		ldr	r3, [r7, #4]
 1954 000a 1B68     		ldr	r3, [r3]
 1955 000c CA22     		movs	r2, #202
 1956 000e 5A62     		str	r2, [r3, #36]
 1957 0010 7B68     		ldr	r3, [r7, #4]
 1958 0012 1B68     		ldr	r3, [r3]
 1959 0014 5322     		movs	r2, #83
 1960 0016 5A62     		str	r2, [r3, #36]
 1961 0018 7B68     		ldr	r3, [r7, #4]
 1962 001a 1B68     		ldr	r3, [r3]
 1963 001c 9A68     		ldr	r2, [r3, #8]
 1964 001e 7B68     		ldr	r3, [r7, #4]
 1965 0020 1B68     		ldr	r3, [r3]
 1966 0022 42F48032 		orr	r2, r2, #65536
 1967 0026 9A60     		str	r2, [r3, #8]
 1968 0028 7B68     		ldr	r3, [r7, #4]
 1969 002a 1B68     		ldr	r3, [r3]
 1970 002c FF22     		movs	r2, #255
 1971 002e 5A62     		str	r2, [r3, #36]
ARM GAS  C:\msys64\tmp\ccPkMsRc.s 			page 35


 1972 0030 00BF     		nop
 1973 0032 0C37     		adds	r7, r7, #12
 1974 0034 BD46     		mov	sp, r7
 1975              		@ sp needed
 1976 0036 5DF8047B 		ldr	r7, [sp], #4
 1977 003a 7047     		bx	lr
 1979              		.section	.text.HAL_RTC_DST_Sub1Hour,"ax",%progbits
 1980              		.align	1
 1981              		.global	HAL_RTC_DST_Sub1Hour
 1982              		.syntax unified
 1983              		.thumb
 1984              		.thumb_func
 1986              	HAL_RTC_DST_Sub1Hour:
 1987              		@ args = 0, pretend = 0, frame = 8
 1988              		@ frame_needed = 1, uses_anonymous_args = 0
 1989              		@ link register save eliminated.
 1990 0000 80B4     		push	{r7}
 1991 0002 83B0     		sub	sp, sp, #12
 1992 0004 00AF     		add	r7, sp, #0
 1993 0006 7860     		str	r0, [r7, #4]
 1994 0008 7B68     		ldr	r3, [r7, #4]
 1995 000a 1B68     		ldr	r3, [r3]
 1996 000c CA22     		movs	r2, #202
 1997 000e 5A62     		str	r2, [r3, #36]
 1998 0010 7B68     		ldr	r3, [r7, #4]
 1999 0012 1B68     		ldr	r3, [r3]
 2000 0014 5322     		movs	r2, #83
 2001 0016 5A62     		str	r2, [r3, #36]
 2002 0018 7B68     		ldr	r3, [r7, #4]
 2003 001a 1B68     		ldr	r3, [r3]
 2004 001c 9A68     		ldr	r2, [r3, #8]
 2005 001e 7B68     		ldr	r3, [r7, #4]
 2006 0020 1B68     		ldr	r3, [r3]
 2007 0022 42F40032 		orr	r2, r2, #131072
 2008 0026 9A60     		str	r2, [r3, #8]
 2009 0028 7B68     		ldr	r3, [r7, #4]
 2010 002a 1B68     		ldr	r3, [r3]
 2011 002c FF22     		movs	r2, #255
 2012 002e 5A62     		str	r2, [r3, #36]
 2013 0030 00BF     		nop
 2014 0032 0C37     		adds	r7, r7, #12
 2015 0034 BD46     		mov	sp, r7
 2016              		@ sp needed
 2017 0036 5DF8047B 		ldr	r7, [sp], #4
 2018 003a 7047     		bx	lr
 2020              		.section	.text.HAL_RTC_DST_SetStoreOperation,"ax",%progbits
 2021              		.align	1
 2022              		.global	HAL_RTC_DST_SetStoreOperation
 2023              		.syntax unified
 2024              		.thumb
 2025              		.thumb_func
 2027              	HAL_RTC_DST_SetStoreOperation:
 2028              		@ args = 0, pretend = 0, frame = 8
 2029              		@ frame_needed = 1, uses_anonymous_args = 0
 2030              		@ link register save eliminated.
 2031 0000 80B4     		push	{r7}
 2032 0002 83B0     		sub	sp, sp, #12
ARM GAS  C:\msys64\tmp\ccPkMsRc.s 			page 36


 2033 0004 00AF     		add	r7, sp, #0
 2034 0006 7860     		str	r0, [r7, #4]
 2035 0008 7B68     		ldr	r3, [r7, #4]
 2036 000a 1B68     		ldr	r3, [r3]
 2037 000c CA22     		movs	r2, #202
 2038 000e 5A62     		str	r2, [r3, #36]
 2039 0010 7B68     		ldr	r3, [r7, #4]
 2040 0012 1B68     		ldr	r3, [r3]
 2041 0014 5322     		movs	r2, #83
 2042 0016 5A62     		str	r2, [r3, #36]
 2043 0018 7B68     		ldr	r3, [r7, #4]
 2044 001a 1B68     		ldr	r3, [r3]
 2045 001c 9A68     		ldr	r2, [r3, #8]
 2046 001e 7B68     		ldr	r3, [r7, #4]
 2047 0020 1B68     		ldr	r3, [r3]
 2048 0022 42F48022 		orr	r2, r2, #262144
 2049 0026 9A60     		str	r2, [r3, #8]
 2050 0028 7B68     		ldr	r3, [r7, #4]
 2051 002a 1B68     		ldr	r3, [r3]
 2052 002c FF22     		movs	r2, #255
 2053 002e 5A62     		str	r2, [r3, #36]
 2054 0030 00BF     		nop
 2055 0032 0C37     		adds	r7, r7, #12
 2056 0034 BD46     		mov	sp, r7
 2057              		@ sp needed
 2058 0036 5DF8047B 		ldr	r7, [sp], #4
 2059 003a 7047     		bx	lr
 2061              		.section	.text.HAL_RTC_DST_ClearStoreOperation,"ax",%progbits
 2062              		.align	1
 2063              		.global	HAL_RTC_DST_ClearStoreOperation
 2064              		.syntax unified
 2065              		.thumb
 2066              		.thumb_func
 2068              	HAL_RTC_DST_ClearStoreOperation:
 2069              		@ args = 0, pretend = 0, frame = 8
 2070              		@ frame_needed = 1, uses_anonymous_args = 0
 2071              		@ link register save eliminated.
 2072 0000 80B4     		push	{r7}
 2073 0002 83B0     		sub	sp, sp, #12
 2074 0004 00AF     		add	r7, sp, #0
 2075 0006 7860     		str	r0, [r7, #4]
 2076 0008 7B68     		ldr	r3, [r7, #4]
 2077 000a 1B68     		ldr	r3, [r3]
 2078 000c CA22     		movs	r2, #202
 2079 000e 5A62     		str	r2, [r3, #36]
 2080 0010 7B68     		ldr	r3, [r7, #4]
 2081 0012 1B68     		ldr	r3, [r3]
 2082 0014 5322     		movs	r2, #83
 2083 0016 5A62     		str	r2, [r3, #36]
 2084 0018 7B68     		ldr	r3, [r7, #4]
 2085 001a 1B68     		ldr	r3, [r3]
 2086 001c 9A68     		ldr	r2, [r3, #8]
 2087 001e 7B68     		ldr	r3, [r7, #4]
 2088 0020 1B68     		ldr	r3, [r3]
 2089 0022 22F48022 		bic	r2, r2, #262144
 2090 0026 9A60     		str	r2, [r3, #8]
 2091 0028 7B68     		ldr	r3, [r7, #4]
ARM GAS  C:\msys64\tmp\ccPkMsRc.s 			page 37


 2092 002a 1B68     		ldr	r3, [r3]
 2093 002c FF22     		movs	r2, #255
 2094 002e 5A62     		str	r2, [r3, #36]
 2095 0030 00BF     		nop
 2096 0032 0C37     		adds	r7, r7, #12
 2097 0034 BD46     		mov	sp, r7
 2098              		@ sp needed
 2099 0036 5DF8047B 		ldr	r7, [sp], #4
 2100 003a 7047     		bx	lr
 2102              		.section	.text.HAL_RTC_DST_ReadStoreOperation,"ax",%progbits
 2103              		.align	1
 2104              		.global	HAL_RTC_DST_ReadStoreOperation
 2105              		.syntax unified
 2106              		.thumb
 2107              		.thumb_func
 2109              	HAL_RTC_DST_ReadStoreOperation:
 2110              		@ args = 0, pretend = 0, frame = 8
 2111              		@ frame_needed = 1, uses_anonymous_args = 0
 2112              		@ link register save eliminated.
 2113 0000 80B4     		push	{r7}
 2114 0002 83B0     		sub	sp, sp, #12
 2115 0004 00AF     		add	r7, sp, #0
 2116 0006 7860     		str	r0, [r7, #4]
 2117 0008 7B68     		ldr	r3, [r7, #4]
 2118 000a 1B68     		ldr	r3, [r3]
 2119 000c 9B68     		ldr	r3, [r3, #8]
 2120 000e 03F48023 		and	r3, r3, #262144
 2121 0012 1846     		mov	r0, r3
 2122 0014 0C37     		adds	r7, r7, #12
 2123 0016 BD46     		mov	sp, r7
 2124              		@ sp needed
 2125 0018 5DF8047B 		ldr	r7, [sp], #4
 2126 001c 7047     		bx	lr
 2128              		.section	.text.HAL_RTC_GetState,"ax",%progbits
 2129              		.align	1
 2130              		.global	HAL_RTC_GetState
 2131              		.syntax unified
 2132              		.thumb
 2133              		.thumb_func
 2135              	HAL_RTC_GetState:
 2136              		@ args = 0, pretend = 0, frame = 8
 2137              		@ frame_needed = 1, uses_anonymous_args = 0
 2138              		@ link register save eliminated.
 2139 0000 80B4     		push	{r7}
 2140 0002 83B0     		sub	sp, sp, #12
 2141 0004 00AF     		add	r7, sp, #0
 2142 0006 7860     		str	r0, [r7, #4]
 2143 0008 7B68     		ldr	r3, [r7, #4]
 2144 000a 5B7F     		ldrb	r3, [r3, #29]
 2145 000c DBB2     		uxtb	r3, r3
 2146 000e 1846     		mov	r0, r3
 2147 0010 0C37     		adds	r7, r7, #12
 2148 0012 BD46     		mov	sp, r7
 2149              		@ sp needed
 2150 0014 5DF8047B 		ldr	r7, [sp], #4
 2151 0018 7047     		bx	lr
 2153              		.section	.text.RTC_EnterInitMode,"ax",%progbits
ARM GAS  C:\msys64\tmp\ccPkMsRc.s 			page 38


 2154              		.align	1
 2155              		.global	RTC_EnterInitMode
 2156              		.syntax unified
 2157              		.thumb
 2158              		.thumb_func
 2160              	RTC_EnterInitMode:
 2161              		@ args = 0, pretend = 0, frame = 16
 2162              		@ frame_needed = 1, uses_anonymous_args = 0
 2163 0000 80B5     		push	{r7, lr}
 2164 0002 84B0     		sub	sp, sp, #16
 2165 0004 00AF     		add	r7, sp, #0
 2166 0006 7860     		str	r0, [r7, #4]
 2167 0008 0023     		movs	r3, #0
 2168 000a BB60     		str	r3, [r7, #8]
 2169 000c 0023     		movs	r3, #0
 2170 000e FB73     		strb	r3, [r7, #15]
 2171 0010 7B68     		ldr	r3, [r7, #4]
 2172 0012 1B68     		ldr	r3, [r3]
 2173 0014 DB68     		ldr	r3, [r3, #12]
 2174 0016 03F04003 		and	r3, r3, #64
 2175 001a 002B     		cmp	r3, #0
 2176 001c 22D1     		bne	.L120
 2177 001e 7B68     		ldr	r3, [r7, #4]
 2178 0020 1B68     		ldr	r3, [r3]
 2179 0022 DA68     		ldr	r2, [r3, #12]
 2180 0024 7B68     		ldr	r3, [r7, #4]
 2181 0026 1B68     		ldr	r3, [r3]
 2182 0028 42F08002 		orr	r2, r2, #128
 2183 002c DA60     		str	r2, [r3, #12]
 2184 002e FFF7FEFF 		bl	HAL_GetTick
 2185 0032 B860     		str	r0, [r7, #8]
 2186 0034 0CE0     		b	.L122
 2187              	.L123:
 2188 0036 FFF7FEFF 		bl	HAL_GetTick
 2189 003a 0246     		mov	r2, r0
 2190 003c BB68     		ldr	r3, [r7, #8]
 2191 003e D31A     		subs	r3, r2, r3
 2192 0040 B3F57A7F 		cmp	r3, #1000
 2193 0044 04D9     		bls	.L122
 2194 0046 7B68     		ldr	r3, [r7, #4]
 2195 0048 0422     		movs	r2, #4
 2196 004a 5A77     		strb	r2, [r3, #29]
 2197 004c 0123     		movs	r3, #1
 2198 004e FB73     		strb	r3, [r7, #15]
 2199              	.L122:
 2200 0050 7B68     		ldr	r3, [r7, #4]
 2201 0052 1B68     		ldr	r3, [r3]
 2202 0054 DB68     		ldr	r3, [r3, #12]
 2203 0056 03F04003 		and	r3, r3, #64
 2204 005a 002B     		cmp	r3, #0
 2205 005c 02D1     		bne	.L120
 2206 005e FB7B     		ldrb	r3, [r7, #15]	@ zero_extendqisi2
 2207 0060 012B     		cmp	r3, #1
 2208 0062 E8D1     		bne	.L123
 2209              	.L120:
 2210 0064 FB7B     		ldrb	r3, [r7, #15]	@ zero_extendqisi2
 2211 0066 1846     		mov	r0, r3
ARM GAS  C:\msys64\tmp\ccPkMsRc.s 			page 39


 2212 0068 1037     		adds	r7, r7, #16
 2213 006a BD46     		mov	sp, r7
 2214              		@ sp needed
 2215 006c 80BD     		pop	{r7, pc}
 2217              		.section	.text.RTC_ExitInitMode,"ax",%progbits
 2218              		.align	1
 2219              		.global	RTC_ExitInitMode
 2220              		.syntax unified
 2221              		.thumb
 2222              		.thumb_func
 2224              	RTC_ExitInitMode:
 2225              		@ args = 0, pretend = 0, frame = 16
 2226              		@ frame_needed = 1, uses_anonymous_args = 0
 2227 0000 80B5     		push	{r7, lr}
 2228 0002 84B0     		sub	sp, sp, #16
 2229 0004 00AF     		add	r7, sp, #0
 2230 0006 7860     		str	r0, [r7, #4]
 2231 0008 0023     		movs	r3, #0
 2232 000a FB73     		strb	r3, [r7, #15]
 2233 000c 7B68     		ldr	r3, [r7, #4]
 2234 000e 1B68     		ldr	r3, [r3]
 2235 0010 DA68     		ldr	r2, [r3, #12]
 2236 0012 7B68     		ldr	r3, [r7, #4]
 2237 0014 1B68     		ldr	r3, [r3]
 2238 0016 22F08002 		bic	r2, r2, #128
 2239 001a DA60     		str	r2, [r3, #12]
 2240 001c 7B68     		ldr	r3, [r7, #4]
 2241 001e 1B68     		ldr	r3, [r3]
 2242 0020 9B68     		ldr	r3, [r3, #8]
 2243 0022 03F02003 		and	r3, r3, #32
 2244 0026 002B     		cmp	r3, #0
 2245 0028 0AD1     		bne	.L126
 2246 002a 7868     		ldr	r0, [r7, #4]
 2247 002c FFF7FEFF 		bl	HAL_RTC_WaitForSynchro
 2248 0030 0346     		mov	r3, r0
 2249 0032 002B     		cmp	r3, #0
 2250 0034 04D0     		beq	.L126
 2251 0036 7B68     		ldr	r3, [r7, #4]
 2252 0038 0422     		movs	r2, #4
 2253 003a 5A77     		strb	r2, [r3, #29]
 2254 003c 0123     		movs	r3, #1
 2255 003e FB73     		strb	r3, [r7, #15]
 2256              	.L126:
 2257 0040 FB7B     		ldrb	r3, [r7, #15]	@ zero_extendqisi2
 2258 0042 1846     		mov	r0, r3
 2259 0044 1037     		adds	r7, r7, #16
 2260 0046 BD46     		mov	sp, r7
 2261              		@ sp needed
 2262 0048 80BD     		pop	{r7, pc}
 2264              		.section	.text.RTC_ByteToBcd2,"ax",%progbits
 2265              		.align	1
 2266              		.global	RTC_ByteToBcd2
 2267              		.syntax unified
 2268              		.thumb
 2269              		.thumb_func
 2271              	RTC_ByteToBcd2:
 2272              		@ args = 0, pretend = 0, frame = 16
ARM GAS  C:\msys64\tmp\ccPkMsRc.s 			page 40


 2273              		@ frame_needed = 1, uses_anonymous_args = 0
 2274              		@ link register save eliminated.
 2275 0000 80B4     		push	{r7}
 2276 0002 85B0     		sub	sp, sp, #20
 2277 0004 00AF     		add	r7, sp, #0
 2278 0006 0346     		mov	r3, r0
 2279 0008 FB71     		strb	r3, [r7, #7]
 2280 000a 0023     		movs	r3, #0
 2281 000c FB60     		str	r3, [r7, #12]
 2282 000e 05E0     		b	.L129
 2283              	.L130:
 2284 0010 FB68     		ldr	r3, [r7, #12]
 2285 0012 0133     		adds	r3, r3, #1
 2286 0014 FB60     		str	r3, [r7, #12]
 2287 0016 FB79     		ldrb	r3, [r7, #7]
 2288 0018 0A3B     		subs	r3, r3, #10
 2289 001a FB71     		strb	r3, [r7, #7]
 2290              	.L129:
 2291 001c FB79     		ldrb	r3, [r7, #7]	@ zero_extendqisi2
 2292 001e 092B     		cmp	r3, #9
 2293 0020 F6D8     		bhi	.L130
 2294 0022 FB68     		ldr	r3, [r7, #12]
 2295 0024 DBB2     		uxtb	r3, r3
 2296 0026 1B01     		lsls	r3, r3, #4
 2297 0028 DAB2     		uxtb	r2, r3
 2298 002a FB79     		ldrb	r3, [r7, #7]
 2299 002c 1343     		orrs	r3, r3, r2
 2300 002e DBB2     		uxtb	r3, r3
 2301 0030 1846     		mov	r0, r3
 2302 0032 1437     		adds	r7, r7, #20
 2303 0034 BD46     		mov	sp, r7
 2304              		@ sp needed
 2305 0036 5DF8047B 		ldr	r7, [sp], #4
 2306 003a 7047     		bx	lr
 2308              		.section	.text.RTC_Bcd2ToByte,"ax",%progbits
 2309              		.align	1
 2310              		.global	RTC_Bcd2ToByte
 2311              		.syntax unified
 2312              		.thumb
 2313              		.thumb_func
 2315              	RTC_Bcd2ToByte:
 2316              		@ args = 0, pretend = 0, frame = 16
 2317              		@ frame_needed = 1, uses_anonymous_args = 0
 2318              		@ link register save eliminated.
 2319 0000 80B4     		push	{r7}
 2320 0002 85B0     		sub	sp, sp, #20
 2321 0004 00AF     		add	r7, sp, #0
 2322 0006 0346     		mov	r3, r0
 2323 0008 FB71     		strb	r3, [r7, #7]
 2324 000a 0023     		movs	r3, #0
 2325 000c FB60     		str	r3, [r7, #12]
 2326 000e FB79     		ldrb	r3, [r7, #7]	@ zero_extendqisi2
 2327 0010 1B09     		lsrs	r3, r3, #4
 2328 0012 DBB2     		uxtb	r3, r3
 2329 0014 1A46     		mov	r2, r3
 2330 0016 1346     		mov	r3, r2
 2331 0018 9B00     		lsls	r3, r3, #2
ARM GAS  C:\msys64\tmp\ccPkMsRc.s 			page 41


 2332 001a 1344     		add	r3, r3, r2
 2333 001c 5B00     		lsls	r3, r3, #1
 2334 001e FB60     		str	r3, [r7, #12]
 2335 0020 FB68     		ldr	r3, [r7, #12]
 2336 0022 DAB2     		uxtb	r2, r3
 2337 0024 FB79     		ldrb	r3, [r7, #7]
 2338 0026 03F00F03 		and	r3, r3, #15
 2339 002a DBB2     		uxtb	r3, r3
 2340 002c 1344     		add	r3, r3, r2
 2341 002e DBB2     		uxtb	r3, r3
 2342 0030 1846     		mov	r0, r3
 2343 0032 1437     		adds	r7, r7, #20
 2344 0034 BD46     		mov	sp, r7
 2345              		@ sp needed
 2346 0036 5DF8047B 		ldr	r7, [sp], #4
 2347 003a 7047     		bx	lr
 2349              		.ident	"GCC: (GNU) 13.3.0"
ARM GAS  C:\msys64\tmp\ccPkMsRc.s 			page 42


DEFINED SYMBOLS
                            *ABS*:00000000 stm32f7xx_hal_rtc.c
C:\msys64\tmp\ccPkMsRc.s:18     .text.HAL_RTC_Init:00000000 $t
C:\msys64\tmp\ccPkMsRc.s:24     .text.HAL_RTC_Init:00000000 HAL_RTC_Init
C:\msys64\tmp\ccPkMsRc.s:286    .text.HAL_RTC_MspInit:00000000 HAL_RTC_MspInit
C:\msys64\tmp\ccPkMsRc.s:2160   .text.RTC_EnterInitMode:00000000 RTC_EnterInitMode
C:\msys64\tmp\ccPkMsRc.s:2224   .text.RTC_ExitInitMode:00000000 RTC_ExitInitMode
C:\msys64\tmp\ccPkMsRc.s:161    .text.HAL_RTC_Init:00000100 $d
C:\msys64\tmp\ccPkMsRc.s:164    .text.HAL_RTC_DeInit:00000000 $t
C:\msys64\tmp\ccPkMsRc.s:170    .text.HAL_RTC_DeInit:00000000 HAL_RTC_DeInit
C:\msys64\tmp\ccPkMsRc.s:308    .text.HAL_RTC_MspDeInit:00000000 HAL_RTC_MspDeInit
C:\msys64\tmp\ccPkMsRc.s:277    .text.HAL_RTC_DeInit:000000d0 $d
C:\msys64\tmp\ccPkMsRc.s:280    .text.HAL_RTC_MspInit:00000000 $t
C:\msys64\tmp\ccPkMsRc.s:302    .text.HAL_RTC_MspDeInit:00000000 $t
C:\msys64\tmp\ccPkMsRc.s:324    .text.HAL_RTC_SetTime:00000000 $t
C:\msys64\tmp\ccPkMsRc.s:330    .text.HAL_RTC_SetTime:00000000 HAL_RTC_SetTime
C:\msys64\tmp\ccPkMsRc.s:2271   .text.RTC_ByteToBcd2:00000000 RTC_ByteToBcd2
C:\msys64\tmp\ccPkMsRc.s:488    .text.HAL_RTC_SetTime:00000130 $d
C:\msys64\tmp\ccPkMsRc.s:491    .text.HAL_RTC_GetTime:00000000 $t
C:\msys64\tmp\ccPkMsRc.s:497    .text.HAL_RTC_GetTime:00000000 HAL_RTC_GetTime
C:\msys64\tmp\ccPkMsRc.s:2315   .text.RTC_Bcd2ToByte:00000000 RTC_Bcd2ToByte
C:\msys64\tmp\ccPkMsRc.s:589    .text.HAL_RTC_GetTime:000000b8 $d
C:\msys64\tmp\ccPkMsRc.s:592    .text.HAL_RTC_SetDate:00000000 $t
C:\msys64\tmp\ccPkMsRc.s:598    .text.HAL_RTC_SetDate:00000000 HAL_RTC_SetDate
C:\msys64\tmp\ccPkMsRc.s:734    .text.HAL_RTC_SetDate:00000104 $d
C:\msys64\tmp\ccPkMsRc.s:737    .text.HAL_RTC_GetDate:00000000 $t
C:\msys64\tmp\ccPkMsRc.s:743    .text.HAL_RTC_GetDate:00000000 HAL_RTC_GetDate
C:\msys64\tmp\ccPkMsRc.s:822    .text.HAL_RTC_GetDate:0000009c $d
C:\msys64\tmp\ccPkMsRc.s:825    .text.HAL_RTC_SetAlarm:00000000 $t
C:\msys64\tmp\ccPkMsRc.s:831    .text.HAL_RTC_SetAlarm:00000000 HAL_RTC_SetAlarm
C:\msys64\tmp\ccPkMsRc.s:1119   .text.HAL_RTC_SetAlarm_IT:00000000 $t
C:\msys64\tmp\ccPkMsRc.s:1125   .text.HAL_RTC_SetAlarm_IT:00000000 HAL_RTC_SetAlarm_IT
C:\msys64\tmp\ccPkMsRc.s:1432   .text.HAL_RTC_SetAlarm_IT:0000027c $d
C:\msys64\tmp\ccPkMsRc.s:1437   .text.HAL_RTC_DeactivateAlarm:00000000 $t
C:\msys64\tmp\ccPkMsRc.s:1443   .text.HAL_RTC_DeactivateAlarm:00000000 HAL_RTC_DeactivateAlarm
C:\msys64\tmp\ccPkMsRc.s:1585   .text.HAL_RTC_GetAlarm:00000000 $t
C:\msys64\tmp\ccPkMsRc.s:1591   .text.HAL_RTC_GetAlarm:00000000 HAL_RTC_GetAlarm
C:\msys64\tmp\ccPkMsRc.s:1724   .text.HAL_RTC_AlarmIRQHandler:00000000 $t
C:\msys64\tmp\ccPkMsRc.s:1730   .text.HAL_RTC_AlarmIRQHandler:00000000 HAL_RTC_AlarmIRQHandler
C:\msys64\tmp\ccPkMsRc.s:1806   .text.HAL_RTC_AlarmAEventCallback:00000000 HAL_RTC_AlarmAEventCallback
C:\msys64\tmp\ccPkMsRc.s:1797   .text.HAL_RTC_AlarmIRQHandler:00000088 $d
C:\msys64\tmp\ccPkMsRc.s:1800   .text.HAL_RTC_AlarmAEventCallback:00000000 $t
C:\msys64\tmp\ccPkMsRc.s:1822   .text.HAL_RTC_PollForAlarmAEvent:00000000 $t
C:\msys64\tmp\ccPkMsRc.s:1828   .text.HAL_RTC_PollForAlarmAEvent:00000000 HAL_RTC_PollForAlarmAEvent
C:\msys64\tmp\ccPkMsRc.s:1888   .text.HAL_RTC_WaitForSynchro:00000000 $t
C:\msys64\tmp\ccPkMsRc.s:1894   .text.HAL_RTC_WaitForSynchro:00000000 HAL_RTC_WaitForSynchro
C:\msys64\tmp\ccPkMsRc.s:1936   .text.HAL_RTC_WaitForSynchro:00000048 $d
C:\msys64\tmp\ccPkMsRc.s:1939   .text.HAL_RTC_DST_Add1Hour:00000000 $t
C:\msys64\tmp\ccPkMsRc.s:1945   .text.HAL_RTC_DST_Add1Hour:00000000 HAL_RTC_DST_Add1Hour
C:\msys64\tmp\ccPkMsRc.s:1980   .text.HAL_RTC_DST_Sub1Hour:00000000 $t
C:\msys64\tmp\ccPkMsRc.s:1986   .text.HAL_RTC_DST_Sub1Hour:00000000 HAL_RTC_DST_Sub1Hour
C:\msys64\tmp\ccPkMsRc.s:2021   .text.HAL_RTC_DST_SetStoreOperation:00000000 $t
C:\msys64\tmp\ccPkMsRc.s:2027   .text.HAL_RTC_DST_SetStoreOperation:00000000 HAL_RTC_DST_SetStoreOperation
C:\msys64\tmp\ccPkMsRc.s:2062   .text.HAL_RTC_DST_ClearStoreOperation:00000000 $t
C:\msys64\tmp\ccPkMsRc.s:2068   .text.HAL_RTC_DST_ClearStoreOperation:00000000 HAL_RTC_DST_ClearStoreOperation
C:\msys64\tmp\ccPkMsRc.s:2103   .text.HAL_RTC_DST_ReadStoreOperation:00000000 $t
C:\msys64\tmp\ccPkMsRc.s:2109   .text.HAL_RTC_DST_ReadStoreOperation:00000000 HAL_RTC_DST_ReadStoreOperation
ARM GAS  C:\msys64\tmp\ccPkMsRc.s 			page 43


C:\msys64\tmp\ccPkMsRc.s:2129   .text.HAL_RTC_GetState:00000000 $t
C:\msys64\tmp\ccPkMsRc.s:2135   .text.HAL_RTC_GetState:00000000 HAL_RTC_GetState
C:\msys64\tmp\ccPkMsRc.s:2154   .text.RTC_EnterInitMode:00000000 $t
C:\msys64\tmp\ccPkMsRc.s:2218   .text.RTC_ExitInitMode:00000000 $t
C:\msys64\tmp\ccPkMsRc.s:2265   .text.RTC_ByteToBcd2:00000000 $t
C:\msys64\tmp\ccPkMsRc.s:2309   .text.RTC_Bcd2ToByte:00000000 $t

UNDEFINED SYMBOLS
HAL_GetTick
SystemCoreClock
HAL_RTCEx_AlarmBEventCallback
