ARM GAS  C:\msys64\tmp\ccimZvIY.s 			page 1


   1              		.cpu cortex-m7
   2              		.arch armv7e-m
   3              		.fpu fpv5-sp-d16
   4              		.eabi_attribute 27, 1
   5              		.eabi_attribute 28, 1
   6              		.eabi_attribute 20, 1
   7              		.eabi_attribute 21, 1
   8              		.eabi_attribute 23, 3
   9              		.eabi_attribute 24, 1
  10              		.eabi_attribute 25, 1
  11              		.eabi_attribute 26, 1
  12              		.eabi_attribute 30, 6
  13              		.eabi_attribute 34, 1
  14              		.eabi_attribute 18, 4
  15              		.file	"stm32f7xx_hal_flash_ex.c"
  16              		.text
  17              		.section	.text.HAL_FLASHEx_Erase,"ax",%progbits
  18              		.align	1
  19              		.global	HAL_FLASHEx_Erase
  20              		.syntax unified
  21              		.thumb
  22              		.thumb_func
  24              	HAL_FLASHEx_Erase:
  25              		@ args = 0, pretend = 0, frame = 16
  26              		@ frame_needed = 1, uses_anonymous_args = 0
  27 0000 80B5     		push	{r7, lr}
  28 0002 84B0     		sub	sp, sp, #16
  29 0004 00AF     		add	r7, sp, #0
  30 0006 7860     		str	r0, [r7, #4]
  31 0008 3960     		str	r1, [r7]
  32 000a 0023     		movs	r3, #0
  33 000c BB60     		str	r3, [r7, #8]
  34 000e 2F4B     		ldr	r3, .L9
  35 0010 1B7D     		ldrb	r3, [r3, #20]	@ zero_extendqisi2
  36 0012 012B     		cmp	r3, #1
  37 0014 01D1     		bne	.L2
  38 0016 0223     		movs	r3, #2
  39 0018 53E0     		b	.L3
  40              	.L2:
  41 001a 2C4B     		ldr	r3, .L9
  42 001c 0122     		movs	r2, #1
  43 001e 1A75     		strb	r2, [r3, #20]
  44 0020 4CF25030 		movw	r0, #50000
  45 0024 FFF7FEFF 		bl	FLASH_WaitForLastOperation
  46 0028 0346     		mov	r3, r0
  47 002a FB73     		strb	r3, [r7, #15]
  48 002c FB7B     		ldrb	r3, [r7, #15]	@ zero_extendqisi2
  49 002e 002B     		cmp	r3, #0
  50 0030 43D1     		bne	.L4
  51 0032 3B68     		ldr	r3, [r7]
  52 0034 4FF0FF32 		mov	r2, #-1
  53 0038 1A60     		str	r2, [r3]
  54 003a 7B68     		ldr	r3, [r7, #4]
  55 003c 1B68     		ldr	r3, [r3]
  56 003e 012B     		cmp	r3, #1
  57 0040 12D1     		bne	.L5
  58 0042 7B68     		ldr	r3, [r7, #4]
ARM GAS  C:\msys64\tmp\ccimZvIY.s 			page 2


  59 0044 DB68     		ldr	r3, [r3, #12]
  60 0046 DBB2     		uxtb	r3, r3
  61 0048 1846     		mov	r0, r3
  62 004a FFF7FEFF 		bl	FLASH_MassErase
  63 004e 4CF25030 		movw	r0, #50000
  64 0052 FFF7FEFF 		bl	FLASH_WaitForLastOperation
  65 0056 0346     		mov	r3, r0
  66 0058 FB73     		strb	r3, [r7, #15]
  67 005a 1D4B     		ldr	r3, .L9+4
  68 005c 1B69     		ldr	r3, [r3, #16]
  69 005e 1C4A     		ldr	r2, .L9+4
  70 0060 23F00403 		bic	r3, r3, #4
  71 0064 1361     		str	r3, [r2, #16]
  72 0066 28E0     		b	.L4
  73              	.L5:
  74 0068 7B68     		ldr	r3, [r7, #4]
  75 006a 5B68     		ldr	r3, [r3, #4]
  76 006c BB60     		str	r3, [r7, #8]
  77 006e 1CE0     		b	.L6
  78              	.L8:
  79 0070 7B68     		ldr	r3, [r7, #4]
  80 0072 DB68     		ldr	r3, [r3, #12]
  81 0074 DBB2     		uxtb	r3, r3
  82 0076 1946     		mov	r1, r3
  83 0078 B868     		ldr	r0, [r7, #8]
  84 007a FFF7FEFF 		bl	FLASH_Erase_Sector
  85 007e 4CF25030 		movw	r0, #50000
  86 0082 FFF7FEFF 		bl	FLASH_WaitForLastOperation
  87 0086 0346     		mov	r3, r0
  88 0088 FB73     		strb	r3, [r7, #15]
  89 008a 114B     		ldr	r3, .L9+4
  90 008c 1B69     		ldr	r3, [r3, #16]
  91 008e 104A     		ldr	r2, .L9+4
  92 0090 23F07A03 		bic	r3, r3, #122
  93 0094 1361     		str	r3, [r2, #16]
  94 0096 FB7B     		ldrb	r3, [r7, #15]	@ zero_extendqisi2
  95 0098 002B     		cmp	r3, #0
  96 009a 03D0     		beq	.L7
  97 009c 3B68     		ldr	r3, [r7]
  98 009e BA68     		ldr	r2, [r7, #8]
  99 00a0 1A60     		str	r2, [r3]
 100 00a2 0AE0     		b	.L4
 101              	.L7:
 102 00a4 BB68     		ldr	r3, [r7, #8]
 103 00a6 0133     		adds	r3, r3, #1
 104 00a8 BB60     		str	r3, [r7, #8]
 105              	.L6:
 106 00aa 7B68     		ldr	r3, [r7, #4]
 107 00ac 9A68     		ldr	r2, [r3, #8]
 108 00ae 7B68     		ldr	r3, [r7, #4]
 109 00b0 5B68     		ldr	r3, [r3, #4]
 110 00b2 1344     		add	r3, r3, r2
 111 00b4 BA68     		ldr	r2, [r7, #8]
 112 00b6 9A42     		cmp	r2, r3
 113 00b8 DAD3     		bcc	.L8
 114              	.L4:
 115 00ba 044B     		ldr	r3, .L9
ARM GAS  C:\msys64\tmp\ccimZvIY.s 			page 3


 116 00bc 0022     		movs	r2, #0
 117 00be 1A75     		strb	r2, [r3, #20]
 118 00c0 FB7B     		ldrb	r3, [r7, #15]	@ zero_extendqisi2
 119              	.L3:
 120 00c2 1846     		mov	r0, r3
 121 00c4 1037     		adds	r7, r7, #16
 122 00c6 BD46     		mov	sp, r7
 123              		@ sp needed
 124 00c8 80BD     		pop	{r7, pc}
 125              	.L10:
 126 00ca 00BF     		.align	2
 127              	.L9:
 128 00cc 00000000 		.word	pFlash
 129 00d0 003C0240 		.word	1073888256
 131              		.section	.text.HAL_FLASHEx_Erase_IT,"ax",%progbits
 132              		.align	1
 133              		.global	HAL_FLASHEx_Erase_IT
 134              		.syntax unified
 135              		.thumb
 136              		.thumb_func
 138              	HAL_FLASHEx_Erase_IT:
 139              		@ args = 0, pretend = 0, frame = 16
 140              		@ frame_needed = 1, uses_anonymous_args = 0
 141 0000 80B5     		push	{r7, lr}
 142 0002 84B0     		sub	sp, sp, #16
 143 0004 00AF     		add	r7, sp, #0
 144 0006 7860     		str	r0, [r7, #4]
 145 0008 0023     		movs	r3, #0
 146 000a FB73     		strb	r3, [r7, #15]
 147 000c 214B     		ldr	r3, .L16
 148 000e 1B7D     		ldrb	r3, [r3, #20]	@ zero_extendqisi2
 149 0010 012B     		cmp	r3, #1
 150 0012 01D1     		bne	.L12
 151 0014 0223     		movs	r3, #2
 152 0016 39E0     		b	.L13
 153              	.L12:
 154 0018 1E4B     		ldr	r3, .L16
 155 001a 0122     		movs	r2, #1
 156 001c 1A75     		strb	r2, [r3, #20]
 157 001e 1E4B     		ldr	r3, .L16+4
 158 0020 1B69     		ldr	r3, [r3, #16]
 159 0022 1D4A     		ldr	r2, .L16+4
 160 0024 43F08073 		orr	r3, r3, #16777216
 161 0028 1361     		str	r3, [r2, #16]
 162 002a 1B4B     		ldr	r3, .L16+4
 163 002c 1B69     		ldr	r3, [r3, #16]
 164 002e 1A4A     		ldr	r2, .L16+4
 165 0030 43F00073 		orr	r3, r3, #33554432
 166 0034 1361     		str	r3, [r2, #16]
 167 0036 184B     		ldr	r3, .L16+4
 168 0038 F322     		movs	r2, #243
 169 003a DA60     		str	r2, [r3, #12]
 170 003c 7B68     		ldr	r3, [r7, #4]
 171 003e 1B68     		ldr	r3, [r3]
 172 0040 012B     		cmp	r3, #1
 173 0042 09D1     		bne	.L14
 174 0044 134B     		ldr	r3, .L16
ARM GAS  C:\msys64\tmp\ccimZvIY.s 			page 4


 175 0046 0222     		movs	r2, #2
 176 0048 1A70     		strb	r2, [r3]
 177 004a 7B68     		ldr	r3, [r7, #4]
 178 004c DB68     		ldr	r3, [r3, #12]
 179 004e DBB2     		uxtb	r3, r3
 180 0050 1846     		mov	r0, r3
 181 0052 FFF7FEFF 		bl	FLASH_MassErase
 182 0056 18E0     		b	.L15
 183              	.L14:
 184 0058 0E4B     		ldr	r3, .L16
 185 005a 0122     		movs	r2, #1
 186 005c 1A70     		strb	r2, [r3]
 187 005e 7B68     		ldr	r3, [r7, #4]
 188 0060 9B68     		ldr	r3, [r3, #8]
 189 0062 0C4A     		ldr	r2, .L16
 190 0064 5360     		str	r3, [r2, #4]
 191 0066 7B68     		ldr	r3, [r7, #4]
 192 0068 5B68     		ldr	r3, [r3, #4]
 193 006a 0A4A     		ldr	r2, .L16
 194 006c D360     		str	r3, [r2, #12]
 195 006e 7B68     		ldr	r3, [r7, #4]
 196 0070 DB68     		ldr	r3, [r3, #12]
 197 0072 DAB2     		uxtb	r2, r3
 198 0074 074B     		ldr	r3, .L16
 199 0076 1A72     		strb	r2, [r3, #8]
 200 0078 7B68     		ldr	r3, [r7, #4]
 201 007a 5A68     		ldr	r2, [r3, #4]
 202 007c 7B68     		ldr	r3, [r7, #4]
 203 007e DB68     		ldr	r3, [r3, #12]
 204 0080 DBB2     		uxtb	r3, r3
 205 0082 1946     		mov	r1, r3
 206 0084 1046     		mov	r0, r2
 207 0086 FFF7FEFF 		bl	FLASH_Erase_Sector
 208              	.L15:
 209 008a FB7B     		ldrb	r3, [r7, #15]	@ zero_extendqisi2
 210              	.L13:
 211 008c 1846     		mov	r0, r3
 212 008e 1037     		adds	r7, r7, #16
 213 0090 BD46     		mov	sp, r7
 214              		@ sp needed
 215 0092 80BD     		pop	{r7, pc}
 216              	.L17:
 217              		.align	2
 218              	.L16:
 219 0094 00000000 		.word	pFlash
 220 0098 003C0240 		.word	1073888256
 222              		.section	.text.HAL_FLASHEx_OBProgram,"ax",%progbits
 223              		.align	1
 224              		.global	HAL_FLASHEx_OBProgram
 225              		.syntax unified
 226              		.thumb
 227              		.thumb_func
 229              	HAL_FLASHEx_OBProgram:
 230              		@ args = 0, pretend = 0, frame = 16
 231              		@ frame_needed = 1, uses_anonymous_args = 0
 232 0000 B0B5     		push	{r4, r5, r7, lr}
 233 0002 86B0     		sub	sp, sp, #24
ARM GAS  C:\msys64\tmp\ccimZvIY.s 			page 5


 234 0004 02AF     		add	r7, sp, #8
 235 0006 7860     		str	r0, [r7, #4]
 236 0008 0123     		movs	r3, #1
 237 000a FB73     		strb	r3, [r7, #15]
 238 000c 434B     		ldr	r3, .L28
 239 000e 1B7D     		ldrb	r3, [r3, #20]	@ zero_extendqisi2
 240 0010 012B     		cmp	r3, #1
 241 0012 01D1     		bne	.L19
 242 0014 0223     		movs	r3, #2
 243 0016 7DE0     		b	.L20
 244              	.L19:
 245 0018 404B     		ldr	r3, .L28
 246 001a 0122     		movs	r2, #1
 247 001c 1A75     		strb	r2, [r3, #20]
 248 001e 7B68     		ldr	r3, [r7, #4]
 249 0020 1B68     		ldr	r3, [r3]
 250 0022 03F00103 		and	r3, r3, #1
 251 0026 002B     		cmp	r3, #0
 252 0028 12D0     		beq	.L21
 253 002a 7B68     		ldr	r3, [r7, #4]
 254 002c 5B68     		ldr	r3, [r3, #4]
 255 002e 012B     		cmp	r3, #1
 256 0030 07D1     		bne	.L22
 257 0032 7B68     		ldr	r3, [r7, #4]
 258 0034 9B68     		ldr	r3, [r3, #8]
 259 0036 1846     		mov	r0, r3
 260 0038 FFF7FEFF 		bl	FLASH_OB_EnableWRP
 261 003c 0346     		mov	r3, r0
 262 003e FB73     		strb	r3, [r7, #15]
 263 0040 06E0     		b	.L21
 264              	.L22:
 265 0042 7B68     		ldr	r3, [r7, #4]
 266 0044 9B68     		ldr	r3, [r3, #8]
 267 0046 1846     		mov	r0, r3
 268 0048 FFF7FEFF 		bl	FLASH_OB_DisableWRP
 269 004c 0346     		mov	r3, r0
 270 004e FB73     		strb	r3, [r7, #15]
 271              	.L21:
 272 0050 7B68     		ldr	r3, [r7, #4]
 273 0052 1B68     		ldr	r3, [r3]
 274 0054 03F00203 		and	r3, r3, #2
 275 0058 002B     		cmp	r3, #0
 276 005a 07D0     		beq	.L23
 277 005c 7B68     		ldr	r3, [r7, #4]
 278 005e DB68     		ldr	r3, [r3, #12]
 279 0060 DBB2     		uxtb	r3, r3
 280 0062 1846     		mov	r0, r3
 281 0064 FFF7FEFF 		bl	FLASH_OB_RDP_LevelConfig
 282 0068 0346     		mov	r3, r0
 283 006a FB73     		strb	r3, [r7, #15]
 284              	.L23:
 285 006c 7B68     		ldr	r3, [r7, #4]
 286 006e 1B68     		ldr	r3, [r3]
 287 0070 03F00403 		and	r3, r3, #4
 288 0074 002B     		cmp	r3, #0
 289 0076 1FD0     		beq	.L24
 290 0078 7B68     		ldr	r3, [r7, #4]
ARM GAS  C:\msys64\tmp\ccimZvIY.s 			page 6


 291 007a 5B69     		ldr	r3, [r3, #20]
 292 007c 03F01000 		and	r0, r3, #16
 293 0080 7B68     		ldr	r3, [r7, #4]
 294 0082 5B69     		ldr	r3, [r3, #20]
 295 0084 03F02001 		and	r1, r3, #32
 296 0088 7B68     		ldr	r3, [r7, #4]
 297 008a 5B69     		ldr	r3, [r3, #20]
 298 008c 03F04004 		and	r4, r3, #64
 299 0090 7B68     		ldr	r3, [r7, #4]
 300 0092 5B69     		ldr	r3, [r3, #20]
 301 0094 03F08005 		and	r5, r3, #128
 302 0098 7B68     		ldr	r3, [r7, #4]
 303 009a 5B69     		ldr	r3, [r3, #20]
 304 009c 03F00043 		and	r3, r3, #-2147483648
 305 00a0 7A68     		ldr	r2, [r7, #4]
 306 00a2 5269     		ldr	r2, [r2, #20]
 307 00a4 02F08042 		and	r2, r2, #1073741824
 308 00a8 0192     		str	r2, [sp, #4]
 309 00aa 0093     		str	r3, [sp]
 310 00ac 2B46     		mov	r3, r5
 311 00ae 2246     		mov	r2, r4
 312 00b0 FFF7FEFF 		bl	FLASH_OB_UserConfig
 313 00b4 0346     		mov	r3, r0
 314 00b6 FB73     		strb	r3, [r7, #15]
 315              	.L24:
 316 00b8 7B68     		ldr	r3, [r7, #4]
 317 00ba 1B68     		ldr	r3, [r3]
 318 00bc 03F00803 		and	r3, r3, #8
 319 00c0 002B     		cmp	r3, #0
 320 00c2 07D0     		beq	.L25
 321 00c4 7B68     		ldr	r3, [r7, #4]
 322 00c6 1B69     		ldr	r3, [r3, #16]
 323 00c8 DBB2     		uxtb	r3, r3
 324 00ca 1846     		mov	r0, r3
 325 00cc FFF7FEFF 		bl	FLASH_OB_BOR_LevelConfig
 326 00d0 0346     		mov	r3, r0
 327 00d2 FB73     		strb	r3, [r7, #15]
 328              	.L25:
 329 00d4 7B68     		ldr	r3, [r7, #4]
 330 00d6 1B68     		ldr	r3, [r3]
 331 00d8 03F01003 		and	r3, r3, #16
 332 00dc 002B     		cmp	r3, #0
 333 00de 07D0     		beq	.L26
 334 00e0 7B68     		ldr	r3, [r7, #4]
 335 00e2 9B69     		ldr	r3, [r3, #24]
 336 00e4 1946     		mov	r1, r3
 337 00e6 1020     		movs	r0, #16
 338 00e8 FFF7FEFF 		bl	FLASH_OB_BootAddressConfig
 339 00ec 0346     		mov	r3, r0
 340 00ee FB73     		strb	r3, [r7, #15]
 341              	.L26:
 342 00f0 7B68     		ldr	r3, [r7, #4]
 343 00f2 1B68     		ldr	r3, [r3]
 344 00f4 03F02003 		and	r3, r3, #32
 345 00f8 002B     		cmp	r3, #0
 346 00fa 07D0     		beq	.L27
 347 00fc 7B68     		ldr	r3, [r7, #4]
ARM GAS  C:\msys64\tmp\ccimZvIY.s 			page 7


 348 00fe DB69     		ldr	r3, [r3, #28]
 349 0100 1946     		mov	r1, r3
 350 0102 2020     		movs	r0, #32
 351 0104 FFF7FEFF 		bl	FLASH_OB_BootAddressConfig
 352 0108 0346     		mov	r3, r0
 353 010a FB73     		strb	r3, [r7, #15]
 354              	.L27:
 355 010c 034B     		ldr	r3, .L28
 356 010e 0022     		movs	r2, #0
 357 0110 1A75     		strb	r2, [r3, #20]
 358 0112 FB7B     		ldrb	r3, [r7, #15]	@ zero_extendqisi2
 359              	.L20:
 360 0114 1846     		mov	r0, r3
 361 0116 1037     		adds	r7, r7, #16
 362 0118 BD46     		mov	sp, r7
 363              		@ sp needed
 364 011a B0BD     		pop	{r4, r5, r7, pc}
 365              	.L29:
 366              		.align	2
 367              	.L28:
 368 011c 00000000 		.word	pFlash
 370              		.section	.text.HAL_FLASHEx_OBGetConfig,"ax",%progbits
 371              		.align	1
 372              		.global	HAL_FLASHEx_OBGetConfig
 373              		.syntax unified
 374              		.thumb
 375              		.thumb_func
 377              	HAL_FLASHEx_OBGetConfig:
 378              		@ args = 0, pretend = 0, frame = 8
 379              		@ frame_needed = 1, uses_anonymous_args = 0
 380 0000 80B5     		push	{r7, lr}
 381 0002 82B0     		sub	sp, sp, #8
 382 0004 00AF     		add	r7, sp, #0
 383 0006 7860     		str	r0, [r7, #4]
 384 0008 7B68     		ldr	r3, [r7, #4]
 385 000a 3F22     		movs	r2, #63
 386 000c 1A60     		str	r2, [r3]
 387 000e FFF7FEFF 		bl	FLASH_OB_GetWRP
 388 0012 0246     		mov	r2, r0
 389 0014 7B68     		ldr	r3, [r7, #4]
 390 0016 9A60     		str	r2, [r3, #8]
 391 0018 FFF7FEFF 		bl	FLASH_OB_GetRDP
 392 001c 0346     		mov	r3, r0
 393 001e 1A46     		mov	r2, r3
 394 0020 7B68     		ldr	r3, [r7, #4]
 395 0022 DA60     		str	r2, [r3, #12]
 396 0024 FFF7FEFF 		bl	FLASH_OB_GetUser
 397 0028 0246     		mov	r2, r0
 398 002a 7B68     		ldr	r3, [r7, #4]
 399 002c 5A61     		str	r2, [r3, #20]
 400 002e FFF7FEFF 		bl	FLASH_OB_GetBOR
 401 0032 0246     		mov	r2, r0
 402 0034 7B68     		ldr	r3, [r7, #4]
 403 0036 1A61     		str	r2, [r3, #16]
 404 0038 1020     		movs	r0, #16
 405 003a FFF7FEFF 		bl	FLASH_OB_GetBootAddress
 406 003e 0246     		mov	r2, r0
ARM GAS  C:\msys64\tmp\ccimZvIY.s 			page 8


 407 0040 7B68     		ldr	r3, [r7, #4]
 408 0042 9A61     		str	r2, [r3, #24]
 409 0044 2020     		movs	r0, #32
 410 0046 FFF7FEFF 		bl	FLASH_OB_GetBootAddress
 411 004a 0246     		mov	r2, r0
 412 004c 7B68     		ldr	r3, [r7, #4]
 413 004e DA61     		str	r2, [r3, #28]
 414 0050 00BF     		nop
 415 0052 0837     		adds	r7, r7, #8
 416 0054 BD46     		mov	sp, r7
 417              		@ sp needed
 418 0056 80BD     		pop	{r7, pc}
 420              		.section	.text.FLASH_MassErase,"ax",%progbits
 421              		.align	1
 422              		.syntax unified
 423              		.thumb
 424              		.thumb_func
 426              	FLASH_MassErase:
 427              		@ args = 0, pretend = 0, frame = 8
 428              		@ frame_needed = 1, uses_anonymous_args = 0
 429              		@ link register save eliminated.
 430 0000 80B4     		push	{r7}
 431 0002 83B0     		sub	sp, sp, #12
 432 0004 00AF     		add	r7, sp, #0
 433 0006 0346     		mov	r3, r0
 434 0008 FB71     		strb	r3, [r7, #7]
 435 000a 0F4B     		ldr	r3, .L32
 436 000c 1B69     		ldr	r3, [r3, #16]
 437 000e 0E4A     		ldr	r2, .L32
 438 0010 23F44073 		bic	r3, r3, #768
 439 0014 1361     		str	r3, [r2, #16]
 440 0016 0C4B     		ldr	r3, .L32
 441 0018 1B69     		ldr	r3, [r3, #16]
 442 001a 0B4A     		ldr	r2, .L32
 443 001c 43F00403 		orr	r3, r3, #4
 444 0020 1361     		str	r3, [r2, #16]
 445 0022 094B     		ldr	r3, .L32
 446 0024 1A69     		ldr	r2, [r3, #16]
 447 0026 FB79     		ldrb	r3, [r7, #7]	@ zero_extendqisi2
 448 0028 1B02     		lsls	r3, r3, #8
 449 002a 1343     		orrs	r3, r3, r2
 450 002c 064A     		ldr	r2, .L32
 451 002e 43F48033 		orr	r3, r3, #65536
 452 0032 1361     		str	r3, [r2, #16]
 453              		.syntax unified
 454              	@ 879 "cmsis/core/cmsis_gcc.h" 1
 455 0034 BFF34F8F 		dsb 0xF
 456              	@ 0 "" 2
 457              		.thumb
 458              		.syntax unified
 459 0038 00BF     		nop
 460 003a 00BF     		nop
 461 003c 0C37     		adds	r7, r7, #12
 462 003e BD46     		mov	sp, r7
 463              		@ sp needed
 464 0040 5DF8047B 		ldr	r7, [sp], #4
 465 0044 7047     		bx	lr
ARM GAS  C:\msys64\tmp\ccimZvIY.s 			page 9


 466              	.L33:
 467 0046 00BF     		.align	2
 468              	.L32:
 469 0048 003C0240 		.word	1073888256
 471              		.section	.text.FLASH_Erase_Sector,"ax",%progbits
 472              		.align	1
 473              		.global	FLASH_Erase_Sector
 474              		.syntax unified
 475              		.thumb
 476              		.thumb_func
 478              	FLASH_Erase_Sector:
 479              		@ args = 0, pretend = 0, frame = 16
 480              		@ frame_needed = 1, uses_anonymous_args = 0
 481              		@ link register save eliminated.
 482 0000 80B4     		push	{r7}
 483 0002 85B0     		sub	sp, sp, #20
 484 0004 00AF     		add	r7, sp, #0
 485 0006 7860     		str	r0, [r7, #4]
 486 0008 0B46     		mov	r3, r1
 487 000a FB70     		strb	r3, [r7, #3]
 488 000c 0023     		movs	r3, #0
 489 000e FB60     		str	r3, [r7, #12]
 490 0010 FB78     		ldrb	r3, [r7, #3]	@ zero_extendqisi2
 491 0012 002B     		cmp	r3, #0
 492 0014 02D1     		bne	.L35
 493 0016 0023     		movs	r3, #0
 494 0018 FB60     		str	r3, [r7, #12]
 495 001a 10E0     		b	.L36
 496              	.L35:
 497 001c FB78     		ldrb	r3, [r7, #3]	@ zero_extendqisi2
 498 001e 012B     		cmp	r3, #1
 499 0020 03D1     		bne	.L37
 500 0022 4FF48073 		mov	r3, #256
 501 0026 FB60     		str	r3, [r7, #12]
 502 0028 09E0     		b	.L36
 503              	.L37:
 504 002a FB78     		ldrb	r3, [r7, #3]	@ zero_extendqisi2
 505 002c 022B     		cmp	r3, #2
 506 002e 03D1     		bne	.L38
 507 0030 4FF40073 		mov	r3, #512
 508 0034 FB60     		str	r3, [r7, #12]
 509 0036 02E0     		b	.L36
 510              	.L38:
 511 0038 4FF44073 		mov	r3, #768
 512 003c FB60     		str	r3, [r7, #12]
 513              	.L36:
 514 003e 154B     		ldr	r3, .L39
 515 0040 1B69     		ldr	r3, [r3, #16]
 516 0042 144A     		ldr	r2, .L39
 517 0044 23F44073 		bic	r3, r3, #768
 518 0048 1361     		str	r3, [r2, #16]
 519 004a 124B     		ldr	r3, .L39
 520 004c 1A69     		ldr	r2, [r3, #16]
 521 004e 1149     		ldr	r1, .L39
 522 0050 FB68     		ldr	r3, [r7, #12]
 523 0052 1343     		orrs	r3, r3, r2
 524 0054 0B61     		str	r3, [r1, #16]
ARM GAS  C:\msys64\tmp\ccimZvIY.s 			page 10


 525 0056 0F4B     		ldr	r3, .L39
 526 0058 1B69     		ldr	r3, [r3, #16]
 527 005a 0E4A     		ldr	r2, .L39
 528 005c 23F0F803 		bic	r3, r3, #248
 529 0060 1361     		str	r3, [r2, #16]
 530 0062 0C4B     		ldr	r3, .L39
 531 0064 1A69     		ldr	r2, [r3, #16]
 532 0066 7B68     		ldr	r3, [r7, #4]
 533 0068 DB00     		lsls	r3, r3, #3
 534 006a 1343     		orrs	r3, r3, r2
 535 006c 094A     		ldr	r2, .L39
 536 006e 43F00203 		orr	r3, r3, #2
 537 0072 1361     		str	r3, [r2, #16]
 538 0074 074B     		ldr	r3, .L39
 539 0076 1B69     		ldr	r3, [r3, #16]
 540 0078 064A     		ldr	r2, .L39
 541 007a 43F48033 		orr	r3, r3, #65536
 542 007e 1361     		str	r3, [r2, #16]
 543              		.syntax unified
 544              	@ 879 "cmsis/core/cmsis_gcc.h" 1
 545 0080 BFF34F8F 		dsb 0xF
 546              	@ 0 "" 2
 547              		.thumb
 548              		.syntax unified
 549 0084 00BF     		nop
 550 0086 00BF     		nop
 551 0088 1437     		adds	r7, r7, #20
 552 008a BD46     		mov	sp, r7
 553              		@ sp needed
 554 008c 5DF8047B 		ldr	r7, [sp], #4
 555 0090 7047     		bx	lr
 556              	.L40:
 557 0092 00BF     		.align	2
 558              	.L39:
 559 0094 003C0240 		.word	1073888256
 561              		.section	.text.FLASH_OB_GetWRP,"ax",%progbits
 562              		.align	1
 563              		.syntax unified
 564              		.thumb
 565              		.thumb_func
 567              	FLASH_OB_GetWRP:
 568              		@ args = 0, pretend = 0, frame = 0
 569              		@ frame_needed = 1, uses_anonymous_args = 0
 570              		@ link register save eliminated.
 571 0000 80B4     		push	{r7}
 572 0002 00AF     		add	r7, sp, #0
 573 0004 044B     		ldr	r3, .L43
 574 0006 5B69     		ldr	r3, [r3, #20]
 575 0008 03F47F03 		and	r3, r3, #16711680
 576 000c 1846     		mov	r0, r3
 577 000e BD46     		mov	sp, r7
 578              		@ sp needed
 579 0010 5DF8047B 		ldr	r7, [sp], #4
 580 0014 7047     		bx	lr
 581              	.L44:
 582 0016 00BF     		.align	2
 583              	.L43:
ARM GAS  C:\msys64\tmp\ccimZvIY.s 			page 11


 584 0018 003C0240 		.word	1073888256
 586              		.section	.text.FLASH_OB_UserConfig,"ax",%progbits
 587              		.align	1
 588              		.syntax unified
 589              		.thumb
 590              		.thumb_func
 592              	FLASH_OB_UserConfig:
 593              		@ args = 8, pretend = 0, frame = 32
 594              		@ frame_needed = 1, uses_anonymous_args = 0
 595 0000 80B5     		push	{r7, lr}
 596 0002 88B0     		sub	sp, sp, #32
 597 0004 00AF     		add	r7, sp, #0
 598 0006 F860     		str	r0, [r7, #12]
 599 0008 B960     		str	r1, [r7, #8]
 600 000a 7A60     		str	r2, [r7, #4]
 601 000c 3B60     		str	r3, [r7]
 602 000e 0023     		movs	r3, #0
 603 0010 FB61     		str	r3, [r7, #28]
 604 0012 0023     		movs	r3, #0
 605 0014 BB61     		str	r3, [r7, #24]
 606 0016 0023     		movs	r3, #0
 607 0018 FB75     		strb	r3, [r7, #23]
 608 001a 4CF25030 		movw	r0, #50000
 609 001e FFF7FEFF 		bl	FLASH_WaitForLastOperation
 610 0022 0346     		mov	r3, r0
 611 0024 FB75     		strb	r3, [r7, #23]
 612 0026 FB7D     		ldrb	r3, [r7, #23]	@ zero_extendqisi2
 613 0028 002B     		cmp	r3, #0
 614 002a 16D1     		bne	.L46
 615 002c 0D4B     		ldr	r3, .L48
 616 002e FB61     		str	r3, [r7, #28]
 617 0030 BA68     		ldr	r2, [r7, #8]
 618 0032 FB68     		ldr	r3, [r7, #12]
 619 0034 1A43     		orrs	r2, r2, r3
 620 0036 7B68     		ldr	r3, [r7, #4]
 621 0038 1A43     		orrs	r2, r2, r3
 622 003a 3B68     		ldr	r3, [r7]
 623 003c 1A43     		orrs	r2, r2, r3
 624 003e BB6A     		ldr	r3, [r7, #40]
 625 0040 1343     		orrs	r3, r3, r2
 626 0042 FA6A     		ldr	r2, [r7, #44]
 627 0044 1343     		orrs	r3, r3, r2
 628 0046 BB61     		str	r3, [r7, #24]
 629 0048 074B     		ldr	r3, .L48+4
 630 004a 5A69     		ldr	r2, [r3, #20]
 631 004c FB69     		ldr	r3, [r7, #28]
 632 004e DB43     		mvns	r3, r3
 633 0050 1A40     		ands	r2, r2, r3
 634 0052 0549     		ldr	r1, .L48+4
 635 0054 BB69     		ldr	r3, [r7, #24]
 636 0056 1343     		orrs	r3, r3, r2
 637 0058 4B61     		str	r3, [r1, #20]
 638              	.L46:
 639 005a FB7D     		ldrb	r3, [r7, #23]	@ zero_extendqisi2
 640 005c 1846     		mov	r0, r3
 641 005e 2037     		adds	r7, r7, #32
 642 0060 BD46     		mov	sp, r7
ARM GAS  C:\msys64\tmp\ccimZvIY.s 			page 12


 643              		@ sp needed
 644 0062 80BD     		pop	{r7, pc}
 645              	.L49:
 646              		.align	2
 647              	.L48:
 648 0064 F00000C0 		.word	-1073741584
 649 0068 003C0240 		.word	1073888256
 651              		.section	.text.FLASH_OB_GetUser,"ax",%progbits
 652              		.align	1
 653              		.syntax unified
 654              		.thumb
 655              		.thumb_func
 657              	FLASH_OB_GetUser:
 658              		@ args = 0, pretend = 0, frame = 0
 659              		@ frame_needed = 1, uses_anonymous_args = 0
 660              		@ link register save eliminated.
 661 0000 80B4     		push	{r7}
 662 0002 00AF     		add	r7, sp, #0
 663 0004 044B     		ldr	r3, .L52
 664 0006 5A69     		ldr	r2, [r3, #20]
 665 0008 044B     		ldr	r3, .L52+4
 666 000a 1340     		ands	r3, r3, r2
 667 000c 1846     		mov	r0, r3
 668 000e BD46     		mov	sp, r7
 669              		@ sp needed
 670 0010 5DF8047B 		ldr	r7, [sp], #4
 671 0014 7047     		bx	lr
 672              	.L53:
 673 0016 00BF     		.align	2
 674              	.L52:
 675 0018 003C0240 		.word	1073888256
 676 001c F00000C0 		.word	-1073741584
 678              		.section	.text.FLASH_OB_EnableWRP,"ax",%progbits
 679              		.align	1
 680              		.syntax unified
 681              		.thumb
 682              		.thumb_func
 684              	FLASH_OB_EnableWRP:
 685              		@ args = 0, pretend = 0, frame = 16
 686              		@ frame_needed = 1, uses_anonymous_args = 0
 687 0000 80B5     		push	{r7, lr}
 688 0002 84B0     		sub	sp, sp, #16
 689 0004 00AF     		add	r7, sp, #0
 690 0006 7860     		str	r0, [r7, #4]
 691 0008 0023     		movs	r3, #0
 692 000a FB73     		strb	r3, [r7, #15]
 693 000c 4CF25030 		movw	r0, #50000
 694 0010 FFF7FEFF 		bl	FLASH_WaitForLastOperation
 695 0014 0346     		mov	r3, r0
 696 0016 FB73     		strb	r3, [r7, #15]
 697 0018 FB7B     		ldrb	r3, [r7, #15]	@ zero_extendqisi2
 698 001a 002B     		cmp	r3, #0
 699 001c 06D1     		bne	.L55
 700 001e 064B     		ldr	r3, .L57
 701 0020 5A69     		ldr	r2, [r3, #20]
 702 0022 7B68     		ldr	r3, [r7, #4]
 703 0024 DB43     		mvns	r3, r3
ARM GAS  C:\msys64\tmp\ccimZvIY.s 			page 13


 704 0026 0449     		ldr	r1, .L57
 705 0028 1340     		ands	r3, r3, r2
 706 002a 4B61     		str	r3, [r1, #20]
 707              	.L55:
 708 002c FB7B     		ldrb	r3, [r7, #15]	@ zero_extendqisi2
 709 002e 1846     		mov	r0, r3
 710 0030 1037     		adds	r7, r7, #16
 711 0032 BD46     		mov	sp, r7
 712              		@ sp needed
 713 0034 80BD     		pop	{r7, pc}
 714              	.L58:
 715 0036 00BF     		.align	2
 716              	.L57:
 717 0038 003C0240 		.word	1073888256
 719              		.section	.text.FLASH_OB_DisableWRP,"ax",%progbits
 720              		.align	1
 721              		.syntax unified
 722              		.thumb
 723              		.thumb_func
 725              	FLASH_OB_DisableWRP:
 726              		@ args = 0, pretend = 0, frame = 16
 727              		@ frame_needed = 1, uses_anonymous_args = 0
 728 0000 80B5     		push	{r7, lr}
 729 0002 84B0     		sub	sp, sp, #16
 730 0004 00AF     		add	r7, sp, #0
 731 0006 7860     		str	r0, [r7, #4]
 732 0008 0023     		movs	r3, #0
 733 000a FB73     		strb	r3, [r7, #15]
 734 000c 4CF25030 		movw	r0, #50000
 735 0010 FFF7FEFF 		bl	FLASH_WaitForLastOperation
 736 0014 0346     		mov	r3, r0
 737 0016 FB73     		strb	r3, [r7, #15]
 738 0018 FB7B     		ldrb	r3, [r7, #15]	@ zero_extendqisi2
 739 001a 002B     		cmp	r3, #0
 740 001c 05D1     		bne	.L60
 741 001e 054B     		ldr	r3, .L62
 742 0020 5A69     		ldr	r2, [r3, #20]
 743 0022 0449     		ldr	r1, .L62
 744 0024 7B68     		ldr	r3, [r7, #4]
 745 0026 1343     		orrs	r3, r3, r2
 746 0028 4B61     		str	r3, [r1, #20]
 747              	.L60:
 748 002a FB7B     		ldrb	r3, [r7, #15]	@ zero_extendqisi2
 749 002c 1846     		mov	r0, r3
 750 002e 1037     		adds	r7, r7, #16
 751 0030 BD46     		mov	sp, r7
 752              		@ sp needed
 753 0032 80BD     		pop	{r7, pc}
 754              	.L63:
 755              		.align	2
 756              	.L62:
 757 0034 003C0240 		.word	1073888256
 759              		.section	.text.FLASH_OB_RDP_LevelConfig,"ax",%progbits
 760              		.align	1
 761              		.syntax unified
 762              		.thumb
 763              		.thumb_func
ARM GAS  C:\msys64\tmp\ccimZvIY.s 			page 14


 765              	FLASH_OB_RDP_LevelConfig:
 766              		@ args = 0, pretend = 0, frame = 16
 767              		@ frame_needed = 1, uses_anonymous_args = 0
 768 0000 80B5     		push	{r7, lr}
 769 0002 84B0     		sub	sp, sp, #16
 770 0004 00AF     		add	r7, sp, #0
 771 0006 0346     		mov	r3, r0
 772 0008 FB71     		strb	r3, [r7, #7]
 773 000a 0023     		movs	r3, #0
 774 000c FB73     		strb	r3, [r7, #15]
 775 000e 4CF25030 		movw	r0, #50000
 776 0012 FFF7FEFF 		bl	FLASH_WaitForLastOperation
 777 0016 0346     		mov	r3, r0
 778 0018 FB73     		strb	r3, [r7, #15]
 779 001a FB7B     		ldrb	r3, [r7, #15]	@ zero_extendqisi2
 780 001c 002B     		cmp	r3, #0
 781 001e 02D1     		bne	.L65
 782 0020 034A     		ldr	r2, .L67
 783 0022 FB79     		ldrb	r3, [r7, #7]
 784 0024 1370     		strb	r3, [r2]
 785              	.L65:
 786 0026 FB7B     		ldrb	r3, [r7, #15]	@ zero_extendqisi2
 787 0028 1846     		mov	r0, r3
 788 002a 1037     		adds	r7, r7, #16
 789 002c BD46     		mov	sp, r7
 790              		@ sp needed
 791 002e 80BD     		pop	{r7, pc}
 792              	.L68:
 793              		.align	2
 794              	.L67:
 795 0030 153C0240 		.word	1073888277
 797              		.section	.text.FLASH_OB_BOR_LevelConfig,"ax",%progbits
 798              		.align	1
 799              		.syntax unified
 800              		.thumb
 801              		.thumb_func
 803              	FLASH_OB_BOR_LevelConfig:
 804              		@ args = 0, pretend = 0, frame = 8
 805              		@ frame_needed = 1, uses_anonymous_args = 0
 806              		@ link register save eliminated.
 807 0000 80B4     		push	{r7}
 808 0002 83B0     		sub	sp, sp, #12
 809 0004 00AF     		add	r7, sp, #0
 810 0006 0346     		mov	r3, r0
 811 0008 FB71     		strb	r3, [r7, #7]
 812 000a 074B     		ldr	r3, .L71
 813 000c 5B69     		ldr	r3, [r3, #20]
 814 000e 23F00C02 		bic	r2, r3, #12
 815 0012 FB79     		ldrb	r3, [r7, #7]	@ zero_extendqisi2
 816 0014 0449     		ldr	r1, .L71
 817 0016 1343     		orrs	r3, r3, r2
 818 0018 4B61     		str	r3, [r1, #20]
 819 001a 0023     		movs	r3, #0
 820 001c 1846     		mov	r0, r3
 821 001e 0C37     		adds	r7, r7, #12
 822 0020 BD46     		mov	sp, r7
 823              		@ sp needed
ARM GAS  C:\msys64\tmp\ccimZvIY.s 			page 15


 824 0022 5DF8047B 		ldr	r7, [sp], #4
 825 0026 7047     		bx	lr
 826              	.L72:
 827              		.align	2
 828              	.L71:
 829 0028 003C0240 		.word	1073888256
 831              		.section	.text.FLASH_OB_BootAddressConfig,"ax",%progbits
 832              		.align	1
 833              		.syntax unified
 834              		.thumb
 835              		.thumb_func
 837              	FLASH_OB_BootAddressConfig:
 838              		@ args = 0, pretend = 0, frame = 16
 839              		@ frame_needed = 1, uses_anonymous_args = 0
 840 0000 80B5     		push	{r7, lr}
 841 0002 84B0     		sub	sp, sp, #16
 842 0004 00AF     		add	r7, sp, #0
 843 0006 7860     		str	r0, [r7, #4]
 844 0008 3960     		str	r1, [r7]
 845 000a 0023     		movs	r3, #0
 846 000c FB73     		strb	r3, [r7, #15]
 847 000e 4CF25030 		movw	r0, #50000
 848 0012 FFF7FEFF 		bl	FLASH_WaitForLastOperation
 849 0016 0346     		mov	r3, r0
 850 0018 FB73     		strb	r3, [r7, #15]
 851 001a FB7B     		ldrb	r3, [r7, #15]	@ zero_extendqisi2
 852 001c 002B     		cmp	r3, #0
 853 001e 13D1     		bne	.L74
 854 0020 7B68     		ldr	r3, [r7, #4]
 855 0022 102B     		cmp	r3, #16
 856 0024 08D1     		bne	.L75
 857 0026 0B4B     		ldr	r3, .L77
 858 0028 9A69     		ldr	r2, [r3, #24]
 859 002a 0B4B     		ldr	r3, .L77+4
 860 002c 1340     		ands	r3, r3, r2
 861 002e 0949     		ldr	r1, .L77
 862 0030 3A68     		ldr	r2, [r7]
 863 0032 1343     		orrs	r3, r3, r2
 864 0034 8B61     		str	r3, [r1, #24]
 865 0036 07E0     		b	.L74
 866              	.L75:
 867 0038 064B     		ldr	r3, .L77
 868 003a 9B69     		ldr	r3, [r3, #24]
 869 003c 9AB2     		uxth	r2, r3
 870 003e 3B68     		ldr	r3, [r7]
 871 0040 1B04     		lsls	r3, r3, #16
 872 0042 0449     		ldr	r1, .L77
 873 0044 1343     		orrs	r3, r3, r2
 874 0046 8B61     		str	r3, [r1, #24]
 875              	.L74:
 876 0048 FB7B     		ldrb	r3, [r7, #15]	@ zero_extendqisi2
 877 004a 1846     		mov	r0, r3
 878 004c 1037     		adds	r7, r7, #16
 879 004e BD46     		mov	sp, r7
 880              		@ sp needed
 881 0050 80BD     		pop	{r7, pc}
 882              	.L78:
ARM GAS  C:\msys64\tmp\ccimZvIY.s 			page 16


 883 0052 00BF     		.align	2
 884              	.L77:
 885 0054 003C0240 		.word	1073888256
 886 0058 0000FFFF 		.word	-65536
 888              		.section	.text.FLASH_OB_GetRDP,"ax",%progbits
 889              		.align	1
 890              		.syntax unified
 891              		.thumb
 892              		.thumb_func
 894              	FLASH_OB_GetRDP:
 895              		@ args = 0, pretend = 0, frame = 8
 896              		@ frame_needed = 1, uses_anonymous_args = 0
 897              		@ link register save eliminated.
 898 0000 80B4     		push	{r7}
 899 0002 83B0     		sub	sp, sp, #12
 900 0004 00AF     		add	r7, sp, #0
 901 0006 AA23     		movs	r3, #170
 902 0008 FB71     		strb	r3, [r7, #7]
 903 000a 0C4B     		ldr	r3, .L84
 904 000c 1B78     		ldrb	r3, [r3]
 905 000e DBB2     		uxtb	r3, r3
 906 0010 AA2B     		cmp	r3, #170
 907 0012 02D1     		bne	.L80
 908 0014 AA23     		movs	r3, #170
 909 0016 FB71     		strb	r3, [r7, #7]
 910 0018 09E0     		b	.L81
 911              	.L80:
 912 001a 084B     		ldr	r3, .L84
 913 001c 1B78     		ldrb	r3, [r3]
 914 001e DBB2     		uxtb	r3, r3
 915 0020 CC2B     		cmp	r3, #204
 916 0022 02D1     		bne	.L82
 917 0024 CC23     		movs	r3, #204
 918 0026 FB71     		strb	r3, [r7, #7]
 919 0028 01E0     		b	.L81
 920              	.L82:
 921 002a 5523     		movs	r3, #85
 922 002c FB71     		strb	r3, [r7, #7]
 923              	.L81:
 924 002e FB79     		ldrb	r3, [r7, #7]	@ zero_extendqisi2
 925 0030 1846     		mov	r0, r3
 926 0032 0C37     		adds	r7, r7, #12
 927 0034 BD46     		mov	sp, r7
 928              		@ sp needed
 929 0036 5DF8047B 		ldr	r7, [sp], #4
 930 003a 7047     		bx	lr
 931              	.L85:
 932              		.align	2
 933              	.L84:
 934 003c 153C0240 		.word	1073888277
 936              		.section	.text.FLASH_OB_GetBOR,"ax",%progbits
 937              		.align	1
 938              		.syntax unified
 939              		.thumb
 940              		.thumb_func
 942              	FLASH_OB_GetBOR:
 943              		@ args = 0, pretend = 0, frame = 0
ARM GAS  C:\msys64\tmp\ccimZvIY.s 			page 17


 944              		@ frame_needed = 1, uses_anonymous_args = 0
 945              		@ link register save eliminated.
 946 0000 80B4     		push	{r7}
 947 0002 00AF     		add	r7, sp, #0
 948 0004 044B     		ldr	r3, .L88
 949 0006 5B69     		ldr	r3, [r3, #20]
 950 0008 03F00C03 		and	r3, r3, #12
 951 000c 1846     		mov	r0, r3
 952 000e BD46     		mov	sp, r7
 953              		@ sp needed
 954 0010 5DF8047B 		ldr	r7, [sp], #4
 955 0014 7047     		bx	lr
 956              	.L89:
 957 0016 00BF     		.align	2
 958              	.L88:
 959 0018 003C0240 		.word	1073888256
 961              		.section	.text.FLASH_OB_GetBootAddress,"ax",%progbits
 962              		.align	1
 963              		.syntax unified
 964              		.thumb
 965              		.thumb_func
 967              	FLASH_OB_GetBootAddress:
 968              		@ args = 0, pretend = 0, frame = 16
 969              		@ frame_needed = 1, uses_anonymous_args = 0
 970              		@ link register save eliminated.
 971 0000 80B4     		push	{r7}
 972 0002 85B0     		sub	sp, sp, #20
 973 0004 00AF     		add	r7, sp, #0
 974 0006 7860     		str	r0, [r7, #4]
 975 0008 0023     		movs	r3, #0
 976 000a FB60     		str	r3, [r7, #12]
 977 000c 7B68     		ldr	r3, [r7, #4]
 978 000e 102B     		cmp	r3, #16
 979 0010 04D1     		bne	.L91
 980 0012 084B     		ldr	r3, .L94
 981 0014 9B69     		ldr	r3, [r3, #24]
 982 0016 9BB2     		uxth	r3, r3
 983 0018 FB60     		str	r3, [r7, #12]
 984 001a 04E0     		b	.L92
 985              	.L91:
 986 001c 054B     		ldr	r3, .L94
 987 001e 9B69     		ldr	r3, [r3, #24]
 988 0020 1B0C     		lsrs	r3, r3, #16
 989 0022 9BB2     		uxth	r3, r3
 990 0024 FB60     		str	r3, [r7, #12]
 991              	.L92:
 992 0026 FB68     		ldr	r3, [r7, #12]
 993 0028 1846     		mov	r0, r3
 994 002a 1437     		adds	r7, r7, #20
 995 002c BD46     		mov	sp, r7
 996              		@ sp needed
 997 002e 5DF8047B 		ldr	r7, [sp], #4
 998 0032 7047     		bx	lr
 999              	.L95:
 1000              		.align	2
 1001              	.L94:
 1002 0034 003C0240 		.word	1073888256
ARM GAS  C:\msys64\tmp\ccimZvIY.s 			page 18


 1004              		.ident	"GCC: (GNU) 13.3.0"
ARM GAS  C:\msys64\tmp\ccimZvIY.s 			page 19


DEFINED SYMBOLS
                            *ABS*:00000000 stm32f7xx_hal_flash_ex.c
C:\msys64\tmp\ccimZvIY.s:18     .text.HAL_FLASHEx_Erase:00000000 $t
C:\msys64\tmp\ccimZvIY.s:24     .text.HAL_FLASHEx_Erase:00000000 HAL_FLASHEx_Erase
C:\msys64\tmp\ccimZvIY.s:426    .text.FLASH_MassErase:00000000 FLASH_MassErase
C:\msys64\tmp\ccimZvIY.s:478    .text.FLASH_Erase_Sector:00000000 FLASH_Erase_Sector
C:\msys64\tmp\ccimZvIY.s:128    .text.HAL_FLASHEx_Erase:000000cc $d
C:\msys64\tmp\ccimZvIY.s:132    .text.HAL_FLASHEx_Erase_IT:00000000 $t
C:\msys64\tmp\ccimZvIY.s:138    .text.HAL_FLASHEx_Erase_IT:00000000 HAL_FLASHEx_Erase_IT
C:\msys64\tmp\ccimZvIY.s:219    .text.HAL_FLASHEx_Erase_IT:00000094 $d
C:\msys64\tmp\ccimZvIY.s:223    .text.HAL_FLASHEx_OBProgram:00000000 $t
C:\msys64\tmp\ccimZvIY.s:229    .text.HAL_FLASHEx_OBProgram:00000000 HAL_FLASHEx_OBProgram
C:\msys64\tmp\ccimZvIY.s:684    .text.FLASH_OB_EnableWRP:00000000 FLASH_OB_EnableWRP
C:\msys64\tmp\ccimZvIY.s:725    .text.FLASH_OB_DisableWRP:00000000 FLASH_OB_DisableWRP
C:\msys64\tmp\ccimZvIY.s:765    .text.FLASH_OB_RDP_LevelConfig:00000000 FLASH_OB_RDP_LevelConfig
C:\msys64\tmp\ccimZvIY.s:592    .text.FLASH_OB_UserConfig:00000000 FLASH_OB_UserConfig
C:\msys64\tmp\ccimZvIY.s:803    .text.FLASH_OB_BOR_LevelConfig:00000000 FLASH_OB_BOR_LevelConfig
C:\msys64\tmp\ccimZvIY.s:837    .text.FLASH_OB_BootAddressConfig:00000000 FLASH_OB_BootAddressConfig
C:\msys64\tmp\ccimZvIY.s:368    .text.HAL_FLASHEx_OBProgram:0000011c $d
C:\msys64\tmp\ccimZvIY.s:371    .text.HAL_FLASHEx_OBGetConfig:00000000 $t
C:\msys64\tmp\ccimZvIY.s:377    .text.HAL_FLASHEx_OBGetConfig:00000000 HAL_FLASHEx_OBGetConfig
C:\msys64\tmp\ccimZvIY.s:567    .text.FLASH_OB_GetWRP:00000000 FLASH_OB_GetWRP
C:\msys64\tmp\ccimZvIY.s:894    .text.FLASH_OB_GetRDP:00000000 FLASH_OB_GetRDP
C:\msys64\tmp\ccimZvIY.s:657    .text.FLASH_OB_GetUser:00000000 FLASH_OB_GetUser
C:\msys64\tmp\ccimZvIY.s:942    .text.FLASH_OB_GetBOR:00000000 FLASH_OB_GetBOR
C:\msys64\tmp\ccimZvIY.s:967    .text.FLASH_OB_GetBootAddress:00000000 FLASH_OB_GetBootAddress
C:\msys64\tmp\ccimZvIY.s:421    .text.FLASH_MassErase:00000000 $t
C:\msys64\tmp\ccimZvIY.s:469    .text.FLASH_MassErase:00000048 $d
C:\msys64\tmp\ccimZvIY.s:472    .text.FLASH_Erase_Sector:00000000 $t
C:\msys64\tmp\ccimZvIY.s:559    .text.FLASH_Erase_Sector:00000094 $d
C:\msys64\tmp\ccimZvIY.s:562    .text.FLASH_OB_GetWRP:00000000 $t
C:\msys64\tmp\ccimZvIY.s:584    .text.FLASH_OB_GetWRP:00000018 $d
C:\msys64\tmp\ccimZvIY.s:587    .text.FLASH_OB_UserConfig:00000000 $t
C:\msys64\tmp\ccimZvIY.s:648    .text.FLASH_OB_UserConfig:00000064 $d
C:\msys64\tmp\ccimZvIY.s:652    .text.FLASH_OB_GetUser:00000000 $t
C:\msys64\tmp\ccimZvIY.s:675    .text.FLASH_OB_GetUser:00000018 $d
C:\msys64\tmp\ccimZvIY.s:679    .text.FLASH_OB_EnableWRP:00000000 $t
C:\msys64\tmp\ccimZvIY.s:717    .text.FLASH_OB_EnableWRP:00000038 $d
C:\msys64\tmp\ccimZvIY.s:720    .text.FLASH_OB_DisableWRP:00000000 $t
C:\msys64\tmp\ccimZvIY.s:757    .text.FLASH_OB_DisableWRP:00000034 $d
C:\msys64\tmp\ccimZvIY.s:760    .text.FLASH_OB_RDP_LevelConfig:00000000 $t
C:\msys64\tmp\ccimZvIY.s:795    .text.FLASH_OB_RDP_LevelConfig:00000030 $d
C:\msys64\tmp\ccimZvIY.s:798    .text.FLASH_OB_BOR_LevelConfig:00000000 $t
C:\msys64\tmp\ccimZvIY.s:829    .text.FLASH_OB_BOR_LevelConfig:00000028 $d
C:\msys64\tmp\ccimZvIY.s:832    .text.FLASH_OB_BootAddressConfig:00000000 $t
C:\msys64\tmp\ccimZvIY.s:885    .text.FLASH_OB_BootAddressConfig:00000054 $d
C:\msys64\tmp\ccimZvIY.s:889    .text.FLASH_OB_GetRDP:00000000 $t
C:\msys64\tmp\ccimZvIY.s:934    .text.FLASH_OB_GetRDP:0000003c $d
C:\msys64\tmp\ccimZvIY.s:937    .text.FLASH_OB_GetBOR:00000000 $t
C:\msys64\tmp\ccimZvIY.s:959    .text.FLASH_OB_GetBOR:00000018 $d
C:\msys64\tmp\ccimZvIY.s:962    .text.FLASH_OB_GetBootAddress:00000000 $t
C:\msys64\tmp\ccimZvIY.s:1002   .text.FLASH_OB_GetBootAddress:00000034 $d

UNDEFINED SYMBOLS
FLASH_WaitForLastOperation
pFlash
