ARM GAS  C:\msys64\tmp\ccbyKoOG.s 			page 1


   1              		.cpu cortex-m7
   2              		.arch armv7e-m
   3              		.fpu fpv5-sp-d16
   4              		.eabi_attribute 27, 1
   5              		.eabi_attribute 28, 1
   6              		.eabi_attribute 20, 1
   7              		.eabi_attribute 21, 1
   8              		.eabi_attribute 23, 3
   9              		.eabi_attribute 24, 1
  10              		.eabi_attribute 25, 1
  11              		.eabi_attribute 26, 1
  12              		.eabi_attribute 30, 6
  13              		.eabi_attribute 34, 1
  14              		.eabi_attribute 18, 4
  15              		.file	"inet_chksum.c"
  16              		.text
  17              		.section	.text.lwip_standard_chksum,"ax",%progbits
  18              		.align	1
  19              		.global	lwip_standard_chksum
  20              		.syntax unified
  21              		.thumb
  22              		.thumb_func
  24              	lwip_standard_chksum:
  25              		@ args = 0, pretend = 0, frame = 32
  26              		@ frame_needed = 1, uses_anonymous_args = 0
  27              		@ link register save eliminated.
  28 0000 80B4     		push	{r7}
  29 0002 89B0     		sub	sp, sp, #36
  30 0004 00AF     		add	r7, sp, #0
  31 0006 7860     		str	r0, [r7, #4]
  32 0008 3960     		str	r1, [r7]
  33 000a 7B68     		ldr	r3, [r7, #4]
  34 000c FB61     		str	r3, [r7, #28]
  35 000e 0023     		movs	r3, #0
  36 0010 FB81     		strh	r3, [r7, #14]	@ movhi
  37 0012 0023     		movs	r3, #0
  38 0014 7B61     		str	r3, [r7, #20]
  39 0016 FB69     		ldr	r3, [r7, #28]
  40 0018 03F00103 		and	r3, r3, #1
  41 001c 3B61     		str	r3, [r7, #16]
  42 001e 3B69     		ldr	r3, [r7, #16]
  43 0020 002B     		cmp	r3, #0
  44 0022 0DD0     		beq	.L2
  45 0024 3B68     		ldr	r3, [r7]
  46 0026 002B     		cmp	r3, #0
  47 0028 0ADD     		ble	.L2
  48 002a FA69     		ldr	r2, [r7, #28]
  49 002c 531C     		adds	r3, r2, #1
  50 002e FB61     		str	r3, [r7, #28]
  51 0030 07F10E03 		add	r3, r7, #14
  52 0034 0133     		adds	r3, r3, #1
  53 0036 1278     		ldrb	r2, [r2]	@ zero_extendqisi2
  54 0038 1A70     		strb	r2, [r3]
  55 003a 3B68     		ldr	r3, [r7]
  56 003c 013B     		subs	r3, r3, #1
  57 003e 3B60     		str	r3, [r7]
  58              	.L2:
ARM GAS  C:\msys64\tmp\ccbyKoOG.s 			page 2


  59 0040 FB69     		ldr	r3, [r7, #28]
  60 0042 BB61     		str	r3, [r7, #24]
  61 0044 0AE0     		b	.L3
  62              	.L4:
  63 0046 BB69     		ldr	r3, [r7, #24]
  64 0048 9A1C     		adds	r2, r3, #2
  65 004a BA61     		str	r2, [r7, #24]
  66 004c 1B88     		ldrh	r3, [r3]
  67 004e 1A46     		mov	r2, r3
  68 0050 7B69     		ldr	r3, [r7, #20]
  69 0052 1344     		add	r3, r3, r2
  70 0054 7B61     		str	r3, [r7, #20]
  71 0056 3B68     		ldr	r3, [r7]
  72 0058 023B     		subs	r3, r3, #2
  73 005a 3B60     		str	r3, [r7]
  74              	.L3:
  75 005c 3B68     		ldr	r3, [r7]
  76 005e 012B     		cmp	r3, #1
  77 0060 F1DC     		bgt	.L4
  78 0062 3B68     		ldr	r3, [r7]
  79 0064 002B     		cmp	r3, #0
  80 0066 04DD     		ble	.L5
  81 0068 07F10E03 		add	r3, r7, #14
  82 006c BA69     		ldr	r2, [r7, #24]
  83 006e 1278     		ldrb	r2, [r2]	@ zero_extendqisi2
  84 0070 1A70     		strb	r2, [r3]
  85              	.L5:
  86 0072 FB89     		ldrh	r3, [r7, #14]
  87 0074 1A46     		mov	r2, r3
  88 0076 7B69     		ldr	r3, [r7, #20]
  89 0078 1344     		add	r3, r3, r2
  90 007a 7B61     		str	r3, [r7, #20]
  91 007c 7B69     		ldr	r3, [r7, #20]
  92 007e 1A0C     		lsrs	r2, r3, #16
  93 0080 7B69     		ldr	r3, [r7, #20]
  94 0082 9BB2     		uxth	r3, r3
  95 0084 1344     		add	r3, r3, r2
  96 0086 7B61     		str	r3, [r7, #20]
  97 0088 7B69     		ldr	r3, [r7, #20]
  98 008a 1A0C     		lsrs	r2, r3, #16
  99 008c 7B69     		ldr	r3, [r7, #20]
 100 008e 9BB2     		uxth	r3, r3
 101 0090 1344     		add	r3, r3, r2
 102 0092 7B61     		str	r3, [r7, #20]
 103 0094 3B69     		ldr	r3, [r7, #16]
 104 0096 002B     		cmp	r3, #0
 105 0098 07D0     		beq	.L6
 106 009a 7B69     		ldr	r3, [r7, #20]
 107 009c 1B02     		lsls	r3, r3, #8
 108 009e 9AB2     		uxth	r2, r3
 109 00a0 7B69     		ldr	r3, [r7, #20]
 110 00a2 1B0A     		lsrs	r3, r3, #8
 111 00a4 DBB2     		uxtb	r3, r3
 112 00a6 1343     		orrs	r3, r3, r2
 113 00a8 7B61     		str	r3, [r7, #20]
 114              	.L6:
 115 00aa 7B69     		ldr	r3, [r7, #20]
ARM GAS  C:\msys64\tmp\ccbyKoOG.s 			page 3


 116 00ac 9BB2     		uxth	r3, r3
 117 00ae 1846     		mov	r0, r3
 118 00b0 2437     		adds	r7, r7, #36
 119 00b2 BD46     		mov	sp, r7
 120              		@ sp needed
 121 00b4 5DF8047B 		ldr	r7, [sp], #4
 122 00b8 7047     		bx	lr
 124              		.section	.text.inet_cksum_pseudo_base,"ax",%progbits
 125              		.align	1
 126              		.syntax unified
 127              		.thumb
 128              		.thumb_func
 130              	inet_cksum_pseudo_base:
 131              		@ args = 0, pretend = 0, frame = 24
 132              		@ frame_needed = 1, uses_anonymous_args = 0
 133 0000 80B5     		push	{r7, lr}
 134 0002 86B0     		sub	sp, sp, #24
 135 0004 00AF     		add	r7, sp, #0
 136 0006 F860     		str	r0, [r7, #12]
 137 0008 7B60     		str	r3, [r7, #4]
 138 000a 0B46     		mov	r3, r1
 139 000c FB72     		strb	r3, [r7, #11]
 140 000e 1346     		mov	r3, r2	@ movhi
 141 0010 3B81     		strh	r3, [r7, #8]	@ movhi
 142 0012 0023     		movs	r3, #0
 143 0014 3B61     		str	r3, [r7, #16]
 144 0016 FB68     		ldr	r3, [r7, #12]
 145 0018 7B61     		str	r3, [r7, #20]
 146 001a 2BE0     		b	.L9
 147              	.L11:
 148 001c 7B69     		ldr	r3, [r7, #20]
 149 001e 5A68     		ldr	r2, [r3, #4]
 150 0020 7B69     		ldr	r3, [r7, #20]
 151 0022 5B89     		ldrh	r3, [r3, #10]
 152 0024 1946     		mov	r1, r3
 153 0026 1046     		mov	r0, r2
 154 0028 FFF7FEFF 		bl	lwip_standard_chksum
 155 002c 0346     		mov	r3, r0
 156 002e 1A46     		mov	r2, r3
 157 0030 7B68     		ldr	r3, [r7, #4]
 158 0032 1344     		add	r3, r3, r2
 159 0034 7B60     		str	r3, [r7, #4]
 160 0036 7B68     		ldr	r3, [r7, #4]
 161 0038 1A0C     		lsrs	r2, r3, #16
 162 003a 7B68     		ldr	r3, [r7, #4]
 163 003c 9BB2     		uxth	r3, r3
 164 003e 1344     		add	r3, r3, r2
 165 0040 7B60     		str	r3, [r7, #4]
 166 0042 7B69     		ldr	r3, [r7, #20]
 167 0044 5B89     		ldrh	r3, [r3, #10]
 168 0046 03F00103 		and	r3, r3, #1
 169 004a 9BB2     		uxth	r3, r3
 170 004c 002B     		cmp	r3, #0
 171 004e 0ED0     		beq	.L10
 172 0050 3B69     		ldr	r3, [r7, #16]
 173 0052 002B     		cmp	r3, #0
 174 0054 0CBF     		ite	eq
ARM GAS  C:\msys64\tmp\ccbyKoOG.s 			page 4


 175 0056 0123     		moveq	r3, #1
 176 0058 0023     		movne	r3, #0
 177 005a DBB2     		uxtb	r3, r3
 178 005c 3B61     		str	r3, [r7, #16]
 179 005e 7B68     		ldr	r3, [r7, #4]
 180 0060 1B02     		lsls	r3, r3, #8
 181 0062 9AB2     		uxth	r2, r3
 182 0064 7B68     		ldr	r3, [r7, #4]
 183 0066 1B0A     		lsrs	r3, r3, #8
 184 0068 DBB2     		uxtb	r3, r3
 185 006a 1343     		orrs	r3, r3, r2
 186 006c 7B60     		str	r3, [r7, #4]
 187              	.L10:
 188 006e 7B69     		ldr	r3, [r7, #20]
 189 0070 1B68     		ldr	r3, [r3]
 190 0072 7B61     		str	r3, [r7, #20]
 191              	.L9:
 192 0074 7B69     		ldr	r3, [r7, #20]
 193 0076 002B     		cmp	r3, #0
 194 0078 D0D1     		bne	.L11
 195 007a 3B69     		ldr	r3, [r7, #16]
 196 007c 002B     		cmp	r3, #0
 197 007e 07D0     		beq	.L12
 198 0080 7B68     		ldr	r3, [r7, #4]
 199 0082 1B02     		lsls	r3, r3, #8
 200 0084 9AB2     		uxth	r2, r3
 201 0086 7B68     		ldr	r3, [r7, #4]
 202 0088 1B0A     		lsrs	r3, r3, #8
 203 008a DBB2     		uxtb	r3, r3
 204 008c 1343     		orrs	r3, r3, r2
 205 008e 7B60     		str	r3, [r7, #4]
 206              	.L12:
 207 0090 FB7A     		ldrb	r3, [r7, #11]	@ zero_extendqisi2
 208 0092 9BB2     		uxth	r3, r3
 209 0094 1846     		mov	r0, r3
 210 0096 FFF7FEFF 		bl	lwip_htons
 211 009a 0346     		mov	r3, r0
 212 009c 1A46     		mov	r2, r3
 213 009e 7B68     		ldr	r3, [r7, #4]
 214 00a0 1344     		add	r3, r3, r2
 215 00a2 7B60     		str	r3, [r7, #4]
 216 00a4 3B89     		ldrh	r3, [r7, #8]
 217 00a6 1846     		mov	r0, r3
 218 00a8 FFF7FEFF 		bl	lwip_htons
 219 00ac 0346     		mov	r3, r0
 220 00ae 1A46     		mov	r2, r3
 221 00b0 7B68     		ldr	r3, [r7, #4]
 222 00b2 1344     		add	r3, r3, r2
 223 00b4 7B60     		str	r3, [r7, #4]
 224 00b6 7B68     		ldr	r3, [r7, #4]
 225 00b8 1A0C     		lsrs	r2, r3, #16
 226 00ba 7B68     		ldr	r3, [r7, #4]
 227 00bc 9BB2     		uxth	r3, r3
 228 00be 1344     		add	r3, r3, r2
 229 00c0 7B60     		str	r3, [r7, #4]
 230 00c2 7B68     		ldr	r3, [r7, #4]
 231 00c4 1A0C     		lsrs	r2, r3, #16
ARM GAS  C:\msys64\tmp\ccbyKoOG.s 			page 5


 232 00c6 7B68     		ldr	r3, [r7, #4]
 233 00c8 9BB2     		uxth	r3, r3
 234 00ca 1344     		add	r3, r3, r2
 235 00cc 7B60     		str	r3, [r7, #4]
 236 00ce 7B68     		ldr	r3, [r7, #4]
 237 00d0 9BB2     		uxth	r3, r3
 238 00d2 DB43     		mvns	r3, r3
 239 00d4 9BB2     		uxth	r3, r3
 240 00d6 1846     		mov	r0, r3
 241 00d8 1837     		adds	r7, r7, #24
 242 00da BD46     		mov	sp, r7
 243              		@ sp needed
 244 00dc 80BD     		pop	{r7, pc}
 246              		.section	.text.inet_chksum_pseudo,"ax",%progbits
 247              		.align	1
 248              		.global	inet_chksum_pseudo
 249              		.syntax unified
 250              		.thumb
 251              		.thumb_func
 253              	inet_chksum_pseudo:
 254              		@ args = 4, pretend = 0, frame = 24
 255              		@ frame_needed = 1, uses_anonymous_args = 0
 256 0000 80B5     		push	{r7, lr}
 257 0002 86B0     		sub	sp, sp, #24
 258 0004 00AF     		add	r7, sp, #0
 259 0006 F860     		str	r0, [r7, #12]
 260 0008 7B60     		str	r3, [r7, #4]
 261 000a 0B46     		mov	r3, r1
 262 000c FB72     		strb	r3, [r7, #11]
 263 000e 1346     		mov	r3, r2	@ movhi
 264 0010 3B81     		strh	r3, [r7, #8]	@ movhi
 265 0012 7B68     		ldr	r3, [r7, #4]
 266 0014 1B68     		ldr	r3, [r3]
 267 0016 7B61     		str	r3, [r7, #20]
 268 0018 7B69     		ldr	r3, [r7, #20]
 269 001a 9BB2     		uxth	r3, r3
 270 001c 3B61     		str	r3, [r7, #16]
 271 001e 7B69     		ldr	r3, [r7, #20]
 272 0020 1B0C     		lsrs	r3, r3, #16
 273 0022 3A69     		ldr	r2, [r7, #16]
 274 0024 1344     		add	r3, r3, r2
 275 0026 3B61     		str	r3, [r7, #16]
 276 0028 3B6A     		ldr	r3, [r7, #32]
 277 002a 1B68     		ldr	r3, [r3]
 278 002c 7B61     		str	r3, [r7, #20]
 279 002e 7B69     		ldr	r3, [r7, #20]
 280 0030 9BB2     		uxth	r3, r3
 281 0032 3A69     		ldr	r2, [r7, #16]
 282 0034 1344     		add	r3, r3, r2
 283 0036 3B61     		str	r3, [r7, #16]
 284 0038 7B69     		ldr	r3, [r7, #20]
 285 003a 1B0C     		lsrs	r3, r3, #16
 286 003c 3A69     		ldr	r2, [r7, #16]
 287 003e 1344     		add	r3, r3, r2
 288 0040 3B61     		str	r3, [r7, #16]
 289 0042 3B69     		ldr	r3, [r7, #16]
 290 0044 1A0C     		lsrs	r2, r3, #16
ARM GAS  C:\msys64\tmp\ccbyKoOG.s 			page 6


 291 0046 3B69     		ldr	r3, [r7, #16]
 292 0048 9BB2     		uxth	r3, r3
 293 004a 1344     		add	r3, r3, r2
 294 004c 3B61     		str	r3, [r7, #16]
 295 004e 3B69     		ldr	r3, [r7, #16]
 296 0050 1A0C     		lsrs	r2, r3, #16
 297 0052 3B69     		ldr	r3, [r7, #16]
 298 0054 9BB2     		uxth	r3, r3
 299 0056 1344     		add	r3, r3, r2
 300 0058 3B61     		str	r3, [r7, #16]
 301 005a 3A89     		ldrh	r2, [r7, #8]
 302 005c F97A     		ldrb	r1, [r7, #11]	@ zero_extendqisi2
 303 005e 3B69     		ldr	r3, [r7, #16]
 304 0060 F868     		ldr	r0, [r7, #12]
 305 0062 FFF7FEFF 		bl	inet_cksum_pseudo_base
 306 0066 0346     		mov	r3, r0
 307 0068 1846     		mov	r0, r3
 308 006a 1837     		adds	r7, r7, #24
 309 006c BD46     		mov	sp, r7
 310              		@ sp needed
 311 006e 80BD     		pop	{r7, pc}
 313              		.section	.text.ip_chksum_pseudo,"ax",%progbits
 314              		.align	1
 315              		.global	ip_chksum_pseudo
 316              		.syntax unified
 317              		.thumb
 318              		.thumb_func
 320              	ip_chksum_pseudo:
 321              		@ args = 4, pretend = 0, frame = 16
 322              		@ frame_needed = 1, uses_anonymous_args = 0
 323 0000 80B5     		push	{r7, lr}
 324 0002 86B0     		sub	sp, sp, #24
 325 0004 02AF     		add	r7, sp, #8
 326 0006 F860     		str	r0, [r7, #12]
 327 0008 7B60     		str	r3, [r7, #4]
 328 000a 0B46     		mov	r3, r1
 329 000c FB72     		strb	r3, [r7, #11]
 330 000e 1346     		mov	r3, r2	@ movhi
 331 0010 3B81     		strh	r3, [r7, #8]	@ movhi
 332 0012 3A89     		ldrh	r2, [r7, #8]
 333 0014 F97A     		ldrb	r1, [r7, #11]	@ zero_extendqisi2
 334 0016 BB69     		ldr	r3, [r7, #24]
 335 0018 0093     		str	r3, [sp]
 336 001a 7B68     		ldr	r3, [r7, #4]
 337 001c F868     		ldr	r0, [r7, #12]
 338 001e FFF7FEFF 		bl	inet_chksum_pseudo
 339 0022 0346     		mov	r3, r0
 340 0024 1846     		mov	r0, r3
 341 0026 1037     		adds	r7, r7, #16
 342 0028 BD46     		mov	sp, r7
 343              		@ sp needed
 344 002a 80BD     		pop	{r7, pc}
 346              		.section	.rodata
 347              		.align	2
 348              	.LC0:
 349 0000 4D696464 		.ascii	"Middlewares/stm32f746_lwip_withos_porting/LWIP/src/"
 349      6C657761 
ARM GAS  C:\msys64\tmp\ccbyKoOG.s 			page 7


 349      7265732F 
 349      73746D33 
 349      32663734 
 350 0033 636F7265 		.ascii	"core/inet_chksum.c\000"
 350      2F696E65 
 350      745F6368 
 350      6B73756D 
 350      2E6300
 351 0046 0000     		.align	2
 352              	.LC1:
 353 0048 64656C65 		.ascii	"delete me\000"
 353      7465206D 
 353      6500
 354 0052 0000     		.align	2
 355              	.LC2:
 356 0054 41737365 		.ascii	"Assertion \"%s\" failed at line %d in %s\012\000"
 356      7274696F 
 356      6E202225 
 356      73222066 
 356      61696C65 
 357              		.section	.text.inet_cksum_pseudo_partial_base,"ax",%progbits
 358              		.align	1
 359              		.syntax unified
 360              		.thumb
 361              		.thumb_func
 363              	inet_cksum_pseudo_partial_base:
 364              		@ args = 4, pretend = 0, frame = 32
 365              		@ frame_needed = 1, uses_anonymous_args = 0
 366 0000 80B5     		push	{r7, lr}
 367 0002 88B0     		sub	sp, sp, #32
 368 0004 00AF     		add	r7, sp, #0
 369 0006 F860     		str	r0, [r7, #12]
 370 0008 0846     		mov	r0, r1
 371 000a 1146     		mov	r1, r2
 372 000c 1A46     		mov	r2, r3
 373 000e 0346     		mov	r3, r0
 374 0010 FB72     		strb	r3, [r7, #11]
 375 0012 0B46     		mov	r3, r1	@ movhi
 376 0014 3B81     		strh	r3, [r7, #8]	@ movhi
 377 0016 1346     		mov	r3, r2	@ movhi
 378 0018 FB80     		strh	r3, [r7, #6]	@ movhi
 379 001a 0023     		movs	r3, #0
 380 001c BB61     		str	r3, [r7, #24]
 381 001e FB68     		ldr	r3, [r7, #12]
 382 0020 FB61     		str	r3, [r7, #28]
 383 0022 43E0     		b	.L19
 384              	.L24:
 385 0024 FB69     		ldr	r3, [r7, #28]
 386 0026 5B89     		ldrh	r3, [r3, #10]	@ movhi
 387 0028 FB82     		strh	r3, [r7, #22]	@ movhi
 388 002a FA8A     		ldrh	r2, [r7, #22]
 389 002c FB88     		ldrh	r3, [r7, #6]
 390 002e 9A42     		cmp	r2, r3
 391 0030 01D9     		bls	.L20
 392 0032 FB88     		ldrh	r3, [r7, #6]	@ movhi
 393 0034 FB82     		strh	r3, [r7, #22]	@ movhi
 394              	.L20:
ARM GAS  C:\msys64\tmp\ccbyKoOG.s 			page 8


 395 0036 FB69     		ldr	r3, [r7, #28]
 396 0038 5B68     		ldr	r3, [r3, #4]
 397 003a FA8A     		ldrh	r2, [r7, #22]
 398 003c 1146     		mov	r1, r2
 399 003e 1846     		mov	r0, r3
 400 0040 FFF7FEFF 		bl	lwip_standard_chksum
 401 0044 0346     		mov	r3, r0
 402 0046 1A46     		mov	r2, r3
 403 0048 BB6A     		ldr	r3, [r7, #40]
 404 004a 1344     		add	r3, r3, r2
 405 004c BB62     		str	r3, [r7, #40]
 406 004e FA88     		ldrh	r2, [r7, #6]	@ movhi
 407 0050 FB8A     		ldrh	r3, [r7, #22]	@ movhi
 408 0052 D31A     		subs	r3, r2, r3
 409 0054 FB80     		strh	r3, [r7, #6]	@ movhi
 410 0056 FB88     		ldrh	r3, [r7, #6]
 411 0058 47F6FE72 		movw	r2, #32766
 412 005c 9342     		cmp	r3, r2
 413 005e 06D9     		bls	.L21
 414 0060 2E4B     		ldr	r3, .L27
 415 0062 4FF4D072 		mov	r2, #416
 416 0066 2E49     		ldr	r1, .L27+4
 417 0068 2E48     		ldr	r0, .L27+8
 418 006a FFF7FEFF 		bl	printf
 419              	.L21:
 420 006e BB6A     		ldr	r3, [r7, #40]
 421 0070 1A0C     		lsrs	r2, r3, #16
 422 0072 BB6A     		ldr	r3, [r7, #40]
 423 0074 9BB2     		uxth	r3, r3
 424 0076 1344     		add	r3, r3, r2
 425 0078 BB62     		str	r3, [r7, #40]
 426 007a FB69     		ldr	r3, [r7, #28]
 427 007c 5B89     		ldrh	r3, [r3, #10]
 428 007e 03F00103 		and	r3, r3, #1
 429 0082 9BB2     		uxth	r3, r3
 430 0084 002B     		cmp	r3, #0
 431 0086 0ED0     		beq	.L22
 432 0088 BB69     		ldr	r3, [r7, #24]
 433 008a 002B     		cmp	r3, #0
 434 008c 0CBF     		ite	eq
 435 008e 0123     		moveq	r3, #1
 436 0090 0023     		movne	r3, #0
 437 0092 DBB2     		uxtb	r3, r3
 438 0094 BB61     		str	r3, [r7, #24]
 439 0096 BB6A     		ldr	r3, [r7, #40]
 440 0098 1B02     		lsls	r3, r3, #8
 441 009a 9AB2     		uxth	r2, r3
 442 009c BB6A     		ldr	r3, [r7, #40]
 443 009e 1B0A     		lsrs	r3, r3, #8
 444 00a0 DBB2     		uxtb	r3, r3
 445 00a2 1343     		orrs	r3, r3, r2
 446 00a4 BB62     		str	r3, [r7, #40]
 447              	.L22:
 448 00a6 FB69     		ldr	r3, [r7, #28]
 449 00a8 1B68     		ldr	r3, [r3]
 450 00aa FB61     		str	r3, [r7, #28]
 451              	.L19:
ARM GAS  C:\msys64\tmp\ccbyKoOG.s 			page 9


 452 00ac FB69     		ldr	r3, [r7, #28]
 453 00ae 002B     		cmp	r3, #0
 454 00b0 02D0     		beq	.L23
 455 00b2 FB88     		ldrh	r3, [r7, #6]
 456 00b4 002B     		cmp	r3, #0
 457 00b6 B5D1     		bne	.L24
 458              	.L23:
 459 00b8 BB69     		ldr	r3, [r7, #24]
 460 00ba 002B     		cmp	r3, #0
 461 00bc 07D0     		beq	.L25
 462 00be BB6A     		ldr	r3, [r7, #40]
 463 00c0 1B02     		lsls	r3, r3, #8
 464 00c2 9AB2     		uxth	r2, r3
 465 00c4 BB6A     		ldr	r3, [r7, #40]
 466 00c6 1B0A     		lsrs	r3, r3, #8
 467 00c8 DBB2     		uxtb	r3, r3
 468 00ca 1343     		orrs	r3, r3, r2
 469 00cc BB62     		str	r3, [r7, #40]
 470              	.L25:
 471 00ce FB7A     		ldrb	r3, [r7, #11]	@ zero_extendqisi2
 472 00d0 9BB2     		uxth	r3, r3
 473 00d2 1846     		mov	r0, r3
 474 00d4 FFF7FEFF 		bl	lwip_htons
 475 00d8 0346     		mov	r3, r0
 476 00da 1A46     		mov	r2, r3
 477 00dc BB6A     		ldr	r3, [r7, #40]
 478 00de 1344     		add	r3, r3, r2
 479 00e0 BB62     		str	r3, [r7, #40]
 480 00e2 3B89     		ldrh	r3, [r7, #8]
 481 00e4 1846     		mov	r0, r3
 482 00e6 FFF7FEFF 		bl	lwip_htons
 483 00ea 0346     		mov	r3, r0
 484 00ec 1A46     		mov	r2, r3
 485 00ee BB6A     		ldr	r3, [r7, #40]
 486 00f0 1344     		add	r3, r3, r2
 487 00f2 BB62     		str	r3, [r7, #40]
 488 00f4 BB6A     		ldr	r3, [r7, #40]
 489 00f6 1A0C     		lsrs	r2, r3, #16
 490 00f8 BB6A     		ldr	r3, [r7, #40]
 491 00fa 9BB2     		uxth	r3, r3
 492 00fc 1344     		add	r3, r3, r2
 493 00fe BB62     		str	r3, [r7, #40]
 494 0100 BB6A     		ldr	r3, [r7, #40]
 495 0102 1A0C     		lsrs	r2, r3, #16
 496 0104 BB6A     		ldr	r3, [r7, #40]
 497 0106 9BB2     		uxth	r3, r3
 498 0108 1344     		add	r3, r3, r2
 499 010a BB62     		str	r3, [r7, #40]
 500 010c BB6A     		ldr	r3, [r7, #40]
 501 010e 9BB2     		uxth	r3, r3
 502 0110 DB43     		mvns	r3, r3
 503 0112 9BB2     		uxth	r3, r3
 504 0114 1846     		mov	r0, r3
 505 0116 2037     		adds	r7, r7, #32
 506 0118 BD46     		mov	sp, r7
 507              		@ sp needed
 508 011a 80BD     		pop	{r7, pc}
ARM GAS  C:\msys64\tmp\ccbyKoOG.s 			page 10


 509              	.L28:
 510              		.align	2
 511              	.L27:
 512 011c 00000000 		.word	.LC0
 513 0120 48000000 		.word	.LC1
 514 0124 54000000 		.word	.LC2
 516              		.section	.text.inet_chksum_pseudo_partial,"ax",%progbits
 517              		.align	1
 518              		.global	inet_chksum_pseudo_partial
 519              		.syntax unified
 520              		.thumb
 521              		.thumb_func
 523              	inet_chksum_pseudo_partial:
 524              		@ args = 8, pretend = 0, frame = 24
 525              		@ frame_needed = 1, uses_anonymous_args = 0
 526 0000 80B5     		push	{r7, lr}
 527 0002 88B0     		sub	sp, sp, #32
 528 0004 02AF     		add	r7, sp, #8
 529 0006 F860     		str	r0, [r7, #12]
 530 0008 0846     		mov	r0, r1
 531 000a 1146     		mov	r1, r2
 532 000c 1A46     		mov	r2, r3
 533 000e 0346     		mov	r3, r0
 534 0010 FB72     		strb	r3, [r7, #11]
 535 0012 0B46     		mov	r3, r1	@ movhi
 536 0014 3B81     		strh	r3, [r7, #8]	@ movhi
 537 0016 1346     		mov	r3, r2	@ movhi
 538 0018 FB80     		strh	r3, [r7, #6]	@ movhi
 539 001a 3B6A     		ldr	r3, [r7, #32]
 540 001c 1B68     		ldr	r3, [r3]
 541 001e 7B61     		str	r3, [r7, #20]
 542 0020 7B69     		ldr	r3, [r7, #20]
 543 0022 9BB2     		uxth	r3, r3
 544 0024 3B61     		str	r3, [r7, #16]
 545 0026 7B69     		ldr	r3, [r7, #20]
 546 0028 1B0C     		lsrs	r3, r3, #16
 547 002a 3A69     		ldr	r2, [r7, #16]
 548 002c 1344     		add	r3, r3, r2
 549 002e 3B61     		str	r3, [r7, #16]
 550 0030 7B6A     		ldr	r3, [r7, #36]
 551 0032 1B68     		ldr	r3, [r3]
 552 0034 7B61     		str	r3, [r7, #20]
 553 0036 7B69     		ldr	r3, [r7, #20]
 554 0038 9BB2     		uxth	r3, r3
 555 003a 3A69     		ldr	r2, [r7, #16]
 556 003c 1344     		add	r3, r3, r2
 557 003e 3B61     		str	r3, [r7, #16]
 558 0040 7B69     		ldr	r3, [r7, #20]
 559 0042 1B0C     		lsrs	r3, r3, #16
 560 0044 3A69     		ldr	r2, [r7, #16]
 561 0046 1344     		add	r3, r3, r2
 562 0048 3B61     		str	r3, [r7, #16]
 563 004a 3B69     		ldr	r3, [r7, #16]
 564 004c 1A0C     		lsrs	r2, r3, #16
 565 004e 3B69     		ldr	r3, [r7, #16]
 566 0050 9BB2     		uxth	r3, r3
 567 0052 1344     		add	r3, r3, r2
ARM GAS  C:\msys64\tmp\ccbyKoOG.s 			page 11


 568 0054 3B61     		str	r3, [r7, #16]
 569 0056 3B69     		ldr	r3, [r7, #16]
 570 0058 1A0C     		lsrs	r2, r3, #16
 571 005a 3B69     		ldr	r3, [r7, #16]
 572 005c 9BB2     		uxth	r3, r3
 573 005e 1344     		add	r3, r3, r2
 574 0060 3B61     		str	r3, [r7, #16]
 575 0062 F888     		ldrh	r0, [r7, #6]
 576 0064 3A89     		ldrh	r2, [r7, #8]
 577 0066 F97A     		ldrb	r1, [r7, #11]	@ zero_extendqisi2
 578 0068 3B69     		ldr	r3, [r7, #16]
 579 006a 0093     		str	r3, [sp]
 580 006c 0346     		mov	r3, r0
 581 006e F868     		ldr	r0, [r7, #12]
 582 0070 FFF7FEFF 		bl	inet_cksum_pseudo_partial_base
 583 0074 0346     		mov	r3, r0
 584 0076 1846     		mov	r0, r3
 585 0078 1837     		adds	r7, r7, #24
 586 007a BD46     		mov	sp, r7
 587              		@ sp needed
 588 007c 80BD     		pop	{r7, pc}
 590              		.section	.text.ip_chksum_pseudo_partial,"ax",%progbits
 591              		.align	1
 592              		.global	ip_chksum_pseudo_partial
 593              		.syntax unified
 594              		.thumb
 595              		.thumb_func
 597              	ip_chksum_pseudo_partial:
 598              		@ args = 8, pretend = 0, frame = 16
 599              		@ frame_needed = 1, uses_anonymous_args = 0
 600 0000 80B5     		push	{r7, lr}
 601 0002 86B0     		sub	sp, sp, #24
 602 0004 02AF     		add	r7, sp, #8
 603 0006 F860     		str	r0, [r7, #12]
 604 0008 0846     		mov	r0, r1
 605 000a 1146     		mov	r1, r2
 606 000c 1A46     		mov	r2, r3
 607 000e 0346     		mov	r3, r0
 608 0010 FB72     		strb	r3, [r7, #11]
 609 0012 0B46     		mov	r3, r1	@ movhi
 610 0014 3B81     		strh	r3, [r7, #8]	@ movhi
 611 0016 1346     		mov	r3, r2	@ movhi
 612 0018 FB80     		strh	r3, [r7, #6]	@ movhi
 613 001a F888     		ldrh	r0, [r7, #6]
 614 001c 3A89     		ldrh	r2, [r7, #8]
 615 001e F97A     		ldrb	r1, [r7, #11]	@ zero_extendqisi2
 616 0020 FB69     		ldr	r3, [r7, #28]
 617 0022 0193     		str	r3, [sp, #4]
 618 0024 BB69     		ldr	r3, [r7, #24]
 619 0026 0093     		str	r3, [sp]
 620 0028 0346     		mov	r3, r0
 621 002a F868     		ldr	r0, [r7, #12]
 622 002c FFF7FEFF 		bl	inet_chksum_pseudo_partial
 623 0030 0346     		mov	r3, r0
 624 0032 1846     		mov	r0, r3
 625 0034 1037     		adds	r7, r7, #16
 626 0036 BD46     		mov	sp, r7
ARM GAS  C:\msys64\tmp\ccbyKoOG.s 			page 12


 627              		@ sp needed
 628 0038 80BD     		pop	{r7, pc}
 630              		.section	.text.inet_chksum,"ax",%progbits
 631              		.align	1
 632              		.global	inet_chksum
 633              		.syntax unified
 634              		.thumb
 635              		.thumb_func
 637              	inet_chksum:
 638              		@ args = 0, pretend = 0, frame = 8
 639              		@ frame_needed = 1, uses_anonymous_args = 0
 640 0000 80B5     		push	{r7, lr}
 641 0002 82B0     		sub	sp, sp, #8
 642 0004 00AF     		add	r7, sp, #0
 643 0006 7860     		str	r0, [r7, #4]
 644 0008 0B46     		mov	r3, r1
 645 000a 7B80     		strh	r3, [r7, #2]	@ movhi
 646 000c 7B88     		ldrh	r3, [r7, #2]
 647 000e 1946     		mov	r1, r3
 648 0010 7868     		ldr	r0, [r7, #4]
 649 0012 FFF7FEFF 		bl	lwip_standard_chksum
 650 0016 0346     		mov	r3, r0
 651 0018 DB43     		mvns	r3, r3
 652 001a 9BB2     		uxth	r3, r3
 653 001c 1846     		mov	r0, r3
 654 001e 0837     		adds	r7, r7, #8
 655 0020 BD46     		mov	sp, r7
 656              		@ sp needed
 657 0022 80BD     		pop	{r7, pc}
 659              		.section	.text.inet_chksum_pbuf,"ax",%progbits
 660              		.align	1
 661              		.global	inet_chksum_pbuf
 662              		.syntax unified
 663              		.thumb
 664              		.thumb_func
 666              	inet_chksum_pbuf:
 667              		@ args = 0, pretend = 0, frame = 24
 668              		@ frame_needed = 1, uses_anonymous_args = 0
 669 0000 80B5     		push	{r7, lr}
 670 0002 86B0     		sub	sp, sp, #24
 671 0004 00AF     		add	r7, sp, #0
 672 0006 7860     		str	r0, [r7, #4]
 673 0008 0023     		movs	r3, #0
 674 000a FB60     		str	r3, [r7, #12]
 675 000c 0023     		movs	r3, #0
 676 000e 7B61     		str	r3, [r7, #20]
 677 0010 7B68     		ldr	r3, [r7, #4]
 678 0012 3B61     		str	r3, [r7, #16]
 679 0014 2BE0     		b	.L36
 680              	.L38:
 681 0016 3B69     		ldr	r3, [r7, #16]
 682 0018 5A68     		ldr	r2, [r3, #4]
 683 001a 3B69     		ldr	r3, [r7, #16]
 684 001c 5B89     		ldrh	r3, [r3, #10]
 685 001e 1946     		mov	r1, r3
 686 0020 1046     		mov	r0, r2
 687 0022 FFF7FEFF 		bl	lwip_standard_chksum
ARM GAS  C:\msys64\tmp\ccbyKoOG.s 			page 13


 688 0026 0346     		mov	r3, r0
 689 0028 1A46     		mov	r2, r3
 690 002a 7B69     		ldr	r3, [r7, #20]
 691 002c 1344     		add	r3, r3, r2
 692 002e 7B61     		str	r3, [r7, #20]
 693 0030 7B69     		ldr	r3, [r7, #20]
 694 0032 1A0C     		lsrs	r2, r3, #16
 695 0034 7B69     		ldr	r3, [r7, #20]
 696 0036 9BB2     		uxth	r3, r3
 697 0038 1344     		add	r3, r3, r2
 698 003a 7B61     		str	r3, [r7, #20]
 699 003c 3B69     		ldr	r3, [r7, #16]
 700 003e 5B89     		ldrh	r3, [r3, #10]
 701 0040 03F00103 		and	r3, r3, #1
 702 0044 9BB2     		uxth	r3, r3
 703 0046 002B     		cmp	r3, #0
 704 0048 0ED0     		beq	.L37
 705 004a FB68     		ldr	r3, [r7, #12]
 706 004c 002B     		cmp	r3, #0
 707 004e 0CBF     		ite	eq
 708 0050 0123     		moveq	r3, #1
 709 0052 0023     		movne	r3, #0
 710 0054 DBB2     		uxtb	r3, r3
 711 0056 FB60     		str	r3, [r7, #12]
 712 0058 7B69     		ldr	r3, [r7, #20]
 713 005a 1B02     		lsls	r3, r3, #8
 714 005c 9AB2     		uxth	r2, r3
 715 005e 7B69     		ldr	r3, [r7, #20]
 716 0060 1B0A     		lsrs	r3, r3, #8
 717 0062 DBB2     		uxtb	r3, r3
 718 0064 1343     		orrs	r3, r3, r2
 719 0066 7B61     		str	r3, [r7, #20]
 720              	.L37:
 721 0068 3B69     		ldr	r3, [r7, #16]
 722 006a 1B68     		ldr	r3, [r3]
 723 006c 3B61     		str	r3, [r7, #16]
 724              	.L36:
 725 006e 3B69     		ldr	r3, [r7, #16]
 726 0070 002B     		cmp	r3, #0
 727 0072 D0D1     		bne	.L38
 728 0074 FB68     		ldr	r3, [r7, #12]
 729 0076 002B     		cmp	r3, #0
 730 0078 07D0     		beq	.L39
 731 007a 7B69     		ldr	r3, [r7, #20]
 732 007c 1B02     		lsls	r3, r3, #8
 733 007e 9AB2     		uxth	r2, r3
 734 0080 7B69     		ldr	r3, [r7, #20]
 735 0082 1B0A     		lsrs	r3, r3, #8
 736 0084 DBB2     		uxtb	r3, r3
 737 0086 1343     		orrs	r3, r3, r2
 738 0088 7B61     		str	r3, [r7, #20]
 739              	.L39:
 740 008a 7B69     		ldr	r3, [r7, #20]
 741 008c 9BB2     		uxth	r3, r3
 742 008e DB43     		mvns	r3, r3
 743 0090 9BB2     		uxth	r3, r3
 744 0092 1846     		mov	r0, r3
ARM GAS  C:\msys64\tmp\ccbyKoOG.s 			page 14


 745 0094 1837     		adds	r7, r7, #24
 746 0096 BD46     		mov	sp, r7
 747              		@ sp needed
 748 0098 80BD     		pop	{r7, pc}
 750              		.ident	"GCC: (GNU) 13.3.0"
ARM GAS  C:\msys64\tmp\ccbyKoOG.s 			page 15


DEFINED SYMBOLS
                            *ABS*:00000000 inet_chksum.c
C:\msys64\tmp\ccbyKoOG.s:18     .text.lwip_standard_chksum:00000000 $t
C:\msys64\tmp\ccbyKoOG.s:24     .text.lwip_standard_chksum:00000000 lwip_standard_chksum
C:\msys64\tmp\ccbyKoOG.s:125    .text.inet_cksum_pseudo_base:00000000 $t
C:\msys64\tmp\ccbyKoOG.s:130    .text.inet_cksum_pseudo_base:00000000 inet_cksum_pseudo_base
C:\msys64\tmp\ccbyKoOG.s:247    .text.inet_chksum_pseudo:00000000 $t
C:\msys64\tmp\ccbyKoOG.s:253    .text.inet_chksum_pseudo:00000000 inet_chksum_pseudo
C:\msys64\tmp\ccbyKoOG.s:314    .text.ip_chksum_pseudo:00000000 $t
C:\msys64\tmp\ccbyKoOG.s:320    .text.ip_chksum_pseudo:00000000 ip_chksum_pseudo
C:\msys64\tmp\ccbyKoOG.s:347    .rodata:00000000 $d
C:\msys64\tmp\ccbyKoOG.s:358    .text.inet_cksum_pseudo_partial_base:00000000 $t
C:\msys64\tmp\ccbyKoOG.s:363    .text.inet_cksum_pseudo_partial_base:00000000 inet_cksum_pseudo_partial_base
C:\msys64\tmp\ccbyKoOG.s:512    .text.inet_cksum_pseudo_partial_base:0000011c $d
C:\msys64\tmp\ccbyKoOG.s:517    .text.inet_chksum_pseudo_partial:00000000 $t
C:\msys64\tmp\ccbyKoOG.s:523    .text.inet_chksum_pseudo_partial:00000000 inet_chksum_pseudo_partial
C:\msys64\tmp\ccbyKoOG.s:591    .text.ip_chksum_pseudo_partial:00000000 $t
C:\msys64\tmp\ccbyKoOG.s:597    .text.ip_chksum_pseudo_partial:00000000 ip_chksum_pseudo_partial
C:\msys64\tmp\ccbyKoOG.s:631    .text.inet_chksum:00000000 $t
C:\msys64\tmp\ccbyKoOG.s:637    .text.inet_chksum:00000000 inet_chksum
C:\msys64\tmp\ccbyKoOG.s:660    .text.inet_chksum_pbuf:00000000 $t
C:\msys64\tmp\ccbyKoOG.s:666    .text.inet_chksum_pbuf:00000000 inet_chksum_pbuf

UNDEFINED SYMBOLS
lwip_htons
printf
