ARM GAS  C:\msys64\tmp\cc7z76cY.s 			page 1


   1              		.cpu cortex-m7
   2              		.arch armv7e-m
   3              		.fpu fpv5-sp-d16
   4              		.eabi_attribute 27, 1
   5              		.eabi_attribute 28, 1
   6              		.eabi_attribute 20, 1
   7              		.eabi_attribute 21, 1
   8              		.eabi_attribute 23, 3
   9              		.eabi_attribute 24, 1
  10              		.eabi_attribute 25, 1
  11              		.eabi_attribute 26, 1
  12              		.eabi_attribute 30, 6
  13              		.eabi_attribute 34, 1
  14              		.eabi_attribute 18, 4
  15              		.file	"netif.c"
  16              		.text
  17              		.global	netif_list
  18              		.section	.bss.netif_list,"aw",%nobits
  19              		.align	2
  22              	netif_list:
  23 0000 00000000 		.space	4
  24              		.global	netif_default
  25              		.section	.bss.netif_default,"aw",%nobits
  26              		.align	2
  29              	netif_default:
  30 0000 00000000 		.space	4
  31              		.section	.bss.netif_num,"aw",%nobits
  34              	netif_num:
  35 0000 00       		.space	1
  36              		.section	.text.netif_init,"ax",%progbits
  37              		.align	1
  38              		.global	netif_init
  39              		.syntax unified
  40              		.thumb
  41              		.thumb_func
  43              	netif_init:
  44              		@ args = 0, pretend = 0, frame = 0
  45              		@ frame_needed = 1, uses_anonymous_args = 0
  46              		@ link register save eliminated.
  47 0000 80B4     		push	{r7}
  48 0002 00AF     		add	r7, sp, #0
  49 0004 00BF     		nop
  50 0006 BD46     		mov	sp, r7
  51              		@ sp needed
  52 0008 5DF8047B 		ldr	r7, [sp], #4
  53 000c 7047     		bx	lr
  55              		.section	.rodata
  56              		.align	2
  57              	.LC0:
  58 0000 4D696464 		.ascii	"Middlewares/stm32f746_lwip_withos_porting/LWIP/src/"
  58      6C657761 
  58      7265732F 
  58      73746D33 
  58      32663734 
  59 0033 636F7265 		.ascii	"core/netif.c\000"
  59      2F6E6574 
  59      69662E63 
ARM GAS  C:\msys64\tmp\cc7z76cY.s 			page 2


  59      00
  60              		.align	2
  61              	.LC1:
  62 0040 6E657469 		.ascii	"netif_input: invalid pbuf\000"
  62      665F696E 
  62      7075743A 
  62      20696E76 
  62      616C6964 
  63 005a 0000     		.align	2
  64              	.LC2:
  65 005c 41737365 		.ascii	"Assertion \"%s\" failed at line %d in %s\012\000"
  65      7274696F 
  65      6E202225 
  65      73222066 
  65      61696C65 
  66              		.align	2
  67              	.LC3:
  68 0084 6E657469 		.ascii	"netif_input: invalid netif\000"
  68      665F696E 
  68      7075743A 
  68      20696E76 
  68      616C6964 
  69              		.section	.text.netif_input,"ax",%progbits
  70              		.align	1
  71              		.global	netif_input
  72              		.syntax unified
  73              		.thumb
  74              		.thumb_func
  76              	netif_input:
  77              		@ args = 0, pretend = 0, frame = 8
  78              		@ frame_needed = 1, uses_anonymous_args = 0
  79 0000 80B5     		push	{r7, lr}
  80 0002 82B0     		sub	sp, sp, #8
  81 0004 00AF     		add	r7, sp, #0
  82 0006 7860     		str	r0, [r7, #4]
  83 0008 3960     		str	r1, [r7]
  84 000a 7B68     		ldr	r3, [r7, #4]
  85 000c 002B     		cmp	r3, #0
  86 000e 05D1     		bne	.L3
  87 0010 124B     		ldr	r3, .L7
  88 0012 DD22     		movs	r2, #221
  89 0014 1249     		ldr	r1, .L7+4
  90 0016 1348     		ldr	r0, .L7+8
  91 0018 FFF7FEFF 		bl	printf
  92              	.L3:
  93 001c 3B68     		ldr	r3, [r7]
  94 001e 002B     		cmp	r3, #0
  95 0020 05D1     		bne	.L4
  96 0022 0E4B     		ldr	r3, .L7
  97 0024 DE22     		movs	r2, #222
  98 0026 1049     		ldr	r1, .L7+12
  99 0028 0E48     		ldr	r0, .L7+8
 100 002a FFF7FEFF 		bl	printf
 101              	.L4:
 102 002e 3B68     		ldr	r3, [r7]
 103 0030 93F82D30 		ldrb	r3, [r3, #45]	@ zero_extendqisi2
 104 0034 03F01803 		and	r3, r3, #24
ARM GAS  C:\msys64\tmp\cc7z76cY.s 			page 3


 105 0038 002B     		cmp	r3, #0
 106 003a 05D0     		beq	.L5
 107 003c 3968     		ldr	r1, [r7]
 108 003e 7868     		ldr	r0, [r7, #4]
 109 0040 FFF7FEFF 		bl	ethernet_input
 110 0044 0346     		mov	r3, r0
 111 0046 04E0     		b	.L6
 112              	.L5:
 113 0048 3968     		ldr	r1, [r7]
 114 004a 7868     		ldr	r0, [r7, #4]
 115 004c FFF7FEFF 		bl	ip4_input
 116 0050 0346     		mov	r3, r0
 117              	.L6:
 118 0052 1846     		mov	r0, r3
 119 0054 0837     		adds	r7, r7, #8
 120 0056 BD46     		mov	sp, r7
 121              		@ sp needed
 122 0058 80BD     		pop	{r7, pc}
 123              	.L8:
 124 005a 00BF     		.align	2
 125              	.L7:
 126 005c 00000000 		.word	.LC0
 127 0060 40000000 		.word	.LC1
 128 0064 5C000000 		.word	.LC2
 129 0068 84000000 		.word	.LC3
 131              		.section	.text.netif_add_noaddr,"ax",%progbits
 132              		.align	1
 133              		.global	netif_add_noaddr
 134              		.syntax unified
 135              		.thumb
 136              		.thumb_func
 138              	netif_add_noaddr:
 139              		@ args = 0, pretend = 0, frame = 16
 140              		@ frame_needed = 1, uses_anonymous_args = 0
 141 0000 80B5     		push	{r7, lr}
 142 0002 88B0     		sub	sp, sp, #32
 143 0004 04AF     		add	r7, sp, #16
 144 0006 F860     		str	r0, [r7, #12]
 145 0008 B960     		str	r1, [r7, #8]
 146 000a 7A60     		str	r2, [r7, #4]
 147 000c 3B60     		str	r3, [r7]
 148 000e 3B68     		ldr	r3, [r7]
 149 0010 0293     		str	r3, [sp, #8]
 150 0012 7B68     		ldr	r3, [r7, #4]
 151 0014 0193     		str	r3, [sp, #4]
 152 0016 BB68     		ldr	r3, [r7, #8]
 153 0018 0093     		str	r3, [sp]
 154 001a 0023     		movs	r3, #0
 155 001c 0022     		movs	r2, #0
 156 001e 0021     		movs	r1, #0
 157 0020 F868     		ldr	r0, [r7, #12]
 158 0022 FFF7FEFF 		bl	netif_add
 159 0026 0346     		mov	r3, r0
 160 0028 1846     		mov	r0, r3
 161 002a 1037     		adds	r7, r7, #16
 162 002c BD46     		mov	sp, r7
 163              		@ sp needed
ARM GAS  C:\msys64\tmp\cc7z76cY.s 			page 4


 164 002e 80BD     		pop	{r7, pc}
 166              		.section	.rodata
 167 009f 00       		.align	2
 168              	.LC4:
 169 00a0 6E657469 		.ascii	"netif_add: invalid netif\000"
 169      665F6164 
 169      643A2069 
 169      6E76616C 
 169      6964206E 
 170 00b9 000000   		.align	2
 171              	.LC5:
 172 00bc 6E657469 		.ascii	"netif_add: No init function given\000"
 172      665F6164 
 172      643A204E 
 172      6F20696E 
 172      69742066 
 173 00de 0000     		.align	2
 174              	.LC6:
 175 00e0 6E657469 		.ascii	"netif already added\000"
 175      6620616C 
 175      72656164 
 175      79206164 
 175      64656400 
 176              		.align	2
 177              	.LC7:
 178 00f4 746F6F20 		.ascii	"too many netifs, max. supported number is 255\000"
 178      6D616E79 
 178      206E6574 
 178      6966732C 
 178      206D6178 
 179              		.section	.text.netif_add,"ax",%progbits
 180              		.align	1
 181              		.global	netif_add
 182              		.syntax unified
 183              		.thumb
 184              		.thumb_func
 186              	netif_add:
 187              		@ args = 12, pretend = 0, frame = 24
 188              		@ frame_needed = 1, uses_anonymous_args = 0
 189 0000 80B5     		push	{r7, lr}
 190 0002 86B0     		sub	sp, sp, #24
 191 0004 00AF     		add	r7, sp, #0
 192 0006 F860     		str	r0, [r7, #12]
 193 0008 B960     		str	r1, [r7, #8]
 194 000a 7A60     		str	r2, [r7, #4]
 195 000c 3B60     		str	r3, [r7]
 196 000e FB68     		ldr	r3, [r7, #12]
 197 0010 002B     		cmp	r3, #0
 198 0012 08D1     		bne	.L12
 199 0014 574B     		ldr	r3, .L28
 200 0016 40F22712 		movw	r2, #295
 201 001a 5749     		ldr	r1, .L28+4
 202 001c 5748     		ldr	r0, .L28+8
 203 001e FFF7FEFF 		bl	printf
 204 0022 0023     		movs	r3, #0
 205 0024 A2E0     		b	.L13
 206              	.L12:
ARM GAS  C:\msys64\tmp\cc7z76cY.s 			page 5


 207 0026 7B6A     		ldr	r3, [r7, #36]
 208 0028 002B     		cmp	r3, #0
 209 002a 08D1     		bne	.L14
 210 002c 514B     		ldr	r3, .L28
 211 002e 4FF49472 		mov	r2, #296
 212 0032 5349     		ldr	r1, .L28+12
 213 0034 5148     		ldr	r0, .L28+8
 214 0036 FFF7FEFF 		bl	printf
 215 003a 0023     		movs	r3, #0
 216 003c 96E0     		b	.L13
 217              	.L14:
 218 003e BB68     		ldr	r3, [r7, #8]
 219 0040 002B     		cmp	r3, #0
 220 0042 01D1     		bne	.L15
 221 0044 4F4B     		ldr	r3, .L28+16
 222 0046 BB60     		str	r3, [r7, #8]
 223              	.L15:
 224 0048 7B68     		ldr	r3, [r7, #4]
 225 004a 002B     		cmp	r3, #0
 226 004c 01D1     		bne	.L16
 227 004e 4D4B     		ldr	r3, .L28+16
 228 0050 7B60     		str	r3, [r7, #4]
 229              	.L16:
 230 0052 3B68     		ldr	r3, [r7]
 231 0054 002B     		cmp	r3, #0
 232 0056 01D1     		bne	.L17
 233 0058 4A4B     		ldr	r3, .L28+16
 234 005a 3B60     		str	r3, [r7]
 235              	.L17:
 236 005c FB68     		ldr	r3, [r7, #12]
 237 005e 0022     		movs	r2, #0
 238 0060 5A60     		str	r2, [r3, #4]
 239 0062 FB68     		ldr	r3, [r7, #12]
 240 0064 0022     		movs	r2, #0
 241 0066 9A60     		str	r2, [r3, #8]
 242 0068 FB68     		ldr	r3, [r7, #12]
 243 006a 0022     		movs	r2, #0
 244 006c DA60     		str	r2, [r3, #12]
 245 006e FB68     		ldr	r3, [r7, #12]
 246 0070 454A     		ldr	r2, .L28+20
 247 0072 5A61     		str	r2, [r3, #20]
 248 0074 FB68     		ldr	r3, [r7, #12]
 249 0076 0022     		movs	r2, #0
 250 0078 9A84     		strh	r2, [r3, #36]	@ movhi
 251 007a FB68     		ldr	r3, [r7, #12]
 252 007c 0022     		movs	r2, #0
 253 007e 83F82D20 		strb	r2, [r3, #45]
 254 0082 FB68     		ldr	r3, [r7, #12]
 255 0084 0022     		movs	r2, #0
 256 0086 DA61     		str	r2, [r3, #28]
 257 0088 FB68     		ldr	r3, [r7, #12]
 258 008a 3A6A     		ldr	r2, [r7, #32]
 259 008c 1A62     		str	r2, [r3, #32]
 260 008e 3F4B     		ldr	r3, .L28+24
 261 0090 1A78     		ldrb	r2, [r3]	@ zero_extendqisi2
 262 0092 FB68     		ldr	r3, [r7, #12]
 263 0094 83F83020 		strb	r2, [r3, #48]
ARM GAS  C:\msys64\tmp\cc7z76cY.s 			page 6


 264 0098 FB68     		ldr	r3, [r7, #12]
 265 009a BA6A     		ldr	r2, [r7, #40]
 266 009c 1A61     		str	r2, [r3, #16]
 267 009e 3B68     		ldr	r3, [r7]
 268 00a0 7A68     		ldr	r2, [r7, #4]
 269 00a2 B968     		ldr	r1, [r7, #8]
 270 00a4 F868     		ldr	r0, [r7, #12]
 271 00a6 FFF7FEFF 		bl	netif_set_addr
 272 00aa 7B6A     		ldr	r3, [r7, #36]
 273 00ac F868     		ldr	r0, [r7, #12]
 274 00ae 9847     		blx	r3
 275 00b0 0346     		mov	r3, r0
 276 00b2 002B     		cmp	r3, #0
 277 00b4 01D0     		beq	.L18
 278 00b6 0023     		movs	r3, #0
 279 00b8 58E0     		b	.L13
 280              	.L18:
 281 00ba FB68     		ldr	r3, [r7, #12]
 282 00bc 93F83030 		ldrb	r3, [r3, #48]	@ zero_extendqisi2
 283 00c0 FF2B     		cmp	r3, #255
 284 00c2 03D1     		bne	.L19
 285 00c4 FB68     		ldr	r3, [r7, #12]
 286 00c6 0022     		movs	r2, #0
 287 00c8 83F83020 		strb	r2, [r3, #48]
 288              	.L19:
 289 00cc 0023     		movs	r3, #0
 290 00ce 3B61     		str	r3, [r7, #16]
 291 00d0 2F4B     		ldr	r3, .L28+28
 292 00d2 1B68     		ldr	r3, [r3]
 293 00d4 7B61     		str	r3, [r7, #20]
 294 00d6 2BE0     		b	.L20
 295              	.L25:
 296 00d8 7A69     		ldr	r2, [r7, #20]
 297 00da FB68     		ldr	r3, [r7, #12]
 298 00dc 9A42     		cmp	r2, r3
 299 00de 06D1     		bne	.L21
 300 00e0 244B     		ldr	r3, .L28
 301 00e2 40F28B12 		movw	r2, #395
 302 00e6 2B49     		ldr	r1, .L28+32
 303 00e8 2448     		ldr	r0, .L28+8
 304 00ea FFF7FEFF 		bl	printf
 305              	.L21:
 306 00ee 3B69     		ldr	r3, [r7, #16]
 307 00f0 0133     		adds	r3, r3, #1
 308 00f2 3B61     		str	r3, [r7, #16]
 309 00f4 3B69     		ldr	r3, [r7, #16]
 310 00f6 FF2B     		cmp	r3, #255
 311 00f8 06DD     		ble	.L22
 312 00fa 1E4B     		ldr	r3, .L28
 313 00fc 40F28D12 		movw	r2, #397
 314 0100 2549     		ldr	r1, .L28+36
 315 0102 1E48     		ldr	r0, .L28+8
 316 0104 FFF7FEFF 		bl	printf
 317              	.L22:
 318 0108 7B69     		ldr	r3, [r7, #20]
 319 010a 93F83020 		ldrb	r2, [r3, #48]	@ zero_extendqisi2
 320 010e FB68     		ldr	r3, [r7, #12]
ARM GAS  C:\msys64\tmp\cc7z76cY.s 			page 7


 321 0110 93F83030 		ldrb	r3, [r3, #48]	@ zero_extendqisi2
 322 0114 9A42     		cmp	r2, r3
 323 0116 08D1     		bne	.L23
 324 0118 FB68     		ldr	r3, [r7, #12]
 325 011a 93F83030 		ldrb	r3, [r3, #48]	@ zero_extendqisi2
 326 011e 0133     		adds	r3, r3, #1
 327 0120 DAB2     		uxtb	r2, r3
 328 0122 FB68     		ldr	r3, [r7, #12]
 329 0124 83F83020 		strb	r2, [r3, #48]
 330 0128 05E0     		b	.L24
 331              	.L23:
 332 012a 7B69     		ldr	r3, [r7, #20]
 333 012c 1B68     		ldr	r3, [r3]
 334 012e 7B61     		str	r3, [r7, #20]
 335              	.L20:
 336 0130 7B69     		ldr	r3, [r7, #20]
 337 0132 002B     		cmp	r3, #0
 338 0134 D0D1     		bne	.L25
 339              	.L24:
 340 0136 7B69     		ldr	r3, [r7, #20]
 341 0138 002B     		cmp	r3, #0
 342 013a BED1     		bne	.L18
 343 013c FB68     		ldr	r3, [r7, #12]
 344 013e 93F83030 		ldrb	r3, [r3, #48]	@ zero_extendqisi2
 345 0142 FE2B     		cmp	r3, #254
 346 0144 03D1     		bne	.L26
 347 0146 114B     		ldr	r3, .L28+24
 348 0148 0022     		movs	r2, #0
 349 014a 1A70     		strb	r2, [r3]
 350 014c 06E0     		b	.L27
 351              	.L26:
 352 014e FB68     		ldr	r3, [r7, #12]
 353 0150 93F83030 		ldrb	r3, [r3, #48]	@ zero_extendqisi2
 354 0154 0133     		adds	r3, r3, #1
 355 0156 DAB2     		uxtb	r2, r3
 356 0158 0C4B     		ldr	r3, .L28+24
 357 015a 1A70     		strb	r2, [r3]
 358              	.L27:
 359 015c 0C4B     		ldr	r3, .L28+28
 360 015e 1A68     		ldr	r2, [r3]
 361 0160 FB68     		ldr	r3, [r7, #12]
 362 0162 1A60     		str	r2, [r3]
 363 0164 0A4A     		ldr	r2, .L28+28
 364 0166 FB68     		ldr	r3, [r7, #12]
 365 0168 1360     		str	r3, [r2]
 366 016a FB68     		ldr	r3, [r7, #12]
 367              	.L13:
 368 016c 1846     		mov	r0, r3
 369 016e 1837     		adds	r7, r7, #24
 370 0170 BD46     		mov	sp, r7
 371              		@ sp needed
 372 0172 80BD     		pop	{r7, pc}
 373              	.L29:
 374              		.align	2
 375              	.L28:
 376 0174 00000000 		.word	.LC0
 377 0178 A0000000 		.word	.LC4
ARM GAS  C:\msys64\tmp\cc7z76cY.s 			page 8


 378 017c 5C000000 		.word	.LC2
 379 0180 BC000000 		.word	.LC5
 380 0184 00000000 		.word	ip_addr_any
 381 0188 00000000 		.word	netif_null_output_ip4
 382 018c 00000000 		.word	netif_num
 383 0190 00000000 		.word	netif_list
 384 0194 E0000000 		.word	.LC6
 385 0198 F4000000 		.word	.LC7
 387              		.section	.text.netif_do_ip_addr_changed,"ax",%progbits
 388              		.align	1
 389              		.syntax unified
 390              		.thumb
 391              		.thumb_func
 393              	netif_do_ip_addr_changed:
 394              		@ args = 0, pretend = 0, frame = 8
 395              		@ frame_needed = 1, uses_anonymous_args = 0
 396              		@ link register save eliminated.
 397 0000 80B4     		push	{r7}
 398 0002 83B0     		sub	sp, sp, #12
 399 0004 00AF     		add	r7, sp, #0
 400 0006 7860     		str	r0, [r7, #4]
 401 0008 3960     		str	r1, [r7]
 402 000a 00BF     		nop
 403 000c 0C37     		adds	r7, r7, #12
 404 000e BD46     		mov	sp, r7
 405              		@ sp needed
 406 0010 5DF8047B 		ldr	r7, [sp], #4
 407 0014 7047     		bx	lr
 409              		.section	.rodata
 410 0122 0000     		.align	2
 411              	.LC8:
 412 0124 696E7661 		.ascii	"invalid pointer\000"
 412      6C696420 
 412      706F696E 
 412      74657200 
 413              		.section	.text.netif_do_set_ipaddr,"ax",%progbits
 414              		.align	1
 415              		.syntax unified
 416              		.thumb
 417              		.thumb_func
 419              	netif_do_set_ipaddr:
 420              		@ args = 0, pretend = 0, frame = 24
 421              		@ frame_needed = 1, uses_anonymous_args = 0
 422 0000 80B5     		push	{r7, lr}
 423 0002 86B0     		sub	sp, sp, #24
 424 0004 00AF     		add	r7, sp, #0
 425 0006 F860     		str	r0, [r7, #12]
 426 0008 B960     		str	r1, [r7, #8]
 427 000a 7A60     		str	r2, [r7, #4]
 428 000c BB68     		ldr	r3, [r7, #8]
 429 000e 002B     		cmp	r3, #0
 430 0010 06D1     		bne	.L32
 431 0012 1D4B     		ldr	r3, .L38
 432 0014 40F2CB12 		movw	r2, #459
 433 0018 1C49     		ldr	r1, .L38+4
 434 001a 1D48     		ldr	r0, .L38+8
 435 001c FFF7FEFF 		bl	printf
ARM GAS  C:\msys64\tmp\cc7z76cY.s 			page 9


 436              	.L32:
 437 0020 7B68     		ldr	r3, [r7, #4]
 438 0022 002B     		cmp	r3, #0
 439 0024 06D1     		bne	.L33
 440 0026 184B     		ldr	r3, .L38
 441 0028 4FF4E672 		mov	r2, #460
 442 002c 1749     		ldr	r1, .L38+4
 443 002e 1848     		ldr	r0, .L38+8
 444 0030 FFF7FEFF 		bl	printf
 445              	.L33:
 446 0034 BB68     		ldr	r3, [r7, #8]
 447 0036 1A68     		ldr	r2, [r3]
 448 0038 FB68     		ldr	r3, [r7, #12]
 449 003a 0433     		adds	r3, r3, #4
 450 003c 1B68     		ldr	r3, [r3]
 451 003e 9A42     		cmp	r2, r3
 452 0040 1CD0     		beq	.L34
 453 0042 BB68     		ldr	r3, [r7, #8]
 454 0044 1B68     		ldr	r3, [r3]
 455 0046 7B61     		str	r3, [r7, #20]
 456 0048 FB68     		ldr	r3, [r7, #12]
 457 004a 0433     		adds	r3, r3, #4
 458 004c 1A68     		ldr	r2, [r3]
 459 004e 7B68     		ldr	r3, [r7, #4]
 460 0050 1A60     		str	r2, [r3]
 461 0052 07F11403 		add	r3, r7, #20
 462 0056 1946     		mov	r1, r3
 463 0058 7868     		ldr	r0, [r7, #4]
 464 005a FFF7FEFF 		bl	netif_do_ip_addr_changed
 465 005e BB68     		ldr	r3, [r7, #8]
 466 0060 002B     		cmp	r3, #0
 467 0062 02D0     		beq	.L35
 468 0064 BB68     		ldr	r3, [r7, #8]
 469 0066 1B68     		ldr	r3, [r3]
 470 0068 00E0     		b	.L36
 471              	.L35:
 472 006a 0023     		movs	r3, #0
 473              	.L36:
 474 006c FA68     		ldr	r2, [r7, #12]
 475 006e 5360     		str	r3, [r2, #4]
 476 0070 0121     		movs	r1, #1
 477 0072 F868     		ldr	r0, [r7, #12]
 478 0074 FFF7FEFF 		bl	netif_issue_reports
 479 0078 0123     		movs	r3, #1
 480 007a 00E0     		b	.L37
 481              	.L34:
 482 007c 0023     		movs	r3, #0
 483              	.L37:
 484 007e 1846     		mov	r0, r3
 485 0080 1837     		adds	r7, r7, #24
 486 0082 BD46     		mov	sp, r7
 487              		@ sp needed
 488 0084 80BD     		pop	{r7, pc}
 489              	.L39:
 490 0086 00BF     		.align	2
 491              	.L38:
 492 0088 00000000 		.word	.LC0
ARM GAS  C:\msys64\tmp\cc7z76cY.s 			page 10


 493 008c 24010000 		.word	.LC8
 494 0090 5C000000 		.word	.LC2
 496              		.section	.rodata
 497              		.align	2
 498              	.LC9:
 499 0134 6E657469 		.ascii	"netif_set_ipaddr: invalid netif\000"
 499      665F7365 
 499      745F6970 
 499      61646472 
 499      3A20696E 
 500              		.section	.text.netif_set_ipaddr,"ax",%progbits
 501              		.align	1
 502              		.global	netif_set_ipaddr
 503              		.syntax unified
 504              		.thumb
 505              		.thumb_func
 507              	netif_set_ipaddr:
 508              		@ args = 0, pretend = 0, frame = 16
 509              		@ frame_needed = 1, uses_anonymous_args = 0
 510 0000 80B5     		push	{r7, lr}
 511 0002 84B0     		sub	sp, sp, #16
 512 0004 00AF     		add	r7, sp, #0
 513 0006 7860     		str	r0, [r7, #4]
 514 0008 3960     		str	r1, [r7]
 515 000a 7B68     		ldr	r3, [r7, #4]
 516 000c 002B     		cmp	r3, #0
 517 000e 07D1     		bne	.L41
 518 0010 0B4B     		ldr	r3, .L45
 519 0012 4FF4FC72 		mov	r2, #504
 520 0016 0B49     		ldr	r1, .L45+4
 521 0018 0B48     		ldr	r0, .L45+8
 522 001a FFF7FEFF 		bl	printf
 523 001e 0BE0     		b	.L40
 524              	.L41:
 525 0020 3B68     		ldr	r3, [r7]
 526 0022 002B     		cmp	r3, #0
 527 0024 01D1     		bne	.L43
 528 0026 094B     		ldr	r3, .L45+12
 529 0028 3B60     		str	r3, [r7]
 530              	.L43:
 531 002a 07F10C03 		add	r3, r7, #12
 532 002e 1A46     		mov	r2, r3
 533 0030 3968     		ldr	r1, [r7]
 534 0032 7868     		ldr	r0, [r7, #4]
 535 0034 FFF7FEFF 		bl	netif_do_set_ipaddr
 536              	.L40:
 537 0038 1037     		adds	r7, r7, #16
 538 003a BD46     		mov	sp, r7
 539              		@ sp needed
 540 003c 80BD     		pop	{r7, pc}
 541              	.L46:
 542 003e 00BF     		.align	2
 543              	.L45:
 544 0040 00000000 		.word	.LC0
 545 0044 34010000 		.word	.LC9
 546 0048 5C000000 		.word	.LC2
 547 004c 00000000 		.word	ip_addr_any
ARM GAS  C:\msys64\tmp\cc7z76cY.s 			page 11


 549              		.section	.text.netif_do_set_netmask,"ax",%progbits
 550              		.align	1
 551              		.syntax unified
 552              		.thumb
 553              		.thumb_func
 555              	netif_do_set_netmask:
 556              		@ args = 0, pretend = 0, frame = 16
 557              		@ frame_needed = 1, uses_anonymous_args = 0
 558              		@ link register save eliminated.
 559 0000 80B4     		push	{r7}
 560 0002 85B0     		sub	sp, sp, #20
 561 0004 00AF     		add	r7, sp, #0
 562 0006 F860     		str	r0, [r7, #12]
 563 0008 B960     		str	r1, [r7, #8]
 564 000a 7A60     		str	r2, [r7, #4]
 565 000c BB68     		ldr	r3, [r7, #8]
 566 000e 1A68     		ldr	r2, [r3]
 567 0010 FB68     		ldr	r3, [r7, #12]
 568 0012 0833     		adds	r3, r3, #8
 569 0014 1B68     		ldr	r3, [r3]
 570 0016 9A42     		cmp	r2, r3
 571 0018 0AD0     		beq	.L48
 572 001a BB68     		ldr	r3, [r7, #8]
 573 001c 002B     		cmp	r3, #0
 574 001e 02D0     		beq	.L49
 575 0020 BB68     		ldr	r3, [r7, #8]
 576 0022 1B68     		ldr	r3, [r3]
 577 0024 00E0     		b	.L50
 578              	.L49:
 579 0026 0023     		movs	r3, #0
 580              	.L50:
 581 0028 FA68     		ldr	r2, [r7, #12]
 582 002a 9360     		str	r3, [r2, #8]
 583 002c 0123     		movs	r3, #1
 584 002e 00E0     		b	.L51
 585              	.L48:
 586 0030 0023     		movs	r3, #0
 587              	.L51:
 588 0032 1846     		mov	r0, r3
 589 0034 1437     		adds	r7, r7, #20
 590 0036 BD46     		mov	sp, r7
 591              		@ sp needed
 592 0038 5DF8047B 		ldr	r7, [sp], #4
 593 003c 7047     		bx	lr
 595              		.section	.rodata
 596              		.align	2
 597              	.LC10:
 598 0154 6E657469 		.ascii	"netif_set_netmask: invalid netif\000"
 598      665F7365 
 598      745F6E65 
 598      746D6173 
 598      6B3A2069 
 599              		.section	.text.netif_set_netmask,"ax",%progbits
 600              		.align	1
 601              		.global	netif_set_netmask
 602              		.syntax unified
 603              		.thumb
ARM GAS  C:\msys64\tmp\cc7z76cY.s 			page 12


 604              		.thumb_func
 606              	netif_set_netmask:
 607              		@ args = 0, pretend = 0, frame = 16
 608              		@ frame_needed = 1, uses_anonymous_args = 0
 609 0000 80B5     		push	{r7, lr}
 610 0002 84B0     		sub	sp, sp, #16
 611 0004 00AF     		add	r7, sp, #0
 612 0006 7860     		str	r0, [r7, #4]
 613 0008 3960     		str	r1, [r7]
 614 000a 0023     		movs	r3, #0
 615 000c FB60     		str	r3, [r7, #12]
 616 000e 7B68     		ldr	r3, [r7, #4]
 617 0010 002B     		cmp	r3, #0
 618 0012 07D1     		bne	.L53
 619 0014 0A4B     		ldr	r3, .L56
 620 0016 40F23A22 		movw	r2, #570
 621 001a 0A49     		ldr	r1, .L56+4
 622 001c 0A48     		ldr	r0, .L56+8
 623 001e FFF7FEFF 		bl	printf
 624 0022 09E0     		b	.L52
 625              	.L53:
 626 0024 3B68     		ldr	r3, [r7]
 627 0026 002B     		cmp	r3, #0
 628 0028 01D1     		bne	.L55
 629 002a 084B     		ldr	r3, .L56+12
 630 002c 3B60     		str	r3, [r7]
 631              	.L55:
 632 002e FA68     		ldr	r2, [r7, #12]
 633 0030 3968     		ldr	r1, [r7]
 634 0032 7868     		ldr	r0, [r7, #4]
 635 0034 FFF7FEFF 		bl	netif_do_set_netmask
 636              	.L52:
 637 0038 1037     		adds	r7, r7, #16
 638 003a BD46     		mov	sp, r7
 639              		@ sp needed
 640 003c 80BD     		pop	{r7, pc}
 641              	.L57:
 642 003e 00BF     		.align	2
 643              	.L56:
 644 0040 00000000 		.word	.LC0
 645 0044 54010000 		.word	.LC10
 646 0048 5C000000 		.word	.LC2
 647 004c 00000000 		.word	ip_addr_any
 649              		.section	.text.netif_do_set_gw,"ax",%progbits
 650              		.align	1
 651              		.syntax unified
 652              		.thumb
 653              		.thumb_func
 655              	netif_do_set_gw:
 656              		@ args = 0, pretend = 0, frame = 16
 657              		@ frame_needed = 1, uses_anonymous_args = 0
 658              		@ link register save eliminated.
 659 0000 80B4     		push	{r7}
 660 0002 85B0     		sub	sp, sp, #20
 661 0004 00AF     		add	r7, sp, #0
 662 0006 F860     		str	r0, [r7, #12]
 663 0008 B960     		str	r1, [r7, #8]
ARM GAS  C:\msys64\tmp\cc7z76cY.s 			page 13


 664 000a 7A60     		str	r2, [r7, #4]
 665 000c BB68     		ldr	r3, [r7, #8]
 666 000e 1A68     		ldr	r2, [r3]
 667 0010 FB68     		ldr	r3, [r7, #12]
 668 0012 0C33     		adds	r3, r3, #12
 669 0014 1B68     		ldr	r3, [r3]
 670 0016 9A42     		cmp	r2, r3
 671 0018 0AD0     		beq	.L59
 672 001a BB68     		ldr	r3, [r7, #8]
 673 001c 002B     		cmp	r3, #0
 674 001e 02D0     		beq	.L60
 675 0020 BB68     		ldr	r3, [r7, #8]
 676 0022 1B68     		ldr	r3, [r3]
 677 0024 00E0     		b	.L61
 678              	.L60:
 679 0026 0023     		movs	r3, #0
 680              	.L61:
 681 0028 FA68     		ldr	r2, [r7, #12]
 682 002a D360     		str	r3, [r2, #12]
 683 002c 0123     		movs	r3, #1
 684 002e 00E0     		b	.L62
 685              	.L59:
 686 0030 0023     		movs	r3, #0
 687              	.L62:
 688 0032 1846     		mov	r0, r3
 689 0034 1437     		adds	r7, r7, #20
 690 0036 BD46     		mov	sp, r7
 691              		@ sp needed
 692 0038 5DF8047B 		ldr	r7, [sp], #4
 693 003c 7047     		bx	lr
 695              		.section	.rodata
 696 0175 000000   		.align	2
 697              	.LC11:
 698 0178 6E657469 		.ascii	"netif_set_gw: invalid netif\000"
 698      665F7365 
 698      745F6777 
 698      3A20696E 
 698      76616C69 
 699              		.section	.text.netif_set_gw,"ax",%progbits
 700              		.align	1
 701              		.global	netif_set_gw
 702              		.syntax unified
 703              		.thumb
 704              		.thumb_func
 706              	netif_set_gw:
 707              		@ args = 0, pretend = 0, frame = 16
 708              		@ frame_needed = 1, uses_anonymous_args = 0
 709 0000 80B5     		push	{r7, lr}
 710 0002 84B0     		sub	sp, sp, #16
 711 0004 00AF     		add	r7, sp, #0
 712 0006 7860     		str	r0, [r7, #4]
 713 0008 3960     		str	r1, [r7]
 714 000a 0023     		movs	r3, #0
 715 000c FB60     		str	r3, [r7, #12]
 716 000e 7B68     		ldr	r3, [r7, #4]
 717 0010 002B     		cmp	r3, #0
 718 0012 07D1     		bne	.L64
ARM GAS  C:\msys64\tmp\cc7z76cY.s 			page 14


 719 0014 0A4B     		ldr	r3, .L67
 720 0016 40F27722 		movw	r2, #631
 721 001a 0A49     		ldr	r1, .L67+4
 722 001c 0A48     		ldr	r0, .L67+8
 723 001e FFF7FEFF 		bl	printf
 724 0022 09E0     		b	.L63
 725              	.L64:
 726 0024 3B68     		ldr	r3, [r7]
 727 0026 002B     		cmp	r3, #0
 728 0028 01D1     		bne	.L66
 729 002a 084B     		ldr	r3, .L67+12
 730 002c 3B60     		str	r3, [r7]
 731              	.L66:
 732 002e FA68     		ldr	r2, [r7, #12]
 733 0030 3968     		ldr	r1, [r7]
 734 0032 7868     		ldr	r0, [r7, #4]
 735 0034 FFF7FEFF 		bl	netif_do_set_gw
 736              	.L63:
 737 0038 1037     		adds	r7, r7, #16
 738 003a BD46     		mov	sp, r7
 739              		@ sp needed
 740 003c 80BD     		pop	{r7, pc}
 741              	.L68:
 742 003e 00BF     		.align	2
 743              	.L67:
 744 0040 00000000 		.word	.LC0
 745 0044 78010000 		.word	.LC11
 746 0048 5C000000 		.word	.LC2
 747 004c 00000000 		.word	ip_addr_any
 749              		.section	.text.netif_set_addr,"ax",%progbits
 750              		.align	1
 751              		.global	netif_set_addr
 752              		.syntax unified
 753              		.thumb
 754              		.thumb_func
 756              	netif_set_addr:
 757              		@ args = 0, pretend = 0, frame = 32
 758              		@ frame_needed = 1, uses_anonymous_args = 0
 759 0000 80B5     		push	{r7, lr}
 760 0002 88B0     		sub	sp, sp, #32
 761 0004 00AF     		add	r7, sp, #0
 762 0006 F860     		str	r0, [r7, #12]
 763 0008 B960     		str	r1, [r7, #8]
 764 000a 7A60     		str	r2, [r7, #4]
 765 000c 3B60     		str	r3, [r7]
 766 000e 0023     		movs	r3, #0
 767 0010 FB61     		str	r3, [r7, #28]
 768 0012 0023     		movs	r3, #0
 769 0014 BB61     		str	r3, [r7, #24]
 770 0016 BB68     		ldr	r3, [r7, #8]
 771 0018 002B     		cmp	r3, #0
 772 001a 01D1     		bne	.L70
 773 001c 1C4B     		ldr	r3, .L79
 774 001e BB60     		str	r3, [r7, #8]
 775              	.L70:
 776 0020 7B68     		ldr	r3, [r7, #4]
 777 0022 002B     		cmp	r3, #0
ARM GAS  C:\msys64\tmp\cc7z76cY.s 			page 15


 778 0024 01D1     		bne	.L71
 779 0026 1A4B     		ldr	r3, .L79
 780 0028 7B60     		str	r3, [r7, #4]
 781              	.L71:
 782 002a 3B68     		ldr	r3, [r7]
 783 002c 002B     		cmp	r3, #0
 784 002e 01D1     		bne	.L72
 785 0030 174B     		ldr	r3, .L79
 786 0032 3B60     		str	r3, [r7]
 787              	.L72:
 788 0034 BB68     		ldr	r3, [r7, #8]
 789 0036 002B     		cmp	r3, #0
 790 0038 03D0     		beq	.L73
 791 003a BB68     		ldr	r3, [r7, #8]
 792 003c 1B68     		ldr	r3, [r3]
 793 003e 002B     		cmp	r3, #0
 794 0040 01D1     		bne	.L74
 795              	.L73:
 796 0042 0123     		movs	r3, #1
 797 0044 00E0     		b	.L75
 798              	.L74:
 799 0046 0023     		movs	r3, #0
 800              	.L75:
 801 0048 7B61     		str	r3, [r7, #20]
 802 004a 7B69     		ldr	r3, [r7, #20]
 803 004c 002B     		cmp	r3, #0
 804 004e 06D0     		beq	.L76
 805 0050 07F11003 		add	r3, r7, #16
 806 0054 1A46     		mov	r2, r3
 807 0056 B968     		ldr	r1, [r7, #8]
 808 0058 F868     		ldr	r0, [r7, #12]
 809 005a FFF7FEFF 		bl	netif_do_set_ipaddr
 810              	.L76:
 811 005e FA69     		ldr	r2, [r7, #28]
 812 0060 7968     		ldr	r1, [r7, #4]
 813 0062 F868     		ldr	r0, [r7, #12]
 814 0064 FFF7FEFF 		bl	netif_do_set_netmask
 815 0068 BA69     		ldr	r2, [r7, #24]
 816 006a 3968     		ldr	r1, [r7]
 817 006c F868     		ldr	r0, [r7, #12]
 818 006e FFF7FEFF 		bl	netif_do_set_gw
 819 0072 7B69     		ldr	r3, [r7, #20]
 820 0074 002B     		cmp	r3, #0
 821 0076 06D1     		bne	.L78
 822 0078 07F11003 		add	r3, r7, #16
 823 007c 1A46     		mov	r2, r3
 824 007e B968     		ldr	r1, [r7, #8]
 825 0080 F868     		ldr	r0, [r7, #12]
 826 0082 FFF7FEFF 		bl	netif_do_set_ipaddr
 827              	.L78:
 828 0086 00BF     		nop
 829 0088 2037     		adds	r7, r7, #32
 830 008a BD46     		mov	sp, r7
 831              		@ sp needed
 832 008c 80BD     		pop	{r7, pc}
 833              	.L80:
 834 008e 00BF     		.align	2
ARM GAS  C:\msys64\tmp\cc7z76cY.s 			page 16


 835              	.L79:
 836 0090 00000000 		.word	ip_addr_any
 838              		.section	.text.netif_remove,"ax",%progbits
 839              		.align	1
 840              		.global	netif_remove
 841              		.syntax unified
 842              		.thumb
 843              		.thumb_func
 845              	netif_remove:
 846              		@ args = 0, pretend = 0, frame = 16
 847              		@ frame_needed = 1, uses_anonymous_args = 0
 848 0000 80B5     		push	{r7, lr}
 849 0002 84B0     		sub	sp, sp, #16
 850 0004 00AF     		add	r7, sp, #0
 851 0006 7860     		str	r0, [r7, #4]
 852 0008 7B68     		ldr	r3, [r7, #4]
 853 000a 002B     		cmp	r3, #0
 854 000c 3ED0     		beq	.L92
 855 000e 7B68     		ldr	r3, [r7, #4]
 856 0010 0433     		adds	r3, r3, #4
 857 0012 1B68     		ldr	r3, [r3]
 858 0014 002B     		cmp	r3, #0
 859 0016 05D0     		beq	.L84
 860 0018 7B68     		ldr	r3, [r7, #4]
 861 001a 0433     		adds	r3, r3, #4
 862 001c 0021     		movs	r1, #0
 863 001e 1846     		mov	r0, r3
 864 0020 FFF7FEFF 		bl	netif_do_ip_addr_changed
 865              	.L84:
 866 0024 7B68     		ldr	r3, [r7, #4]
 867 0026 93F82D30 		ldrb	r3, [r3, #45]	@ zero_extendqisi2
 868 002a 03F00103 		and	r3, r3, #1
 869 002e DBB2     		uxtb	r3, r3
 870 0030 002B     		cmp	r3, #0
 871 0032 02D0     		beq	.L85
 872 0034 7868     		ldr	r0, [r7, #4]
 873 0036 FFF7FEFF 		bl	netif_set_down
 874              	.L85:
 875 003a 164B     		ldr	r3, .L93
 876 003c 1B68     		ldr	r3, [r3]
 877 003e 7A68     		ldr	r2, [r7, #4]
 878 0040 9A42     		cmp	r2, r3
 879 0042 02D1     		bne	.L86
 880 0044 0020     		movs	r0, #0
 881 0046 FFF7FEFF 		bl	netif_set_default
 882              	.L86:
 883 004a 134B     		ldr	r3, .L93+4
 884 004c 1B68     		ldr	r3, [r3]
 885 004e 7A68     		ldr	r2, [r7, #4]
 886 0050 9A42     		cmp	r2, r3
 887 0052 04D1     		bne	.L87
 888 0054 7B68     		ldr	r3, [r7, #4]
 889 0056 1B68     		ldr	r3, [r3]
 890 0058 0F4A     		ldr	r2, .L93+4
 891 005a 1360     		str	r3, [r2]
 892 005c 17E0     		b	.L81
 893              	.L87:
ARM GAS  C:\msys64\tmp\cc7z76cY.s 			page 17


 894 005e 0E4B     		ldr	r3, .L93+4
 895 0060 1B68     		ldr	r3, [r3]
 896 0062 FB60     		str	r3, [r7, #12]
 897 0064 0CE0     		b	.L88
 898              	.L91:
 899 0066 FB68     		ldr	r3, [r7, #12]
 900 0068 1B68     		ldr	r3, [r3]
 901 006a 7A68     		ldr	r2, [r7, #4]
 902 006c 9A42     		cmp	r2, r3
 903 006e 04D1     		bne	.L89
 904 0070 7B68     		ldr	r3, [r7, #4]
 905 0072 1A68     		ldr	r2, [r3]
 906 0074 FB68     		ldr	r3, [r7, #12]
 907 0076 1A60     		str	r2, [r3]
 908 0078 05E0     		b	.L90
 909              	.L89:
 910 007a FB68     		ldr	r3, [r7, #12]
 911 007c 1B68     		ldr	r3, [r3]
 912 007e FB60     		str	r3, [r7, #12]
 913              	.L88:
 914 0080 FB68     		ldr	r3, [r7, #12]
 915 0082 002B     		cmp	r3, #0
 916 0084 EFD1     		bne	.L91
 917              	.L90:
 918 0086 FB68     		ldr	r3, [r7, #12]
 919 0088 002B     		cmp	r3, #0
 920 008a 00E0     		b	.L81
 921              	.L92:
 922 008c 00BF     		nop
 923              	.L81:
 924 008e 1037     		adds	r7, r7, #16
 925 0090 BD46     		mov	sp, r7
 926              		@ sp needed
 927 0092 80BD     		pop	{r7, pc}
 928              	.L94:
 929              		.align	2
 930              	.L93:
 931 0094 00000000 		.word	netif_default
 932 0098 00000000 		.word	netif_list
 934              		.section	.text.netif_set_default,"ax",%progbits
 935              		.align	1
 936              		.global	netif_set_default
 937              		.syntax unified
 938              		.thumb
 939              		.thumb_func
 941              	netif_set_default:
 942              		@ args = 0, pretend = 0, frame = 8
 943              		@ frame_needed = 1, uses_anonymous_args = 0
 944              		@ link register save eliminated.
 945 0000 80B4     		push	{r7}
 946 0002 83B0     		sub	sp, sp, #12
 947 0004 00AF     		add	r7, sp, #0
 948 0006 7860     		str	r0, [r7, #4]
 949 0008 044A     		ldr	r2, .L96
 950 000a 7B68     		ldr	r3, [r7, #4]
 951 000c 1360     		str	r3, [r2]
 952 000e 00BF     		nop
ARM GAS  C:\msys64\tmp\cc7z76cY.s 			page 18


 953 0010 0C37     		adds	r7, r7, #12
 954 0012 BD46     		mov	sp, r7
 955              		@ sp needed
 956 0014 5DF8047B 		ldr	r7, [sp], #4
 957 0018 7047     		bx	lr
 958              	.L97:
 959 001a 00BF     		.align	2
 960              	.L96:
 961 001c 00000000 		.word	netif_default
 963              		.section	.rodata
 964              		.align	2
 965              	.LC12:
 966 0194 6E657469 		.ascii	"netif_set_up: invalid netif\000"
 966      665F7365 
 966      745F7570 
 966      3A20696E 
 966      76616C69 
 967              		.section	.text.netif_set_up,"ax",%progbits
 968              		.align	1
 969              		.global	netif_set_up
 970              		.syntax unified
 971              		.thumb
 972              		.thumb_func
 974              	netif_set_up:
 975              		@ args = 0, pretend = 0, frame = 8
 976              		@ frame_needed = 1, uses_anonymous_args = 0
 977 0000 80B5     		push	{r7, lr}
 978 0002 82B0     		sub	sp, sp, #8
 979 0004 00AF     		add	r7, sp, #0
 980 0006 7860     		str	r0, [r7, #4]
 981 0008 7B68     		ldr	r3, [r7, #4]
 982 000a 002B     		cmp	r3, #0
 983 000c 07D1     		bne	.L99
 984 000e 0F4B     		ldr	r3, .L101
 985 0010 4FF45472 		mov	r2, #848
 986 0014 0E49     		ldr	r1, .L101+4
 987 0016 0F48     		ldr	r0, .L101+8
 988 0018 FFF7FEFF 		bl	printf
 989 001c 13E0     		b	.L98
 990              	.L99:
 991 001e 7B68     		ldr	r3, [r7, #4]
 992 0020 93F82D30 		ldrb	r3, [r3, #45]	@ zero_extendqisi2
 993 0024 03F00103 		and	r3, r3, #1
 994 0028 002B     		cmp	r3, #0
 995 002a 0CD1     		bne	.L98
 996 002c 7B68     		ldr	r3, [r7, #4]
 997 002e 93F82D30 		ldrb	r3, [r3, #45]	@ zero_extendqisi2
 998 0032 43F00103 		orr	r3, r3, #1
 999 0036 DAB2     		uxtb	r2, r3
 1000 0038 7B68     		ldr	r3, [r7, #4]
 1001 003a 83F82D20 		strb	r2, [r3, #45]
 1002 003e 0321     		movs	r1, #3
 1003 0040 7868     		ldr	r0, [r7, #4]
 1004 0042 FFF7FEFF 		bl	netif_issue_reports
 1005              	.L98:
 1006 0046 0837     		adds	r7, r7, #8
 1007 0048 BD46     		mov	sp, r7
ARM GAS  C:\msys64\tmp\cc7z76cY.s 			page 19


 1008              		@ sp needed
 1009 004a 80BD     		pop	{r7, pc}
 1010              	.L102:
 1011              		.align	2
 1012              	.L101:
 1013 004c 00000000 		.word	.LC0
 1014 0050 94010000 		.word	.LC12
 1015 0054 5C000000 		.word	.LC2
 1017              		.section	.rodata
 1018              		.align	2
 1019              	.LC13:
 1020 01b0 6E657469 		.ascii	"netif_issue_reports: invalid netif\000"
 1020      665F6973 
 1020      7375655F 
 1020      7265706F 
 1020      7274733A 
 1021              		.section	.text.netif_issue_reports,"ax",%progbits
 1022              		.align	1
 1023              		.syntax unified
 1024              		.thumb
 1025              		.thumb_func
 1027              	netif_issue_reports:
 1028              		@ args = 0, pretend = 0, frame = 8
 1029              		@ frame_needed = 1, uses_anonymous_args = 0
 1030 0000 80B5     		push	{r7, lr}
 1031 0002 82B0     		sub	sp, sp, #8
 1032 0004 00AF     		add	r7, sp, #0
 1033 0006 7860     		str	r0, [r7, #4]
 1034 0008 0B46     		mov	r3, r1
 1035 000a FB70     		strb	r3, [r7, #3]
 1036 000c 7B68     		ldr	r3, [r7, #4]
 1037 000e 002B     		cmp	r3, #0
 1038 0010 06D1     		bne	.L104
 1039 0012 184B     		ldr	r3, .L109
 1040 0014 40F26D32 		movw	r2, #877
 1041 0018 1749     		ldr	r1, .L109+4
 1042 001a 1848     		ldr	r0, .L109+8
 1043 001c FFF7FEFF 		bl	printf
 1044              	.L104:
 1045 0020 7B68     		ldr	r3, [r7, #4]
 1046 0022 93F82D30 		ldrb	r3, [r3, #45]	@ zero_extendqisi2
 1047 0026 03F00403 		and	r3, r3, #4
 1048 002a 002B     		cmp	r3, #0
 1049 002c 1ED0     		beq	.L108
 1050 002e 7B68     		ldr	r3, [r7, #4]
 1051 0030 93F82D30 		ldrb	r3, [r3, #45]	@ zero_extendqisi2
 1052 0034 03F00103 		and	r3, r3, #1
 1053 0038 002B     		cmp	r3, #0
 1054 003a 17D0     		beq	.L108
 1055 003c FB78     		ldrb	r3, [r7, #3]	@ zero_extendqisi2
 1056 003e 03F00103 		and	r3, r3, #1
 1057 0042 002B     		cmp	r3, #0
 1058 0044 13D0     		beq	.L103
 1059 0046 7B68     		ldr	r3, [r7, #4]
 1060 0048 0433     		adds	r3, r3, #4
 1061 004a 1B68     		ldr	r3, [r3]
 1062 004c 002B     		cmp	r3, #0
ARM GAS  C:\msys64\tmp\cc7z76cY.s 			page 20


 1063 004e 0ED0     		beq	.L103
 1064 0050 7B68     		ldr	r3, [r7, #4]
 1065 0052 93F82D30 		ldrb	r3, [r3, #45]	@ zero_extendqisi2
 1066 0056 03F00803 		and	r3, r3, #8
 1067 005a 002B     		cmp	r3, #0
 1068 005c 07D0     		beq	.L103
 1069 005e 7B68     		ldr	r3, [r7, #4]
 1070 0060 0433     		adds	r3, r3, #4
 1071 0062 1946     		mov	r1, r3
 1072 0064 7868     		ldr	r0, [r7, #4]
 1073 0066 FFF7FEFF 		bl	etharp_request
 1074 006a 00E0     		b	.L103
 1075              	.L108:
 1076 006c 00BF     		nop
 1077              	.L103:
 1078 006e 0837     		adds	r7, r7, #8
 1079 0070 BD46     		mov	sp, r7
 1080              		@ sp needed
 1081 0072 80BD     		pop	{r7, pc}
 1082              	.L110:
 1083              		.align	2
 1084              	.L109:
 1085 0074 00000000 		.word	.LC0
 1086 0078 B0010000 		.word	.LC13
 1087 007c 5C000000 		.word	.LC2
 1089              		.section	.rodata
 1090 01d3 00       		.align	2
 1091              	.LC14:
 1092 01d4 6E657469 		.ascii	"netif_set_down: invalid netif\000"
 1092      665F7365 
 1092      745F646F 
 1092      776E3A20 
 1092      696E7661 
 1093              		.section	.text.netif_set_down,"ax",%progbits
 1094              		.align	1
 1095              		.global	netif_set_down
 1096              		.syntax unified
 1097              		.thumb
 1098              		.thumb_func
 1100              	netif_set_down:
 1101              		@ args = 0, pretend = 0, frame = 8
 1102              		@ frame_needed = 1, uses_anonymous_args = 0
 1103 0000 80B5     		push	{r7, lr}
 1104 0002 82B0     		sub	sp, sp, #8
 1105 0004 00AF     		add	r7, sp, #0
 1106 0006 7860     		str	r0, [r7, #4]
 1107 0008 7B68     		ldr	r3, [r7, #4]
 1108 000a 002B     		cmp	r3, #0
 1109 000c 07D1     		bne	.L112
 1110 000e 124B     		ldr	r3, .L114
 1111 0010 40F29B32 		movw	r2, #923
 1112 0014 1149     		ldr	r1, .L114+4
 1113 0016 1248     		ldr	r0, .L114+8
 1114 0018 FFF7FEFF 		bl	printf
 1115 001c 19E0     		b	.L111
 1116              	.L112:
 1117 001e 7B68     		ldr	r3, [r7, #4]
ARM GAS  C:\msys64\tmp\cc7z76cY.s 			page 21


 1118 0020 93F82D30 		ldrb	r3, [r3, #45]	@ zero_extendqisi2
 1119 0024 03F00103 		and	r3, r3, #1
 1120 0028 002B     		cmp	r3, #0
 1121 002a 12D0     		beq	.L111
 1122 002c 7B68     		ldr	r3, [r7, #4]
 1123 002e 93F82D30 		ldrb	r3, [r3, #45]	@ zero_extendqisi2
 1124 0032 23F00103 		bic	r3, r3, #1
 1125 0036 DAB2     		uxtb	r2, r3
 1126 0038 7B68     		ldr	r3, [r7, #4]
 1127 003a 83F82D20 		strb	r2, [r3, #45]
 1128 003e 7B68     		ldr	r3, [r7, #4]
 1129 0040 93F82D30 		ldrb	r3, [r3, #45]	@ zero_extendqisi2
 1130 0044 03F00803 		and	r3, r3, #8
 1131 0048 002B     		cmp	r3, #0
 1132 004a 02D0     		beq	.L111
 1133 004c 7868     		ldr	r0, [r7, #4]
 1134 004e FFF7FEFF 		bl	etharp_cleanup_netif
 1135              	.L111:
 1136 0052 0837     		adds	r7, r7, #8
 1137 0054 BD46     		mov	sp, r7
 1138              		@ sp needed
 1139 0056 80BD     		pop	{r7, pc}
 1140              	.L115:
 1141              		.align	2
 1142              	.L114:
 1143 0058 00000000 		.word	.LC0
 1144 005c D4010000 		.word	.LC14
 1145 0060 5C000000 		.word	.LC2
 1147              		.section	.rodata
 1148 01f2 0000     		.align	2
 1149              	.LC15:
 1150 01f4 6E657469 		.ascii	"netif_set_link_up: invalid netif\000"
 1150      665F7365 
 1150      745F6C69 
 1150      6E6B5F75 
 1150      703A2069 
 1151              		.section	.text.netif_set_link_up,"ax",%progbits
 1152              		.align	1
 1153              		.global	netif_set_link_up
 1154              		.syntax unified
 1155              		.thumb
 1156              		.thumb_func
 1158              	netif_set_link_up:
 1159              		@ args = 0, pretend = 0, frame = 8
 1160              		@ frame_needed = 1, uses_anonymous_args = 0
 1161 0000 80B5     		push	{r7, lr}
 1162 0002 82B0     		sub	sp, sp, #8
 1163 0004 00AF     		add	r7, sp, #0
 1164 0006 7860     		str	r0, [r7, #4]
 1165 0008 7B68     		ldr	r3, [r7, #4]
 1166 000a 002B     		cmp	r3, #0
 1167 000c 07D1     		bne	.L117
 1168 000e 134B     		ldr	r3, .L119
 1169 0010 4FF47872 		mov	r2, #992
 1170 0014 1249     		ldr	r1, .L119+4
 1171 0016 1348     		ldr	r0, .L119+8
 1172 0018 FFF7FEFF 		bl	printf
ARM GAS  C:\msys64\tmp\cc7z76cY.s 			page 22


 1173 001c 1BE0     		b	.L116
 1174              	.L117:
 1175 001e 7B68     		ldr	r3, [r7, #4]
 1176 0020 93F82D30 		ldrb	r3, [r3, #45]	@ zero_extendqisi2
 1177 0024 03F00403 		and	r3, r3, #4
 1178 0028 002B     		cmp	r3, #0
 1179 002a 14D1     		bne	.L116
 1180 002c 7B68     		ldr	r3, [r7, #4]
 1181 002e 93F82D30 		ldrb	r3, [r3, #45]	@ zero_extendqisi2
 1182 0032 43F00403 		orr	r3, r3, #4
 1183 0036 DAB2     		uxtb	r2, r3
 1184 0038 7B68     		ldr	r3, [r7, #4]
 1185 003a 83F82D20 		strb	r2, [r3, #45]
 1186 003e 0321     		movs	r1, #3
 1187 0040 7868     		ldr	r0, [r7, #4]
 1188 0042 FFF7FEFF 		bl	netif_issue_reports
 1189 0046 7B68     		ldr	r3, [r7, #4]
 1190 0048 DB69     		ldr	r3, [r3, #28]
 1191 004a 002B     		cmp	r3, #0
 1192 004c 03D0     		beq	.L116
 1193 004e 7B68     		ldr	r3, [r7, #4]
 1194 0050 DB69     		ldr	r3, [r3, #28]
 1195 0052 7868     		ldr	r0, [r7, #4]
 1196 0054 9847     		blx	r3
 1197              	.L116:
 1198 0056 0837     		adds	r7, r7, #8
 1199 0058 BD46     		mov	sp, r7
 1200              		@ sp needed
 1201 005a 80BD     		pop	{r7, pc}
 1202              	.L120:
 1203              		.align	2
 1204              	.L119:
 1205 005c 00000000 		.word	.LC0
 1206 0060 F4010000 		.word	.LC15
 1207 0064 5C000000 		.word	.LC2
 1209              		.section	.rodata
 1210 0215 000000   		.align	2
 1211              	.LC16:
 1212 0218 6E657469 		.ascii	"netif_set_link_down: invalid netif\000"
 1212      665F7365 
 1212      745F6C69 
 1212      6E6B5F64 
 1212      6F776E3A 
 1213              		.section	.text.netif_set_link_down,"ax",%progbits
 1214              		.align	1
 1215              		.global	netif_set_link_down
 1216              		.syntax unified
 1217              		.thumb
 1218              		.thumb_func
 1220              	netif_set_link_down:
 1221              		@ args = 0, pretend = 0, frame = 8
 1222              		@ frame_needed = 1, uses_anonymous_args = 0
 1223 0000 80B5     		push	{r7, lr}
 1224 0002 82B0     		sub	sp, sp, #8
 1225 0004 00AF     		add	r7, sp, #0
 1226 0006 7860     		str	r0, [r7, #4]
 1227 0008 7B68     		ldr	r3, [r7, #4]
ARM GAS  C:\msys64\tmp\cc7z76cY.s 			page 23


 1228 000a 002B     		cmp	r3, #0
 1229 000c 07D1     		bne	.L122
 1230 000e 114B     		ldr	r3, .L124
 1231 0010 40F20642 		movw	r2, #1030
 1232 0014 1049     		ldr	r1, .L124+4
 1233 0016 1148     		ldr	r0, .L124+8
 1234 0018 FFF7FEFF 		bl	printf
 1235 001c 17E0     		b	.L121
 1236              	.L122:
 1237 001e 7B68     		ldr	r3, [r7, #4]
 1238 0020 93F82D30 		ldrb	r3, [r3, #45]	@ zero_extendqisi2
 1239 0024 03F00403 		and	r3, r3, #4
 1240 0028 002B     		cmp	r3, #0
 1241 002a 10D0     		beq	.L121
 1242 002c 7B68     		ldr	r3, [r7, #4]
 1243 002e 93F82D30 		ldrb	r3, [r3, #45]	@ zero_extendqisi2
 1244 0032 23F00403 		bic	r3, r3, #4
 1245 0036 DAB2     		uxtb	r2, r3
 1246 0038 7B68     		ldr	r3, [r7, #4]
 1247 003a 83F82D20 		strb	r2, [r3, #45]
 1248 003e 7B68     		ldr	r3, [r7, #4]
 1249 0040 DB69     		ldr	r3, [r3, #28]
 1250 0042 002B     		cmp	r3, #0
 1251 0044 03D0     		beq	.L121
 1252 0046 7B68     		ldr	r3, [r7, #4]
 1253 0048 DB69     		ldr	r3, [r3, #28]
 1254 004a 7868     		ldr	r0, [r7, #4]
 1255 004c 9847     		blx	r3
 1256              	.L121:
 1257 004e 0837     		adds	r7, r7, #8
 1258 0050 BD46     		mov	sp, r7
 1259              		@ sp needed
 1260 0052 80BD     		pop	{r7, pc}
 1261              	.L125:
 1262              		.align	2
 1263              	.L124:
 1264 0054 00000000 		.word	.LC0
 1265 0058 18020000 		.word	.LC16
 1266 005c 5C000000 		.word	.LC2
 1268              		.section	.text.netif_set_link_callback,"ax",%progbits
 1269              		.align	1
 1270              		.global	netif_set_link_callback
 1271              		.syntax unified
 1272              		.thumb
 1273              		.thumb_func
 1275              	netif_set_link_callback:
 1276              		@ args = 0, pretend = 0, frame = 8
 1277              		@ frame_needed = 1, uses_anonymous_args = 0
 1278              		@ link register save eliminated.
 1279 0000 80B4     		push	{r7}
 1280 0002 83B0     		sub	sp, sp, #12
 1281 0004 00AF     		add	r7, sp, #0
 1282 0006 7860     		str	r0, [r7, #4]
 1283 0008 3960     		str	r1, [r7]
 1284 000a 7B68     		ldr	r3, [r7, #4]
 1285 000c 002B     		cmp	r3, #0
 1286 000e 02D0     		beq	.L128
ARM GAS  C:\msys64\tmp\cc7z76cY.s 			page 24


 1287 0010 7B68     		ldr	r3, [r7, #4]
 1288 0012 3A68     		ldr	r2, [r7]
 1289 0014 DA61     		str	r2, [r3, #28]
 1290              	.L128:
 1291 0016 00BF     		nop
 1292 0018 0C37     		adds	r7, r7, #12
 1293 001a BD46     		mov	sp, r7
 1294              		@ sp needed
 1295 001c 5DF8047B 		ldr	r7, [sp], #4
 1296 0020 7047     		bx	lr
 1298              		.section	.text.netif_null_output_ip4,"ax",%progbits
 1299              		.align	1
 1300              		.syntax unified
 1301              		.thumb
 1302              		.thumb_func
 1304              	netif_null_output_ip4:
 1305              		@ args = 0, pretend = 0, frame = 16
 1306              		@ frame_needed = 1, uses_anonymous_args = 0
 1307              		@ link register save eliminated.
 1308 0000 80B4     		push	{r7}
 1309 0002 85B0     		sub	sp, sp, #20
 1310 0004 00AF     		add	r7, sp, #0
 1311 0006 F860     		str	r0, [r7, #12]
 1312 0008 B960     		str	r1, [r7, #8]
 1313 000a 7A60     		str	r2, [r7, #4]
 1314 000c 6FF00B03 		mvn	r3, #11
 1315 0010 1846     		mov	r0, r3
 1316 0012 1437     		adds	r7, r7, #20
 1317 0014 BD46     		mov	sp, r7
 1318              		@ sp needed
 1319 0016 5DF8047B 		ldr	r7, [sp], #4
 1320 001a 7047     		bx	lr
 1322              		.section	.text.netif_name_to_index,"ax",%progbits
 1323              		.align	1
 1324              		.global	netif_name_to_index
 1325              		.syntax unified
 1326              		.thumb
 1327              		.thumb_func
 1329              	netif_name_to_index:
 1330              		@ args = 0, pretend = 0, frame = 16
 1331              		@ frame_needed = 1, uses_anonymous_args = 0
 1332 0000 80B5     		push	{r7, lr}
 1333 0002 84B0     		sub	sp, sp, #16
 1334 0004 00AF     		add	r7, sp, #0
 1335 0006 7860     		str	r0, [r7, #4]
 1336 0008 7868     		ldr	r0, [r7, #4]
 1337 000a FFF7FEFF 		bl	netif_find
 1338 000e F860     		str	r0, [r7, #12]
 1339 0010 FB68     		ldr	r3, [r7, #12]
 1340 0012 002B     		cmp	r3, #0
 1341 0014 05D0     		beq	.L132
 1342 0016 FB68     		ldr	r3, [r7, #12]
 1343 0018 93F83030 		ldrb	r3, [r3, #48]	@ zero_extendqisi2
 1344 001c 0133     		adds	r3, r3, #1
 1345 001e DBB2     		uxtb	r3, r3
 1346 0020 00E0     		b	.L133
 1347              	.L132:
ARM GAS  C:\msys64\tmp\cc7z76cY.s 			page 25


 1348 0022 0023     		movs	r3, #0
 1349              	.L133:
 1350 0024 1846     		mov	r0, r3
 1351 0026 1037     		adds	r7, r7, #16
 1352 0028 BD46     		mov	sp, r7
 1353              		@ sp needed
 1354 002a 80BD     		pop	{r7, pc}
 1356              		.section	.text.netif_index_to_name,"ax",%progbits
 1357              		.align	1
 1358              		.global	netif_index_to_name
 1359              		.syntax unified
 1360              		.thumb
 1361              		.thumb_func
 1363              	netif_index_to_name:
 1364              		@ args = 0, pretend = 0, frame = 16
 1365              		@ frame_needed = 1, uses_anonymous_args = 0
 1366 0000 80B5     		push	{r7, lr}
 1367 0002 84B0     		sub	sp, sp, #16
 1368 0004 00AF     		add	r7, sp, #0
 1369 0006 0346     		mov	r3, r0
 1370 0008 3960     		str	r1, [r7]
 1371 000a FB71     		strb	r3, [r7, #7]
 1372 000c FB79     		ldrb	r3, [r7, #7]	@ zero_extendqisi2
 1373 000e 1846     		mov	r0, r3
 1374 0010 FFF7FEFF 		bl	netif_get_by_index
 1375 0014 F860     		str	r0, [r7, #12]
 1376 0016 FB68     		ldr	r3, [r7, #12]
 1377 0018 002B     		cmp	r3, #0
 1378 001a 14D0     		beq	.L135
 1379 001c FB68     		ldr	r3, [r7, #12]
 1380 001e 93F82E20 		ldrb	r2, [r3, #46]	@ zero_extendqisi2
 1381 0022 3B68     		ldr	r3, [r7]
 1382 0024 1A70     		strb	r2, [r3]
 1383 0026 3B68     		ldr	r3, [r7]
 1384 0028 0133     		adds	r3, r3, #1
 1385 002a FA68     		ldr	r2, [r7, #12]
 1386 002c 92F82F20 		ldrb	r2, [r2, #47]	@ zero_extendqisi2
 1387 0030 1A70     		strb	r2, [r3]
 1388 0032 3B68     		ldr	r3, [r7]
 1389 0034 981C     		adds	r0, r3, #2
 1390 0036 FB79     		ldrb	r3, [r7, #7]	@ zero_extendqisi2
 1391 0038 013B     		subs	r3, r3, #1
 1392 003a 1A46     		mov	r2, r3
 1393 003c 0421     		movs	r1, #4
 1394 003e FFF7FEFF 		bl	lwip_itoa
 1395 0042 3B68     		ldr	r3, [r7]
 1396 0044 00E0     		b	.L136
 1397              	.L135:
 1398 0046 0023     		movs	r3, #0
 1399              	.L136:
 1400 0048 1846     		mov	r0, r3
 1401 004a 1037     		adds	r7, r7, #16
 1402 004c BD46     		mov	sp, r7
 1403              		@ sp needed
 1404 004e 80BD     		pop	{r7, pc}
 1406              		.section	.text.netif_get_by_index,"ax",%progbits
 1407              		.align	1
ARM GAS  C:\msys64\tmp\cc7z76cY.s 			page 26


 1408              		.global	netif_get_by_index
 1409              		.syntax unified
 1410              		.thumb
 1411              		.thumb_func
 1413              	netif_get_by_index:
 1414              		@ args = 0, pretend = 0, frame = 16
 1415              		@ frame_needed = 1, uses_anonymous_args = 0
 1416              		@ link register save eliminated.
 1417 0000 80B4     		push	{r7}
 1418 0002 85B0     		sub	sp, sp, #20
 1419 0004 00AF     		add	r7, sp, #0
 1420 0006 0346     		mov	r3, r0
 1421 0008 FB71     		strb	r3, [r7, #7]
 1422 000a FB79     		ldrb	r3, [r7, #7]	@ zero_extendqisi2
 1423 000c 002B     		cmp	r3, #0
 1424 000e 13D0     		beq	.L138
 1425 0010 0D4B     		ldr	r3, .L143
 1426 0012 1B68     		ldr	r3, [r3]
 1427 0014 FB60     		str	r3, [r7, #12]
 1428 0016 0CE0     		b	.L139
 1429              	.L142:
 1430 0018 FB68     		ldr	r3, [r7, #12]
 1431 001a 93F83030 		ldrb	r3, [r3, #48]	@ zero_extendqisi2
 1432 001e 0133     		adds	r3, r3, #1
 1433 0020 DBB2     		uxtb	r3, r3
 1434 0022 FA79     		ldrb	r2, [r7, #7]	@ zero_extendqisi2
 1435 0024 9A42     		cmp	r2, r3
 1436 0026 01D1     		bne	.L140
 1437 0028 FB68     		ldr	r3, [r7, #12]
 1438 002a 06E0     		b	.L141
 1439              	.L140:
 1440 002c FB68     		ldr	r3, [r7, #12]
 1441 002e 1B68     		ldr	r3, [r3]
 1442 0030 FB60     		str	r3, [r7, #12]
 1443              	.L139:
 1444 0032 FB68     		ldr	r3, [r7, #12]
 1445 0034 002B     		cmp	r3, #0
 1446 0036 EFD1     		bne	.L142
 1447              	.L138:
 1448 0038 0023     		movs	r3, #0
 1449              	.L141:
 1450 003a 1846     		mov	r0, r3
 1451 003c 1437     		adds	r7, r7, #20
 1452 003e BD46     		mov	sp, r7
 1453              		@ sp needed
 1454 0040 5DF8047B 		ldr	r7, [sp], #4
 1455 0044 7047     		bx	lr
 1456              	.L144:
 1457 0046 00BF     		.align	2
 1458              	.L143:
 1459 0048 00000000 		.word	netif_list
 1461              		.section	.text.netif_find,"ax",%progbits
 1462              		.align	1
 1463              		.global	netif_find
 1464              		.syntax unified
 1465              		.thumb
 1466              		.thumb_func
ARM GAS  C:\msys64\tmp\cc7z76cY.s 			page 27


 1468              	netif_find:
 1469              		@ args = 0, pretend = 0, frame = 16
 1470              		@ frame_needed = 1, uses_anonymous_args = 0
 1471 0000 80B5     		push	{r7, lr}
 1472 0002 84B0     		sub	sp, sp, #16
 1473 0004 00AF     		add	r7, sp, #0
 1474 0006 7860     		str	r0, [r7, #4]
 1475 0008 7B68     		ldr	r3, [r7, #4]
 1476 000a 002B     		cmp	r3, #0
 1477 000c 01D1     		bne	.L146
 1478 000e 0023     		movs	r3, #0
 1479 0010 28E0     		b	.L147
 1480              	.L146:
 1481 0012 7B68     		ldr	r3, [r7, #4]
 1482 0014 0233     		adds	r3, r3, #2
 1483 0016 1846     		mov	r0, r3
 1484 0018 FFF7FEFF 		bl	atoi
 1485 001c 0346     		mov	r3, r0
 1486 001e FB72     		strb	r3, [r7, #11]
 1487 0020 124B     		ldr	r3, .L151
 1488 0022 1B68     		ldr	r3, [r3]
 1489 0024 FB60     		str	r3, [r7, #12]
 1490 0026 19E0     		b	.L148
 1491              	.L150:
 1492 0028 FB68     		ldr	r3, [r7, #12]
 1493 002a 93F83030 		ldrb	r3, [r3, #48]	@ zero_extendqisi2
 1494 002e FA7A     		ldrb	r2, [r7, #11]	@ zero_extendqisi2
 1495 0030 9A42     		cmp	r2, r3
 1496 0032 10D1     		bne	.L149
 1497 0034 7B68     		ldr	r3, [r7, #4]
 1498 0036 1A78     		ldrb	r2, [r3]	@ zero_extendqisi2
 1499 0038 FB68     		ldr	r3, [r7, #12]
 1500 003a 93F82E30 		ldrb	r3, [r3, #46]	@ zero_extendqisi2
 1501 003e 9A42     		cmp	r2, r3
 1502 0040 09D1     		bne	.L149
 1503 0042 7B68     		ldr	r3, [r7, #4]
 1504 0044 0133     		adds	r3, r3, #1
 1505 0046 1A78     		ldrb	r2, [r3]	@ zero_extendqisi2
 1506 0048 FB68     		ldr	r3, [r7, #12]
 1507 004a 93F82F30 		ldrb	r3, [r3, #47]	@ zero_extendqisi2
 1508 004e 9A42     		cmp	r2, r3
 1509 0050 01D1     		bne	.L149
 1510 0052 FB68     		ldr	r3, [r7, #12]
 1511 0054 06E0     		b	.L147
 1512              	.L149:
 1513 0056 FB68     		ldr	r3, [r7, #12]
 1514 0058 1B68     		ldr	r3, [r3]
 1515 005a FB60     		str	r3, [r7, #12]
 1516              	.L148:
 1517 005c FB68     		ldr	r3, [r7, #12]
 1518 005e 002B     		cmp	r3, #0
 1519 0060 E2D1     		bne	.L150
 1520 0062 0023     		movs	r3, #0
 1521              	.L147:
 1522 0064 1846     		mov	r0, r3
 1523 0066 1037     		adds	r7, r7, #16
 1524 0068 BD46     		mov	sp, r7
ARM GAS  C:\msys64\tmp\cc7z76cY.s 			page 28


 1525              		@ sp needed
 1526 006a 80BD     		pop	{r7, pc}
 1527              	.L152:
 1528              		.align	2
 1529              	.L151:
 1530 006c 00000000 		.word	netif_list
 1532              		.ident	"GCC: (GNU) 13.3.0"
ARM GAS  C:\msys64\tmp\cc7z76cY.s 			page 29


DEFINED SYMBOLS
                            *ABS*:00000000 netif.c
C:\msys64\tmp\cc7z76cY.s:22     .bss.netif_list:00000000 netif_list
C:\msys64\tmp\cc7z76cY.s:19     .bss.netif_list:00000000 $d
C:\msys64\tmp\cc7z76cY.s:29     .bss.netif_default:00000000 netif_default
C:\msys64\tmp\cc7z76cY.s:26     .bss.netif_default:00000000 $d
C:\msys64\tmp\cc7z76cY.s:34     .bss.netif_num:00000000 netif_num
C:\msys64\tmp\cc7z76cY.s:35     .bss.netif_num:00000000 $d
C:\msys64\tmp\cc7z76cY.s:37     .text.netif_init:00000000 $t
C:\msys64\tmp\cc7z76cY.s:43     .text.netif_init:00000000 netif_init
C:\msys64\tmp\cc7z76cY.s:56     .rodata:00000000 $d
C:\msys64\tmp\cc7z76cY.s:70     .text.netif_input:00000000 $t
C:\msys64\tmp\cc7z76cY.s:76     .text.netif_input:00000000 netif_input
C:\msys64\tmp\cc7z76cY.s:126    .text.netif_input:0000005c $d
C:\msys64\tmp\cc7z76cY.s:132    .text.netif_add_noaddr:00000000 $t
C:\msys64\tmp\cc7z76cY.s:138    .text.netif_add_noaddr:00000000 netif_add_noaddr
C:\msys64\tmp\cc7z76cY.s:186    .text.netif_add:00000000 netif_add
C:\msys64\tmp\cc7z76cY.s:180    .text.netif_add:00000000 $t
C:\msys64\tmp\cc7z76cY.s:756    .text.netif_set_addr:00000000 netif_set_addr
C:\msys64\tmp\cc7z76cY.s:376    .text.netif_add:00000174 $d
C:\msys64\tmp\cc7z76cY.s:1304   .text.netif_null_output_ip4:00000000 netif_null_output_ip4
C:\msys64\tmp\cc7z76cY.s:388    .text.netif_do_ip_addr_changed:00000000 $t
C:\msys64\tmp\cc7z76cY.s:393    .text.netif_do_ip_addr_changed:00000000 netif_do_ip_addr_changed
C:\msys64\tmp\cc7z76cY.s:414    .text.netif_do_set_ipaddr:00000000 $t
C:\msys64\tmp\cc7z76cY.s:419    .text.netif_do_set_ipaddr:00000000 netif_do_set_ipaddr
C:\msys64\tmp\cc7z76cY.s:1027   .text.netif_issue_reports:00000000 netif_issue_reports
C:\msys64\tmp\cc7z76cY.s:492    .text.netif_do_set_ipaddr:00000088 $d
C:\msys64\tmp\cc7z76cY.s:501    .text.netif_set_ipaddr:00000000 $t
C:\msys64\tmp\cc7z76cY.s:507    .text.netif_set_ipaddr:00000000 netif_set_ipaddr
C:\msys64\tmp\cc7z76cY.s:544    .text.netif_set_ipaddr:00000040 $d
C:\msys64\tmp\cc7z76cY.s:550    .text.netif_do_set_netmask:00000000 $t
C:\msys64\tmp\cc7z76cY.s:555    .text.netif_do_set_netmask:00000000 netif_do_set_netmask
C:\msys64\tmp\cc7z76cY.s:600    .text.netif_set_netmask:00000000 $t
C:\msys64\tmp\cc7z76cY.s:606    .text.netif_set_netmask:00000000 netif_set_netmask
C:\msys64\tmp\cc7z76cY.s:644    .text.netif_set_netmask:00000040 $d
C:\msys64\tmp\cc7z76cY.s:650    .text.netif_do_set_gw:00000000 $t
C:\msys64\tmp\cc7z76cY.s:655    .text.netif_do_set_gw:00000000 netif_do_set_gw
C:\msys64\tmp\cc7z76cY.s:700    .text.netif_set_gw:00000000 $t
C:\msys64\tmp\cc7z76cY.s:706    .text.netif_set_gw:00000000 netif_set_gw
C:\msys64\tmp\cc7z76cY.s:744    .text.netif_set_gw:00000040 $d
C:\msys64\tmp\cc7z76cY.s:750    .text.netif_set_addr:00000000 $t
C:\msys64\tmp\cc7z76cY.s:836    .text.netif_set_addr:00000090 $d
C:\msys64\tmp\cc7z76cY.s:839    .text.netif_remove:00000000 $t
C:\msys64\tmp\cc7z76cY.s:845    .text.netif_remove:00000000 netif_remove
C:\msys64\tmp\cc7z76cY.s:1100   .text.netif_set_down:00000000 netif_set_down
C:\msys64\tmp\cc7z76cY.s:941    .text.netif_set_default:00000000 netif_set_default
C:\msys64\tmp\cc7z76cY.s:931    .text.netif_remove:00000094 $d
C:\msys64\tmp\cc7z76cY.s:935    .text.netif_set_default:00000000 $t
C:\msys64\tmp\cc7z76cY.s:961    .text.netif_set_default:0000001c $d
C:\msys64\tmp\cc7z76cY.s:968    .text.netif_set_up:00000000 $t
C:\msys64\tmp\cc7z76cY.s:974    .text.netif_set_up:00000000 netif_set_up
C:\msys64\tmp\cc7z76cY.s:1013   .text.netif_set_up:0000004c $d
C:\msys64\tmp\cc7z76cY.s:1022   .text.netif_issue_reports:00000000 $t
C:\msys64\tmp\cc7z76cY.s:1085   .text.netif_issue_reports:00000074 $d
C:\msys64\tmp\cc7z76cY.s:1094   .text.netif_set_down:00000000 $t
C:\msys64\tmp\cc7z76cY.s:1143   .text.netif_set_down:00000058 $d
C:\msys64\tmp\cc7z76cY.s:1152   .text.netif_set_link_up:00000000 $t
ARM GAS  C:\msys64\tmp\cc7z76cY.s 			page 30


C:\msys64\tmp\cc7z76cY.s:1158   .text.netif_set_link_up:00000000 netif_set_link_up
C:\msys64\tmp\cc7z76cY.s:1205   .text.netif_set_link_up:0000005c $d
C:\msys64\tmp\cc7z76cY.s:1214   .text.netif_set_link_down:00000000 $t
C:\msys64\tmp\cc7z76cY.s:1220   .text.netif_set_link_down:00000000 netif_set_link_down
C:\msys64\tmp\cc7z76cY.s:1264   .text.netif_set_link_down:00000054 $d
C:\msys64\tmp\cc7z76cY.s:1269   .text.netif_set_link_callback:00000000 $t
C:\msys64\tmp\cc7z76cY.s:1275   .text.netif_set_link_callback:00000000 netif_set_link_callback
C:\msys64\tmp\cc7z76cY.s:1299   .text.netif_null_output_ip4:00000000 $t
C:\msys64\tmp\cc7z76cY.s:1323   .text.netif_name_to_index:00000000 $t
C:\msys64\tmp\cc7z76cY.s:1329   .text.netif_name_to_index:00000000 netif_name_to_index
C:\msys64\tmp\cc7z76cY.s:1468   .text.netif_find:00000000 netif_find
C:\msys64\tmp\cc7z76cY.s:1357   .text.netif_index_to_name:00000000 $t
C:\msys64\tmp\cc7z76cY.s:1363   .text.netif_index_to_name:00000000 netif_index_to_name
C:\msys64\tmp\cc7z76cY.s:1413   .text.netif_get_by_index:00000000 netif_get_by_index
C:\msys64\tmp\cc7z76cY.s:1407   .text.netif_get_by_index:00000000 $t
C:\msys64\tmp\cc7z76cY.s:1459   .text.netif_get_by_index:00000048 $d
C:\msys64\tmp\cc7z76cY.s:1462   .text.netif_find:00000000 $t
C:\msys64\tmp\cc7z76cY.s:1530   .text.netif_find:0000006c $d

UNDEFINED SYMBOLS
printf
ethernet_input
ip4_input
ip_addr_any
etharp_request
etharp_cleanup_netif
lwip_itoa
atoi
