ARM GAS  C:\msys64\tmp\ccb23ka9.s 			page 1


   1              		.cpu cortex-m7
   2              		.arch armv7e-m
   3              		.fpu fpv5-sp-d16
   4              		.eabi_attribute 27, 1
   5              		.eabi_attribute 28, 1
   6              		.eabi_attribute 20, 1
   7              		.eabi_attribute 21, 1
   8              		.eabi_attribute 23, 3
   9              		.eabi_attribute 24, 1
  10              		.eabi_attribute 25, 1
  11              		.eabi_attribute 26, 1
  12              		.eabi_attribute 30, 6
  13              		.eabi_attribute 34, 1
  14              		.eabi_attribute 18, 4
  15              		.file	"timeouts.c"
  16              		.text
  17              		.global	lwip_cyclic_timers
  18              		.section	.rodata.lwip_cyclic_timers,"a"
  19              		.align	2
  22              	lwip_cyclic_timers:
  23 0000 E8030000 		.word	1000
  24 0004 00000000 		.word	ip_reass_tmr
  25 0008 E8030000 		.word	1000
  26 000c 00000000 		.word	etharp_tmr
  27              		.global	lwip_num_cyclic_timers
  28              		.section	.rodata.lwip_num_cyclic_timers,"a"
  29              		.align	2
  32              	lwip_num_cyclic_timers:
  33 0000 02000000 		.word	2
  34              		.section	.bss.next_timeout,"aw",%nobits
  35              		.align	2
  38              	next_timeout:
  39 0000 00000000 		.space	4
  40              		.section	.bss.current_timeout_due_time,"aw",%nobits
  41              		.align	2
  44              	current_timeout_due_time:
  45 0000 00000000 		.space	4
  46              		.section	.rodata
  47              		.align	2
  48              	.LC0:
  49 0000 4D696464 		.ascii	"Middlewares/stm32f746_lwip_withos_porting/LWIP/src/"
  49      6C657761 
  49      7265732F 
  49      73746D33 
  49      32663734 
  50 0033 636F7265 		.ascii	"core/timeouts.c\000"
  50      2F74696D 
  50      656F7574 
  50      732E6300 
  51 0043 00       		.align	2
  52              	.LC1:
  53 0044 7379735F 		.ascii	"sys_timeout: timeout != NULL, pool MEMP_SYS_TIMEOUT"
  53      74696D65 
  53      6F75743A 
  53      2074696D 
  53      656F7574 
  54 0077 20697320 		.ascii	" is empty\000"
ARM GAS  C:\msys64\tmp\ccb23ka9.s 			page 2


  54      656D7074 
  54      7900
  55 0081 000000   		.align	2
  56              	.LC2:
  57 0084 41737365 		.ascii	"Assertion \"%s\" failed at line %d in %s\012\000"
  57      7274696F 
  57      6E202225 
  57      73222066 
  57      61696C65 
  58              		.section	.text.sys_timeout_abs,"ax",%progbits
  59              		.align	1
  60              		.syntax unified
  61              		.thumb
  62              		.thumb_func
  64              	sys_timeout_abs:
  65              		@ args = 0, pretend = 0, frame = 24
  66              		@ frame_needed = 1, uses_anonymous_args = 0
  67 0000 80B5     		push	{r7, lr}
  68 0002 86B0     		sub	sp, sp, #24
  69 0004 00AF     		add	r7, sp, #0
  70 0006 F860     		str	r0, [r7, #12]
  71 0008 B960     		str	r1, [r7, #8]
  72 000a 7A60     		str	r2, [r7, #4]
  73 000c 0420     		movs	r0, #4
  74 000e FFF7FEFF 		bl	memp_malloc
  75 0012 3861     		str	r0, [r7, #16]
  76 0014 3B69     		ldr	r3, [r7, #16]
  77 0016 002B     		cmp	r3, #0
  78 0018 09D1     		bne	.L2
  79 001a 3B69     		ldr	r3, [r7, #16]
  80 001c 002B     		cmp	r3, #0
  81 001e 51D1     		bne	.L11
  82 0020 2A4B     		ldr	r3, .L12
  83 0022 BE22     		movs	r2, #190
  84 0024 2A49     		ldr	r1, .L12+4
  85 0026 2B48     		ldr	r0, .L12+8
  86 0028 FFF7FEFF 		bl	printf
  87 002c 4AE0     		b	.L11
  88              	.L2:
  89 002e 3B69     		ldr	r3, [r7, #16]
  90 0030 0022     		movs	r2, #0
  91 0032 1A60     		str	r2, [r3]
  92 0034 3B69     		ldr	r3, [r7, #16]
  93 0036 BA68     		ldr	r2, [r7, #8]
  94 0038 9A60     		str	r2, [r3, #8]
  95 003a 3B69     		ldr	r3, [r7, #16]
  96 003c 7A68     		ldr	r2, [r7, #4]
  97 003e DA60     		str	r2, [r3, #12]
  98 0040 3B69     		ldr	r3, [r7, #16]
  99 0042 FA68     		ldr	r2, [r7, #12]
 100 0044 5A60     		str	r2, [r3, #4]
 101 0046 244B     		ldr	r3, .L12+12
 102 0048 1B68     		ldr	r3, [r3]
 103 004a 002B     		cmp	r3, #0
 104 004c 03D1     		bne	.L5
 105 004e 224A     		ldr	r2, .L12+12
 106 0050 3B69     		ldr	r3, [r7, #16]
ARM GAS  C:\msys64\tmp\ccb23ka9.s 			page 3


 107 0052 1360     		str	r3, [r2]
 108 0054 37E0     		b	.L1
 109              	.L5:
 110 0056 3B69     		ldr	r3, [r7, #16]
 111 0058 5A68     		ldr	r2, [r3, #4]
 112 005a 1F4B     		ldr	r3, .L12+12
 113 005c 1B68     		ldr	r3, [r3]
 114 005e 5B68     		ldr	r3, [r3, #4]
 115 0060 D31A     		subs	r3, r2, r3
 116 0062 DB0F     		lsrs	r3, r3, #31
 117 0064 03F00103 		and	r3, r3, #1
 118 0068 DBB2     		uxtb	r3, r3
 119 006a 002B     		cmp	r3, #0
 120 006c 07D0     		beq	.L6
 121 006e 1A4B     		ldr	r3, .L12+12
 122 0070 1A68     		ldr	r2, [r3]
 123 0072 3B69     		ldr	r3, [r7, #16]
 124 0074 1A60     		str	r2, [r3]
 125 0076 184A     		ldr	r2, .L12+12
 126 0078 3B69     		ldr	r3, [r7, #16]
 127 007a 1360     		str	r3, [r2]
 128 007c 23E0     		b	.L1
 129              	.L6:
 130 007e 164B     		ldr	r3, .L12+12
 131 0080 1B68     		ldr	r3, [r3]
 132 0082 7B61     		str	r3, [r7, #20]
 133 0084 1AE0     		b	.L7
 134              	.L10:
 135 0086 7B69     		ldr	r3, [r7, #20]
 136 0088 1B68     		ldr	r3, [r3]
 137 008a 002B     		cmp	r3, #0
 138 008c 0BD0     		beq	.L8
 139 008e 3B69     		ldr	r3, [r7, #16]
 140 0090 5A68     		ldr	r2, [r3, #4]
 141 0092 7B69     		ldr	r3, [r7, #20]
 142 0094 1B68     		ldr	r3, [r3]
 143 0096 5B68     		ldr	r3, [r3, #4]
 144 0098 D31A     		subs	r3, r2, r3
 145 009a DB0F     		lsrs	r3, r3, #31
 146 009c 03F00103 		and	r3, r3, #1
 147 00a0 DBB2     		uxtb	r3, r3
 148 00a2 002B     		cmp	r3, #0
 149 00a4 07D0     		beq	.L9
 150              	.L8:
 151 00a6 7B69     		ldr	r3, [r7, #20]
 152 00a8 1A68     		ldr	r2, [r3]
 153 00aa 3B69     		ldr	r3, [r7, #16]
 154 00ac 1A60     		str	r2, [r3]
 155 00ae 7B69     		ldr	r3, [r7, #20]
 156 00b0 3A69     		ldr	r2, [r7, #16]
 157 00b2 1A60     		str	r2, [r3]
 158 00b4 07E0     		b	.L1
 159              	.L9:
 160 00b6 7B69     		ldr	r3, [r7, #20]
 161 00b8 1B68     		ldr	r3, [r3]
 162 00ba 7B61     		str	r3, [r7, #20]
 163              	.L7:
ARM GAS  C:\msys64\tmp\ccb23ka9.s 			page 4


 164 00bc 7B69     		ldr	r3, [r7, #20]
 165 00be 002B     		cmp	r3, #0
 166 00c0 E1D1     		bne	.L10
 167 00c2 00E0     		b	.L1
 168              	.L11:
 169 00c4 00BF     		nop
 170              	.L1:
 171 00c6 1837     		adds	r7, r7, #24
 172 00c8 BD46     		mov	sp, r7
 173              		@ sp needed
 174 00ca 80BD     		pop	{r7, pc}
 175              	.L13:
 176              		.align	2
 177              	.L12:
 178 00cc 00000000 		.word	.LC0
 179 00d0 44000000 		.word	.LC1
 180 00d4 84000000 		.word	.LC2
 181 00d8 00000000 		.word	next_timeout
 183              		.section	.text.lwip_cyclic_timer,"ax",%progbits
 184              		.align	1
 185              		.syntax unified
 186              		.thumb
 187              		.thumb_func
 189              	lwip_cyclic_timer:
 190              		@ args = 0, pretend = 0, frame = 24
 191              		@ frame_needed = 1, uses_anonymous_args = 0
 192 0000 80B5     		push	{r7, lr}
 193 0002 86B0     		sub	sp, sp, #24
 194 0004 00AF     		add	r7, sp, #0
 195 0006 7860     		str	r0, [r7, #4]
 196 0008 7B68     		ldr	r3, [r7, #4]
 197 000a 7B61     		str	r3, [r7, #20]
 198 000c 7B69     		ldr	r3, [r7, #20]
 199 000e 5B68     		ldr	r3, [r3, #4]
 200 0010 9847     		blx	r3
 201 0012 FFF7FEFF 		bl	sys_now
 202 0016 3861     		str	r0, [r7, #16]
 203 0018 7B69     		ldr	r3, [r7, #20]
 204 001a 1A68     		ldr	r2, [r3]
 205 001c 0F4B     		ldr	r3, .L18
 206 001e 1B68     		ldr	r3, [r3]
 207 0020 1344     		add	r3, r3, r2
 208 0022 FB60     		str	r3, [r7, #12]
 209 0024 FA68     		ldr	r2, [r7, #12]
 210 0026 3B69     		ldr	r3, [r7, #16]
 211 0028 D31A     		subs	r3, r2, r3
 212 002a DB0F     		lsrs	r3, r3, #31
 213 002c 03F00103 		and	r3, r3, #1
 214 0030 DBB2     		uxtb	r3, r3
 215 0032 002B     		cmp	r3, #0
 216 0034 09D0     		beq	.L15
 217 0036 7B69     		ldr	r3, [r7, #20]
 218 0038 1A68     		ldr	r2, [r3]
 219 003a 3B69     		ldr	r3, [r7, #16]
 220 003c 1344     		add	r3, r3, r2
 221 003e 7A68     		ldr	r2, [r7, #4]
 222 0040 0749     		ldr	r1, .L18+4
ARM GAS  C:\msys64\tmp\ccb23ka9.s 			page 5


 223 0042 1846     		mov	r0, r3
 224 0044 FFF7FEFF 		bl	sys_timeout_abs
 225 0048 04E0     		b	.L17
 226              	.L15:
 227 004a 7A68     		ldr	r2, [r7, #4]
 228 004c 0449     		ldr	r1, .L18+4
 229 004e F868     		ldr	r0, [r7, #12]
 230 0050 FFF7FEFF 		bl	sys_timeout_abs
 231              	.L17:
 232 0054 00BF     		nop
 233 0056 1837     		adds	r7, r7, #24
 234 0058 BD46     		mov	sp, r7
 235              		@ sp needed
 236 005a 80BD     		pop	{r7, pc}
 237              	.L19:
 238              		.align	2
 239              	.L18:
 240 005c 00000000 		.word	current_timeout_due_time
 241 0060 00000000 		.word	lwip_cyclic_timer
 243              		.section	.text.sys_timeouts_init,"ax",%progbits
 244              		.align	1
 245              		.global	sys_timeouts_init
 246              		.syntax unified
 247              		.thumb
 248              		.thumb_func
 250              	sys_timeouts_init:
 251              		@ args = 0, pretend = 0, frame = 8
 252              		@ frame_needed = 1, uses_anonymous_args = 0
 253 0000 80B5     		push	{r7, lr}
 254 0002 82B0     		sub	sp, sp, #8
 255 0004 00AF     		add	r7, sp, #0
 256 0006 0023     		movs	r3, #0
 257 0008 7B60     		str	r3, [r7, #4]
 258 000a 0EE0     		b	.L21
 259              	.L22:
 260 000c 0B4A     		ldr	r2, .L23
 261 000e 7B68     		ldr	r3, [r7, #4]
 262 0010 52F83300 		ldr	r0, [r2, r3, lsl #3]
 263 0014 7B68     		ldr	r3, [r7, #4]
 264 0016 DB00     		lsls	r3, r3, #3
 265 0018 084A     		ldr	r2, .L23
 266 001a 1344     		add	r3, r3, r2
 267 001c 1A46     		mov	r2, r3
 268 001e 0849     		ldr	r1, .L23+4
 269 0020 FFF7FEFF 		bl	sys_timeout
 270 0024 7B68     		ldr	r3, [r7, #4]
 271 0026 0133     		adds	r3, r3, #1
 272 0028 7B60     		str	r3, [r7, #4]
 273              	.L21:
 274 002a 7B68     		ldr	r3, [r7, #4]
 275 002c 012B     		cmp	r3, #1
 276 002e EDD9     		bls	.L22
 277 0030 00BF     		nop
 278 0032 00BF     		nop
 279 0034 0837     		adds	r7, r7, #8
 280 0036 BD46     		mov	sp, r7
 281              		@ sp needed
ARM GAS  C:\msys64\tmp\ccb23ka9.s 			page 6


 282 0038 80BD     		pop	{r7, pc}
 283              	.L24:
 284 003a 00BF     		.align	2
 285              	.L23:
 286 003c 00000000 		.word	lwip_cyclic_timers
 287 0040 00000000 		.word	lwip_cyclic_timer
 289              		.section	.rodata
 290              		.align	2
 291              	.LC3:
 292 00ac 54696D65 		.ascii	"Timeout time too long, max is LWIP_UINT32_MAX/4 mse"
 292      6F757420 
 292      74696D65 
 292      20746F6F 
 292      206C6F6E 
 293 00df 637300   		.ascii	"cs\000"
 294              		.section	.text.sys_timeout,"ax",%progbits
 295              		.align	1
 296              		.global	sys_timeout
 297              		.syntax unified
 298              		.thumb
 299              		.thumb_func
 301              	sys_timeout:
 302              		@ args = 0, pretend = 0, frame = 24
 303              		@ frame_needed = 1, uses_anonymous_args = 0
 304 0000 80B5     		push	{r7, lr}
 305 0002 86B0     		sub	sp, sp, #24
 306 0004 00AF     		add	r7, sp, #0
 307 0006 F860     		str	r0, [r7, #12]
 308 0008 B960     		str	r1, [r7, #8]
 309 000a 7A60     		str	r2, [r7, #4]
 310 000c FB68     		ldr	r3, [r7, #12]
 311 000e B3F1804F 		cmp	r3, #1073741824
 312 0012 06D3     		bcc	.L26
 313 0014 0A4B     		ldr	r3, .L27
 314 0016 40F22912 		movw	r2, #297
 315 001a 0A49     		ldr	r1, .L27+4
 316 001c 0A48     		ldr	r0, .L27+8
 317 001e FFF7FEFF 		bl	printf
 318              	.L26:
 319 0022 FFF7FEFF 		bl	sys_now
 320 0026 0246     		mov	r2, r0
 321 0028 FB68     		ldr	r3, [r7, #12]
 322 002a 1344     		add	r3, r3, r2
 323 002c 7B61     		str	r3, [r7, #20]
 324 002e 7A68     		ldr	r2, [r7, #4]
 325 0030 B968     		ldr	r1, [r7, #8]
 326 0032 7869     		ldr	r0, [r7, #20]
 327 0034 FFF7FEFF 		bl	sys_timeout_abs
 328 0038 00BF     		nop
 329 003a 1837     		adds	r7, r7, #24
 330 003c BD46     		mov	sp, r7
 331              		@ sp needed
 332 003e 80BD     		pop	{r7, pc}
 333              	.L28:
 334              		.align	2
 335              	.L27:
 336 0040 00000000 		.word	.LC0
ARM GAS  C:\msys64\tmp\ccb23ka9.s 			page 7


 337 0044 AC000000 		.word	.LC3
 338 0048 84000000 		.word	.LC2
 340              		.section	.text.sys_untimeout,"ax",%progbits
 341              		.align	1
 342              		.global	sys_untimeout
 343              		.syntax unified
 344              		.thumb
 345              		.thumb_func
 347              	sys_untimeout:
 348              		@ args = 0, pretend = 0, frame = 16
 349              		@ frame_needed = 1, uses_anonymous_args = 0
 350 0000 80B5     		push	{r7, lr}
 351 0002 84B0     		sub	sp, sp, #16
 352 0004 00AF     		add	r7, sp, #0
 353 0006 7860     		str	r0, [r7, #4]
 354 0008 3960     		str	r1, [r7]
 355 000a 194B     		ldr	r3, .L38
 356 000c 1B68     		ldr	r3, [r3]
 357 000e 002B     		cmp	r3, #0
 358 0010 29D0     		beq	.L37
 359 0012 174B     		ldr	r3, .L38
 360 0014 1B68     		ldr	r3, [r3]
 361 0016 BB60     		str	r3, [r7, #8]
 362 0018 0023     		movs	r3, #0
 363 001a FB60     		str	r3, [r7, #12]
 364 001c 1FE0     		b	.L32
 365              	.L36:
 366 001e BB68     		ldr	r3, [r7, #8]
 367 0020 9B68     		ldr	r3, [r3, #8]
 368 0022 7A68     		ldr	r2, [r7, #4]
 369 0024 9A42     		cmp	r2, r3
 370 0026 15D1     		bne	.L33
 371 0028 BB68     		ldr	r3, [r7, #8]
 372 002a DB68     		ldr	r3, [r3, #12]
 373 002c 3A68     		ldr	r2, [r7]
 374 002e 9A42     		cmp	r2, r3
 375 0030 10D1     		bne	.L33
 376 0032 FB68     		ldr	r3, [r7, #12]
 377 0034 002B     		cmp	r3, #0
 378 0036 04D1     		bne	.L34
 379 0038 BB68     		ldr	r3, [r7, #8]
 380 003a 1B68     		ldr	r3, [r3]
 381 003c 0C4A     		ldr	r2, .L38
 382 003e 1360     		str	r3, [r2]
 383 0040 03E0     		b	.L35
 384              	.L34:
 385 0042 BB68     		ldr	r3, [r7, #8]
 386 0044 1A68     		ldr	r2, [r3]
 387 0046 FB68     		ldr	r3, [r7, #12]
 388 0048 1A60     		str	r2, [r3]
 389              	.L35:
 390 004a B968     		ldr	r1, [r7, #8]
 391 004c 0420     		movs	r0, #4
 392 004e FFF7FEFF 		bl	memp_free
 393 0052 09E0     		b	.L29
 394              	.L33:
 395 0054 BB68     		ldr	r3, [r7, #8]
ARM GAS  C:\msys64\tmp\ccb23ka9.s 			page 8


 396 0056 FB60     		str	r3, [r7, #12]
 397 0058 BB68     		ldr	r3, [r7, #8]
 398 005a 1B68     		ldr	r3, [r3]
 399 005c BB60     		str	r3, [r7, #8]
 400              	.L32:
 401 005e BB68     		ldr	r3, [r7, #8]
 402 0060 002B     		cmp	r3, #0
 403 0062 DCD1     		bne	.L36
 404 0064 00E0     		b	.L29
 405              	.L37:
 406 0066 00BF     		nop
 407              	.L29:
 408 0068 1037     		adds	r7, r7, #16
 409 006a BD46     		mov	sp, r7
 410              		@ sp needed
 411 006c 80BD     		pop	{r7, pc}
 412              	.L39:
 413 006e 00BF     		.align	2
 414              	.L38:
 415 0070 00000000 		.word	next_timeout
 417              		.section	.text.sys_check_timeouts,"ax",%progbits
 418              		.align	1
 419              		.global	sys_check_timeouts
 420              		.syntax unified
 421              		.thumb
 422              		.thumb_func
 424              	sys_check_timeouts:
 425              		@ args = 0, pretend = 0, frame = 16
 426              		@ frame_needed = 1, uses_anonymous_args = 0
 427 0000 80B5     		push	{r7, lr}
 428 0002 84B0     		sub	sp, sp, #16
 429 0004 00AF     		add	r7, sp, #0
 430 0006 FFF7FEFF 		bl	sys_now
 431 000a F860     		str	r0, [r7, #12]
 432              	.L45:
 433 000c 174B     		ldr	r3, .L48
 434 000e 1B68     		ldr	r3, [r3]
 435 0010 BB60     		str	r3, [r7, #8]
 436 0012 BB68     		ldr	r3, [r7, #8]
 437 0014 002B     		cmp	r3, #0
 438 0016 22D0     		beq	.L46
 439 0018 BB68     		ldr	r3, [r7, #8]
 440 001a 5B68     		ldr	r3, [r3, #4]
 441 001c FA68     		ldr	r2, [r7, #12]
 442 001e D31A     		subs	r3, r2, r3
 443 0020 DB0F     		lsrs	r3, r3, #31
 444 0022 03F00103 		and	r3, r3, #1
 445 0026 DBB2     		uxtb	r3, r3
 446 0028 002B     		cmp	r3, #0
 447 002a 1AD1     		bne	.L47
 448 002c BB68     		ldr	r3, [r7, #8]
 449 002e 1B68     		ldr	r3, [r3]
 450 0030 0E4A     		ldr	r2, .L48
 451 0032 1360     		str	r3, [r2]
 452 0034 BB68     		ldr	r3, [r7, #8]
 453 0036 9B68     		ldr	r3, [r3, #8]
 454 0038 7B60     		str	r3, [r7, #4]
ARM GAS  C:\msys64\tmp\ccb23ka9.s 			page 9


 455 003a BB68     		ldr	r3, [r7, #8]
 456 003c DB68     		ldr	r3, [r3, #12]
 457 003e 3B60     		str	r3, [r7]
 458 0040 BB68     		ldr	r3, [r7, #8]
 459 0042 5B68     		ldr	r3, [r3, #4]
 460 0044 0A4A     		ldr	r2, .L48+4
 461 0046 1360     		str	r3, [r2]
 462 0048 B968     		ldr	r1, [r7, #8]
 463 004a 0420     		movs	r0, #4
 464 004c FFF7FEFF 		bl	memp_free
 465 0050 7B68     		ldr	r3, [r7, #4]
 466 0052 002B     		cmp	r3, #0
 467 0054 DAD0     		beq	.L45
 468 0056 7B68     		ldr	r3, [r7, #4]
 469 0058 3868     		ldr	r0, [r7]
 470 005a 9847     		blx	r3
 471 005c D6E7     		b	.L45
 472              	.L46:
 473 005e 00BF     		nop
 474 0060 00E0     		b	.L40
 475              	.L47:
 476 0062 00BF     		nop
 477              	.L40:
 478 0064 1037     		adds	r7, r7, #16
 479 0066 BD46     		mov	sp, r7
 480              		@ sp needed
 481 0068 80BD     		pop	{r7, pc}
 482              	.L49:
 483 006a 00BF     		.align	2
 484              	.L48:
 485 006c 00000000 		.word	next_timeout
 486 0070 00000000 		.word	current_timeout_due_time
 488              		.section	.text.sys_restart_timeouts,"ax",%progbits
 489              		.align	1
 490              		.global	sys_restart_timeouts
 491              		.syntax unified
 492              		.thumb
 493              		.thumb_func
 495              	sys_restart_timeouts:
 496              		@ args = 0, pretend = 0, frame = 16
 497              		@ frame_needed = 1, uses_anonymous_args = 0
 498 0000 80B5     		push	{r7, lr}
 499 0002 84B0     		sub	sp, sp, #16
 500 0004 00AF     		add	r7, sp, #0
 501 0006 114B     		ldr	r3, .L56
 502 0008 1B68     		ldr	r3, [r3]
 503 000a 002B     		cmp	r3, #0
 504 000c 19D0     		beq	.L55
 505 000e FFF7FEFF 		bl	sys_now
 506 0012 B860     		str	r0, [r7, #8]
 507 0014 0D4B     		ldr	r3, .L56
 508 0016 1B68     		ldr	r3, [r3]
 509 0018 5B68     		ldr	r3, [r3, #4]
 510 001a 7B60     		str	r3, [r7, #4]
 511 001c 0B4B     		ldr	r3, .L56
 512 001e 1B68     		ldr	r3, [r3]
 513 0020 FB60     		str	r3, [r7, #12]
ARM GAS  C:\msys64\tmp\ccb23ka9.s 			page 10


 514 0022 0AE0     		b	.L53
 515              	.L54:
 516 0024 FB68     		ldr	r3, [r7, #12]
 517 0026 5A68     		ldr	r2, [r3, #4]
 518 0028 7B68     		ldr	r3, [r7, #4]
 519 002a D21A     		subs	r2, r2, r3
 520 002c BB68     		ldr	r3, [r7, #8]
 521 002e 1A44     		add	r2, r2, r3
 522 0030 FB68     		ldr	r3, [r7, #12]
 523 0032 5A60     		str	r2, [r3, #4]
 524 0034 FB68     		ldr	r3, [r7, #12]
 525 0036 1B68     		ldr	r3, [r3]
 526 0038 FB60     		str	r3, [r7, #12]
 527              	.L53:
 528 003a FB68     		ldr	r3, [r7, #12]
 529 003c 002B     		cmp	r3, #0
 530 003e F1D1     		bne	.L54
 531 0040 00E0     		b	.L50
 532              	.L55:
 533 0042 00BF     		nop
 534              	.L50:
 535 0044 1037     		adds	r7, r7, #16
 536 0046 BD46     		mov	sp, r7
 537              		@ sp needed
 538 0048 80BD     		pop	{r7, pc}
 539              	.L57:
 540 004a 00BF     		.align	2
 541              	.L56:
 542 004c 00000000 		.word	next_timeout
 544              		.section	.rodata
 545 00e2 0000     		.align	2
 546              	.LC4:
 547 00e4 696E7661 		.ascii	"invalid sleeptime\000"
 547      6C696420 
 547      736C6565 
 547      7074696D 
 547      6500
 548              		.section	.text.sys_timeouts_sleeptime,"ax",%progbits
 549              		.align	1
 550              		.global	sys_timeouts_sleeptime
 551              		.syntax unified
 552              		.thumb
 553              		.thumb_func
 555              	sys_timeouts_sleeptime:
 556              		@ args = 0, pretend = 0, frame = 8
 557              		@ frame_needed = 1, uses_anonymous_args = 0
 558 0000 80B5     		push	{r7, lr}
 559 0002 82B0     		sub	sp, sp, #8
 560 0004 00AF     		add	r7, sp, #0
 561 0006 164B     		ldr	r3, .L63
 562 0008 1B68     		ldr	r3, [r3]
 563 000a 002B     		cmp	r3, #0
 564 000c 02D1     		bne	.L59
 565 000e 4FF0FF33 		mov	r3, #-1
 566 0012 20E0     		b	.L60
 567              	.L59:
 568 0014 FFF7FEFF 		bl	sys_now
ARM GAS  C:\msys64\tmp\ccb23ka9.s 			page 11


 569 0018 7860     		str	r0, [r7, #4]
 570 001a 114B     		ldr	r3, .L63
 571 001c 1B68     		ldr	r3, [r3]
 572 001e 5A68     		ldr	r2, [r3, #4]
 573 0020 7B68     		ldr	r3, [r7, #4]
 574 0022 D31A     		subs	r3, r2, r3
 575 0024 DB0F     		lsrs	r3, r3, #31
 576 0026 03F00103 		and	r3, r3, #1
 577 002a DBB2     		uxtb	r3, r3
 578 002c 002B     		cmp	r3, #0
 579 002e 01D0     		beq	.L61
 580 0030 0023     		movs	r3, #0
 581 0032 10E0     		b	.L60
 582              	.L61:
 583 0034 0A4B     		ldr	r3, .L63
 584 0036 1B68     		ldr	r3, [r3]
 585 0038 5A68     		ldr	r2, [r3, #4]
 586 003a 7B68     		ldr	r3, [r7, #4]
 587 003c D31A     		subs	r3, r2, r3
 588 003e 3B60     		str	r3, [r7]
 589 0040 3B68     		ldr	r3, [r7]
 590 0042 002B     		cmp	r3, #0
 591 0044 06DA     		bge	.L62
 592 0046 074B     		ldr	r3, .L63+4
 593 0048 4FF4DC72 		mov	r2, #440
 594 004c 0649     		ldr	r1, .L63+8
 595 004e 0748     		ldr	r0, .L63+12
 596 0050 FFF7FEFF 		bl	printf
 597              	.L62:
 598 0054 3B68     		ldr	r3, [r7]
 599              	.L60:
 600 0056 1846     		mov	r0, r3
 601 0058 0837     		adds	r7, r7, #8
 602 005a BD46     		mov	sp, r7
 603              		@ sp needed
 604 005c 80BD     		pop	{r7, pc}
 605              	.L64:
 606 005e 00BF     		.align	2
 607              	.L63:
 608 0060 00000000 		.word	next_timeout
 609 0064 00000000 		.word	.LC0
 610 0068 E4000000 		.word	.LC4
 611 006c 84000000 		.word	.LC2
 613              		.ident	"GCC: (GNU) 13.3.0"
ARM GAS  C:\msys64\tmp\ccb23ka9.s 			page 12


DEFINED SYMBOLS
                            *ABS*:00000000 timeouts.c
C:\msys64\tmp\ccb23ka9.s:22     .rodata.lwip_cyclic_timers:00000000 lwip_cyclic_timers
C:\msys64\tmp\ccb23ka9.s:19     .rodata.lwip_cyclic_timers:00000000 $d
C:\msys64\tmp\ccb23ka9.s:32     .rodata.lwip_num_cyclic_timers:00000000 lwip_num_cyclic_timers
C:\msys64\tmp\ccb23ka9.s:29     .rodata.lwip_num_cyclic_timers:00000000 $d
C:\msys64\tmp\ccb23ka9.s:35     .bss.next_timeout:00000000 $d
C:\msys64\tmp\ccb23ka9.s:38     .bss.next_timeout:00000000 next_timeout
C:\msys64\tmp\ccb23ka9.s:41     .bss.current_timeout_due_time:00000000 $d
C:\msys64\tmp\ccb23ka9.s:44     .bss.current_timeout_due_time:00000000 current_timeout_due_time
C:\msys64\tmp\ccb23ka9.s:47     .rodata:00000000 $d
C:\msys64\tmp\ccb23ka9.s:59     .text.sys_timeout_abs:00000000 $t
C:\msys64\tmp\ccb23ka9.s:64     .text.sys_timeout_abs:00000000 sys_timeout_abs
C:\msys64\tmp\ccb23ka9.s:178    .text.sys_timeout_abs:000000cc $d
C:\msys64\tmp\ccb23ka9.s:184    .text.lwip_cyclic_timer:00000000 $t
C:\msys64\tmp\ccb23ka9.s:189    .text.lwip_cyclic_timer:00000000 lwip_cyclic_timer
C:\msys64\tmp\ccb23ka9.s:240    .text.lwip_cyclic_timer:0000005c $d
C:\msys64\tmp\ccb23ka9.s:244    .text.sys_timeouts_init:00000000 $t
C:\msys64\tmp\ccb23ka9.s:250    .text.sys_timeouts_init:00000000 sys_timeouts_init
C:\msys64\tmp\ccb23ka9.s:301    .text.sys_timeout:00000000 sys_timeout
C:\msys64\tmp\ccb23ka9.s:286    .text.sys_timeouts_init:0000003c $d
C:\msys64\tmp\ccb23ka9.s:295    .text.sys_timeout:00000000 $t
C:\msys64\tmp\ccb23ka9.s:336    .text.sys_timeout:00000040 $d
C:\msys64\tmp\ccb23ka9.s:341    .text.sys_untimeout:00000000 $t
C:\msys64\tmp\ccb23ka9.s:347    .text.sys_untimeout:00000000 sys_untimeout
C:\msys64\tmp\ccb23ka9.s:415    .text.sys_untimeout:00000070 $d
C:\msys64\tmp\ccb23ka9.s:418    .text.sys_check_timeouts:00000000 $t
C:\msys64\tmp\ccb23ka9.s:424    .text.sys_check_timeouts:00000000 sys_check_timeouts
C:\msys64\tmp\ccb23ka9.s:485    .text.sys_check_timeouts:0000006c $d
C:\msys64\tmp\ccb23ka9.s:489    .text.sys_restart_timeouts:00000000 $t
C:\msys64\tmp\ccb23ka9.s:495    .text.sys_restart_timeouts:00000000 sys_restart_timeouts
C:\msys64\tmp\ccb23ka9.s:542    .text.sys_restart_timeouts:0000004c $d
C:\msys64\tmp\ccb23ka9.s:549    .text.sys_timeouts_sleeptime:00000000 $t
C:\msys64\tmp\ccb23ka9.s:555    .text.sys_timeouts_sleeptime:00000000 sys_timeouts_sleeptime
C:\msys64\tmp\ccb23ka9.s:608    .text.sys_timeouts_sleeptime:00000060 $d

UNDEFINED SYMBOLS
ip_reass_tmr
etharp_tmr
memp_malloc
printf
sys_now
memp_free
