ARM GAS  C:\msys64\tmp\cckfIryn.s 			page 1


   1              		.cpu cortex-m7
   2              		.arch armv7e-m
   3              		.fpu fpv5-sp-d16
   4              		.eabi_attribute 27, 1
   5              		.eabi_attribute 28, 1
   6              		.eabi_attribute 20, 1
   7              		.eabi_attribute 21, 1
   8              		.eabi_attribute 23, 3
   9              		.eabi_attribute 24, 1
  10              		.eabi_attribute 25, 1
  11              		.eabi_attribute 26, 1
  12              		.eabi_attribute 30, 6
  13              		.eabi_attribute 34, 1
  14              		.eabi_attribute 18, 4
  15              		.file	"system_stm32f7xx.c"
  16              		.text
  17              		.global	SystemCoreClock
  18              		.section	.data.SystemCoreClock,"aw"
  19              		.align	2
  22              	SystemCoreClock:
  23 0000 0024F400 		.word	16000000
  24              		.global	AHBPrescTable
  25              		.section	.rodata.AHBPrescTable,"a"
  26              		.align	2
  29              	AHBPrescTable:
  30 0000 00000000 		.ascii	"\000\000\000\000\000\000\000\000\001\002\003\004\006"
  30      00000000 
  30      01020304 
  30      06
  31 000d 070809   		.ascii	"\007\010\011"
  32              		.global	APBPrescTable
  33              		.section	.rodata.APBPrescTable,"a"
  34              		.align	2
  37              	APBPrescTable:
  38 0000 00000000 		.ascii	"\000\000\000\000\001\002\003\004"
  38      01020304 
  39              		.section	.text.SystemInit,"ax",%progbits
  40              		.align	1
  41              		.global	SystemInit
  42              		.syntax unified
  43              		.thumb
  44              		.thumb_func
  46              	SystemInit:
  47              		@ args = 0, pretend = 0, frame = 0
  48              		@ frame_needed = 1, uses_anonymous_args = 0
  49              		@ link register save eliminated.
  50 0000 80B4     		push	{r7}
  51 0002 00AF     		add	r7, sp, #0
  52 0004 064B     		ldr	r3, .L2
  53 0006 D3F88830 		ldr	r3, [r3, #136]
  54 000a 054A     		ldr	r2, .L2
  55 000c 43F47003 		orr	r3, r3, #15728640
  56 0010 C2F88830 		str	r3, [r2, #136]
  57 0014 00BF     		nop
  58 0016 BD46     		mov	sp, r7
  59              		@ sp needed
  60 0018 5DF8047B 		ldr	r7, [sp], #4
ARM GAS  C:\msys64\tmp\cckfIryn.s 			page 2


  61 001c 7047     		bx	lr
  62              	.L3:
  63 001e 00BF     		.align	2
  64              	.L2:
  65 0020 00ED00E0 		.word	-536810240
  67              		.section	.text.SystemCoreClockUpdate,"ax",%progbits
  68              		.align	1
  69              		.global	SystemCoreClockUpdate
  70              		.syntax unified
  71              		.thumb
  72              		.thumb_func
  74              	SystemCoreClockUpdate:
  75              		@ args = 0, pretend = 0, frame = 24
  76              		@ frame_needed = 1, uses_anonymous_args = 0
  77              		@ link register save eliminated.
  78 0000 80B4     		push	{r7}
  79 0002 87B0     		sub	sp, sp, #28
  80 0004 00AF     		add	r7, sp, #0
  81 0006 344B     		ldr	r3, .L12
  82 0008 9B68     		ldr	r3, [r3, #8]
  83 000a 03F00C03 		and	r3, r3, #12
  84 000e 3B61     		str	r3, [r7, #16]
  85 0010 3B69     		ldr	r3, [r7, #16]
  86 0012 082B     		cmp	r3, #8
  87 0014 11D0     		beq	.L5
  88 0016 3B69     		ldr	r3, [r7, #16]
  89 0018 082B     		cmp	r3, #8
  90 001a 44D8     		bhi	.L6
  91 001c 3B69     		ldr	r3, [r7, #16]
  92 001e 002B     		cmp	r3, #0
  93 0020 03D0     		beq	.L7
  94 0022 3B69     		ldr	r3, [r7, #16]
  95 0024 042B     		cmp	r3, #4
  96 0026 04D0     		beq	.L8
  97 0028 3DE0     		b	.L6
  98              	.L7:
  99 002a 2C4B     		ldr	r3, .L12+4
 100 002c 2C4A     		ldr	r2, .L12+8
 101 002e 1A60     		str	r2, [r3]
 102 0030 3DE0     		b	.L9
 103              	.L8:
 104 0032 2A4B     		ldr	r3, .L12+4
 105 0034 2B4A     		ldr	r2, .L12+12
 106 0036 1A60     		str	r2, [r3]
 107 0038 39E0     		b	.L9
 108              	.L5:
 109 003a 274B     		ldr	r3, .L12
 110 003c 5B68     		ldr	r3, [r3, #4]
 111 003e 9B0D     		lsrs	r3, r3, #22
 112 0040 03F00103 		and	r3, r3, #1
 113 0044 FB60     		str	r3, [r7, #12]
 114 0046 244B     		ldr	r3, .L12
 115 0048 5B68     		ldr	r3, [r3, #4]
 116 004a 03F03F03 		and	r3, r3, #63
 117 004e BB60     		str	r3, [r7, #8]
 118 0050 FB68     		ldr	r3, [r7, #12]
 119 0052 002B     		cmp	r3, #0
ARM GAS  C:\msys64\tmp\cckfIryn.s 			page 3


 120 0054 0CD0     		beq	.L10
 121 0056 234A     		ldr	r2, .L12+12
 122 0058 BB68     		ldr	r3, [r7, #8]
 123 005a B2FBF3F3 		udiv	r3, r2, r3
 124 005e 1E4A     		ldr	r2, .L12
 125 0060 5268     		ldr	r2, [r2, #4]
 126 0062 9209     		lsrs	r2, r2, #6
 127 0064 C2F30802 		ubfx	r2, r2, #0, #9
 128 0068 02FB03F3 		mul	r3, r2, r3
 129 006c 7B61     		str	r3, [r7, #20]
 130 006e 0BE0     		b	.L11
 131              	.L10:
 132 0070 1B4A     		ldr	r2, .L12+8
 133 0072 BB68     		ldr	r3, [r7, #8]
 134 0074 B2FBF3F3 		udiv	r3, r2, r3
 135 0078 174A     		ldr	r2, .L12
 136 007a 5268     		ldr	r2, [r2, #4]
 137 007c 9209     		lsrs	r2, r2, #6
 138 007e C2F30802 		ubfx	r2, r2, #0, #9
 139 0082 02FB03F3 		mul	r3, r2, r3
 140 0086 7B61     		str	r3, [r7, #20]
 141              	.L11:
 142 0088 134B     		ldr	r3, .L12
 143 008a 5B68     		ldr	r3, [r3, #4]
 144 008c 1B0C     		lsrs	r3, r3, #16
 145 008e 03F00303 		and	r3, r3, #3
 146 0092 0133     		adds	r3, r3, #1
 147 0094 5B00     		lsls	r3, r3, #1
 148 0096 7B60     		str	r3, [r7, #4]
 149 0098 7A69     		ldr	r2, [r7, #20]
 150 009a 7B68     		ldr	r3, [r7, #4]
 151 009c B2FBF3F3 		udiv	r3, r2, r3
 152 00a0 0E4A     		ldr	r2, .L12+4
 153 00a2 1360     		str	r3, [r2]
 154 00a4 03E0     		b	.L9
 155              	.L6:
 156 00a6 0D4B     		ldr	r3, .L12+4
 157 00a8 0D4A     		ldr	r2, .L12+8
 158 00aa 1A60     		str	r2, [r3]
 159 00ac 00BF     		nop
 160              	.L9:
 161 00ae 0A4B     		ldr	r3, .L12
 162 00b0 9B68     		ldr	r3, [r3, #8]
 163 00b2 1B09     		lsrs	r3, r3, #4
 164 00b4 03F00F03 		and	r3, r3, #15
 165 00b8 0B4A     		ldr	r2, .L12+16
 166 00ba D35C     		ldrb	r3, [r2, r3]	@ zero_extendqisi2
 167 00bc 3B61     		str	r3, [r7, #16]
 168 00be 074B     		ldr	r3, .L12+4
 169 00c0 1A68     		ldr	r2, [r3]
 170 00c2 3B69     		ldr	r3, [r7, #16]
 171 00c4 22FA03F3 		lsr	r3, r2, r3
 172 00c8 044A     		ldr	r2, .L12+4
 173 00ca 1360     		str	r3, [r2]
 174 00cc 00BF     		nop
 175 00ce 1C37     		adds	r7, r7, #28
 176 00d0 BD46     		mov	sp, r7
ARM GAS  C:\msys64\tmp\cckfIryn.s 			page 4


 177              		@ sp needed
 178 00d2 5DF8047B 		ldr	r7, [sp], #4
 179 00d6 7047     		bx	lr
 180              	.L13:
 181              		.align	2
 182              	.L12:
 183 00d8 00380240 		.word	1073887232
 184 00dc 00000000 		.word	SystemCoreClock
 185 00e0 0024F400 		.word	16000000
 186 00e4 40787D01 		.word	25000000
 187 00e8 00000000 		.word	AHBPrescTable
 189              		.ident	"GCC: (GNU) 13.3.0"
ARM GAS  C:\msys64\tmp\cckfIryn.s 			page 5


DEFINED SYMBOLS
                            *ABS*:00000000 system_stm32f7xx.c
C:\msys64\tmp\cckfIryn.s:22     .data.SystemCoreClock:00000000 SystemCoreClock
C:\msys64\tmp\cckfIryn.s:19     .data.SystemCoreClock:00000000 $d
C:\msys64\tmp\cckfIryn.s:29     .rodata.AHBPrescTable:00000000 AHBPrescTable
C:\msys64\tmp\cckfIryn.s:26     .rodata.AHBPrescTable:00000000 $d
C:\msys64\tmp\cckfIryn.s:37     .rodata.APBPrescTable:00000000 APBPrescTable
C:\msys64\tmp\cckfIryn.s:34     .rodata.APBPrescTable:00000000 $d
C:\msys64\tmp\cckfIryn.s:40     .text.SystemInit:00000000 $t
C:\msys64\tmp\cckfIryn.s:46     .text.SystemInit:00000000 SystemInit
C:\msys64\tmp\cckfIryn.s:65     .text.SystemInit:00000020 $d
C:\msys64\tmp\cckfIryn.s:68     .text.SystemCoreClockUpdate:00000000 $t
C:\msys64\tmp\cckfIryn.s:74     .text.SystemCoreClockUpdate:00000000 SystemCoreClockUpdate
C:\msys64\tmp\cckfIryn.s:183    .text.SystemCoreClockUpdate:000000d8 $d

NO UNDEFINED SYMBOLS
