ARM GAS  C:\msys64\tmp\ccXeNaof.s 			page 1


   1              		.cpu cortex-m7
   2              		.arch armv7e-m
   3              		.fpu fpv5-sp-d16
   4              		.eabi_attribute 27, 1
   5              		.eabi_attribute 28, 1
   6              		.eabi_attribute 20, 1
   7              		.eabi_attribute 21, 1
   8              		.eabi_attribute 23, 3
   9              		.eabi_attribute 24, 1
  10              		.eabi_attribute 25, 1
  11              		.eabi_attribute 26, 1
  12              		.eabi_attribute 30, 6
  13              		.eabi_attribute 34, 1
  14              		.eabi_attribute 18, 4
  15              		.file	"etharp.c"
  16              		.text
  17              		.section	.bss.arp_table,"aw",%nobits
  18              		.align	2
  21              	arp_table:
  22 0000 00000000 		.space	240
  22      00000000 
  22      00000000 
  22      00000000 
  22      00000000 
  23              		.section	.bss.etharp_cached_entry,"aw",%nobits
  26              	etharp_cached_entry:
  27 0000 00       		.space	1
  28              		.section	.text.etharp_free_entry,"ax",%progbits
  29              		.align	1
  30              		.syntax unified
  31              		.thumb
  32              		.thumb_func
  34              	etharp_free_entry:
  35              		@ args = 0, pretend = 0, frame = 8
  36              		@ frame_needed = 1, uses_anonymous_args = 0
  37 0000 80B5     		push	{r7, lr}
  38 0002 82B0     		sub	sp, sp, #8
  39 0004 00AF     		add	r7, sp, #0
  40 0006 7860     		str	r0, [r7, #4]
  41 0008 1549     		ldr	r1, .L3
  42 000a 7A68     		ldr	r2, [r7, #4]
  43 000c 1346     		mov	r3, r2
  44 000e 5B00     		lsls	r3, r3, #1
  45 0010 1344     		add	r3, r3, r2
  46 0012 DB00     		lsls	r3, r3, #3
  47 0014 0B44     		add	r3, r3, r1
  48 0016 1B68     		ldr	r3, [r3]
  49 0018 002B     		cmp	r3, #0
  50 001a 13D0     		beq	.L2
  51 001c 1049     		ldr	r1, .L3
  52 001e 7A68     		ldr	r2, [r7, #4]
  53 0020 1346     		mov	r3, r2
  54 0022 5B00     		lsls	r3, r3, #1
  55 0024 1344     		add	r3, r3, r2
  56 0026 DB00     		lsls	r3, r3, #3
  57 0028 0B44     		add	r3, r3, r1
  58 002a 1B68     		ldr	r3, [r3]
ARM GAS  C:\msys64\tmp\ccXeNaof.s 			page 2


  59 002c 1846     		mov	r0, r3
  60 002e FFF7FEFF 		bl	pbuf_free
  61 0032 0B49     		ldr	r1, .L3
  62 0034 7A68     		ldr	r2, [r7, #4]
  63 0036 1346     		mov	r3, r2
  64 0038 5B00     		lsls	r3, r3, #1
  65 003a 1344     		add	r3, r3, r2
  66 003c DB00     		lsls	r3, r3, #3
  67 003e 0B44     		add	r3, r3, r1
  68 0040 0022     		movs	r2, #0
  69 0042 1A60     		str	r2, [r3]
  70              	.L2:
  71 0044 0649     		ldr	r1, .L3
  72 0046 7A68     		ldr	r2, [r7, #4]
  73 0048 1346     		mov	r3, r2
  74 004a 5B00     		lsls	r3, r3, #1
  75 004c 1344     		add	r3, r3, r2
  76 004e DB00     		lsls	r3, r3, #3
  77 0050 0B44     		add	r3, r3, r1
  78 0052 1433     		adds	r3, r3, #20
  79 0054 0022     		movs	r2, #0
  80 0056 1A70     		strb	r2, [r3]
  81 0058 00BF     		nop
  82 005a 0837     		adds	r7, r7, #8
  83 005c BD46     		mov	sp, r7
  84              		@ sp needed
  85 005e 80BD     		pop	{r7, pc}
  86              	.L4:
  87              		.align	2
  88              	.L3:
  89 0060 00000000 		.word	arp_table
  91              		.section	.text.etharp_tmr,"ax",%progbits
  92              		.align	1
  93              		.global	etharp_tmr
  94              		.syntax unified
  95              		.thumb
  96              		.thumb_func
  98              	etharp_tmr:
  99              		@ args = 0, pretend = 0, frame = 8
 100              		@ frame_needed = 1, uses_anonymous_args = 0
 101 0000 80B5     		push	{r7, lr}
 102 0002 82B0     		sub	sp, sp, #8
 103 0004 00AF     		add	r7, sp, #0
 104 0006 0023     		movs	r3, #0
 105 0008 7B60     		str	r3, [r7, #4]
 106 000a 96E0     		b	.L6
 107              	.L12:
 108 000c 4F49     		ldr	r1, .L13
 109 000e 7A68     		ldr	r2, [r7, #4]
 110 0010 1346     		mov	r3, r2
 111 0012 5B00     		lsls	r3, r3, #1
 112 0014 1344     		add	r3, r3, r2
 113 0016 DB00     		lsls	r3, r3, #3
 114 0018 0B44     		add	r3, r3, r1
 115 001a 1433     		adds	r3, r3, #20
 116 001c 1B78     		ldrb	r3, [r3]
 117 001e FB70     		strb	r3, [r7, #3]
ARM GAS  C:\msys64\tmp\ccXeNaof.s 			page 3


 118 0020 FB78     		ldrb	r3, [r7, #3]	@ zero_extendqisi2
 119 0022 002B     		cmp	r3, #0
 120 0024 00F08680 		beq	.L7
 121 0028 4849     		ldr	r1, .L13
 122 002a 7A68     		ldr	r2, [r7, #4]
 123 002c 1346     		mov	r3, r2
 124 002e 5B00     		lsls	r3, r3, #1
 125 0030 1344     		add	r3, r3, r2
 126 0032 DB00     		lsls	r3, r3, #3
 127 0034 0B44     		add	r3, r3, r1
 128 0036 1233     		adds	r3, r3, #18
 129 0038 1B88     		ldrh	r3, [r3]
 130 003a 0133     		adds	r3, r3, #1
 131 003c 98B2     		uxth	r0, r3
 132 003e 4349     		ldr	r1, .L13
 133 0040 7A68     		ldr	r2, [r7, #4]
 134 0042 1346     		mov	r3, r2
 135 0044 5B00     		lsls	r3, r3, #1
 136 0046 1344     		add	r3, r3, r2
 137 0048 DB00     		lsls	r3, r3, #3
 138 004a 0B44     		add	r3, r3, r1
 139 004c 1233     		adds	r3, r3, #18
 140 004e 0246     		mov	r2, r0	@ movhi
 141 0050 1A80     		strh	r2, [r3]	@ movhi
 142 0052 3E49     		ldr	r1, .L13
 143 0054 7A68     		ldr	r2, [r7, #4]
 144 0056 1346     		mov	r3, r2
 145 0058 5B00     		lsls	r3, r3, #1
 146 005a 1344     		add	r3, r3, r2
 147 005c DB00     		lsls	r3, r3, #3
 148 005e 0B44     		add	r3, r3, r1
 149 0060 1233     		adds	r3, r3, #18
 150 0062 1B88     		ldrh	r3, [r3]
 151 0064 B3F5967F 		cmp	r3, #300
 152 0068 15D2     		bcs	.L8
 153 006a 3849     		ldr	r1, .L13
 154 006c 7A68     		ldr	r2, [r7, #4]
 155 006e 1346     		mov	r3, r2
 156 0070 5B00     		lsls	r3, r3, #1
 157 0072 1344     		add	r3, r3, r2
 158 0074 DB00     		lsls	r3, r3, #3
 159 0076 0B44     		add	r3, r3, r1
 160 0078 1433     		adds	r3, r3, #20
 161 007a 1B78     		ldrb	r3, [r3]	@ zero_extendqisi2
 162 007c 012B     		cmp	r3, #1
 163 007e 0ED1     		bne	.L9
 164 0080 3249     		ldr	r1, .L13
 165 0082 7A68     		ldr	r2, [r7, #4]
 166 0084 1346     		mov	r3, r2
 167 0086 5B00     		lsls	r3, r3, #1
 168 0088 1344     		add	r3, r3, r2
 169 008a DB00     		lsls	r3, r3, #3
 170 008c 0B44     		add	r3, r3, r1
 171 008e 1233     		adds	r3, r3, #18
 172 0090 1B88     		ldrh	r3, [r3]
 173 0092 042B     		cmp	r3, #4
 174 0094 03D9     		bls	.L9
ARM GAS  C:\msys64\tmp\ccXeNaof.s 			page 4


 175              	.L8:
 176 0096 7868     		ldr	r0, [r7, #4]
 177 0098 FFF7FEFF 		bl	etharp_free_entry
 178 009c 4AE0     		b	.L7
 179              	.L9:
 180 009e 2B49     		ldr	r1, .L13
 181 00a0 7A68     		ldr	r2, [r7, #4]
 182 00a2 1346     		mov	r3, r2
 183 00a4 5B00     		lsls	r3, r3, #1
 184 00a6 1344     		add	r3, r3, r2
 185 00a8 DB00     		lsls	r3, r3, #3
 186 00aa 0B44     		add	r3, r3, r1
 187 00ac 1433     		adds	r3, r3, #20
 188 00ae 1B78     		ldrb	r3, [r3]	@ zero_extendqisi2
 189 00b0 032B     		cmp	r3, #3
 190 00b2 0AD1     		bne	.L10
 191 00b4 2549     		ldr	r1, .L13
 192 00b6 7A68     		ldr	r2, [r7, #4]
 193 00b8 1346     		mov	r3, r2
 194 00ba 5B00     		lsls	r3, r3, #1
 195 00bc 1344     		add	r3, r3, r2
 196 00be DB00     		lsls	r3, r3, #3
 197 00c0 0B44     		add	r3, r3, r1
 198 00c2 1433     		adds	r3, r3, #20
 199 00c4 0422     		movs	r2, #4
 200 00c6 1A70     		strb	r2, [r3]
 201 00c8 34E0     		b	.L7
 202              	.L10:
 203 00ca 2049     		ldr	r1, .L13
 204 00cc 7A68     		ldr	r2, [r7, #4]
 205 00ce 1346     		mov	r3, r2
 206 00d0 5B00     		lsls	r3, r3, #1
 207 00d2 1344     		add	r3, r3, r2
 208 00d4 DB00     		lsls	r3, r3, #3
 209 00d6 0B44     		add	r3, r3, r1
 210 00d8 1433     		adds	r3, r3, #20
 211 00da 1B78     		ldrb	r3, [r3]	@ zero_extendqisi2
 212 00dc 042B     		cmp	r3, #4
 213 00de 0AD1     		bne	.L11
 214 00e0 1A49     		ldr	r1, .L13
 215 00e2 7A68     		ldr	r2, [r7, #4]
 216 00e4 1346     		mov	r3, r2
 217 00e6 5B00     		lsls	r3, r3, #1
 218 00e8 1344     		add	r3, r3, r2
 219 00ea DB00     		lsls	r3, r3, #3
 220 00ec 0B44     		add	r3, r3, r1
 221 00ee 1433     		adds	r3, r3, #20
 222 00f0 0222     		movs	r2, #2
 223 00f2 1A70     		strb	r2, [r3]
 224 00f4 1EE0     		b	.L7
 225              	.L11:
 226 00f6 1549     		ldr	r1, .L13
 227 00f8 7A68     		ldr	r2, [r7, #4]
 228 00fa 1346     		mov	r3, r2
 229 00fc 5B00     		lsls	r3, r3, #1
 230 00fe 1344     		add	r3, r3, r2
 231 0100 DB00     		lsls	r3, r3, #3
ARM GAS  C:\msys64\tmp\ccXeNaof.s 			page 5


 232 0102 0B44     		add	r3, r3, r1
 233 0104 1433     		adds	r3, r3, #20
 234 0106 1B78     		ldrb	r3, [r3]	@ zero_extendqisi2
 235 0108 012B     		cmp	r3, #1
 236 010a 13D1     		bne	.L7
 237 010c 0F49     		ldr	r1, .L13
 238 010e 7A68     		ldr	r2, [r7, #4]
 239 0110 1346     		mov	r3, r2
 240 0112 5B00     		lsls	r3, r3, #1
 241 0114 1344     		add	r3, r3, r2
 242 0116 DB00     		lsls	r3, r3, #3
 243 0118 0B44     		add	r3, r3, r1
 244 011a 0833     		adds	r3, r3, #8
 245 011c 1868     		ldr	r0, [r3]
 246 011e 7A68     		ldr	r2, [r7, #4]
 247 0120 1346     		mov	r3, r2
 248 0122 5B00     		lsls	r3, r3, #1
 249 0124 1344     		add	r3, r3, r2
 250 0126 DB00     		lsls	r3, r3, #3
 251 0128 084A     		ldr	r2, .L13
 252 012a 1344     		add	r3, r3, r2
 253 012c 0433     		adds	r3, r3, #4
 254 012e 1946     		mov	r1, r3
 255 0130 FFF7FEFF 		bl	etharp_request
 256              	.L7:
 257 0134 7B68     		ldr	r3, [r7, #4]
 258 0136 0133     		adds	r3, r3, #1
 259 0138 7B60     		str	r3, [r7, #4]
 260              	.L6:
 261 013a 7B68     		ldr	r3, [r7, #4]
 262 013c 092B     		cmp	r3, #9
 263 013e 7FF765AF 		ble	.L12
 264 0142 00BF     		nop
 265 0144 00BF     		nop
 266 0146 0837     		adds	r7, r7, #8
 267 0148 BD46     		mov	sp, r7
 268              		@ sp needed
 269 014a 80BD     		pop	{r7, pc}
 270              	.L14:
 271              		.align	2
 272              	.L13:
 273 014c 00000000 		.word	arp_table
 275              		.section	.rodata
 276              		.align	2
 277              	.LC0:
 278 0000 4D696464 		.ascii	"Middlewares/stm32f746_lwip_withos_porting/LWIP/src/"
 278      6C657761 
 278      7265732F 
 278      73746D33 
 278      32663734 
 279 0033 636F7265 		.ascii	"core/ipv4/etharp.c\000"
 279      2F697076 
 279      342F6574 
 279      68617270 
 279      2E6300
 280 0046 0000     		.align	2
 281              	.LC1:
ARM GAS  C:\msys64\tmp\ccXeNaof.s 			page 6


 282 0048 73746174 		.ascii	"state == ETHARP_STATE_PENDING || state >= ETHARP_ST"
 282      65203D3D 
 282      20455448 
 282      4152505F 
 282      53544154 
 283 007b 4154455F 		.ascii	"ATE_STABLE\000"
 283      53544142 
 283      4C4500
 284 0086 0000     		.align	2
 285              	.LC2:
 286 0088 41737365 		.ascii	"Assertion \"%s\" failed at line %d in %s\012\000"
 286      7274696F 
 286      6E202225 
 286      73222066 
 286      61696C65 
 287              		.align	2
 288              	.LC3:
 289 00b0 6172705F 		.ascii	"arp_table[i].q == NULL\000"
 289      7461626C 
 289      655B695D 
 289      2E71203D 
 289      3D204E55 
 290 00c7 00       		.align	2
 291              	.LC4:
 292 00c8 69203C20 		.ascii	"i < ARP_TABLE_SIZE\000"
 292      4152505F 
 292      5441424C 
 292      455F5349 
 292      5A4500
 293 00db 00       		.align	2
 294              	.LC5:
 295 00dc 6172705F 		.ascii	"arp_table[i].state == ETHARP_STATE_EMPTY\000"
 295      7461626C 
 295      655B695D 
 295      2E737461 
 295      7465203D 
 296              		.section	.text.etharp_find_entry,"ax",%progbits
 297              		.align	1
 298              		.syntax unified
 299              		.thumb
 300              		.thumb_func
 302              	etharp_find_entry:
 303              		@ args = 0, pretend = 0, frame = 40
 304              		@ frame_needed = 1, uses_anonymous_args = 0
 305 0000 80B5     		push	{r7, lr}
 306 0002 8AB0     		sub	sp, sp, #40
 307 0004 00AF     		add	r7, sp, #0
 308 0006 F860     		str	r0, [r7, #12]
 309 0008 0B46     		mov	r3, r1
 310 000a 7A60     		str	r2, [r7, #4]
 311 000c FB72     		strb	r3, [r7, #11]
 312 000e 0A23     		movs	r3, #10
 313 0010 FB84     		strh	r3, [r7, #38]	@ movhi
 314 0012 0A23     		movs	r3, #10
 315 0014 BB84     		strh	r3, [r7, #36]	@ movhi
 316 0016 0A23     		movs	r3, #10
 317 0018 7B84     		strh	r3, [r7, #34]	@ movhi
ARM GAS  C:\msys64\tmp\ccXeNaof.s 			page 7


 318 001a 0023     		movs	r3, #0
 319 001c 3B84     		strh	r3, [r7, #32]	@ movhi
 320 001e 0A23     		movs	r3, #10
 321 0020 FB83     		strh	r3, [r7, #30]	@ movhi
 322 0022 0023     		movs	r3, #0
 323 0024 BB83     		strh	r3, [r7, #28]	@ movhi
 324 0026 0023     		movs	r3, #0
 325 0028 7B83     		strh	r3, [r7, #26]	@ movhi
 326 002a 0023     		movs	r3, #0
 327 002c 3B83     		strh	r3, [r7, #24]	@ movhi
 328 002e 0023     		movs	r3, #0
 329 0030 3B84     		strh	r3, [r7, #32]	@ movhi
 330 0032 AEE0     		b	.L16
 331              	.L25:
 332 0034 B7F92020 		ldrsh	r2, [r7, #32]
 333 0038 A649     		ldr	r1, .L38
 334 003a 1346     		mov	r3, r2
 335 003c 5B00     		lsls	r3, r3, #1
 336 003e 1344     		add	r3, r3, r2
 337 0040 DB00     		lsls	r3, r3, #3
 338 0042 0B44     		add	r3, r3, r1
 339 0044 1433     		adds	r3, r3, #20
 340 0046 1B78     		ldrb	r3, [r3]
 341 0048 FB75     		strb	r3, [r7, #23]
 342 004a B7F92230 		ldrsh	r3, [r7, #34]
 343 004e 0A2B     		cmp	r3, #10
 344 0050 05D1     		bne	.L17
 345 0052 FB7D     		ldrb	r3, [r7, #23]	@ zero_extendqisi2
 346 0054 002B     		cmp	r3, #0
 347 0056 02D1     		bne	.L17
 348 0058 3B8C     		ldrh	r3, [r7, #32]	@ movhi
 349 005a 7B84     		strh	r3, [r7, #34]	@ movhi
 350 005c 95E0     		b	.L18
 351              	.L17:
 352 005e FB7D     		ldrb	r3, [r7, #23]	@ zero_extendqisi2
 353 0060 002B     		cmp	r3, #0
 354 0062 00F09280 		beq	.L18
 355 0066 FB7D     		ldrb	r3, [r7, #23]	@ zero_extendqisi2
 356 0068 012B     		cmp	r3, #1
 357 006a 09D0     		beq	.L19
 358 006c FB7D     		ldrb	r3, [r7, #23]	@ zero_extendqisi2
 359 006e 012B     		cmp	r3, #1
 360 0070 06D8     		bhi	.L19
 361 0072 994B     		ldr	r3, .L38+4
 362 0074 40F22312 		movw	r2, #291
 363 0078 9849     		ldr	r1, .L38+8
 364 007a 9948     		ldr	r0, .L38+12
 365 007c FFF7FEFF 		bl	printf
 366              	.L19:
 367 0080 FB68     		ldr	r3, [r7, #12]
 368 0082 002B     		cmp	r3, #0
 369 0084 20D0     		beq	.L20
 370 0086 FB68     		ldr	r3, [r7, #12]
 371 0088 1968     		ldr	r1, [r3]
 372 008a B7F92020 		ldrsh	r2, [r7, #32]
 373 008e 9148     		ldr	r0, .L38
 374 0090 1346     		mov	r3, r2
ARM GAS  C:\msys64\tmp\ccXeNaof.s 			page 8


 375 0092 5B00     		lsls	r3, r3, #1
 376 0094 1344     		add	r3, r3, r2
 377 0096 DB00     		lsls	r3, r3, #3
 378 0098 0344     		add	r3, r3, r0
 379 009a 0433     		adds	r3, r3, #4
 380 009c 1B68     		ldr	r3, [r3]
 381 009e 9942     		cmp	r1, r3
 382 00a0 12D1     		bne	.L20
 383 00a2 7B68     		ldr	r3, [r7, #4]
 384 00a4 002B     		cmp	r3, #0
 385 00a6 0CD0     		beq	.L21
 386 00a8 B7F92020 		ldrsh	r2, [r7, #32]
 387 00ac 8949     		ldr	r1, .L38
 388 00ae 1346     		mov	r3, r2
 389 00b0 5B00     		lsls	r3, r3, #1
 390 00b2 1344     		add	r3, r3, r2
 391 00b4 DB00     		lsls	r3, r3, #3
 392 00b6 0B44     		add	r3, r3, r1
 393 00b8 0833     		adds	r3, r3, #8
 394 00ba 1B68     		ldr	r3, [r3]
 395 00bc 7A68     		ldr	r2, [r7, #4]
 396 00be 9A42     		cmp	r2, r3
 397 00c0 02D1     		bne	.L20
 398              	.L21:
 399 00c2 B7F92030 		ldrsh	r3, [r7, #32]
 400 00c6 00E1     		b	.L22
 401              	.L20:
 402 00c8 FB7D     		ldrb	r3, [r7, #23]	@ zero_extendqisi2
 403 00ca 012B     		cmp	r3, #1
 404 00cc 40D1     		bne	.L23
 405 00ce B7F92020 		ldrsh	r2, [r7, #32]
 406 00d2 8049     		ldr	r1, .L38
 407 00d4 1346     		mov	r3, r2
 408 00d6 5B00     		lsls	r3, r3, #1
 409 00d8 1344     		add	r3, r3, r2
 410 00da DB00     		lsls	r3, r3, #3
 411 00dc 0B44     		add	r3, r3, r1
 412 00de 1B68     		ldr	r3, [r3]
 413 00e0 002B     		cmp	r3, #0
 414 00e2 1AD0     		beq	.L24
 415 00e4 B7F92020 		ldrsh	r2, [r7, #32]
 416 00e8 7A49     		ldr	r1, .L38
 417 00ea 1346     		mov	r3, r2
 418 00ec 5B00     		lsls	r3, r3, #1
 419 00ee 1344     		add	r3, r3, r2
 420 00f0 DB00     		lsls	r3, r3, #3
 421 00f2 0B44     		add	r3, r3, r1
 422 00f4 1233     		adds	r3, r3, #18
 423 00f6 1B88     		ldrh	r3, [r3]
 424 00f8 BA8B     		ldrh	r2, [r7, #28]
 425 00fa 9A42     		cmp	r2, r3
 426 00fc 45D8     		bhi	.L18
 427 00fe 3B8C     		ldrh	r3, [r7, #32]	@ movhi
 428 0100 FB83     		strh	r3, [r7, #30]	@ movhi
 429 0102 B7F92020 		ldrsh	r2, [r7, #32]
 430 0106 7349     		ldr	r1, .L38
 431 0108 1346     		mov	r3, r2
ARM GAS  C:\msys64\tmp\ccXeNaof.s 			page 9


 432 010a 5B00     		lsls	r3, r3, #1
 433 010c 1344     		add	r3, r3, r2
 434 010e DB00     		lsls	r3, r3, #3
 435 0110 0B44     		add	r3, r3, r1
 436 0112 1233     		adds	r3, r3, #18
 437 0114 1B88     		ldrh	r3, [r3]	@ movhi
 438 0116 BB83     		strh	r3, [r7, #28]	@ movhi
 439 0118 37E0     		b	.L18
 440              	.L24:
 441 011a B7F92020 		ldrsh	r2, [r7, #32]
 442 011e 6D49     		ldr	r1, .L38
 443 0120 1346     		mov	r3, r2
 444 0122 5B00     		lsls	r3, r3, #1
 445 0124 1344     		add	r3, r3, r2
 446 0126 DB00     		lsls	r3, r3, #3
 447 0128 0B44     		add	r3, r3, r1
 448 012a 1233     		adds	r3, r3, #18
 449 012c 1B88     		ldrh	r3, [r3]
 450 012e 7A8B     		ldrh	r2, [r7, #26]
 451 0130 9A42     		cmp	r2, r3
 452 0132 2AD8     		bhi	.L18
 453 0134 3B8C     		ldrh	r3, [r7, #32]	@ movhi
 454 0136 FB84     		strh	r3, [r7, #38]	@ movhi
 455 0138 B7F92020 		ldrsh	r2, [r7, #32]
 456 013c 6549     		ldr	r1, .L38
 457 013e 1346     		mov	r3, r2
 458 0140 5B00     		lsls	r3, r3, #1
 459 0142 1344     		add	r3, r3, r2
 460 0144 DB00     		lsls	r3, r3, #3
 461 0146 0B44     		add	r3, r3, r1
 462 0148 1233     		adds	r3, r3, #18
 463 014a 1B88     		ldrh	r3, [r3]	@ movhi
 464 014c 7B83     		strh	r3, [r7, #26]	@ movhi
 465 014e 1CE0     		b	.L18
 466              	.L23:
 467 0150 FB7D     		ldrb	r3, [r7, #23]	@ zero_extendqisi2
 468 0152 012B     		cmp	r3, #1
 469 0154 19D9     		bls	.L18
 470 0156 B7F92020 		ldrsh	r2, [r7, #32]
 471 015a 5E49     		ldr	r1, .L38
 472 015c 1346     		mov	r3, r2
 473 015e 5B00     		lsls	r3, r3, #1
 474 0160 1344     		add	r3, r3, r2
 475 0162 DB00     		lsls	r3, r3, #3
 476 0164 0B44     		add	r3, r3, r1
 477 0166 1233     		adds	r3, r3, #18
 478 0168 1B88     		ldrh	r3, [r3]
 479 016a 3A8B     		ldrh	r2, [r7, #24]
 480 016c 9A42     		cmp	r2, r3
 481 016e 0CD8     		bhi	.L18
 482 0170 3B8C     		ldrh	r3, [r7, #32]	@ movhi
 483 0172 BB84     		strh	r3, [r7, #36]	@ movhi
 484 0174 B7F92020 		ldrsh	r2, [r7, #32]
 485 0178 5649     		ldr	r1, .L38
 486 017a 1346     		mov	r3, r2
 487 017c 5B00     		lsls	r3, r3, #1
 488 017e 1344     		add	r3, r3, r2
ARM GAS  C:\msys64\tmp\ccXeNaof.s 			page 10


 489 0180 DB00     		lsls	r3, r3, #3
 490 0182 0B44     		add	r3, r3, r1
 491 0184 1233     		adds	r3, r3, #18
 492 0186 1B88     		ldrh	r3, [r3]	@ movhi
 493 0188 3B83     		strh	r3, [r7, #24]	@ movhi
 494              	.L18:
 495 018a 3B8C     		ldrh	r3, [r7, #32]
 496 018c 0133     		adds	r3, r3, #1
 497 018e 9BB2     		uxth	r3, r3
 498 0190 3B84     		strh	r3, [r7, #32]	@ movhi
 499              	.L16:
 500 0192 B7F92030 		ldrsh	r3, [r7, #32]
 501 0196 092B     		cmp	r3, #9
 502 0198 7FF74CAF 		ble	.L25
 503 019c FB7A     		ldrb	r3, [r7, #11]	@ zero_extendqisi2
 504 019e 03F00203 		and	r3, r3, #2
 505 01a2 002B     		cmp	r3, #0
 506 01a4 08D1     		bne	.L26
 507 01a6 B7F92230 		ldrsh	r3, [r7, #34]
 508 01aa 0A2B     		cmp	r3, #10
 509 01ac 07D1     		bne	.L27
 510 01ae FB7A     		ldrb	r3, [r7, #11]	@ zero_extendqisi2
 511 01b0 03F00103 		and	r3, r3, #1
 512 01b4 002B     		cmp	r3, #0
 513 01b6 02D1     		bne	.L27
 514              	.L26:
 515 01b8 4FF0FF33 		mov	r3, #-1
 516 01bc 85E0     		b	.L22
 517              	.L27:
 518 01be B7F92230 		ldrsh	r3, [r7, #34]
 519 01c2 092B     		cmp	r3, #9
 520 01c4 02DC     		bgt	.L28
 521 01c6 7B8C     		ldrh	r3, [r7, #34]	@ movhi
 522 01c8 3B84     		strh	r3, [r7, #32]	@ movhi
 523 01ca 39E0     		b	.L29
 524              	.L28:
 525 01cc B7F92430 		ldrsh	r3, [r7, #36]
 526 01d0 092B     		cmp	r3, #9
 527 01d2 14DC     		bgt	.L30
 528 01d4 BB8C     		ldrh	r3, [r7, #36]	@ movhi
 529 01d6 3B84     		strh	r3, [r7, #32]	@ movhi
 530 01d8 B7F92020 		ldrsh	r2, [r7, #32]
 531 01dc 3D49     		ldr	r1, .L38
 532 01de 1346     		mov	r3, r2
 533 01e0 5B00     		lsls	r3, r3, #1
 534 01e2 1344     		add	r3, r3, r2
 535 01e4 DB00     		lsls	r3, r3, #3
 536 01e6 0B44     		add	r3, r3, r1
 537 01e8 1B68     		ldr	r3, [r3]
 538 01ea 002B     		cmp	r3, #0
 539 01ec 18D0     		beq	.L31
 540 01ee 3A4B     		ldr	r3, .L38+4
 541 01f0 40F26D12 		movw	r2, #365
 542 01f4 3B49     		ldr	r1, .L38+16
 543 01f6 3A48     		ldr	r0, .L38+12
 544 01f8 FFF7FEFF 		bl	printf
 545 01fc 10E0     		b	.L31
ARM GAS  C:\msys64\tmp\ccXeNaof.s 			page 11


 546              	.L30:
 547 01fe B7F92630 		ldrsh	r3, [r7, #38]
 548 0202 092B     		cmp	r3, #9
 549 0204 02DC     		bgt	.L32
 550 0206 FB8C     		ldrh	r3, [r7, #38]	@ movhi
 551 0208 3B84     		strh	r3, [r7, #32]	@ movhi
 552 020a 09E0     		b	.L31
 553              	.L32:
 554 020c B7F91E30 		ldrsh	r3, [r7, #30]
 555 0210 092B     		cmp	r3, #9
 556 0212 02DC     		bgt	.L33
 557 0214 FB8B     		ldrh	r3, [r7, #30]	@ movhi
 558 0216 3B84     		strh	r3, [r7, #32]	@ movhi
 559 0218 02E0     		b	.L31
 560              	.L33:
 561 021a 4FF0FF33 		mov	r3, #-1
 562 021e 54E0     		b	.L22
 563              	.L31:
 564 0220 B7F92030 		ldrsh	r3, [r7, #32]
 565 0224 092B     		cmp	r3, #9
 566 0226 06DD     		ble	.L34
 567 0228 2B4B     		ldr	r3, .L38+4
 568 022a 40F27F12 		movw	r2, #383
 569 022e 2E49     		ldr	r1, .L38+20
 570 0230 2B48     		ldr	r0, .L38+12
 571 0232 FFF7FEFF 		bl	printf
 572              	.L34:
 573 0236 B7F92030 		ldrsh	r3, [r7, #32]
 574 023a 1846     		mov	r0, r3
 575 023c FFF7FEFF 		bl	etharp_free_entry
 576              	.L29:
 577 0240 B7F92030 		ldrsh	r3, [r7, #32]
 578 0244 092B     		cmp	r3, #9
 579 0246 06DD     		ble	.L35
 580 0248 234B     		ldr	r3, .L38+4
 581 024a 40F28312 		movw	r2, #387
 582 024e 2649     		ldr	r1, .L38+20
 583 0250 2348     		ldr	r0, .L38+12
 584 0252 FFF7FEFF 		bl	printf
 585              	.L35:
 586 0256 B7F92020 		ldrsh	r2, [r7, #32]
 587 025a 1E49     		ldr	r1, .L38
 588 025c 1346     		mov	r3, r2
 589 025e 5B00     		lsls	r3, r3, #1
 590 0260 1344     		add	r3, r3, r2
 591 0262 DB00     		lsls	r3, r3, #3
 592 0264 0B44     		add	r3, r3, r1
 593 0266 1433     		adds	r3, r3, #20
 594 0268 1B78     		ldrb	r3, [r3]	@ zero_extendqisi2
 595 026a 002B     		cmp	r3, #0
 596 026c 06D0     		beq	.L36
 597 026e 1A4B     		ldr	r3, .L38+4
 598 0270 4FF4C272 		mov	r2, #388
 599 0274 1D49     		ldr	r1, .L38+24
 600 0276 1A48     		ldr	r0, .L38+12
 601 0278 FFF7FEFF 		bl	printf
 602              	.L36:
ARM GAS  C:\msys64\tmp\ccXeNaof.s 			page 12


 603 027c FB68     		ldr	r3, [r7, #12]
 604 027e 002B     		cmp	r3, #0
 605 0280 0BD0     		beq	.L37
 606 0282 B7F92020 		ldrsh	r2, [r7, #32]
 607 0286 FB68     		ldr	r3, [r7, #12]
 608 0288 1968     		ldr	r1, [r3]
 609 028a 1248     		ldr	r0, .L38
 610 028c 1346     		mov	r3, r2
 611 028e 5B00     		lsls	r3, r3, #1
 612 0290 1344     		add	r3, r3, r2
 613 0292 DB00     		lsls	r3, r3, #3
 614 0294 0344     		add	r3, r3, r0
 615 0296 0433     		adds	r3, r3, #4
 616 0298 1960     		str	r1, [r3]
 617              	.L37:
 618 029a B7F92020 		ldrsh	r2, [r7, #32]
 619 029e 0D49     		ldr	r1, .L38
 620 02a0 1346     		mov	r3, r2
 621 02a2 5B00     		lsls	r3, r3, #1
 622 02a4 1344     		add	r3, r3, r2
 623 02a6 DB00     		lsls	r3, r3, #3
 624 02a8 0B44     		add	r3, r3, r1
 625 02aa 1233     		adds	r3, r3, #18
 626 02ac 0022     		movs	r2, #0
 627 02ae 1A80     		strh	r2, [r3]	@ movhi
 628 02b0 B7F92020 		ldrsh	r2, [r7, #32]
 629 02b4 0749     		ldr	r1, .L38
 630 02b6 1346     		mov	r3, r2
 631 02b8 5B00     		lsls	r3, r3, #1
 632 02ba 1344     		add	r3, r3, r2
 633 02bc DB00     		lsls	r3, r3, #3
 634 02be 0B44     		add	r3, r3, r1
 635 02c0 0833     		adds	r3, r3, #8
 636 02c2 7A68     		ldr	r2, [r7, #4]
 637 02c4 1A60     		str	r2, [r3]
 638 02c6 B7F92030 		ldrsh	r3, [r7, #32]
 639              	.L22:
 640 02ca 1846     		mov	r0, r3
 641 02cc 2837     		adds	r7, r7, #40
 642 02ce BD46     		mov	sp, r7
 643              		@ sp needed
 644 02d0 80BD     		pop	{r7, pc}
 645              	.L39:
 646 02d2 00BF     		.align	2
 647              	.L38:
 648 02d4 00000000 		.word	arp_table
 649 02d8 00000000 		.word	.LC0
 650 02dc 48000000 		.word	.LC1
 651 02e0 88000000 		.word	.LC2
 652 02e4 B0000000 		.word	.LC3
 653 02e8 C8000000 		.word	.LC4
 654 02ec DC000000 		.word	.LC5
 656              		.section	.rodata
 657 0105 000000   		.align	2
 658              	.LC6:
 659 0108 6E657469 		.ascii	"netif->hwaddr_len == ETH_HWADDR_LEN\000"
 659      662D3E68 
ARM GAS  C:\msys64\tmp\ccXeNaof.s 			page 13


 659      77616464 
 659      725F6C65 
 659      6E203D3D 
 660              		.section	.text.etharp_update_arp_entry,"ax",%progbits
 661              		.align	1
 662              		.syntax unified
 663              		.thumb
 664              		.thumb_func
 666              	etharp_update_arp_entry:
 667              		@ args = 0, pretend = 0, frame = 24
 668              		@ frame_needed = 1, uses_anonymous_args = 0
 669 0000 80B5     		push	{r7, lr}
 670 0002 88B0     		sub	sp, sp, #32
 671 0004 02AF     		add	r7, sp, #8
 672 0006 F860     		str	r0, [r7, #12]
 673 0008 B960     		str	r1, [r7, #8]
 674 000a 7A60     		str	r2, [r7, #4]
 675 000c FB70     		strb	r3, [r7, #3]
 676 000e FB68     		ldr	r3, [r7, #12]
 677 0010 93F82C30 		ldrb	r3, [r3, #44]	@ zero_extendqisi2
 678 0014 062B     		cmp	r3, #6
 679 0016 06D0     		beq	.L41
 680 0018 484B     		ldr	r3, .L47
 681 001a 40F2A912 		movw	r2, #425
 682 001e 4849     		ldr	r1, .L47+4
 683 0020 4848     		ldr	r0, .L47+8
 684 0022 FFF7FEFF 		bl	printf
 685              	.L41:
 686 0026 BB68     		ldr	r3, [r7, #8]
 687 0028 002B     		cmp	r3, #0
 688 002a 12D0     		beq	.L42
 689 002c BB68     		ldr	r3, [r7, #8]
 690 002e 1B68     		ldr	r3, [r3]
 691 0030 002B     		cmp	r3, #0
 692 0032 0ED0     		beq	.L42
 693 0034 BB68     		ldr	r3, [r7, #8]
 694 0036 1B68     		ldr	r3, [r3]
 695 0038 F968     		ldr	r1, [r7, #12]
 696 003a 1846     		mov	r0, r3
 697 003c FFF7FEFF 		bl	ip4_addr_isbroadcast_u32
 698 0040 0346     		mov	r3, r0
 699 0042 002B     		cmp	r3, #0
 700 0044 05D1     		bne	.L42
 701 0046 BB68     		ldr	r3, [r7, #8]
 702 0048 1B68     		ldr	r3, [r3]
 703 004a 03F0F003 		and	r3, r3, #240
 704 004e E02B     		cmp	r3, #224
 705 0050 02D1     		bne	.L43
 706              	.L42:
 707 0052 6FF00F03 		mvn	r3, #15
 708 0056 6CE0     		b	.L44
 709              	.L43:
 710 0058 FB78     		ldrb	r3, [r7, #3]	@ zero_extendqisi2
 711 005a FA68     		ldr	r2, [r7, #12]
 712 005c 1946     		mov	r1, r3
 713 005e B868     		ldr	r0, [r7, #8]
 714 0060 FFF7FEFF 		bl	etharp_find_entry
ARM GAS  C:\msys64\tmp\ccXeNaof.s 			page 14


 715 0064 0346     		mov	r3, r0
 716 0066 FB82     		strh	r3, [r7, #22]	@ movhi
 717 0068 B7F91630 		ldrsh	r3, [r7, #22]
 718 006c 002B     		cmp	r3, #0
 719 006e 02DA     		bge	.L45
 720 0070 FB8A     		ldrh	r3, [r7, #22]	@ movhi
 721 0072 5BB2     		sxtb	r3, r3
 722 0074 5DE0     		b	.L44
 723              	.L45:
 724 0076 B7F91620 		ldrsh	r2, [r7, #22]
 725 007a 3349     		ldr	r1, .L47+12
 726 007c 1346     		mov	r3, r2
 727 007e 5B00     		lsls	r3, r3, #1
 728 0080 1344     		add	r3, r3, r2
 729 0082 DB00     		lsls	r3, r3, #3
 730 0084 0B44     		add	r3, r3, r1
 731 0086 1433     		adds	r3, r3, #20
 732 0088 0222     		movs	r2, #2
 733 008a 1A70     		strb	r2, [r3]
 734 008c B7F91620 		ldrsh	r2, [r7, #22]
 735 0090 2D49     		ldr	r1, .L47+12
 736 0092 1346     		mov	r3, r2
 737 0094 5B00     		lsls	r3, r3, #1
 738 0096 1344     		add	r3, r3, r2
 739 0098 DB00     		lsls	r3, r3, #3
 740 009a 0B44     		add	r3, r3, r1
 741 009c 0833     		adds	r3, r3, #8
 742 009e FA68     		ldr	r2, [r7, #12]
 743 00a0 1A60     		str	r2, [r3]
 744 00a2 B7F91620 		ldrsh	r2, [r7, #22]
 745 00a6 1346     		mov	r3, r2
 746 00a8 5B00     		lsls	r3, r3, #1
 747 00aa 1344     		add	r3, r3, r2
 748 00ac DB00     		lsls	r3, r3, #3
 749 00ae 0833     		adds	r3, r3, #8
 750 00b0 254A     		ldr	r2, .L47+12
 751 00b2 1344     		add	r3, r3, r2
 752 00b4 0433     		adds	r3, r3, #4
 753 00b6 0622     		movs	r2, #6
 754 00b8 7968     		ldr	r1, [r7, #4]
 755 00ba 1846     		mov	r0, r3
 756 00bc FFF7FEFF 		bl	memcpy
 757 00c0 B7F91620 		ldrsh	r2, [r7, #22]
 758 00c4 2049     		ldr	r1, .L47+12
 759 00c6 1346     		mov	r3, r2
 760 00c8 5B00     		lsls	r3, r3, #1
 761 00ca 1344     		add	r3, r3, r2
 762 00cc DB00     		lsls	r3, r3, #3
 763 00ce 0B44     		add	r3, r3, r1
 764 00d0 1233     		adds	r3, r3, #18
 765 00d2 0022     		movs	r2, #0
 766 00d4 1A80     		strh	r2, [r3]	@ movhi
 767 00d6 B7F91620 		ldrsh	r2, [r7, #22]
 768 00da 1B49     		ldr	r1, .L47+12
 769 00dc 1346     		mov	r3, r2
 770 00de 5B00     		lsls	r3, r3, #1
 771 00e0 1344     		add	r3, r3, r2
ARM GAS  C:\msys64\tmp\ccXeNaof.s 			page 15


 772 00e2 DB00     		lsls	r3, r3, #3
 773 00e4 0B44     		add	r3, r3, r1
 774 00e6 1B68     		ldr	r3, [r3]
 775 00e8 002B     		cmp	r3, #0
 776 00ea 21D0     		beq	.L46
 777 00ec B7F91620 		ldrsh	r2, [r7, #22]
 778 00f0 1549     		ldr	r1, .L47+12
 779 00f2 1346     		mov	r3, r2
 780 00f4 5B00     		lsls	r3, r3, #1
 781 00f6 1344     		add	r3, r3, r2
 782 00f8 DB00     		lsls	r3, r3, #3
 783 00fa 0B44     		add	r3, r3, r1
 784 00fc 1B68     		ldr	r3, [r3]
 785 00fe 3B61     		str	r3, [r7, #16]
 786 0100 B7F91620 		ldrsh	r2, [r7, #22]
 787 0104 1049     		ldr	r1, .L47+12
 788 0106 1346     		mov	r3, r2
 789 0108 5B00     		lsls	r3, r3, #1
 790 010a 1344     		add	r3, r3, r2
 791 010c DB00     		lsls	r3, r3, #3
 792 010e 0B44     		add	r3, r3, r1
 793 0110 0022     		movs	r2, #0
 794 0112 1A60     		str	r2, [r3]
 795 0114 FB68     		ldr	r3, [r7, #12]
 796 0116 03F12602 		add	r2, r3, #38
 797 011a 4FF40063 		mov	r3, #2048
 798 011e 0093     		str	r3, [sp]
 799 0120 7B68     		ldr	r3, [r7, #4]
 800 0122 3969     		ldr	r1, [r7, #16]
 801 0124 F868     		ldr	r0, [r7, #12]
 802 0126 FFF7FEFF 		bl	ethernet_output
 803 012a 3869     		ldr	r0, [r7, #16]
 804 012c FFF7FEFF 		bl	pbuf_free
 805              	.L46:
 806 0130 0023     		movs	r3, #0
 807              	.L44:
 808 0132 1846     		mov	r0, r3
 809 0134 1837     		adds	r7, r7, #24
 810 0136 BD46     		mov	sp, r7
 811              		@ sp needed
 812 0138 80BD     		pop	{r7, pc}
 813              	.L48:
 814 013a 00BF     		.align	2
 815              	.L47:
 816 013c 00000000 		.word	.LC0
 817 0140 08010000 		.word	.LC6
 818 0144 88000000 		.word	.LC2
 819 0148 00000000 		.word	arp_table
 821              		.section	.text.etharp_cleanup_netif,"ax",%progbits
 822              		.align	1
 823              		.global	etharp_cleanup_netif
 824              		.syntax unified
 825              		.thumb
 826              		.thumb_func
 828              	etharp_cleanup_netif:
 829              		@ args = 0, pretend = 0, frame = 16
 830              		@ frame_needed = 1, uses_anonymous_args = 0
ARM GAS  C:\msys64\tmp\ccXeNaof.s 			page 16


 831 0000 80B5     		push	{r7, lr}
 832 0002 84B0     		sub	sp, sp, #16
 833 0004 00AF     		add	r7, sp, #0
 834 0006 7860     		str	r0, [r7, #4]
 835 0008 0023     		movs	r3, #0
 836 000a FB60     		str	r3, [r7, #12]
 837 000c 1EE0     		b	.L50
 838              	.L52:
 839 000e 1349     		ldr	r1, .L53
 840 0010 FA68     		ldr	r2, [r7, #12]
 841 0012 1346     		mov	r3, r2
 842 0014 5B00     		lsls	r3, r3, #1
 843 0016 1344     		add	r3, r3, r2
 844 0018 DB00     		lsls	r3, r3, #3
 845 001a 0B44     		add	r3, r3, r1
 846 001c 1433     		adds	r3, r3, #20
 847 001e 1B78     		ldrb	r3, [r3]
 848 0020 FB72     		strb	r3, [r7, #11]
 849 0022 FB7A     		ldrb	r3, [r7, #11]	@ zero_extendqisi2
 850 0024 002B     		cmp	r3, #0
 851 0026 0ED0     		beq	.L51
 852 0028 0C49     		ldr	r1, .L53
 853 002a FA68     		ldr	r2, [r7, #12]
 854 002c 1346     		mov	r3, r2
 855 002e 5B00     		lsls	r3, r3, #1
 856 0030 1344     		add	r3, r3, r2
 857 0032 DB00     		lsls	r3, r3, #3
 858 0034 0B44     		add	r3, r3, r1
 859 0036 0833     		adds	r3, r3, #8
 860 0038 1B68     		ldr	r3, [r3]
 861 003a 7A68     		ldr	r2, [r7, #4]
 862 003c 9A42     		cmp	r2, r3
 863 003e 02D1     		bne	.L51
 864 0040 F868     		ldr	r0, [r7, #12]
 865 0042 FFF7FEFF 		bl	etharp_free_entry
 866              	.L51:
 867 0046 FB68     		ldr	r3, [r7, #12]
 868 0048 0133     		adds	r3, r3, #1
 869 004a FB60     		str	r3, [r7, #12]
 870              	.L50:
 871 004c FB68     		ldr	r3, [r7, #12]
 872 004e 092B     		cmp	r3, #9
 873 0050 DDDD     		ble	.L52
 874 0052 00BF     		nop
 875 0054 00BF     		nop
 876 0056 1037     		adds	r7, r7, #16
 877 0058 BD46     		mov	sp, r7
 878              		@ sp needed
 879 005a 80BD     		pop	{r7, pc}
 880              	.L54:
 881              		.align	2
 882              	.L53:
 883 005c 00000000 		.word	arp_table
 885              		.section	.rodata
 886              		.align	2
 887              	.LC7:
 888 012c 6574685F 		.ascii	"eth_ret != NULL && ip_ret != NULL\000"
ARM GAS  C:\msys64\tmp\ccXeNaof.s 			page 17


 888      72657420 
 888      213D204E 
 888      554C4C20 
 888      26262069 
 889              		.section	.text.etharp_find_addr,"ax",%progbits
 890              		.align	1
 891              		.global	etharp_find_addr
 892              		.syntax unified
 893              		.thumb
 894              		.thumb_func
 896              	etharp_find_addr:
 897              		@ args = 0, pretend = 0, frame = 24
 898              		@ frame_needed = 1, uses_anonymous_args = 0
 899 0000 80B5     		push	{r7, lr}
 900 0002 86B0     		sub	sp, sp, #24
 901 0004 00AF     		add	r7, sp, #0
 902 0006 F860     		str	r0, [r7, #12]
 903 0008 B960     		str	r1, [r7, #8]
 904 000a 7A60     		str	r2, [r7, #4]
 905 000c 3B60     		str	r3, [r7]
 906 000e 7B68     		ldr	r3, [r7, #4]
 907 0010 002B     		cmp	r3, #0
 908 0012 02D0     		beq	.L56
 909 0014 3B68     		ldr	r3, [r7]
 910 0016 002B     		cmp	r3, #0
 911 0018 06D1     		bne	.L57
 912              	.L56:
 913 001a 1F4B     		ldr	r3, .L60
 914 001c 4FF41372 		mov	r2, #588
 915 0020 1E49     		ldr	r1, .L60+4
 916 0022 1F48     		ldr	r0, .L60+8
 917 0024 FFF7FEFF 		bl	printf
 918              	.L57:
 919 0028 FA68     		ldr	r2, [r7, #12]
 920 002a 0221     		movs	r1, #2
 921 002c B868     		ldr	r0, [r7, #8]
 922 002e FFF7FEFF 		bl	etharp_find_entry
 923 0032 0346     		mov	r3, r0
 924 0034 FB82     		strh	r3, [r7, #22]	@ movhi
 925 0036 B7F91630 		ldrsh	r3, [r7, #22]
 926 003a 002B     		cmp	r3, #0
 927 003c 25DB     		blt	.L58
 928 003e B7F91620 		ldrsh	r2, [r7, #22]
 929 0042 1849     		ldr	r1, .L60+12
 930 0044 1346     		mov	r3, r2
 931 0046 5B00     		lsls	r3, r3, #1
 932 0048 1344     		add	r3, r3, r2
 933 004a DB00     		lsls	r3, r3, #3
 934 004c 0B44     		add	r3, r3, r1
 935 004e 1433     		adds	r3, r3, #20
 936 0050 1B78     		ldrb	r3, [r3]	@ zero_extendqisi2
 937 0052 012B     		cmp	r3, #1
 938 0054 19D9     		bls	.L58
 939 0056 B7F91620 		ldrsh	r2, [r7, #22]
 940 005a 1346     		mov	r3, r2
 941 005c 5B00     		lsls	r3, r3, #1
 942 005e 1344     		add	r3, r3, r2
ARM GAS  C:\msys64\tmp\ccXeNaof.s 			page 18


 943 0060 DB00     		lsls	r3, r3, #3
 944 0062 0833     		adds	r3, r3, #8
 945 0064 0F4A     		ldr	r2, .L60+12
 946 0066 1344     		add	r3, r3, r2
 947 0068 1A1D     		adds	r2, r3, #4
 948 006a 7B68     		ldr	r3, [r7, #4]
 949 006c 1A60     		str	r2, [r3]
 950 006e B7F91620 		ldrsh	r2, [r7, #22]
 951 0072 1346     		mov	r3, r2
 952 0074 5B00     		lsls	r3, r3, #1
 953 0076 1344     		add	r3, r3, r2
 954 0078 DB00     		lsls	r3, r3, #3
 955 007a 0A4A     		ldr	r2, .L60+12
 956 007c 1344     		add	r3, r3, r2
 957 007e 1A1D     		adds	r2, r3, #4
 958 0080 3B68     		ldr	r3, [r7]
 959 0082 1A60     		str	r2, [r3]
 960 0084 B7F91630 		ldrsh	r3, [r7, #22]
 961 0088 01E0     		b	.L59
 962              	.L58:
 963 008a 4FF0FF33 		mov	r3, #-1
 964              	.L59:
 965 008e 1846     		mov	r0, r3
 966 0090 1837     		adds	r7, r7, #24
 967 0092 BD46     		mov	sp, r7
 968              		@ sp needed
 969 0094 80BD     		pop	{r7, pc}
 970              	.L61:
 971 0096 00BF     		.align	2
 972              	.L60:
 973 0098 00000000 		.word	.LC0
 974 009c 2C010000 		.word	.LC7
 975 00a0 88000000 		.word	.LC2
 976 00a4 00000000 		.word	arp_table
 978              		.section	.rodata
 979 014e 0000     		.align	2
 980              	.LC8:
 981 0150 69706164 		.ascii	"ipaddr != NULL\000"
 981      64722021 
 981      3D204E55 
 981      4C4C00
 982 015f 00       		.align	2
 983              	.LC9:
 984 0160 6E657469 		.ascii	"netif != NULL\000"
 984      6620213D 
 984      204E554C 
 984      4C00
 985 016e 0000     		.align	2
 986              	.LC10:
 987 0170 6574685F 		.ascii	"eth_ret != NULL\000"
 987      72657420 
 987      213D204E 
 987      554C4C00 
 988              		.section	.text.etharp_get_entry,"ax",%progbits
 989              		.align	1
 990              		.global	etharp_get_entry
 991              		.syntax unified
ARM GAS  C:\msys64\tmp\ccXeNaof.s 			page 19


 992              		.thumb
 993              		.thumb_func
 995              	etharp_get_entry:
 996              		@ args = 0, pretend = 0, frame = 16
 997              		@ frame_needed = 1, uses_anonymous_args = 0
 998 0000 80B5     		push	{r7, lr}
 999 0002 84B0     		sub	sp, sp, #16
 1000 0004 00AF     		add	r7, sp, #0
 1001 0006 F860     		str	r0, [r7, #12]
 1002 0008 B960     		str	r1, [r7, #8]
 1003 000a 7A60     		str	r2, [r7, #4]
 1004 000c 3B60     		str	r3, [r7]
 1005 000e BB68     		ldr	r3, [r7, #8]
 1006 0010 002B     		cmp	r3, #0
 1007 0012 06D1     		bne	.L63
 1008 0014 274B     		ldr	r3, .L68
 1009 0016 40F26622 		movw	r2, #614
 1010 001a 2749     		ldr	r1, .L68+4
 1011 001c 2748     		ldr	r0, .L68+8
 1012 001e FFF7FEFF 		bl	printf
 1013              	.L63:
 1014 0022 7B68     		ldr	r3, [r7, #4]
 1015 0024 002B     		cmp	r3, #0
 1016 0026 06D1     		bne	.L64
 1017 0028 224B     		ldr	r3, .L68
 1018 002a 40F26722 		movw	r2, #615
 1019 002e 2449     		ldr	r1, .L68+12
 1020 0030 2248     		ldr	r0, .L68+8
 1021 0032 FFF7FEFF 		bl	printf
 1022              	.L64:
 1023 0036 3B68     		ldr	r3, [r7]
 1024 0038 002B     		cmp	r3, #0
 1025 003a 06D1     		bne	.L65
 1026 003c 1D4B     		ldr	r3, .L68
 1027 003e 4FF41A72 		mov	r2, #616
 1028 0042 2049     		ldr	r1, .L68+16
 1029 0044 1D48     		ldr	r0, .L68+8
 1030 0046 FFF7FEFF 		bl	printf
 1031              	.L65:
 1032 004a FB68     		ldr	r3, [r7, #12]
 1033 004c 092B     		cmp	r3, #9
 1034 004e 2CD8     		bhi	.L66
 1035 0050 1D49     		ldr	r1, .L68+20
 1036 0052 FA68     		ldr	r2, [r7, #12]
 1037 0054 1346     		mov	r3, r2
 1038 0056 5B00     		lsls	r3, r3, #1
 1039 0058 1344     		add	r3, r3, r2
 1040 005a DB00     		lsls	r3, r3, #3
 1041 005c 0B44     		add	r3, r3, r1
 1042 005e 1433     		adds	r3, r3, #20
 1043 0060 1B78     		ldrb	r3, [r3]	@ zero_extendqisi2
 1044 0062 012B     		cmp	r3, #1
 1045 0064 21D9     		bls	.L66
 1046 0066 FA68     		ldr	r2, [r7, #12]
 1047 0068 1346     		mov	r3, r2
 1048 006a 5B00     		lsls	r3, r3, #1
 1049 006c 1344     		add	r3, r3, r2
ARM GAS  C:\msys64\tmp\ccXeNaof.s 			page 20


 1050 006e DB00     		lsls	r3, r3, #3
 1051 0070 154A     		ldr	r2, .L68+20
 1052 0072 1344     		add	r3, r3, r2
 1053 0074 1A1D     		adds	r2, r3, #4
 1054 0076 BB68     		ldr	r3, [r7, #8]
 1055 0078 1A60     		str	r2, [r3]
 1056 007a 1349     		ldr	r1, .L68+20
 1057 007c FA68     		ldr	r2, [r7, #12]
 1058 007e 1346     		mov	r3, r2
 1059 0080 5B00     		lsls	r3, r3, #1
 1060 0082 1344     		add	r3, r3, r2
 1061 0084 DB00     		lsls	r3, r3, #3
 1062 0086 0B44     		add	r3, r3, r1
 1063 0088 0833     		adds	r3, r3, #8
 1064 008a 1A68     		ldr	r2, [r3]
 1065 008c 7B68     		ldr	r3, [r7, #4]
 1066 008e 1A60     		str	r2, [r3]
 1067 0090 FA68     		ldr	r2, [r7, #12]
 1068 0092 1346     		mov	r3, r2
 1069 0094 5B00     		lsls	r3, r3, #1
 1070 0096 1344     		add	r3, r3, r2
 1071 0098 DB00     		lsls	r3, r3, #3
 1072 009a 0833     		adds	r3, r3, #8
 1073 009c 0A4A     		ldr	r2, .L68+20
 1074 009e 1344     		add	r3, r3, r2
 1075 00a0 1A1D     		adds	r2, r3, #4
 1076 00a2 3B68     		ldr	r3, [r7]
 1077 00a4 1A60     		str	r2, [r3]
 1078 00a6 0123     		movs	r3, #1
 1079 00a8 00E0     		b	.L67
 1080              	.L66:
 1081 00aa 0023     		movs	r3, #0
 1082              	.L67:
 1083 00ac 1846     		mov	r0, r3
 1084 00ae 1037     		adds	r7, r7, #16
 1085 00b0 BD46     		mov	sp, r7
 1086              		@ sp needed
 1087 00b2 80BD     		pop	{r7, pc}
 1088              	.L69:
 1089              		.align	2
 1090              	.L68:
 1091 00b4 00000000 		.word	.LC0
 1092 00b8 50010000 		.word	.LC8
 1093 00bc 88000000 		.word	.LC2
 1094 00c0 60010000 		.word	.LC9
 1095 00c4 70010000 		.word	.LC10
 1096 00c8 00000000 		.word	arp_table
 1098              		.section	.text.etharp_input,"ax",%progbits
 1099              		.align	1
 1100              		.global	etharp_input
 1101              		.syntax unified
 1102              		.thumb
 1103              		.thumb_func
 1105              	etharp_input:
 1106              		@ args = 0, pretend = 0, frame = 24
 1107              		@ frame_needed = 1, uses_anonymous_args = 0
 1108 0000 B0B5     		push	{r4, r5, r7, lr}
ARM GAS  C:\msys64\tmp\ccXeNaof.s 			page 21


 1109 0002 8AB0     		sub	sp, sp, #40
 1110 0004 04AF     		add	r7, sp, #16
 1111 0006 7860     		str	r0, [r7, #4]
 1112 0008 3960     		str	r1, [r7]
 1113 000a 3B68     		ldr	r3, [r7]
 1114 000c 002B     		cmp	r3, #0
 1115 000e 07D1     		bne	.L71
 1116 0010 3D4B     		ldr	r3, .L88
 1117 0012 40F28A22 		movw	r2, #650
 1118 0016 3D49     		ldr	r1, .L88+4
 1119 0018 3D48     		ldr	r0, .L88+8
 1120 001a FFF7FEFF 		bl	printf
 1121 001e 6FE0     		b	.L70
 1122              	.L71:
 1123 0020 7B68     		ldr	r3, [r7, #4]
 1124 0022 5B68     		ldr	r3, [r3, #4]
 1125 0024 3B61     		str	r3, [r7, #16]
 1126 0026 3B69     		ldr	r3, [r7, #16]
 1127 0028 1B88     		ldrh	r3, [r3]	@ unaligned
 1128 002a 9BB2     		uxth	r3, r3
 1129 002c B3F5807F 		cmp	r3, #256
 1130 0030 0CD1     		bne	.L73
 1131 0032 3B69     		ldr	r3, [r7, #16]
 1132 0034 1B79     		ldrb	r3, [r3, #4]	@ zero_extendqisi2
 1133 0036 062B     		cmp	r3, #6
 1134 0038 08D1     		bne	.L73
 1135 003a 3B69     		ldr	r3, [r7, #16]
 1136 003c 5B79     		ldrb	r3, [r3, #5]	@ zero_extendqisi2
 1137 003e 042B     		cmp	r3, #4
 1138 0040 04D1     		bne	.L73
 1139 0042 3B69     		ldr	r3, [r7, #16]
 1140 0044 5B88     		ldrh	r3, [r3, #2]	@ unaligned
 1141 0046 9BB2     		uxth	r3, r3
 1142 0048 082B     		cmp	r3, #8
 1143 004a 03D0     		beq	.L74
 1144              	.L73:
 1145 004c 7868     		ldr	r0, [r7, #4]
 1146 004e FFF7FEFF 		bl	pbuf_free
 1147 0052 55E0     		b	.L70
 1148              	.L74:
 1149 0054 3B69     		ldr	r3, [r7, #16]
 1150 0056 0E33     		adds	r3, r3, #14
 1151 0058 1B68     		ldr	r3, [r3]	@ unaligned
 1152 005a FB60     		str	r3, [r7, #12]
 1153 005c 3B69     		ldr	r3, [r7, #16]
 1154 005e 1833     		adds	r3, r3, #24
 1155 0060 1B68     		ldr	r3, [r3]	@ unaligned
 1156 0062 BB60     		str	r3, [r7, #8]
 1157 0064 3B68     		ldr	r3, [r7]
 1158 0066 0433     		adds	r3, r3, #4
 1159 0068 1B68     		ldr	r3, [r3]
 1160 006a 002B     		cmp	r3, #0
 1161 006c 02D1     		bne	.L75
 1162 006e 0023     		movs	r3, #0
 1163 0070 FB75     		strb	r3, [r7, #23]
 1164 0072 09E0     		b	.L76
 1165              	.L75:
ARM GAS  C:\msys64\tmp\ccXeNaof.s 			page 22


 1166 0074 BA68     		ldr	r2, [r7, #8]
 1167 0076 3B68     		ldr	r3, [r7]
 1168 0078 0433     		adds	r3, r3, #4
 1169 007a 1B68     		ldr	r3, [r3]
 1170 007c 9A42     		cmp	r2, r3
 1171 007e 0CBF     		ite	eq
 1172 0080 0123     		moveq	r3, #1
 1173 0082 0023     		movne	r3, #0
 1174 0084 DBB2     		uxtb	r3, r3
 1175 0086 FB75     		strb	r3, [r7, #23]
 1176              	.L76:
 1177 0088 3B69     		ldr	r3, [r7, #16]
 1178 008a 03F10802 		add	r2, r3, #8
 1179 008e FB7D     		ldrb	r3, [r7, #23]	@ zero_extendqisi2
 1180 0090 002B     		cmp	r3, #0
 1181 0092 01D0     		beq	.L77
 1182 0094 0123     		movs	r3, #1
 1183 0096 00E0     		b	.L78
 1184              	.L77:
 1185 0098 0223     		movs	r3, #2
 1186              	.L78:
 1187 009a 07F10C01 		add	r1, r7, #12
 1188 009e 3868     		ldr	r0, [r7]
 1189 00a0 FFF7FEFF 		bl	etharp_update_arp_entry
 1190 00a4 3B69     		ldr	r3, [r7, #16]
 1191 00a6 DB88     		ldrh	r3, [r3, #6]	@ unaligned
 1192 00a8 9BB2     		uxth	r3, r3
 1193 00aa B3F5807F 		cmp	r3, #256
 1194 00ae 03D0     		beq	.L79
 1195 00b0 B3F5007F 		cmp	r3, #512
 1196 00b4 1ED0     		beq	.L86
 1197 00b6 20E0     		b	.L84
 1198              	.L79:
 1199 00b8 FB7D     		ldrb	r3, [r7, #23]	@ zero_extendqisi2
 1200 00ba 002B     		cmp	r3, #0
 1201 00bc 1CD0     		beq	.L87
 1202 00be 3B68     		ldr	r3, [r7]
 1203 00c0 03F12600 		add	r0, r3, #38
 1204 00c4 3B69     		ldr	r3, [r7, #16]
 1205 00c6 03F10804 		add	r4, r3, #8
 1206 00ca 3B68     		ldr	r3, [r7]
 1207 00cc 03F12605 		add	r5, r3, #38
 1208 00d0 3B68     		ldr	r3, [r7]
 1209 00d2 0433     		adds	r3, r3, #4
 1210 00d4 3A69     		ldr	r2, [r7, #16]
 1211 00d6 0832     		adds	r2, r2, #8
 1212 00d8 0221     		movs	r1, #2
 1213 00da 0391     		str	r1, [sp, #12]
 1214 00dc 07F10C01 		add	r1, r7, #12
 1215 00e0 0291     		str	r1, [sp, #8]
 1216 00e2 0192     		str	r2, [sp, #4]
 1217 00e4 0093     		str	r3, [sp]
 1218 00e6 2B46     		mov	r3, r5
 1219 00e8 2246     		mov	r2, r4
 1220 00ea 0146     		mov	r1, r0
 1221 00ec 3868     		ldr	r0, [r7]
 1222 00ee FFF7FEFF 		bl	etharp_raw
ARM GAS  C:\msys64\tmp\ccXeNaof.s 			page 23


 1223 00f2 01E0     		b	.L87
 1224              	.L86:
 1225 00f4 00BF     		nop
 1226 00f6 00E0     		b	.L84
 1227              	.L87:
 1228 00f8 00BF     		nop
 1229              	.L84:
 1230 00fa 7868     		ldr	r0, [r7, #4]
 1231 00fc FFF7FEFF 		bl	pbuf_free
 1232              	.L70:
 1233 0100 1837     		adds	r7, r7, #24
 1234 0102 BD46     		mov	sp, r7
 1235              		@ sp needed
 1236 0104 B0BD     		pop	{r4, r5, r7, pc}
 1237              	.L89:
 1238 0106 00BF     		.align	2
 1239              	.L88:
 1240 0108 00000000 		.word	.LC0
 1241 010c 60010000 		.word	.LC9
 1242 0110 88000000 		.word	.LC2
 1244              		.section	.rodata
 1245              		.align	2
 1246              	.LC11:
 1247 0180 6172705F 		.ascii	"arp_table[arp_idx].state >= ETHARP_STATE_STABLE\000"
 1247      7461626C 
 1247      655B6172 
 1247      705F6964 
 1247      785D2E73 
 1248              		.section	.text.etharp_output_to_arp_index,"ax",%progbits
 1249              		.align	1
 1250              		.syntax unified
 1251              		.thumb
 1252              		.thumb_func
 1254              	etharp_output_to_arp_index:
 1255              		@ args = 0, pretend = 0, frame = 16
 1256              		@ frame_needed = 1, uses_anonymous_args = 0
 1257 0000 80B5     		push	{r7, lr}
 1258 0002 86B0     		sub	sp, sp, #24
 1259 0004 02AF     		add	r7, sp, #8
 1260 0006 F860     		str	r0, [r7, #12]
 1261 0008 B960     		str	r1, [r7, #8]
 1262 000a 1346     		mov	r3, r2
 1263 000c FB71     		strb	r3, [r7, #7]
 1264 000e FA79     		ldrb	r2, [r7, #7]	@ zero_extendqisi2
 1265 0010 4449     		ldr	r1, .L95
 1266 0012 1346     		mov	r3, r2
 1267 0014 5B00     		lsls	r3, r3, #1
 1268 0016 1344     		add	r3, r3, r2
 1269 0018 DB00     		lsls	r3, r3, #3
 1270 001a 0B44     		add	r3, r3, r1
 1271 001c 1433     		adds	r3, r3, #20
 1272 001e 1B78     		ldrb	r3, [r3]	@ zero_extendqisi2
 1273 0020 012B     		cmp	r3, #1
 1274 0022 06D8     		bhi	.L91
 1275 0024 404B     		ldr	r3, .L95+4
 1276 0026 40F2EE22 		movw	r2, #750
 1277 002a 4049     		ldr	r1, .L95+8
ARM GAS  C:\msys64\tmp\ccXeNaof.s 			page 24


 1278 002c 4048     		ldr	r0, .L95+12
 1279 002e FFF7FEFF 		bl	printf
 1280              	.L91:
 1281 0032 FA79     		ldrb	r2, [r7, #7]	@ zero_extendqisi2
 1282 0034 3B49     		ldr	r1, .L95
 1283 0036 1346     		mov	r3, r2
 1284 0038 5B00     		lsls	r3, r3, #1
 1285 003a 1344     		add	r3, r3, r2
 1286 003c DB00     		lsls	r3, r3, #3
 1287 003e 0B44     		add	r3, r3, r1
 1288 0040 1433     		adds	r3, r3, #20
 1289 0042 1B78     		ldrb	r3, [r3]	@ zero_extendqisi2
 1290 0044 022B     		cmp	r3, #2
 1291 0046 53D1     		bne	.L92
 1292 0048 FA79     		ldrb	r2, [r7, #7]	@ zero_extendqisi2
 1293 004a 3649     		ldr	r1, .L95
 1294 004c 1346     		mov	r3, r2
 1295 004e 5B00     		lsls	r3, r3, #1
 1296 0050 1344     		add	r3, r3, r2
 1297 0052 DB00     		lsls	r3, r3, #3
 1298 0054 0B44     		add	r3, r3, r1
 1299 0056 1233     		adds	r3, r3, #18
 1300 0058 1B88     		ldrh	r3, [r3]
 1301 005a B3F58E7F 		cmp	r3, #284
 1302 005e 19D9     		bls	.L93
 1303 0060 FA79     		ldrb	r2, [r7, #7]	@ zero_extendqisi2
 1304 0062 1346     		mov	r3, r2
 1305 0064 5B00     		lsls	r3, r3, #1
 1306 0066 1344     		add	r3, r3, r2
 1307 0068 DB00     		lsls	r3, r3, #3
 1308 006a 2E4A     		ldr	r2, .L95
 1309 006c 1344     		add	r3, r3, r2
 1310 006e 0433     		adds	r3, r3, #4
 1311 0070 1946     		mov	r1, r3
 1312 0072 F868     		ldr	r0, [r7, #12]
 1313 0074 FFF7FEFF 		bl	etharp_request
 1314 0078 0346     		mov	r3, r0
 1315 007a 002B     		cmp	r3, #0
 1316 007c 38D1     		bne	.L92
 1317 007e FA79     		ldrb	r2, [r7, #7]	@ zero_extendqisi2
 1318 0080 2849     		ldr	r1, .L95
 1319 0082 1346     		mov	r3, r2
 1320 0084 5B00     		lsls	r3, r3, #1
 1321 0086 1344     		add	r3, r3, r2
 1322 0088 DB00     		lsls	r3, r3, #3
 1323 008a 0B44     		add	r3, r3, r1
 1324 008c 1433     		adds	r3, r3, #20
 1325 008e 0322     		movs	r2, #3
 1326 0090 1A70     		strb	r2, [r3]
 1327 0092 2DE0     		b	.L92
 1328              	.L93:
 1329 0094 FA79     		ldrb	r2, [r7, #7]	@ zero_extendqisi2
 1330 0096 2349     		ldr	r1, .L95
 1331 0098 1346     		mov	r3, r2
 1332 009a 5B00     		lsls	r3, r3, #1
 1333 009c 1344     		add	r3, r3, r2
 1334 009e DB00     		lsls	r3, r3, #3
ARM GAS  C:\msys64\tmp\ccXeNaof.s 			page 25


 1335 00a0 0B44     		add	r3, r3, r1
 1336 00a2 1233     		adds	r3, r3, #18
 1337 00a4 1B88     		ldrh	r3, [r3]
 1338 00a6 B3F5877F 		cmp	r3, #270
 1339 00aa 21D3     		bcc	.L92
 1340 00ac FA79     		ldrb	r2, [r7, #7]	@ zero_extendqisi2
 1341 00ae 1346     		mov	r3, r2
 1342 00b0 5B00     		lsls	r3, r3, #1
 1343 00b2 1344     		add	r3, r3, r2
 1344 00b4 DB00     		lsls	r3, r3, #3
 1345 00b6 1B4A     		ldr	r2, .L95
 1346 00b8 1344     		add	r3, r3, r2
 1347 00ba 191D     		adds	r1, r3, #4
 1348 00bc FA79     		ldrb	r2, [r7, #7]	@ zero_extendqisi2
 1349 00be 1346     		mov	r3, r2
 1350 00c0 5B00     		lsls	r3, r3, #1
 1351 00c2 1344     		add	r3, r3, r2
 1352 00c4 DB00     		lsls	r3, r3, #3
 1353 00c6 0833     		adds	r3, r3, #8
 1354 00c8 164A     		ldr	r2, .L95
 1355 00ca 1344     		add	r3, r3, r2
 1356 00cc 0433     		adds	r3, r3, #4
 1357 00ce 1A46     		mov	r2, r3
 1358 00d0 F868     		ldr	r0, [r7, #12]
 1359 00d2 FFF7FEFF 		bl	etharp_request_dst
 1360 00d6 0346     		mov	r3, r0
 1361 00d8 002B     		cmp	r3, #0
 1362 00da 09D1     		bne	.L92
 1363 00dc FA79     		ldrb	r2, [r7, #7]	@ zero_extendqisi2
 1364 00de 1149     		ldr	r1, .L95
 1365 00e0 1346     		mov	r3, r2
 1366 00e2 5B00     		lsls	r3, r3, #1
 1367 00e4 1344     		add	r3, r3, r2
 1368 00e6 DB00     		lsls	r3, r3, #3
 1369 00e8 0B44     		add	r3, r3, r1
 1370 00ea 1433     		adds	r3, r3, #20
 1371 00ec 0322     		movs	r2, #3
 1372 00ee 1A70     		strb	r2, [r3]
 1373              	.L92:
 1374 00f0 FB68     		ldr	r3, [r7, #12]
 1375 00f2 03F12601 		add	r1, r3, #38
 1376 00f6 FA79     		ldrb	r2, [r7, #7]	@ zero_extendqisi2
 1377 00f8 1346     		mov	r3, r2
 1378 00fa 5B00     		lsls	r3, r3, #1
 1379 00fc 1344     		add	r3, r3, r2
 1380 00fe DB00     		lsls	r3, r3, #3
 1381 0100 0833     		adds	r3, r3, #8
 1382 0102 084A     		ldr	r2, .L95
 1383 0104 1344     		add	r3, r3, r2
 1384 0106 0433     		adds	r3, r3, #4
 1385 0108 4FF40062 		mov	r2, #2048
 1386 010c 0092     		str	r2, [sp]
 1387 010e 0A46     		mov	r2, r1
 1388 0110 B968     		ldr	r1, [r7, #8]
 1389 0112 F868     		ldr	r0, [r7, #12]
 1390 0114 FFF7FEFF 		bl	ethernet_output
 1391 0118 0346     		mov	r3, r0
ARM GAS  C:\msys64\tmp\ccXeNaof.s 			page 26


 1392 011a 1846     		mov	r0, r3
 1393 011c 1037     		adds	r7, r7, #16
 1394 011e BD46     		mov	sp, r7
 1395              		@ sp needed
 1396 0120 80BD     		pop	{r7, pc}
 1397              	.L96:
 1398 0122 00BF     		.align	2
 1399              	.L95:
 1400 0124 00000000 		.word	arp_table
 1401 0128 00000000 		.word	.LC0
 1402 012c 80010000 		.word	.LC11
 1403 0130 88000000 		.word	.LC2
 1405              		.section	.rodata
 1406              		.align	2
 1407              	.LC12:
 1408 01b0 7120213D 		.ascii	"q != NULL\000"
 1408      204E554C 
 1408      4C00
 1409              		.section	.text.etharp_output,"ax",%progbits
 1410              		.align	1
 1411              		.global	etharp_output
 1412              		.syntax unified
 1413              		.thumb
 1414              		.thumb_func
 1416              	etharp_output:
 1417              		@ args = 0, pretend = 0, frame = 32
 1418              		@ frame_needed = 1, uses_anonymous_args = 0
 1419 0000 80B5     		push	{r7, lr}
 1420 0002 8AB0     		sub	sp, sp, #40
 1421 0004 02AF     		add	r7, sp, #8
 1422 0006 F860     		str	r0, [r7, #12]
 1423 0008 B960     		str	r1, [r7, #8]
 1424 000a 7A60     		str	r2, [r7, #4]
 1425 000c 7B68     		ldr	r3, [r7, #4]
 1426 000e BB61     		str	r3, [r7, #24]
 1427 0010 FB68     		ldr	r3, [r7, #12]
 1428 0012 002B     		cmp	r3, #0
 1429 0014 06D1     		bne	.L98
 1430 0016 734B     		ldr	r3, .L112
 1431 0018 40F21E32 		movw	r2, #798
 1432 001c 7249     		ldr	r1, .L112+4
 1433 001e 7348     		ldr	r0, .L112+8
 1434 0020 FFF7FEFF 		bl	printf
 1435              	.L98:
 1436 0024 BB68     		ldr	r3, [r7, #8]
 1437 0026 002B     		cmp	r3, #0
 1438 0028 06D1     		bne	.L99
 1439 002a 6E4B     		ldr	r3, .L112
 1440 002c 40F21F32 		movw	r2, #799
 1441 0030 6F49     		ldr	r1, .L112+12
 1442 0032 6E48     		ldr	r0, .L112+8
 1443 0034 FFF7FEFF 		bl	printf
 1444              	.L99:
 1445 0038 7B68     		ldr	r3, [r7, #4]
 1446 003a 002B     		cmp	r3, #0
 1447 003c 06D1     		bne	.L100
 1448 003e 694B     		ldr	r3, .L112
ARM GAS  C:\msys64\tmp\ccXeNaof.s 			page 27


 1449 0040 4FF44872 		mov	r2, #800
 1450 0044 6B49     		ldr	r1, .L112+16
 1451 0046 6948     		ldr	r0, .L112+8
 1452 0048 FFF7FEFF 		bl	printf
 1453              	.L100:
 1454 004c 7B68     		ldr	r3, [r7, #4]
 1455 004e 1B68     		ldr	r3, [r3]
 1456 0050 F968     		ldr	r1, [r7, #12]
 1457 0052 1846     		mov	r0, r3
 1458 0054 FFF7FEFF 		bl	ip4_addr_isbroadcast_u32
 1459 0058 0346     		mov	r3, r0
 1460 005a 002B     		cmp	r3, #0
 1461 005c 02D0     		beq	.L101
 1462 005e 664B     		ldr	r3, .L112+20
 1463 0060 FB61     		str	r3, [r7, #28]
 1464 0062 AFE0     		b	.L102
 1465              	.L101:
 1466 0064 7B68     		ldr	r3, [r7, #4]
 1467 0066 1B68     		ldr	r3, [r3]
 1468 0068 03F0F003 		and	r3, r3, #240
 1469 006c E02B     		cmp	r3, #224
 1470 006e 18D1     		bne	.L103
 1471 0070 0123     		movs	r3, #1
 1472 0072 3B74     		strb	r3, [r7, #16]
 1473 0074 0023     		movs	r3, #0
 1474 0076 7B74     		strb	r3, [r7, #17]
 1475 0078 5E23     		movs	r3, #94
 1476 007a BB74     		strb	r3, [r7, #18]
 1477 007c 7B68     		ldr	r3, [r7, #4]
 1478 007e 0133     		adds	r3, r3, #1
 1479 0080 1B78     		ldrb	r3, [r3]	@ zero_extendqisi2
 1480 0082 03F07F03 		and	r3, r3, #127
 1481 0086 DBB2     		uxtb	r3, r3
 1482 0088 FB74     		strb	r3, [r7, #19]
 1483 008a 7B68     		ldr	r3, [r7, #4]
 1484 008c 0233     		adds	r3, r3, #2
 1485 008e 1B78     		ldrb	r3, [r3]	@ zero_extendqisi2
 1486 0090 3B75     		strb	r3, [r7, #20]
 1487 0092 7B68     		ldr	r3, [r7, #4]
 1488 0094 0333     		adds	r3, r3, #3
 1489 0096 1B78     		ldrb	r3, [r3]	@ zero_extendqisi2
 1490 0098 7B75     		strb	r3, [r7, #21]
 1491 009a 07F11003 		add	r3, r7, #16
 1492 009e FB61     		str	r3, [r7, #28]
 1493 00a0 90E0     		b	.L102
 1494              	.L103:
 1495 00a2 7B68     		ldr	r3, [r7, #4]
 1496 00a4 1A68     		ldr	r2, [r3]
 1497 00a6 FB68     		ldr	r3, [r7, #12]
 1498 00a8 0433     		adds	r3, r3, #4
 1499 00aa 1B68     		ldr	r3, [r3]
 1500 00ac 5A40     		eors	r2, r2, r3
 1501 00ae FB68     		ldr	r3, [r7, #12]
 1502 00b0 0833     		adds	r3, r3, #8
 1503 00b2 1B68     		ldr	r3, [r3]
 1504 00b4 1340     		ands	r3, r3, r2
 1505 00b6 002B     		cmp	r3, #0
ARM GAS  C:\msys64\tmp\ccXeNaof.s 			page 28


 1506 00b8 12D0     		beq	.L104
 1507 00ba 7B68     		ldr	r3, [r7, #4]
 1508 00bc 1B68     		ldr	r3, [r3]
 1509 00be 9BB2     		uxth	r3, r3
 1510 00c0 4FF6A962 		movw	r2, #65193
 1511 00c4 9342     		cmp	r3, r2
 1512 00c6 0BD0     		beq	.L104
 1513 00c8 FB68     		ldr	r3, [r7, #12]
 1514 00ca 0C33     		adds	r3, r3, #12
 1515 00cc 1B68     		ldr	r3, [r3]
 1516 00ce 002B     		cmp	r3, #0
 1517 00d0 03D0     		beq	.L105
 1518 00d2 FB68     		ldr	r3, [r7, #12]
 1519 00d4 0C33     		adds	r3, r3, #12
 1520 00d6 BB61     		str	r3, [r7, #24]
 1521 00d8 02E0     		b	.L104
 1522              	.L105:
 1523 00da 6FF00303 		mvn	r3, #3
 1524 00de 7DE0     		b	.L111
 1525              	.L104:
 1526 00e0 464B     		ldr	r3, .L112+24
 1527 00e2 1B78     		ldrb	r3, [r3]	@ zero_extendqisi2
 1528 00e4 1946     		mov	r1, r3
 1529 00e6 464A     		ldr	r2, .L112+28
 1530 00e8 0B46     		mov	r3, r1
 1531 00ea 5B00     		lsls	r3, r3, #1
 1532 00ec 0B44     		add	r3, r3, r1
 1533 00ee DB00     		lsls	r3, r3, #3
 1534 00f0 1344     		add	r3, r3, r2
 1535 00f2 1433     		adds	r3, r3, #20
 1536 00f4 1B78     		ldrb	r3, [r3]	@ zero_extendqisi2
 1537 00f6 012B     		cmp	r3, #1
 1538 00f8 25D9     		bls	.L107
 1539 00fa 404B     		ldr	r3, .L112+24
 1540 00fc 1B78     		ldrb	r3, [r3]	@ zero_extendqisi2
 1541 00fe 1946     		mov	r1, r3
 1542 0100 3F4A     		ldr	r2, .L112+28
 1543 0102 0B46     		mov	r3, r1
 1544 0104 5B00     		lsls	r3, r3, #1
 1545 0106 0B44     		add	r3, r3, r1
 1546 0108 DB00     		lsls	r3, r3, #3
 1547 010a 1344     		add	r3, r3, r2
 1548 010c 0833     		adds	r3, r3, #8
 1549 010e 1B68     		ldr	r3, [r3]
 1550 0110 FA68     		ldr	r2, [r7, #12]
 1551 0112 9A42     		cmp	r2, r3
 1552 0114 17D1     		bne	.L107
 1553 0116 BB69     		ldr	r3, [r7, #24]
 1554 0118 1A68     		ldr	r2, [r3]
 1555 011a 384B     		ldr	r3, .L112+24
 1556 011c 1B78     		ldrb	r3, [r3]	@ zero_extendqisi2
 1557 011e 1846     		mov	r0, r3
 1558 0120 3749     		ldr	r1, .L112+28
 1559 0122 0346     		mov	r3, r0
 1560 0124 5B00     		lsls	r3, r3, #1
 1561 0126 0344     		add	r3, r3, r0
 1562 0128 DB00     		lsls	r3, r3, #3
ARM GAS  C:\msys64\tmp\ccXeNaof.s 			page 29


 1563 012a 0B44     		add	r3, r3, r1
 1564 012c 0433     		adds	r3, r3, #4
 1565 012e 1B68     		ldr	r3, [r3]
 1566 0130 9A42     		cmp	r2, r3
 1567 0132 08D1     		bne	.L107
 1568 0134 314B     		ldr	r3, .L112+24
 1569 0136 1B78     		ldrb	r3, [r3]	@ zero_extendqisi2
 1570 0138 1A46     		mov	r2, r3
 1571 013a B968     		ldr	r1, [r7, #8]
 1572 013c F868     		ldr	r0, [r7, #12]
 1573 013e FFF7FEFF 		bl	etharp_output_to_arp_index
 1574 0142 0346     		mov	r3, r0
 1575 0144 4AE0     		b	.L111
 1576              	.L107:
 1577 0146 0023     		movs	r3, #0
 1578 0148 FB75     		strb	r3, [r7, #23]
 1579 014a 31E0     		b	.L108
 1580              	.L110:
 1581 014c FA7D     		ldrb	r2, [r7, #23]	@ zero_extendqisi2
 1582 014e 2C49     		ldr	r1, .L112+28
 1583 0150 1346     		mov	r3, r2
 1584 0152 5B00     		lsls	r3, r3, #1
 1585 0154 1344     		add	r3, r3, r2
 1586 0156 DB00     		lsls	r3, r3, #3
 1587 0158 0B44     		add	r3, r3, r1
 1588 015a 1433     		adds	r3, r3, #20
 1589 015c 1B78     		ldrb	r3, [r3]	@ zero_extendqisi2
 1590 015e 012B     		cmp	r3, #1
 1591 0160 23D9     		bls	.L109
 1592 0162 FA7D     		ldrb	r2, [r7, #23]	@ zero_extendqisi2
 1593 0164 2649     		ldr	r1, .L112+28
 1594 0166 1346     		mov	r3, r2
 1595 0168 5B00     		lsls	r3, r3, #1
 1596 016a 1344     		add	r3, r3, r2
 1597 016c DB00     		lsls	r3, r3, #3
 1598 016e 0B44     		add	r3, r3, r1
 1599 0170 0833     		adds	r3, r3, #8
 1600 0172 1B68     		ldr	r3, [r3]
 1601 0174 FA68     		ldr	r2, [r7, #12]
 1602 0176 9A42     		cmp	r2, r3
 1603 0178 17D1     		bne	.L109
 1604 017a BB69     		ldr	r3, [r7, #24]
 1605 017c 1968     		ldr	r1, [r3]
 1606 017e FA7D     		ldrb	r2, [r7, #23]	@ zero_extendqisi2
 1607 0180 1F48     		ldr	r0, .L112+28
 1608 0182 1346     		mov	r3, r2
 1609 0184 5B00     		lsls	r3, r3, #1
 1610 0186 1344     		add	r3, r3, r2
 1611 0188 DB00     		lsls	r3, r3, #3
 1612 018a 0344     		add	r3, r3, r0
 1613 018c 0433     		adds	r3, r3, #4
 1614 018e 1B68     		ldr	r3, [r3]
 1615 0190 9942     		cmp	r1, r3
 1616 0192 0AD1     		bne	.L109
 1617 0194 194A     		ldr	r2, .L112+24
 1618 0196 FB7D     		ldrb	r3, [r7, #23]
 1619 0198 1370     		strb	r3, [r2]
ARM GAS  C:\msys64\tmp\ccXeNaof.s 			page 30


 1620 019a FB7D     		ldrb	r3, [r7, #23]	@ zero_extendqisi2
 1621 019c 1A46     		mov	r2, r3
 1622 019e B968     		ldr	r1, [r7, #8]
 1623 01a0 F868     		ldr	r0, [r7, #12]
 1624 01a2 FFF7FEFF 		bl	etharp_output_to_arp_index
 1625 01a6 0346     		mov	r3, r0
 1626 01a8 18E0     		b	.L111
 1627              	.L109:
 1628 01aa FB7D     		ldrb	r3, [r7, #23]	@ zero_extendqisi2
 1629 01ac 0133     		adds	r3, r3, #1
 1630 01ae FB75     		strb	r3, [r7, #23]
 1631              	.L108:
 1632 01b0 FB7D     		ldrb	r3, [r7, #23]	@ zero_extendqisi2
 1633 01b2 092B     		cmp	r3, #9
 1634 01b4 CAD9     		bls	.L110
 1635 01b6 BA68     		ldr	r2, [r7, #8]
 1636 01b8 B969     		ldr	r1, [r7, #24]
 1637 01ba F868     		ldr	r0, [r7, #12]
 1638 01bc FFF7FEFF 		bl	etharp_query
 1639 01c0 0346     		mov	r3, r0
 1640 01c2 0BE0     		b	.L111
 1641              	.L102:
 1642 01c4 FB68     		ldr	r3, [r7, #12]
 1643 01c6 03F12602 		add	r2, r3, #38
 1644 01ca 4FF40063 		mov	r3, #2048
 1645 01ce 0093     		str	r3, [sp]
 1646 01d0 FB69     		ldr	r3, [r7, #28]
 1647 01d2 B968     		ldr	r1, [r7, #8]
 1648 01d4 F868     		ldr	r0, [r7, #12]
 1649 01d6 FFF7FEFF 		bl	ethernet_output
 1650 01da 0346     		mov	r3, r0
 1651              	.L111:
 1652 01dc 1846     		mov	r0, r3
 1653 01de 2037     		adds	r7, r7, #32
 1654 01e0 BD46     		mov	sp, r7
 1655              		@ sp needed
 1656 01e2 80BD     		pop	{r7, pc}
 1657              	.L113:
 1658              		.align	2
 1659              	.L112:
 1660 01e4 00000000 		.word	.LC0
 1661 01e8 60010000 		.word	.LC9
 1662 01ec 88000000 		.word	.LC2
 1663 01f0 B0010000 		.word	.LC12
 1664 01f4 50010000 		.word	.LC8
 1665 01f8 00000000 		.word	ethbroadcast
 1666 01fc 00000000 		.word	etharp_cached_entry
 1667 0200 00000000 		.word	arp_table
 1669              		.section	.rodata
 1670 01ba 0000     		.align	2
 1671              	.LC13:
 1672 01bc 74797065 		.ascii	"type overflow\000"
 1672      206F7665 
 1672      72666C6F 
 1672      7700
 1673 01ca 0000     		.align	2
 1674              	.LC14:
ARM GAS  C:\msys64\tmp\ccXeNaof.s 			page 31


 1675 01cc 6172705F 		.ascii	"arp_table[i].state == PENDING or STABLE\000"
 1675      7461626C 
 1675      655B695D 
 1675      2E737461 
 1675      7465203D 
 1676              		.align	2
 1677              	.LC15:
 1678 01f4 6E6F2070 		.ascii	"no packet queues allowed!\000"
 1678      61636B65 
 1678      74207175 
 1678      65756573 
 1678      20616C6C 
 1679              		.section	.text.etharp_query,"ax",%progbits
 1680              		.align	1
 1681              		.global	etharp_query
 1682              		.syntax unified
 1683              		.thumb
 1684              		.thumb_func
 1686              	etharp_query:
 1687              		@ args = 0, pretend = 0, frame = 40
 1688              		@ frame_needed = 1, uses_anonymous_args = 0
 1689 0000 80B5     		push	{r7, lr}
 1690 0002 8CB0     		sub	sp, sp, #48
 1691 0004 02AF     		add	r7, sp, #8
 1692 0006 F860     		str	r0, [r7, #12]
 1693 0008 B960     		str	r1, [r7, #8]
 1694 000a 7A60     		str	r2, [r7, #4]
 1695 000c FB68     		ldr	r3, [r7, #12]
 1696 000e 2633     		adds	r3, r3, #38
 1697 0010 7B61     		str	r3, [r7, #20]
 1698 0012 FF23     		movs	r3, #255
 1699 0014 87F82730 		strb	r3, [r7, #39]
 1700 0018 0023     		movs	r3, #0
 1701 001a 3B62     		str	r3, [r7, #32]
 1702 001c BB68     		ldr	r3, [r7, #8]
 1703 001e 1B68     		ldr	r3, [r3]
 1704 0020 F968     		ldr	r1, [r7, #12]
 1705 0022 1846     		mov	r0, r3
 1706 0024 FFF7FEFF 		bl	ip4_addr_isbroadcast_u32
 1707 0028 0346     		mov	r3, r0
 1708 002a 002B     		cmp	r3, #0
 1709 002c 0CD1     		bne	.L115
 1710 002e BB68     		ldr	r3, [r7, #8]
 1711 0030 1B68     		ldr	r3, [r3]
 1712 0032 03F0F003 		and	r3, r3, #240
 1713 0036 E02B     		cmp	r3, #224
 1714 0038 06D0     		beq	.L115
 1715 003a BB68     		ldr	r3, [r7, #8]
 1716 003c 002B     		cmp	r3, #0
 1717 003e 03D0     		beq	.L115
 1718 0040 BB68     		ldr	r3, [r7, #8]
 1719 0042 1B68     		ldr	r3, [r3]
 1720 0044 002B     		cmp	r3, #0
 1721 0046 02D1     		bne	.L116
 1722              	.L115:
 1723 0048 6FF00F03 		mvn	r3, #15
 1724 004c 01E1     		b	.L117
ARM GAS  C:\msys64\tmp\ccXeNaof.s 			page 32


 1725              	.L116:
 1726 004e FA68     		ldr	r2, [r7, #12]
 1727 0050 0121     		movs	r1, #1
 1728 0052 B868     		ldr	r0, [r7, #8]
 1729 0054 FFF7FEFF 		bl	etharp_find_entry
 1730 0058 0346     		mov	r3, r0
 1731 005a 7B82     		strh	r3, [r7, #18]	@ movhi
 1732 005c B7F91230 		ldrsh	r3, [r7, #18]
 1733 0060 002B     		cmp	r3, #0
 1734 0062 02DA     		bge	.L118
 1735 0064 7B8A     		ldrh	r3, [r7, #18]	@ movhi
 1736 0066 5BB2     		sxtb	r3, r3
 1737 0068 F3E0     		b	.L117
 1738              	.L118:
 1739 006a 7B8A     		ldrh	r3, [r7, #18]
 1740 006c 7E2B     		cmp	r3, #126
 1741 006e 06D9     		bls	.L119
 1742 0070 7A4B     		ldr	r3, .L136
 1743 0072 40F2C132 		movw	r2, #961
 1744 0076 7A49     		ldr	r1, .L136+4
 1745 0078 7A48     		ldr	r0, .L136+8
 1746 007a FFF7FEFF 		bl	printf
 1747              	.L119:
 1748 007e 7B8A     		ldrh	r3, [r7, #18]	@ movhi
 1749 0080 7B74     		strb	r3, [r7, #17]
 1750 0082 7A7C     		ldrb	r2, [r7, #17]	@ zero_extendqisi2
 1751 0084 7849     		ldr	r1, .L136+12
 1752 0086 1346     		mov	r3, r2
 1753 0088 5B00     		lsls	r3, r3, #1
 1754 008a 1344     		add	r3, r3, r2
 1755 008c DB00     		lsls	r3, r3, #3
 1756 008e 0B44     		add	r3, r3, r1
 1757 0090 1433     		adds	r3, r3, #20
 1758 0092 1B78     		ldrb	r3, [r3]	@ zero_extendqisi2
 1759 0094 002B     		cmp	r3, #0
 1760 0096 15D1     		bne	.L120
 1761 0098 0123     		movs	r3, #1
 1762 009a 3B62     		str	r3, [r7, #32]
 1763 009c 7A7C     		ldrb	r2, [r7, #17]	@ zero_extendqisi2
 1764 009e 7249     		ldr	r1, .L136+12
 1765 00a0 1346     		mov	r3, r2
 1766 00a2 5B00     		lsls	r3, r3, #1
 1767 00a4 1344     		add	r3, r3, r2
 1768 00a6 DB00     		lsls	r3, r3, #3
 1769 00a8 0B44     		add	r3, r3, r1
 1770 00aa 1433     		adds	r3, r3, #20
 1771 00ac 0122     		movs	r2, #1
 1772 00ae 1A70     		strb	r2, [r3]
 1773 00b0 7A7C     		ldrb	r2, [r7, #17]	@ zero_extendqisi2
 1774 00b2 6D49     		ldr	r1, .L136+12
 1775 00b4 1346     		mov	r3, r2
 1776 00b6 5B00     		lsls	r3, r3, #1
 1777 00b8 1344     		add	r3, r3, r2
 1778 00ba DB00     		lsls	r3, r3, #3
 1779 00bc 0B44     		add	r3, r3, r1
 1780 00be 0833     		adds	r3, r3, #8
 1781 00c0 FA68     		ldr	r2, [r7, #12]
ARM GAS  C:\msys64\tmp\ccXeNaof.s 			page 33


 1782 00c2 1A60     		str	r2, [r3]
 1783              	.L120:
 1784 00c4 7A7C     		ldrb	r2, [r7, #17]	@ zero_extendqisi2
 1785 00c6 6849     		ldr	r1, .L136+12
 1786 00c8 1346     		mov	r3, r2
 1787 00ca 5B00     		lsls	r3, r3, #1
 1788 00cc 1344     		add	r3, r3, r2
 1789 00ce DB00     		lsls	r3, r3, #3
 1790 00d0 0B44     		add	r3, r3, r1
 1791 00d2 1433     		adds	r3, r3, #20
 1792 00d4 1B78     		ldrb	r3, [r3]	@ zero_extendqisi2
 1793 00d6 012B     		cmp	r3, #1
 1794 00d8 11D0     		beq	.L121
 1795 00da 7A7C     		ldrb	r2, [r7, #17]	@ zero_extendqisi2
 1796 00dc 6249     		ldr	r1, .L136+12
 1797 00de 1346     		mov	r3, r2
 1798 00e0 5B00     		lsls	r3, r3, #1
 1799 00e2 1344     		add	r3, r3, r2
 1800 00e4 DB00     		lsls	r3, r3, #3
 1801 00e6 0B44     		add	r3, r3, r1
 1802 00e8 1433     		adds	r3, r3, #20
 1803 00ea 1B78     		ldrb	r3, [r3]	@ zero_extendqisi2
 1804 00ec 012B     		cmp	r3, #1
 1805 00ee 06D8     		bhi	.L121
 1806 00f0 5A4B     		ldr	r3, .L136
 1807 00f2 40F2CD32 		movw	r2, #973
 1808 00f6 5D49     		ldr	r1, .L136+16
 1809 00f8 5A48     		ldr	r0, .L136+8
 1810 00fa FFF7FEFF 		bl	printf
 1811              	.L121:
 1812 00fe 3B6A     		ldr	r3, [r7, #32]
 1813 0100 002B     		cmp	r3, #0
 1814 0102 02D1     		bne	.L122
 1815 0104 7B68     		ldr	r3, [r7, #4]
 1816 0106 002B     		cmp	r3, #0
 1817 0108 0CD1     		bne	.L123
 1818              	.L122:
 1819 010a B968     		ldr	r1, [r7, #8]
 1820 010c F868     		ldr	r0, [r7, #12]
 1821 010e FFF7FEFF 		bl	etharp_request
 1822 0112 0346     		mov	r3, r0
 1823 0114 87F82730 		strb	r3, [r7, #39]
 1824 0118 7B68     		ldr	r3, [r7, #4]
 1825 011a 002B     		cmp	r3, #0
 1826 011c 02D1     		bne	.L123
 1827 011e 97F92730 		ldrsb	r3, [r7, #39]
 1828 0122 96E0     		b	.L117
 1829              	.L123:
 1830 0124 7B68     		ldr	r3, [r7, #4]
 1831 0126 002B     		cmp	r3, #0
 1832 0128 06D1     		bne	.L124
 1833 012a 4C4B     		ldr	r3, .L136
 1834 012c 40F2E132 		movw	r2, #993
 1835 0130 4F49     		ldr	r1, .L136+20
 1836 0132 4C48     		ldr	r0, .L136+8
 1837 0134 FFF7FEFF 		bl	printf
 1838              	.L124:
ARM GAS  C:\msys64\tmp\ccXeNaof.s 			page 34


 1839 0138 7A7C     		ldrb	r2, [r7, #17]	@ zero_extendqisi2
 1840 013a 4B49     		ldr	r1, .L136+12
 1841 013c 1346     		mov	r3, r2
 1842 013e 5B00     		lsls	r3, r3, #1
 1843 0140 1344     		add	r3, r3, r2
 1844 0142 DB00     		lsls	r3, r3, #3
 1845 0144 0B44     		add	r3, r3, r1
 1846 0146 1433     		adds	r3, r3, #20
 1847 0148 1B78     		ldrb	r3, [r3]	@ zero_extendqisi2
 1848 014a 012B     		cmp	r3, #1
 1849 014c 17D9     		bls	.L125
 1850 014e 494A     		ldr	r2, .L136+24
 1851 0150 7B7C     		ldrb	r3, [r7, #17]
 1852 0152 1370     		strb	r3, [r2]
 1853 0154 7A7C     		ldrb	r2, [r7, #17]	@ zero_extendqisi2
 1854 0156 1346     		mov	r3, r2
 1855 0158 5B00     		lsls	r3, r3, #1
 1856 015a 1344     		add	r3, r3, r2
 1857 015c DB00     		lsls	r3, r3, #3
 1858 015e 0833     		adds	r3, r3, #8
 1859 0160 414A     		ldr	r2, .L136+12
 1860 0162 1344     		add	r3, r3, r2
 1861 0164 0433     		adds	r3, r3, #4
 1862 0166 4FF40062 		mov	r2, #2048
 1863 016a 0092     		str	r2, [sp]
 1864 016c 7A69     		ldr	r2, [r7, #20]
 1865 016e 7968     		ldr	r1, [r7, #4]
 1866 0170 F868     		ldr	r0, [r7, #12]
 1867 0172 FFF7FEFF 		bl	ethernet_output
 1868 0176 0346     		mov	r3, r0
 1869 0178 87F82730 		strb	r3, [r7, #39]
 1870 017c 67E0     		b	.L126
 1871              	.L125:
 1872 017e 7A7C     		ldrb	r2, [r7, #17]	@ zero_extendqisi2
 1873 0180 3949     		ldr	r1, .L136+12
 1874 0182 1346     		mov	r3, r2
 1875 0184 5B00     		lsls	r3, r3, #1
 1876 0186 1344     		add	r3, r3, r2
 1877 0188 DB00     		lsls	r3, r3, #3
 1878 018a 0B44     		add	r3, r3, r1
 1879 018c 1433     		adds	r3, r3, #20
 1880 018e 1B78     		ldrb	r3, [r3]	@ zero_extendqisi2
 1881 0190 012B     		cmp	r3, #1
 1882 0192 5CD1     		bne	.L126
 1883 0194 0023     		movs	r3, #0
 1884 0196 BB61     		str	r3, [r7, #24]
 1885 0198 7B68     		ldr	r3, [r7, #4]
 1886 019a FB61     		str	r3, [r7, #28]
 1887 019c 1CE0     		b	.L127
 1888              	.L131:
 1889 019e FB69     		ldr	r3, [r7, #28]
 1890 01a0 5A89     		ldrh	r2, [r3, #10]
 1891 01a2 FB69     		ldr	r3, [r7, #28]
 1892 01a4 1B89     		ldrh	r3, [r3, #8]
 1893 01a6 9A42     		cmp	r2, r3
 1894 01a8 0AD1     		bne	.L128
 1895 01aa FB69     		ldr	r3, [r7, #28]
ARM GAS  C:\msys64\tmp\ccXeNaof.s 			page 35


 1896 01ac 1B68     		ldr	r3, [r3]
 1897 01ae 002B     		cmp	r3, #0
 1898 01b0 06D0     		beq	.L128
 1899 01b2 2A4B     		ldr	r3, .L136
 1900 01b4 40F2F132 		movw	r2, #1009
 1901 01b8 2F49     		ldr	r1, .L136+28
 1902 01ba 2A48     		ldr	r0, .L136+8
 1903 01bc FFF7FEFF 		bl	printf
 1904              	.L128:
 1905 01c0 FB69     		ldr	r3, [r7, #28]
 1906 01c2 1B7B     		ldrb	r3, [r3, #12]	@ zero_extendqisi2
 1907 01c4 03F04003 		and	r3, r3, #64
 1908 01c8 002B     		cmp	r3, #0
 1909 01ca 02D0     		beq	.L129
 1910 01cc 0123     		movs	r3, #1
 1911 01ce BB61     		str	r3, [r7, #24]
 1912 01d0 05E0     		b	.L130
 1913              	.L129:
 1914 01d2 FB69     		ldr	r3, [r7, #28]
 1915 01d4 1B68     		ldr	r3, [r3]
 1916 01d6 FB61     		str	r3, [r7, #28]
 1917              	.L127:
 1918 01d8 FB69     		ldr	r3, [r7, #28]
 1919 01da 002B     		cmp	r3, #0
 1920 01dc DFD1     		bne	.L131
 1921              	.L130:
 1922 01de BB69     		ldr	r3, [r7, #24]
 1923 01e0 002B     		cmp	r3, #0
 1924 01e2 07D0     		beq	.L132
 1925 01e4 7A68     		ldr	r2, [r7, #4]
 1926 01e6 4FF42071 		mov	r1, #640
 1927 01ea 0E20     		movs	r0, #14
 1928 01ec FFF7FEFF 		bl	pbuf_clone
 1929 01f0 F861     		str	r0, [r7, #28]
 1930 01f2 04E0     		b	.L133
 1931              	.L132:
 1932 01f4 7B68     		ldr	r3, [r7, #4]
 1933 01f6 FB61     		str	r3, [r7, #28]
 1934 01f8 F869     		ldr	r0, [r7, #28]
 1935 01fa FFF7FEFF 		bl	pbuf_ref
 1936              	.L133:
 1937 01fe FB69     		ldr	r3, [r7, #28]
 1938 0200 002B     		cmp	r3, #0
 1939 0202 21D0     		beq	.L134
 1940 0204 7A7C     		ldrb	r2, [r7, #17]	@ zero_extendqisi2
 1941 0206 1849     		ldr	r1, .L136+12
 1942 0208 1346     		mov	r3, r2
 1943 020a 5B00     		lsls	r3, r3, #1
 1944 020c 1344     		add	r3, r3, r2
 1945 020e DB00     		lsls	r3, r3, #3
 1946 0210 0B44     		add	r3, r3, r1
 1947 0212 1B68     		ldr	r3, [r3]
 1948 0214 002B     		cmp	r3, #0
 1949 0216 0AD0     		beq	.L135
 1950 0218 7A7C     		ldrb	r2, [r7, #17]	@ zero_extendqisi2
 1951 021a 1349     		ldr	r1, .L136+12
 1952 021c 1346     		mov	r3, r2
ARM GAS  C:\msys64\tmp\ccXeNaof.s 			page 36


 1953 021e 5B00     		lsls	r3, r3, #1
 1954 0220 1344     		add	r3, r3, r2
 1955 0222 DB00     		lsls	r3, r3, #3
 1956 0224 0B44     		add	r3, r3, r1
 1957 0226 1B68     		ldr	r3, [r3]
 1958 0228 1846     		mov	r0, r3
 1959 022a FFF7FEFF 		bl	pbuf_free
 1960              	.L135:
 1961 022e 7A7C     		ldrb	r2, [r7, #17]	@ zero_extendqisi2
 1962 0230 0D49     		ldr	r1, .L136+12
 1963 0232 1346     		mov	r3, r2
 1964 0234 5B00     		lsls	r3, r3, #1
 1965 0236 1344     		add	r3, r3, r2
 1966 0238 DB00     		lsls	r3, r3, #3
 1967 023a 0B44     		add	r3, r3, r1
 1968 023c FA69     		ldr	r2, [r7, #28]
 1969 023e 1A60     		str	r2, [r3]
 1970 0240 0023     		movs	r3, #0
 1971 0242 87F82730 		strb	r3, [r7, #39]
 1972 0246 02E0     		b	.L126
 1973              	.L134:
 1974 0248 FF23     		movs	r3, #255
 1975 024a 87F82730 		strb	r3, [r7, #39]
 1976              	.L126:
 1977 024e 97F92730 		ldrsb	r3, [r7, #39]
 1978              	.L117:
 1979 0252 1846     		mov	r0, r3
 1980 0254 2837     		adds	r7, r7, #40
 1981 0256 BD46     		mov	sp, r7
 1982              		@ sp needed
 1983 0258 80BD     		pop	{r7, pc}
 1984              	.L137:
 1985 025a 00BF     		.align	2
 1986              	.L136:
 1987 025c 00000000 		.word	.LC0
 1988 0260 BC010000 		.word	.LC13
 1989 0264 88000000 		.word	.LC2
 1990 0268 00000000 		.word	arp_table
 1991 026c CC010000 		.word	.LC14
 1992 0270 B0010000 		.word	.LC12
 1993 0274 00000000 		.word	etharp_cached_entry
 1994 0278 F4010000 		.word	.LC15
 1996              		.section	.rodata
 1997 020e 0000     		.align	2
 1998              	.LC16:
 1999 0210 63686563 		.ascii	"check that first pbuf can hold struct etharp_hdr\000"
 1999      6B207468 
 1999      61742066 
 1999      69727374 
 1999      20706275 
 2000 0241 000000   		.align	2
 2001              	.LC17:
 2002 0244 6E657469 		.ascii	"netif->hwaddr_len must be the same as ETH_HWADDR_LE"
 2002      662D3E68 
 2002      77616464 
 2002      725F6C65 
 2002      6E206D75 
ARM GAS  C:\msys64\tmp\ccXeNaof.s 			page 37


 2003 0277 4E20666F 		.ascii	"N for etharp!\000"
 2003      72206574 
 2003      68617270 
 2003      2100
 2004              		.section	.text.etharp_raw,"ax",%progbits
 2005              		.align	1
 2006              		.syntax unified
 2007              		.thumb
 2008              		.thumb_func
 2010              	etharp_raw:
 2011              		@ args = 16, pretend = 0, frame = 32
 2012              		@ frame_needed = 1, uses_anonymous_args = 0
 2013 0000 80B5     		push	{r7, lr}
 2014 0002 8AB0     		sub	sp, sp, #40
 2015 0004 02AF     		add	r7, sp, #8
 2016 0006 F860     		str	r0, [r7, #12]
 2017 0008 B960     		str	r1, [r7, #8]
 2018 000a 7A60     		str	r2, [r7, #4]
 2019 000c 3B60     		str	r3, [r7]
 2020 000e 0023     		movs	r3, #0
 2021 0010 FB77     		strb	r3, [r7, #31]
 2022 0012 FB68     		ldr	r3, [r7, #12]
 2023 0014 002B     		cmp	r3, #0
 2024 0016 06D1     		bne	.L139
 2025 0018 3A4B     		ldr	r3, .L144
 2026 001a 40F25742 		movw	r2, #1111
 2027 001e 3A49     		ldr	r1, .L144+4
 2028 0020 3A48     		ldr	r0, .L144+8
 2029 0022 FFF7FEFF 		bl	printf
 2030              	.L139:
 2031 0026 4FF42072 		mov	r2, #640
 2032 002a 1C21     		movs	r1, #28
 2033 002c 0E20     		movs	r0, #14
 2034 002e FFF7FEFF 		bl	pbuf_alloc
 2035 0032 B861     		str	r0, [r7, #24]
 2036 0034 BB69     		ldr	r3, [r7, #24]
 2037 0036 002B     		cmp	r3, #0
 2038 0038 02D1     		bne	.L140
 2039 003a 4FF0FF33 		mov	r3, #-1
 2040 003e 5DE0     		b	.L141
 2041              	.L140:
 2042 0040 BB69     		ldr	r3, [r7, #24]
 2043 0042 5B89     		ldrh	r3, [r3, #10]
 2044 0044 1B2B     		cmp	r3, #27
 2045 0046 06D8     		bhi	.L142
 2046 0048 2E4B     		ldr	r3, .L144
 2047 004a 40F26242 		movw	r2, #1122
 2048 004e 3049     		ldr	r1, .L144+12
 2049 0050 2E48     		ldr	r0, .L144+8
 2050 0052 FFF7FEFF 		bl	printf
 2051              	.L142:
 2052 0056 BB69     		ldr	r3, [r7, #24]
 2053 0058 5B68     		ldr	r3, [r3, #4]
 2054 005a 7B61     		str	r3, [r7, #20]
 2055 005c BB8E     		ldrh	r3, [r7, #52]
 2056 005e 1846     		mov	r0, r3
 2057 0060 FFF7FEFF 		bl	lwip_htons
ARM GAS  C:\msys64\tmp\ccXeNaof.s 			page 38


 2058 0064 0346     		mov	r3, r0
 2059 0066 1A46     		mov	r2, r3
 2060 0068 7B69     		ldr	r3, [r7, #20]
 2061 006a DA80     		strh	r2, [r3, #6]	@ unaligned
 2062 006c FB68     		ldr	r3, [r7, #12]
 2063 006e 93F82C30 		ldrb	r3, [r3, #44]	@ zero_extendqisi2
 2064 0072 062B     		cmp	r3, #6
 2065 0074 06D0     		beq	.L143
 2066 0076 234B     		ldr	r3, .L144
 2067 0078 40F26942 		movw	r2, #1129
 2068 007c 2549     		ldr	r1, .L144+16
 2069 007e 2348     		ldr	r0, .L144+8
 2070 0080 FFF7FEFF 		bl	printf
 2071              	.L143:
 2072 0084 7B69     		ldr	r3, [r7, #20]
 2073 0086 0833     		adds	r3, r3, #8
 2074 0088 0622     		movs	r2, #6
 2075 008a 3968     		ldr	r1, [r7]
 2076 008c 1846     		mov	r0, r3
 2077 008e FFF7FEFF 		bl	memcpy
 2078 0092 7B69     		ldr	r3, [r7, #20]
 2079 0094 1233     		adds	r3, r3, #18
 2080 0096 0622     		movs	r2, #6
 2081 0098 F96A     		ldr	r1, [r7, #44]
 2082 009a 1846     		mov	r0, r3
 2083 009c FFF7FEFF 		bl	memcpy
 2084 00a0 7B69     		ldr	r3, [r7, #20]
 2085 00a2 0E33     		adds	r3, r3, #14
 2086 00a4 BA6A     		ldr	r2, [r7, #40]
 2087 00a6 1268     		ldr	r2, [r2]	@ unaligned
 2088 00a8 1A60     		str	r2, [r3]	@ unaligned
 2089 00aa 7B69     		ldr	r3, [r7, #20]
 2090 00ac 1833     		adds	r3, r3, #24
 2091 00ae 3A6B     		ldr	r2, [r7, #48]
 2092 00b0 1268     		ldr	r2, [r2]	@ unaligned
 2093 00b2 1A60     		str	r2, [r3]	@ unaligned
 2094 00b4 7B69     		ldr	r3, [r7, #20]
 2095 00b6 0022     		movs	r2, #0
 2096 00b8 1A70     		strb	r2, [r3]
 2097 00ba 0022     		movs	r2, #0
 2098 00bc 42F00102 		orr	r2, r2, #1
 2099 00c0 5A70     		strb	r2, [r3, #1]
 2100 00c2 7B69     		ldr	r3, [r7, #20]
 2101 00c4 0022     		movs	r2, #0
 2102 00c6 42F00802 		orr	r2, r2, #8
 2103 00ca 9A70     		strb	r2, [r3, #2]
 2104 00cc 0022     		movs	r2, #0
 2105 00ce DA70     		strb	r2, [r3, #3]
 2106 00d0 7B69     		ldr	r3, [r7, #20]
 2107 00d2 0622     		movs	r2, #6
 2108 00d4 1A71     		strb	r2, [r3, #4]
 2109 00d6 7B69     		ldr	r3, [r7, #20]
 2110 00d8 0422     		movs	r2, #4
 2111 00da 5A71     		strb	r2, [r3, #5]
 2112 00dc 40F60603 		movw	r3, #2054
 2113 00e0 0093     		str	r3, [sp]
 2114 00e2 7B68     		ldr	r3, [r7, #4]
ARM GAS  C:\msys64\tmp\ccXeNaof.s 			page 39


 2115 00e4 BA68     		ldr	r2, [r7, #8]
 2116 00e6 B969     		ldr	r1, [r7, #24]
 2117 00e8 F868     		ldr	r0, [r7, #12]
 2118 00ea FFF7FEFF 		bl	ethernet_output
 2119 00ee B869     		ldr	r0, [r7, #24]
 2120 00f0 FFF7FEFF 		bl	pbuf_free
 2121 00f4 0023     		movs	r3, #0
 2122 00f6 BB61     		str	r3, [r7, #24]
 2123 00f8 97F91F30 		ldrsb	r3, [r7, #31]
 2124              	.L141:
 2125 00fc 1846     		mov	r0, r3
 2126 00fe 2037     		adds	r7, r7, #32
 2127 0100 BD46     		mov	sp, r7
 2128              		@ sp needed
 2129 0102 80BD     		pop	{r7, pc}
 2130              	.L145:
 2131              		.align	2
 2132              	.L144:
 2133 0104 00000000 		.word	.LC0
 2134 0108 60010000 		.word	.LC9
 2135 010c 88000000 		.word	.LC2
 2136 0110 10020000 		.word	.LC16
 2137 0114 44020000 		.word	.LC17
 2139              		.section	.text.etharp_request_dst,"ax",%progbits
 2140              		.align	1
 2141              		.syntax unified
 2142              		.thumb
 2143              		.thumb_func
 2145              	etharp_request_dst:
 2146              		@ args = 0, pretend = 0, frame = 16
 2147              		@ frame_needed = 1, uses_anonymous_args = 0
 2148 0000 80B5     		push	{r7, lr}
 2149 0002 88B0     		sub	sp, sp, #32
 2150 0004 04AF     		add	r7, sp, #16
 2151 0006 F860     		str	r0, [r7, #12]
 2152 0008 B960     		str	r1, [r7, #8]
 2153 000a 7A60     		str	r2, [r7, #4]
 2154 000c FB68     		ldr	r3, [r7, #12]
 2155 000e 03F12601 		add	r1, r3, #38
 2156 0012 FB68     		ldr	r3, [r7, #12]
 2157 0014 03F12600 		add	r0, r3, #38
 2158 0018 FB68     		ldr	r3, [r7, #12]
 2159 001a 0433     		adds	r3, r3, #4
 2160 001c 0122     		movs	r2, #1
 2161 001e 0392     		str	r2, [sp, #12]
 2162 0020 BA68     		ldr	r2, [r7, #8]
 2163 0022 0292     		str	r2, [sp, #8]
 2164 0024 064A     		ldr	r2, .L148
 2165 0026 0192     		str	r2, [sp, #4]
 2166 0028 0093     		str	r3, [sp]
 2167 002a 0346     		mov	r3, r0
 2168 002c 7A68     		ldr	r2, [r7, #4]
 2169 002e F868     		ldr	r0, [r7, #12]
 2170 0030 FFF7FEFF 		bl	etharp_raw
 2171 0034 0346     		mov	r3, r0
 2172 0036 1846     		mov	r0, r3
 2173 0038 1037     		adds	r7, r7, #16
ARM GAS  C:\msys64\tmp\ccXeNaof.s 			page 40


 2174 003a BD46     		mov	sp, r7
 2175              		@ sp needed
 2176 003c 80BD     		pop	{r7, pc}
 2177              	.L149:
 2178 003e 00BF     		.align	2
 2179              	.L148:
 2180 0040 00000000 		.word	ethzero
 2182              		.section	.text.etharp_request,"ax",%progbits
 2183              		.align	1
 2184              		.global	etharp_request
 2185              		.syntax unified
 2186              		.thumb
 2187              		.thumb_func
 2189              	etharp_request:
 2190              		@ args = 0, pretend = 0, frame = 8
 2191              		@ frame_needed = 1, uses_anonymous_args = 0
 2192 0000 80B5     		push	{r7, lr}
 2193 0002 82B0     		sub	sp, sp, #8
 2194 0004 00AF     		add	r7, sp, #0
 2195 0006 7860     		str	r0, [r7, #4]
 2196 0008 3960     		str	r1, [r7]
 2197 000a 054A     		ldr	r2, .L152
 2198 000c 3968     		ldr	r1, [r7]
 2199 000e 7868     		ldr	r0, [r7, #4]
 2200 0010 FFF7FEFF 		bl	etharp_request_dst
 2201 0014 0346     		mov	r3, r0
 2202 0016 1846     		mov	r0, r3
 2203 0018 0837     		adds	r7, r7, #8
 2204 001a BD46     		mov	sp, r7
 2205              		@ sp needed
 2206 001c 80BD     		pop	{r7, pc}
 2207              	.L153:
 2208 001e 00BF     		.align	2
 2209              	.L152:
 2210 0020 00000000 		.word	ethbroadcast
 2212              		.ident	"GCC: (GNU) 13.3.0"
ARM GAS  C:\msys64\tmp\ccXeNaof.s 			page 41


DEFINED SYMBOLS
                            *ABS*:00000000 etharp.c
C:\msys64\tmp\ccXeNaof.s:18     .bss.arp_table:00000000 $d
C:\msys64\tmp\ccXeNaof.s:21     .bss.arp_table:00000000 arp_table
C:\msys64\tmp\ccXeNaof.s:26     .bss.etharp_cached_entry:00000000 etharp_cached_entry
C:\msys64\tmp\ccXeNaof.s:27     .bss.etharp_cached_entry:00000000 $d
C:\msys64\tmp\ccXeNaof.s:29     .text.etharp_free_entry:00000000 $t
C:\msys64\tmp\ccXeNaof.s:34     .text.etharp_free_entry:00000000 etharp_free_entry
C:\msys64\tmp\ccXeNaof.s:89     .text.etharp_free_entry:00000060 $d
C:\msys64\tmp\ccXeNaof.s:92     .text.etharp_tmr:00000000 $t
C:\msys64\tmp\ccXeNaof.s:98     .text.etharp_tmr:00000000 etharp_tmr
C:\msys64\tmp\ccXeNaof.s:2189   .text.etharp_request:00000000 etharp_request
C:\msys64\tmp\ccXeNaof.s:273    .text.etharp_tmr:0000014c $d
C:\msys64\tmp\ccXeNaof.s:276    .rodata:00000000 $d
C:\msys64\tmp\ccXeNaof.s:297    .text.etharp_find_entry:00000000 $t
C:\msys64\tmp\ccXeNaof.s:302    .text.etharp_find_entry:00000000 etharp_find_entry
C:\msys64\tmp\ccXeNaof.s:648    .text.etharp_find_entry:000002d4 $d
C:\msys64\tmp\ccXeNaof.s:661    .text.etharp_update_arp_entry:00000000 $t
C:\msys64\tmp\ccXeNaof.s:666    .text.etharp_update_arp_entry:00000000 etharp_update_arp_entry
C:\msys64\tmp\ccXeNaof.s:816    .text.etharp_update_arp_entry:0000013c $d
C:\msys64\tmp\ccXeNaof.s:822    .text.etharp_cleanup_netif:00000000 $t
C:\msys64\tmp\ccXeNaof.s:828    .text.etharp_cleanup_netif:00000000 etharp_cleanup_netif
C:\msys64\tmp\ccXeNaof.s:883    .text.etharp_cleanup_netif:0000005c $d
C:\msys64\tmp\ccXeNaof.s:890    .text.etharp_find_addr:00000000 $t
C:\msys64\tmp\ccXeNaof.s:896    .text.etharp_find_addr:00000000 etharp_find_addr
C:\msys64\tmp\ccXeNaof.s:973    .text.etharp_find_addr:00000098 $d
C:\msys64\tmp\ccXeNaof.s:989    .text.etharp_get_entry:00000000 $t
C:\msys64\tmp\ccXeNaof.s:995    .text.etharp_get_entry:00000000 etharp_get_entry
C:\msys64\tmp\ccXeNaof.s:1091   .text.etharp_get_entry:000000b4 $d
C:\msys64\tmp\ccXeNaof.s:1099   .text.etharp_input:00000000 $t
C:\msys64\tmp\ccXeNaof.s:1105   .text.etharp_input:00000000 etharp_input
C:\msys64\tmp\ccXeNaof.s:2010   .text.etharp_raw:00000000 etharp_raw
C:\msys64\tmp\ccXeNaof.s:1240   .text.etharp_input:00000108 $d
C:\msys64\tmp\ccXeNaof.s:1249   .text.etharp_output_to_arp_index:00000000 $t
C:\msys64\tmp\ccXeNaof.s:1254   .text.etharp_output_to_arp_index:00000000 etharp_output_to_arp_index
C:\msys64\tmp\ccXeNaof.s:2145   .text.etharp_request_dst:00000000 etharp_request_dst
C:\msys64\tmp\ccXeNaof.s:1400   .text.etharp_output_to_arp_index:00000124 $d
C:\msys64\tmp\ccXeNaof.s:1410   .text.etharp_output:00000000 $t
C:\msys64\tmp\ccXeNaof.s:1416   .text.etharp_output:00000000 etharp_output
C:\msys64\tmp\ccXeNaof.s:1686   .text.etharp_query:00000000 etharp_query
C:\msys64\tmp\ccXeNaof.s:1660   .text.etharp_output:000001e4 $d
C:\msys64\tmp\ccXeNaof.s:1680   .text.etharp_query:00000000 $t
C:\msys64\tmp\ccXeNaof.s:1987   .text.etharp_query:0000025c $d
C:\msys64\tmp\ccXeNaof.s:2005   .text.etharp_raw:00000000 $t
C:\msys64\tmp\ccXeNaof.s:2133   .text.etharp_raw:00000104 $d
C:\msys64\tmp\ccXeNaof.s:2140   .text.etharp_request_dst:00000000 $t
C:\msys64\tmp\ccXeNaof.s:2180   .text.etharp_request_dst:00000040 $d
C:\msys64\tmp\ccXeNaof.s:2183   .text.etharp_request:00000000 $t
C:\msys64\tmp\ccXeNaof.s:2210   .text.etharp_request:00000020 $d

UNDEFINED SYMBOLS
pbuf_free
printf
ip4_addr_isbroadcast_u32
memcpy
ethernet_output
ethbroadcast
ARM GAS  C:\msys64\tmp\ccXeNaof.s 			page 42


pbuf_clone
pbuf_ref
pbuf_alloc
lwip_htons
ethzero
