ARM GAS  C:\msys64\tmp\cciL5ysa.s 			page 1


   1              		.cpu cortex-m7
   2              		.arch armv7e-m
   3              		.fpu fpv5-sp-d16
   4              		.eabi_attribute 27, 1
   5              		.eabi_attribute 28, 1
   6              		.eabi_attribute 20, 1
   7              		.eabi_attribute 21, 1
   8              		.eabi_attribute 23, 3
   9              		.eabi_attribute 24, 1
  10              		.eabi_attribute 25, 1
  11              		.eabi_attribute 26, 1
  12              		.eabi_attribute 30, 6
  13              		.eabi_attribute 34, 1
  14              		.eabi_attribute 18, 4
  15              		.file	"ip4_frag.c"
  16              		.text
  17              		.section	.bss.reassdatagrams,"aw",%nobits
  18              		.align	2
  21              	reassdatagrams:
  22 0000 00000000 		.space	4
  23              		.section	.bss.ip_reass_pbufcount,"aw",%nobits
  24              		.align	1
  27              	ip_reass_pbufcount:
  28 0000 0000     		.space	2
  29              		.section	.text.ip_reass_tmr,"ax",%progbits
  30              		.align	1
  31              		.global	ip_reass_tmr
  32              		.syntax unified
  33              		.thumb
  34              		.thumb_func
  36              	ip_reass_tmr:
  37              		@ args = 0, pretend = 0, frame = 16
  38              		@ frame_needed = 1, uses_anonymous_args = 0
  39 0000 80B5     		push	{r7, lr}
  40 0002 84B0     		sub	sp, sp, #16
  41 0004 00AF     		add	r7, sp, #0
  42 0006 0023     		movs	r3, #0
  43 0008 BB60     		str	r3, [r7, #8]
  44 000a 124B     		ldr	r3, .L6
  45 000c 1B68     		ldr	r3, [r3]
  46 000e FB60     		str	r3, [r7, #12]
  47 0010 18E0     		b	.L2
  48              	.L5:
  49 0012 FB68     		ldr	r3, [r7, #12]
  50 0014 DB7F     		ldrb	r3, [r3, #31]	@ zero_extendqisi2
  51 0016 002B     		cmp	r3, #0
  52 0018 0BD0     		beq	.L3
  53 001a FB68     		ldr	r3, [r7, #12]
  54 001c DB7F     		ldrb	r3, [r3, #31]	@ zero_extendqisi2
  55 001e 013B     		subs	r3, r3, #1
  56 0020 DAB2     		uxtb	r2, r3
  57 0022 FB68     		ldr	r3, [r7, #12]
  58 0024 DA77     		strb	r2, [r3, #31]
  59 0026 FB68     		ldr	r3, [r7, #12]
  60 0028 BB60     		str	r3, [r7, #8]
  61 002a FB68     		ldr	r3, [r7, #12]
  62 002c 1B68     		ldr	r3, [r3]
ARM GAS  C:\msys64\tmp\cciL5ysa.s 			page 2


  63 002e FB60     		str	r3, [r7, #12]
  64 0030 08E0     		b	.L2
  65              	.L3:
  66 0032 FB68     		ldr	r3, [r7, #12]
  67 0034 7B60     		str	r3, [r7, #4]
  68 0036 FB68     		ldr	r3, [r7, #12]
  69 0038 1B68     		ldr	r3, [r3]
  70 003a FB60     		str	r3, [r7, #12]
  71 003c B968     		ldr	r1, [r7, #8]
  72 003e 7868     		ldr	r0, [r7, #4]
  73 0040 FFF7FEFF 		bl	ip_reass_free_complete_datagram
  74              	.L2:
  75 0044 FB68     		ldr	r3, [r7, #12]
  76 0046 002B     		cmp	r3, #0
  77 0048 E3D1     		bne	.L5
  78 004a 00BF     		nop
  79 004c 00BF     		nop
  80 004e 1037     		adds	r7, r7, #16
  81 0050 BD46     		mov	sp, r7
  82              		@ sp needed
  83 0052 80BD     		pop	{r7, pc}
  84              	.L7:
  85              		.align	2
  86              	.L6:
  87 0054 00000000 		.word	reassdatagrams
  89              		.section	.rodata
  90              		.align	2
  91              	.LC0:
  92 0000 4D696464 		.ascii	"Middlewares/stm32f746_lwip_withos_porting/LWIP/src/"
  92      6C657761 
  92      7265732F 
  92      73746D33 
  92      32663734 
  93 0033 636F7265 		.ascii	"core/ipv4/ip4_frag.c\000"
  93      2F697076 
  93      342F6970 
  93      345F6672 
  93      61672E63 
  94              		.align	2
  95              	.LC1:
  96 0048 70726576 		.ascii	"prev != ipr\000"
  96      20213D20 
  96      69707200 
  97              		.align	2
  98              	.LC2:
  99 0054 41737365 		.ascii	"Assertion \"%s\" failed at line %d in %s\012\000"
  99      7274696F 
  99      6E202225 
  99      73222066 
  99      61696C65 
 100              		.align	2
 101              	.LC3:
 102 007c 70726576 		.ascii	"prev->next == ipr\000"
 102      2D3E6E65 
 102      7874203D 
 102      3D206970 
 102      7200
ARM GAS  C:\msys64\tmp\cciL5ysa.s 			page 3


 103 008e 0000     		.align	2
 104              	.LC4:
 105 0090 70627566 		.ascii	"pbufs_freed + clen <= 0xffff\000"
 105      735F6672 
 105      65656420 
 105      2B20636C 
 105      656E203C 
 106 00ad 000000   		.align	2
 107              	.LC5:
 108 00b0 69705F72 		.ascii	"ip_reass_pbufcount >= pbufs_freed\000"
 108      65617373 
 108      5F706275 
 108      66636F75 
 108      6E74203E 
 109              		.section	.text.ip_reass_free_complete_datagram,"ax",%progbits
 110              		.align	1
 111              		.syntax unified
 112              		.thumb
 113              		.thumb_func
 115              	ip_reass_free_complete_datagram:
 116              		@ args = 0, pretend = 0, frame = 32
 117              		@ frame_needed = 1, uses_anonymous_args = 0
 118 0000 80B5     		push	{r7, lr}
 119 0002 88B0     		sub	sp, sp, #32
 120 0004 00AF     		add	r7, sp, #0
 121 0006 7860     		str	r0, [r7, #4]
 122 0008 3960     		str	r1, [r7]
 123 000a 0023     		movs	r3, #0
 124 000c FB83     		strh	r3, [r7, #30]	@ movhi
 125 000e 3A68     		ldr	r2, [r7]
 126 0010 7B68     		ldr	r3, [r7, #4]
 127 0012 9A42     		cmp	r2, r3
 128 0014 05D1     		bne	.L9
 129 0016 454B     		ldr	r3, .L18
 130 0018 AB22     		movs	r2, #171
 131 001a 4549     		ldr	r1, .L18+4
 132 001c 4548     		ldr	r0, .L18+8
 133 001e FFF7FEFF 		bl	printf
 134              	.L9:
 135 0022 3B68     		ldr	r3, [r7]
 136 0024 002B     		cmp	r3, #0
 137 0026 0AD0     		beq	.L10
 138 0028 3B68     		ldr	r3, [r7]
 139 002a 1B68     		ldr	r3, [r3]
 140 002c 7A68     		ldr	r2, [r7, #4]
 141 002e 9A42     		cmp	r2, r3
 142 0030 05D0     		beq	.L10
 143 0032 3E4B     		ldr	r3, .L18
 144 0034 AD22     		movs	r2, #173
 145 0036 4049     		ldr	r1, .L18+12
 146 0038 3E48     		ldr	r0, .L18+8
 147 003a FFF7FEFF 		bl	printf
 148              	.L10:
 149 003e 7B68     		ldr	r3, [r7, #4]
 150 0040 5B68     		ldr	r3, [r3, #4]
 151 0042 5B68     		ldr	r3, [r3, #4]
 152 0044 7B61     		str	r3, [r7, #20]
ARM GAS  C:\msys64\tmp\cciL5ysa.s 			page 4


 153 0046 7B69     		ldr	r3, [r7, #20]
 154 0048 9B88     		ldrh	r3, [r3, #4]	@ unaligned
 155 004a 9BB2     		uxth	r3, r3
 156 004c 002B     		cmp	r3, #0
 157 004e 2AD1     		bne	.L11
 158 0050 7B68     		ldr	r3, [r7, #4]
 159 0052 5B68     		ldr	r3, [r3, #4]
 160 0054 BB61     		str	r3, [r7, #24]
 161 0056 7B69     		ldr	r3, [r7, #20]
 162 0058 1A68     		ldr	r2, [r3]	@ unaligned
 163 005a 7B68     		ldr	r3, [r7, #4]
 164 005c 5A60     		str	r2, [r3, #4]
 165 005e BB69     		ldr	r3, [r7, #24]
 166 0060 5868     		ldr	r0, [r3, #4]
 167 0062 7B68     		ldr	r3, [r7, #4]
 168 0064 0833     		adds	r3, r3, #8
 169 0066 1422     		movs	r2, #20
 170 0068 1946     		mov	r1, r3
 171 006a FFF7FEFF 		bl	memcpy
 172 006e 0121     		movs	r1, #1
 173 0070 B869     		ldr	r0, [r7, #24]
 174 0072 FFF7FEFF 		bl	icmp_time_exceeded
 175 0076 B869     		ldr	r0, [r7, #24]
 176 0078 FFF7FEFF 		bl	pbuf_clen
 177 007c 0346     		mov	r3, r0
 178 007e 7B82     		strh	r3, [r7, #18]	@ movhi
 179 0080 FA8B     		ldrh	r2, [r7, #30]
 180 0082 7B8A     		ldrh	r3, [r7, #18]
 181 0084 1344     		add	r3, r3, r2
 182 0086 B3F5803F 		cmp	r3, #65536
 183 008a 05DB     		blt	.L12
 184 008c 274B     		ldr	r3, .L18
 185 008e BC22     		movs	r2, #188
 186 0090 2A49     		ldr	r1, .L18+16
 187 0092 2848     		ldr	r0, .L18+8
 188 0094 FFF7FEFF 		bl	printf
 189              	.L12:
 190 0098 FA8B     		ldrh	r2, [r7, #30]	@ movhi
 191 009a 7B8A     		ldrh	r3, [r7, #18]	@ movhi
 192 009c 1344     		add	r3, r3, r2
 193 009e FB83     		strh	r3, [r7, #30]	@ movhi
 194 00a0 B869     		ldr	r0, [r7, #24]
 195 00a2 FFF7FEFF 		bl	pbuf_free
 196              	.L11:
 197 00a6 7B68     		ldr	r3, [r7, #4]
 198 00a8 5B68     		ldr	r3, [r3, #4]
 199 00aa BB61     		str	r3, [r7, #24]
 200 00ac 1FE0     		b	.L13
 201              	.L15:
 202 00ae BB69     		ldr	r3, [r7, #24]
 203 00b0 5B68     		ldr	r3, [r3, #4]
 204 00b2 7B61     		str	r3, [r7, #20]
 205 00b4 BB69     		ldr	r3, [r7, #24]
 206 00b6 FB60     		str	r3, [r7, #12]
 207 00b8 7B69     		ldr	r3, [r7, #20]
 208 00ba 1B68     		ldr	r3, [r3]	@ unaligned
 209 00bc BB61     		str	r3, [r7, #24]
ARM GAS  C:\msys64\tmp\cciL5ysa.s 			page 5


 210 00be F868     		ldr	r0, [r7, #12]
 211 00c0 FFF7FEFF 		bl	pbuf_clen
 212 00c4 0346     		mov	r3, r0
 213 00c6 7B82     		strh	r3, [r7, #18]	@ movhi
 214 00c8 FA8B     		ldrh	r2, [r7, #30]
 215 00ca 7B8A     		ldrh	r3, [r7, #18]
 216 00cc 1344     		add	r3, r3, r2
 217 00ce B3F5803F 		cmp	r3, #65536
 218 00d2 05DB     		blt	.L14
 219 00d4 154B     		ldr	r3, .L18
 220 00d6 CC22     		movs	r2, #204
 221 00d8 1849     		ldr	r1, .L18+16
 222 00da 1648     		ldr	r0, .L18+8
 223 00dc FFF7FEFF 		bl	printf
 224              	.L14:
 225 00e0 FA8B     		ldrh	r2, [r7, #30]	@ movhi
 226 00e2 7B8A     		ldrh	r3, [r7, #18]	@ movhi
 227 00e4 1344     		add	r3, r3, r2
 228 00e6 FB83     		strh	r3, [r7, #30]	@ movhi
 229 00e8 F868     		ldr	r0, [r7, #12]
 230 00ea FFF7FEFF 		bl	pbuf_free
 231              	.L13:
 232 00ee BB69     		ldr	r3, [r7, #24]
 233 00f0 002B     		cmp	r3, #0
 234 00f2 DCD1     		bne	.L15
 235 00f4 3968     		ldr	r1, [r7]
 236 00f6 7868     		ldr	r0, [r7, #4]
 237 00f8 FFF7FEFF 		bl	ip_reass_dequeue_datagram
 238 00fc 104B     		ldr	r3, .L18+20
 239 00fe 1B88     		ldrh	r3, [r3]
 240 0100 FA8B     		ldrh	r2, [r7, #30]
 241 0102 9A42     		cmp	r2, r3
 242 0104 05D9     		bls	.L16
 243 0106 094B     		ldr	r3, .L18
 244 0108 D222     		movs	r2, #210
 245 010a 0E49     		ldr	r1, .L18+24
 246 010c 0948     		ldr	r0, .L18+8
 247 010e FFF7FEFF 		bl	printf
 248              	.L16:
 249 0112 0B4B     		ldr	r3, .L18+20
 250 0114 1A88     		ldrh	r2, [r3]
 251 0116 FB8B     		ldrh	r3, [r7, #30]	@ movhi
 252 0118 D31A     		subs	r3, r2, r3
 253 011a 9AB2     		uxth	r2, r3
 254 011c 084B     		ldr	r3, .L18+20
 255 011e 1A80     		strh	r2, [r3]	@ movhi
 256 0120 FB8B     		ldrh	r3, [r7, #30]
 257 0122 1846     		mov	r0, r3
 258 0124 2037     		adds	r7, r7, #32
 259 0126 BD46     		mov	sp, r7
 260              		@ sp needed
 261 0128 80BD     		pop	{r7, pc}
 262              	.L19:
 263 012a 00BF     		.align	2
 264              	.L18:
 265 012c 00000000 		.word	.LC0
 266 0130 48000000 		.word	.LC1
ARM GAS  C:\msys64\tmp\cciL5ysa.s 			page 6


 267 0134 54000000 		.word	.LC2
 268 0138 7C000000 		.word	.LC3
 269 013c 90000000 		.word	.LC4
 270 0140 00000000 		.word	ip_reass_pbufcount
 271 0144 B0000000 		.word	.LC5
 273              		.section	.text.ip_reass_remove_oldest_datagram,"ax",%progbits
 274              		.align	1
 275              		.syntax unified
 276              		.thumb
 277              		.thumb_func
 279              	ip_reass_remove_oldest_datagram:
 280              		@ args = 0, pretend = 0, frame = 40
 281              		@ frame_needed = 1, uses_anonymous_args = 0
 282 0000 80B5     		push	{r7, lr}
 283 0002 8AB0     		sub	sp, sp, #40
 284 0004 00AF     		add	r7, sp, #0
 285 0006 7860     		str	r0, [r7, #4]
 286 0008 3960     		str	r1, [r7]
 287 000a 0023     		movs	r3, #0
 288 000c 7B61     		str	r3, [r7, #20]
 289              	.L29:
 290 000e 0023     		movs	r3, #0
 291 0010 3B62     		str	r3, [r7, #32]
 292 0012 0023     		movs	r3, #0
 293 0014 FB61     		str	r3, [r7, #28]
 294 0016 0023     		movs	r3, #0
 295 0018 BB61     		str	r3, [r7, #24]
 296 001a 0023     		movs	r3, #0
 297 001c 3B61     		str	r3, [r7, #16]
 298 001e 284B     		ldr	r3, .L31
 299 0020 1B68     		ldr	r3, [r3]
 300 0022 7B62     		str	r3, [r7, #36]
 301 0024 30E0     		b	.L21
 302              	.L26:
 303 0026 7B6A     		ldr	r3, [r7, #36]
 304 0028 5A69     		ldr	r2, [r3, #20]
 305 002a 7B68     		ldr	r3, [r7, #4]
 306 002c DB68     		ldr	r3, [r3, #12]	@ unaligned
 307 002e 9A42     		cmp	r2, r3
 308 0030 0CD1     		bne	.L22
 309 0032 7B6A     		ldr	r3, [r7, #36]
 310 0034 9A69     		ldr	r2, [r3, #24]
 311 0036 7B68     		ldr	r3, [r7, #4]
 312 0038 1B69     		ldr	r3, [r3, #16]	@ unaligned
 313 003a 9A42     		cmp	r2, r3
 314 003c 06D1     		bne	.L22
 315 003e 7B6A     		ldr	r3, [r7, #36]
 316 0040 9A89     		ldrh	r2, [r3, #12]
 317 0042 7B68     		ldr	r3, [r7, #4]
 318 0044 9B88     		ldrh	r3, [r3, #4]	@ unaligned
 319 0046 9BB2     		uxth	r3, r3
 320 0048 9A42     		cmp	r2, r3
 321 004a 14D0     		beq	.L23
 322              	.L22:
 323 004c 3B69     		ldr	r3, [r7, #16]
 324 004e 0133     		adds	r3, r3, #1
 325 0050 3B61     		str	r3, [r7, #16]
ARM GAS  C:\msys64\tmp\cciL5ysa.s 			page 7


 326 0052 3B6A     		ldr	r3, [r7, #32]
 327 0054 002B     		cmp	r3, #0
 328 0056 04D1     		bne	.L24
 329 0058 7B6A     		ldr	r3, [r7, #36]
 330 005a 3B62     		str	r3, [r7, #32]
 331 005c FB69     		ldr	r3, [r7, #28]
 332 005e BB61     		str	r3, [r7, #24]
 333 0060 09E0     		b	.L23
 334              	.L24:
 335 0062 7B6A     		ldr	r3, [r7, #36]
 336 0064 DA7F     		ldrb	r2, [r3, #31]	@ zero_extendqisi2
 337 0066 3B6A     		ldr	r3, [r7, #32]
 338 0068 DB7F     		ldrb	r3, [r3, #31]	@ zero_extendqisi2
 339 006a 9A42     		cmp	r2, r3
 340 006c 03D8     		bhi	.L23
 341 006e 7B6A     		ldr	r3, [r7, #36]
 342 0070 3B62     		str	r3, [r7, #32]
 343 0072 FB69     		ldr	r3, [r7, #28]
 344 0074 BB61     		str	r3, [r7, #24]
 345              	.L23:
 346 0076 7B6A     		ldr	r3, [r7, #36]
 347 0078 1B68     		ldr	r3, [r3]
 348 007a 002B     		cmp	r3, #0
 349 007c 01D0     		beq	.L25
 350 007e 7B6A     		ldr	r3, [r7, #36]
 351 0080 FB61     		str	r3, [r7, #28]
 352              	.L25:
 353 0082 7B6A     		ldr	r3, [r7, #36]
 354 0084 1B68     		ldr	r3, [r3]
 355 0086 7B62     		str	r3, [r7, #36]
 356              	.L21:
 357 0088 7B6A     		ldr	r3, [r7, #36]
 358 008a 002B     		cmp	r3, #0
 359 008c CBD1     		bne	.L26
 360 008e 3B6A     		ldr	r3, [r7, #32]
 361 0090 002B     		cmp	r3, #0
 362 0092 08D0     		beq	.L27
 363 0094 B969     		ldr	r1, [r7, #24]
 364 0096 386A     		ldr	r0, [r7, #32]
 365 0098 FFF7FEFF 		bl	ip_reass_free_complete_datagram
 366 009c F860     		str	r0, [r7, #12]
 367 009e 7A69     		ldr	r2, [r7, #20]
 368 00a0 FB68     		ldr	r3, [r7, #12]
 369 00a2 1344     		add	r3, r3, r2
 370 00a4 7B61     		str	r3, [r7, #20]
 371              	.L27:
 372 00a6 7A69     		ldr	r2, [r7, #20]
 373 00a8 3B68     		ldr	r3, [r7]
 374 00aa 9A42     		cmp	r2, r3
 375 00ac 02DA     		bge	.L28
 376 00ae 3B69     		ldr	r3, [r7, #16]
 377 00b0 012B     		cmp	r3, #1
 378 00b2 ACDC     		bgt	.L29
 379              	.L28:
 380 00b4 7B69     		ldr	r3, [r7, #20]
 381 00b6 1846     		mov	r0, r3
 382 00b8 2837     		adds	r7, r7, #40
ARM GAS  C:\msys64\tmp\cciL5ysa.s 			page 8


 383 00ba BD46     		mov	sp, r7
 384              		@ sp needed
 385 00bc 80BD     		pop	{r7, pc}
 386              	.L32:
 387 00be 00BF     		.align	2
 388              	.L31:
 389 00c0 00000000 		.word	reassdatagrams
 391              		.section	.text.ip_reass_enqueue_new_datagram,"ax",%progbits
 392              		.align	1
 393              		.syntax unified
 394              		.thumb
 395              		.thumb_func
 397              	ip_reass_enqueue_new_datagram:
 398              		@ args = 0, pretend = 0, frame = 16
 399              		@ frame_needed = 1, uses_anonymous_args = 0
 400 0000 80B5     		push	{r7, lr}
 401 0002 84B0     		sub	sp, sp, #16
 402 0004 00AF     		add	r7, sp, #0
 403 0006 7860     		str	r0, [r7, #4]
 404 0008 3960     		str	r1, [r7]
 405 000a 0020     		movs	r0, #0
 406 000c FFF7FEFF 		bl	memp_malloc
 407 0010 F860     		str	r0, [r7, #12]
 408 0012 FB68     		ldr	r3, [r7, #12]
 409 0014 002B     		cmp	r3, #0
 410 0016 10D1     		bne	.L34
 411 0018 3968     		ldr	r1, [r7]
 412 001a 7868     		ldr	r0, [r7, #4]
 413 001c FFF7FEFF 		bl	ip_reass_remove_oldest_datagram
 414 0020 0246     		mov	r2, r0
 415 0022 3B68     		ldr	r3, [r7]
 416 0024 9342     		cmp	r3, r2
 417 0026 03DC     		bgt	.L35
 418 0028 0020     		movs	r0, #0
 419 002a FFF7FEFF 		bl	memp_malloc
 420 002e F860     		str	r0, [r7, #12]
 421              	.L35:
 422 0030 FB68     		ldr	r3, [r7, #12]
 423 0032 002B     		cmp	r3, #0
 424 0034 01D1     		bne	.L34
 425 0036 0023     		movs	r3, #0
 426 0038 16E0     		b	.L36
 427              	.L34:
 428 003a 2022     		movs	r2, #32
 429 003c 0021     		movs	r1, #0
 430 003e F868     		ldr	r0, [r7, #12]
 431 0040 FFF7FEFF 		bl	memset
 432 0044 FB68     		ldr	r3, [r7, #12]
 433 0046 0F22     		movs	r2, #15
 434 0048 DA77     		strb	r2, [r3, #31]
 435 004a 094B     		ldr	r3, .L37
 436 004c 1A68     		ldr	r2, [r3]
 437 004e FB68     		ldr	r3, [r7, #12]
 438 0050 1A60     		str	r2, [r3]
 439 0052 074A     		ldr	r2, .L37
 440 0054 FB68     		ldr	r3, [r7, #12]
 441 0056 1360     		str	r3, [r2]
ARM GAS  C:\msys64\tmp\cciL5ysa.s 			page 9


 442 0058 FB68     		ldr	r3, [r7, #12]
 443 005a 0833     		adds	r3, r3, #8
 444 005c 1422     		movs	r2, #20
 445 005e 7968     		ldr	r1, [r7, #4]
 446 0060 1846     		mov	r0, r3
 447 0062 FFF7FEFF 		bl	memcpy
 448 0066 FB68     		ldr	r3, [r7, #12]
 449              	.L36:
 450 0068 1846     		mov	r0, r3
 451 006a 1037     		adds	r7, r7, #16
 452 006c BD46     		mov	sp, r7
 453              		@ sp needed
 454 006e 80BD     		pop	{r7, pc}
 455              	.L38:
 456              		.align	2
 457              	.L37:
 458 0070 00000000 		.word	reassdatagrams
 460              		.section	.rodata
 461 00d2 0000     		.align	2
 462              	.LC6:
 463 00d4 73616E69 		.ascii	"sanity check linked list\000"
 463      74792063 
 463      6865636B 
 463      206C696E 
 463      6B656420 
 464              		.section	.text.ip_reass_dequeue_datagram,"ax",%progbits
 465              		.align	1
 466              		.syntax unified
 467              		.thumb
 468              		.thumb_func
 470              	ip_reass_dequeue_datagram:
 471              		@ args = 0, pretend = 0, frame = 8
 472              		@ frame_needed = 1, uses_anonymous_args = 0
 473 0000 80B5     		push	{r7, lr}
 474 0002 82B0     		sub	sp, sp, #8
 475 0004 00AF     		add	r7, sp, #0
 476 0006 7860     		str	r0, [r7, #4]
 477 0008 3960     		str	r1, [r7]
 478 000a 104B     		ldr	r3, .L43
 479 000c 1B68     		ldr	r3, [r3]
 480 000e 7A68     		ldr	r2, [r7, #4]
 481 0010 9A42     		cmp	r2, r3
 482 0012 04D1     		bne	.L40
 483 0014 7B68     		ldr	r3, [r7, #4]
 484 0016 1B68     		ldr	r3, [r3]
 485 0018 0C4A     		ldr	r2, .L43
 486 001a 1360     		str	r3, [r2]
 487 001c 0DE0     		b	.L41
 488              	.L40:
 489 001e 3B68     		ldr	r3, [r7]
 490 0020 002B     		cmp	r3, #0
 491 0022 06D1     		bne	.L42
 492 0024 0A4B     		ldr	r3, .L43+4
 493 0026 40F24512 		movw	r2, #325
 494 002a 0A49     		ldr	r1, .L43+8
 495 002c 0A48     		ldr	r0, .L43+12
 496 002e FFF7FEFF 		bl	printf
ARM GAS  C:\msys64\tmp\cciL5ysa.s 			page 10


 497              	.L42:
 498 0032 7B68     		ldr	r3, [r7, #4]
 499 0034 1A68     		ldr	r2, [r3]
 500 0036 3B68     		ldr	r3, [r7]
 501 0038 1A60     		str	r2, [r3]
 502              	.L41:
 503 003a 7968     		ldr	r1, [r7, #4]
 504 003c 0020     		movs	r0, #0
 505 003e FFF7FEFF 		bl	memp_free
 506 0042 00BF     		nop
 507 0044 0837     		adds	r7, r7, #8
 508 0046 BD46     		mov	sp, r7
 509              		@ sp needed
 510 0048 80BD     		pop	{r7, pc}
 511              	.L44:
 512 004a 00BF     		.align	2
 513              	.L43:
 514 004c 00000000 		.word	reassdatagrams
 515 0050 00000000 		.word	.LC0
 516 0054 D4000000 		.word	.LC6
 517 0058 54000000 		.word	.LC2
 519              		.section	.rodata
 520 00ed 000000   		.align	2
 521              	.LC7:
 522 00f0 63686563 		.ascii	"check fragments don't overlap\000"
 522      6B206672 
 522      61676D65 
 522      6E747320 
 522      646F6E27 
 523 010e 0000     		.align	2
 524              	.LC8:
 525 0110 6E6F2070 		.ascii	"no previous fragment, this must be the first fragme"
 525      72657669 
 525      6F757320 
 525      66726167 
 525      6D656E74 
 526 0143 6E742100 		.ascii	"nt!\000"
 527 0147 00       		.align	2
 528              	.LC9:
 529 0148 73616E69 		.ascii	"sanity check\000"
 529      74792063 
 529      6865636B 
 529      00
 530 0155 000000   		.align	2
 531              	.LC10:
 532 0158 76616C69 		.ascii	"validate_datagram:next_pbuf!=NULL\000"
 532      64617465 
 532      5F646174 
 532      61677261 
 532      6D3A6E65 
 533              		.section	.text.ip_reass_chain_frag_into_datagram_and_validate,"ax",%progbits
 534              		.align	1
 535              		.syntax unified
 536              		.thumb
 537              		.thumb_func
 539              	ip_reass_chain_frag_into_datagram_and_validate:
 540              		@ args = 0, pretend = 0, frame = 48
ARM GAS  C:\msys64\tmp\cciL5ysa.s 			page 11


 541              		@ frame_needed = 1, uses_anonymous_args = 0
 542 0000 80B5     		push	{r7, lr}
 543 0002 8CB0     		sub	sp, sp, #48
 544 0004 00AF     		add	r7, sp, #0
 545 0006 F860     		str	r0, [r7, #12]
 546 0008 B960     		str	r1, [r7, #8]
 547 000a 7A60     		str	r2, [r7, #4]
 548 000c 0023     		movs	r3, #0
 549 000e BB62     		str	r3, [r7, #40]
 550 0010 0123     		movs	r3, #1
 551 0012 3B62     		str	r3, [r7, #32]
 552 0014 BB68     		ldr	r3, [r7, #8]
 553 0016 5B68     		ldr	r3, [r3, #4]
 554 0018 FB61     		str	r3, [r7, #28]
 555 001a FB69     		ldr	r3, [r7, #28]
 556 001c 5B88     		ldrh	r3, [r3, #2]	@ unaligned
 557 001e 9BB2     		uxth	r3, r3
 558 0020 1846     		mov	r0, r3
 559 0022 FFF7FEFF 		bl	lwip_htons
 560 0026 0346     		mov	r3, r0
 561 0028 7B83     		strh	r3, [r7, #26]	@ movhi
 562 002a FB69     		ldr	r3, [r7, #28]
 563 002c 1B78     		ldrb	r3, [r3]	@ zero_extendqisi2
 564 002e 03F00F03 		and	r3, r3, #15
 565 0032 DBB2     		uxtb	r3, r3
 566 0034 9B00     		lsls	r3, r3, #2
 567 0036 7B76     		strb	r3, [r7, #25]
 568 0038 7B7E     		ldrb	r3, [r7, #25]	@ zero_extendqisi2
 569 003a 9BB2     		uxth	r3, r3
 570 003c 7A8B     		ldrh	r2, [r7, #26]
 571 003e 9A42     		cmp	r2, r3
 572 0040 02D2     		bcs	.L46
 573 0042 4FF0FF33 		mov	r3, #-1
 574 0046 35E1     		b	.L47
 575              	.L46:
 576 0048 7B7E     		ldrb	r3, [r7, #25]	@ zero_extendqisi2
 577 004a 9BB2     		uxth	r3, r3
 578 004c 7A8B     		ldrh	r2, [r7, #26]	@ movhi
 579 004e D31A     		subs	r3, r2, r3
 580 0050 7B83     		strh	r3, [r7, #26]	@ movhi
 581 0052 FB69     		ldr	r3, [r7, #28]
 582 0054 DB88     		ldrh	r3, [r3, #6]	@ unaligned
 583 0056 9BB2     		uxth	r3, r3
 584 0058 1846     		mov	r0, r3
 585 005a FFF7FEFF 		bl	lwip_htons
 586 005e 0346     		mov	r3, r0
 587 0060 C3F30C03 		ubfx	r3, r3, #0, #13
 588 0064 9BB2     		uxth	r3, r3
 589 0066 DB00     		lsls	r3, r3, #3
 590 0068 FB82     		strh	r3, [r7, #22]	@ movhi
 591 006a BB68     		ldr	r3, [r7, #8]
 592 006c 5B68     		ldr	r3, [r3, #4]
 593 006e FB62     		str	r3, [r7, #44]
 594 0070 FB6A     		ldr	r3, [r7, #44]
 595 0072 0022     		movs	r2, #0
 596 0074 1A70     		strb	r2, [r3]
 597 0076 0022     		movs	r2, #0
ARM GAS  C:\msys64\tmp\cciL5ysa.s 			page 12


 598 0078 5A70     		strb	r2, [r3, #1]
 599 007a 0022     		movs	r2, #0
 600 007c 9A70     		strb	r2, [r3, #2]
 601 007e 0022     		movs	r2, #0
 602 0080 DA70     		strb	r2, [r3, #3]
 603 0082 FB6A     		ldr	r3, [r7, #44]
 604 0084 FA8A     		ldrh	r2, [r7, #22]	@ movhi
 605 0086 9A80     		strh	r2, [r3, #4]	@ unaligned
 606 0088 FA8A     		ldrh	r2, [r7, #22]	@ movhi
 607 008a 7B8B     		ldrh	r3, [r7, #26]	@ movhi
 608 008c 1344     		add	r3, r3, r2
 609 008e 9AB2     		uxth	r2, r3
 610 0090 FB6A     		ldr	r3, [r7, #44]
 611 0092 DA80     		strh	r2, [r3, #6]	@ unaligned
 612 0094 FB6A     		ldr	r3, [r7, #44]
 613 0096 DB88     		ldrh	r3, [r3, #6]	@ unaligned
 614 0098 9BB2     		uxth	r3, r3
 615 009a FA8A     		ldrh	r2, [r7, #22]
 616 009c 9A42     		cmp	r2, r3
 617 009e 02D9     		bls	.L48
 618 00a0 4FF0FF33 		mov	r3, #-1
 619 00a4 06E1     		b	.L47
 620              	.L48:
 621 00a6 FB68     		ldr	r3, [r7, #12]
 622 00a8 5B68     		ldr	r3, [r3, #4]
 623 00aa 7B62     		str	r3, [r7, #36]
 624 00ac 68E0     		b	.L49
 625              	.L60:
 626 00ae 7B6A     		ldr	r3, [r7, #36]
 627 00b0 5B68     		ldr	r3, [r3, #4]
 628 00b2 3B61     		str	r3, [r7, #16]
 629 00b4 FB6A     		ldr	r3, [r7, #44]
 630 00b6 9B88     		ldrh	r3, [r3, #4]	@ unaligned
 631 00b8 9AB2     		uxth	r2, r3
 632 00ba 3B69     		ldr	r3, [r7, #16]
 633 00bc 9B88     		ldrh	r3, [r3, #4]	@ unaligned
 634 00be 9BB2     		uxth	r3, r3
 635 00c0 9A42     		cmp	r2, r3
 636 00c2 35D2     		bcs	.L50
 637 00c4 FB6A     		ldr	r3, [r7, #44]
 638 00c6 7A6A     		ldr	r2, [r7, #36]
 639 00c8 1A60     		str	r2, [r3]	@ unaligned
 640 00ca BB6A     		ldr	r3, [r7, #40]
 641 00cc 002B     		cmp	r3, #0
 642 00ce 20D0     		beq	.L51
 643 00d0 FB6A     		ldr	r3, [r7, #44]
 644 00d2 9B88     		ldrh	r3, [r3, #4]	@ unaligned
 645 00d4 9AB2     		uxth	r2, r3
 646 00d6 BB6A     		ldr	r3, [r7, #40]
 647 00d8 DB88     		ldrh	r3, [r3, #6]	@ unaligned
 648 00da 9BB2     		uxth	r3, r3
 649 00dc 9A42     		cmp	r2, r3
 650 00de 07D3     		bcc	.L52
 651 00e0 FB6A     		ldr	r3, [r7, #44]
 652 00e2 DB88     		ldrh	r3, [r3, #6]	@ unaligned
 653 00e4 9AB2     		uxth	r2, r3
 654 00e6 3B69     		ldr	r3, [r7, #16]
ARM GAS  C:\msys64\tmp\cciL5ysa.s 			page 13


 655 00e8 9B88     		ldrh	r3, [r3, #4]	@ unaligned
 656 00ea 9BB2     		uxth	r3, r3
 657 00ec 9A42     		cmp	r2, r3
 658 00ee 02D9     		bls	.L53
 659              	.L52:
 660 00f0 4FF0FF33 		mov	r3, #-1
 661 00f4 DEE0     		b	.L47
 662              	.L53:
 663 00f6 BB6A     		ldr	r3, [r7, #40]
 664 00f8 BA68     		ldr	r2, [r7, #8]
 665 00fa 1A60     		str	r2, [r3]	@ unaligned
 666 00fc BB6A     		ldr	r3, [r7, #40]
 667 00fe DB88     		ldrh	r3, [r3, #6]	@ unaligned
 668 0100 9AB2     		uxth	r2, r3
 669 0102 FB6A     		ldr	r3, [r7, #44]
 670 0104 9B88     		ldrh	r3, [r3, #4]	@ unaligned
 671 0106 9BB2     		uxth	r3, r3
 672 0108 9A42     		cmp	r2, r3
 673 010a 3DD0     		beq	.L76
 674 010c 0023     		movs	r3, #0
 675 010e 3B62     		str	r3, [r7, #32]
 676 0110 3AE0     		b	.L76
 677              	.L51:
 678 0112 FB6A     		ldr	r3, [r7, #44]
 679 0114 DB88     		ldrh	r3, [r3, #6]	@ unaligned
 680 0116 9AB2     		uxth	r2, r3
 681 0118 3B69     		ldr	r3, [r7, #16]
 682 011a 9B88     		ldrh	r3, [r3, #4]	@ unaligned
 683 011c 9BB2     		uxth	r3, r3
 684 011e 9A42     		cmp	r2, r3
 685 0120 02D9     		bls	.L55
 686 0122 4FF0FF33 		mov	r3, #-1
 687 0126 C5E0     		b	.L47
 688              	.L55:
 689 0128 FB68     		ldr	r3, [r7, #12]
 690 012a BA68     		ldr	r2, [r7, #8]
 691 012c 5A60     		str	r2, [r3, #4]
 692 012e 2BE0     		b	.L76
 693              	.L50:
 694 0130 FB6A     		ldr	r3, [r7, #44]
 695 0132 9B88     		ldrh	r3, [r3, #4]	@ unaligned
 696 0134 9AB2     		uxth	r2, r3
 697 0136 3B69     		ldr	r3, [r7, #16]
 698 0138 9B88     		ldrh	r3, [r3, #4]	@ unaligned
 699 013a 9BB2     		uxth	r3, r3
 700 013c 9A42     		cmp	r2, r3
 701 013e 02D1     		bne	.L57
 702 0140 4FF0FF33 		mov	r3, #-1
 703 0144 B6E0     		b	.L47
 704              	.L57:
 705 0146 FB6A     		ldr	r3, [r7, #44]
 706 0148 9B88     		ldrh	r3, [r3, #4]	@ unaligned
 707 014a 9AB2     		uxth	r2, r3
 708 014c 3B69     		ldr	r3, [r7, #16]
 709 014e DB88     		ldrh	r3, [r3, #6]	@ unaligned
 710 0150 9BB2     		uxth	r3, r3
 711 0152 9A42     		cmp	r2, r3
ARM GAS  C:\msys64\tmp\cciL5ysa.s 			page 14


 712 0154 02D2     		bcs	.L58
 713 0156 4FF0FF33 		mov	r3, #-1
 714 015a ABE0     		b	.L47
 715              	.L58:
 716 015c BB6A     		ldr	r3, [r7, #40]
 717 015e 002B     		cmp	r3, #0
 718 0160 09D0     		beq	.L59
 719 0162 BB6A     		ldr	r3, [r7, #40]
 720 0164 DB88     		ldrh	r3, [r3, #6]	@ unaligned
 721 0166 9AB2     		uxth	r2, r3
 722 0168 3B69     		ldr	r3, [r7, #16]
 723 016a 9B88     		ldrh	r3, [r3, #4]	@ unaligned
 724 016c 9BB2     		uxth	r3, r3
 725 016e 9A42     		cmp	r2, r3
 726 0170 01D0     		beq	.L59
 727 0172 0023     		movs	r3, #0
 728 0174 3B62     		str	r3, [r7, #32]
 729              	.L59:
 730 0176 3B69     		ldr	r3, [r7, #16]
 731 0178 1B68     		ldr	r3, [r3]	@ unaligned
 732 017a 7B62     		str	r3, [r7, #36]
 733 017c 3B69     		ldr	r3, [r7, #16]
 734 017e BB62     		str	r3, [r7, #40]
 735              	.L49:
 736 0180 7B6A     		ldr	r3, [r7, #36]
 737 0182 002B     		cmp	r3, #0
 738 0184 93D1     		bne	.L60
 739 0186 00E0     		b	.L56
 740              	.L76:
 741 0188 00BF     		nop
 742              	.L56:
 743 018a 7B6A     		ldr	r3, [r7, #36]
 744 018c 002B     		cmp	r3, #0
 745 018e 2DD1     		bne	.L61
 746 0190 BB6A     		ldr	r3, [r7, #40]
 747 0192 002B     		cmp	r3, #0
 748 0194 1CD0     		beq	.L62
 749 0196 BB6A     		ldr	r3, [r7, #40]
 750 0198 DB88     		ldrh	r3, [r3, #6]	@ unaligned
 751 019a 9AB2     		uxth	r2, r3
 752 019c FB6A     		ldr	r3, [r7, #44]
 753 019e 9B88     		ldrh	r3, [r3, #4]	@ unaligned
 754 01a0 9BB2     		uxth	r3, r3
 755 01a2 9A42     		cmp	r2, r3
 756 01a4 06D9     		bls	.L63
 757 01a6 454B     		ldr	r3, .L77
 758 01a8 4FF4DB72 		mov	r2, #438
 759 01ac 4449     		ldr	r1, .L77+4
 760 01ae 4548     		ldr	r0, .L77+8
 761 01b0 FFF7FEFF 		bl	printf
 762              	.L63:
 763 01b4 BB6A     		ldr	r3, [r7, #40]
 764 01b6 BA68     		ldr	r2, [r7, #8]
 765 01b8 1A60     		str	r2, [r3]	@ unaligned
 766 01ba BB6A     		ldr	r3, [r7, #40]
 767 01bc DB88     		ldrh	r3, [r3, #6]	@ unaligned
 768 01be 9AB2     		uxth	r2, r3
ARM GAS  C:\msys64\tmp\cciL5ysa.s 			page 15


 769 01c0 FB6A     		ldr	r3, [r7, #44]
 770 01c2 9B88     		ldrh	r3, [r3, #4]	@ unaligned
 771 01c4 9BB2     		uxth	r3, r3
 772 01c6 9A42     		cmp	r2, r3
 773 01c8 10D0     		beq	.L61
 774 01ca 0023     		movs	r3, #0
 775 01cc 3B62     		str	r3, [r7, #32]
 776 01ce 0DE0     		b	.L61
 777              	.L62:
 778 01d0 FB68     		ldr	r3, [r7, #12]
 779 01d2 5B68     		ldr	r3, [r3, #4]
 780 01d4 002B     		cmp	r3, #0
 781 01d6 06D0     		beq	.L64
 782 01d8 384B     		ldr	r3, .L77
 783 01da 4FF4DF72 		mov	r2, #446
 784 01de 3A49     		ldr	r1, .L77+12
 785 01e0 3848     		ldr	r0, .L77+8
 786 01e2 FFF7FEFF 		bl	printf
 787              	.L64:
 788 01e6 FB68     		ldr	r3, [r7, #12]
 789 01e8 BA68     		ldr	r2, [r7, #8]
 790 01ea 5A60     		str	r2, [r3, #4]
 791              	.L61:
 792 01ec 7B68     		ldr	r3, [r7, #4]
 793 01ee 002B     		cmp	r3, #0
 794 01f0 05D1     		bne	.L65
 795 01f2 FB68     		ldr	r3, [r7, #12]
 796 01f4 9B7F     		ldrb	r3, [r3, #30]	@ zero_extendqisi2
 797 01f6 03F00103 		and	r3, r3, #1
 798 01fa 002B     		cmp	r3, #0
 799 01fc 59D0     		beq	.L66
 800              	.L65:
 801 01fe 3B6A     		ldr	r3, [r7, #32]
 802 0200 002B     		cmp	r3, #0
 803 0202 4FD0     		beq	.L67
 804 0204 FB68     		ldr	r3, [r7, #12]
 805 0206 5B68     		ldr	r3, [r3, #4]
 806 0208 002B     		cmp	r3, #0
 807 020a 06D0     		beq	.L68
 808 020c FB68     		ldr	r3, [r7, #12]
 809 020e 5B68     		ldr	r3, [r3, #4]
 810 0210 5B68     		ldr	r3, [r3, #4]
 811 0212 9B88     		ldrh	r3, [r3, #4]	@ unaligned
 812 0214 9BB2     		uxth	r3, r3
 813 0216 002B     		cmp	r3, #0
 814 0218 02D0     		beq	.L69
 815              	.L68:
 816 021a 0023     		movs	r3, #0
 817 021c 3B62     		str	r3, [r7, #32]
 818 021e 41E0     		b	.L67
 819              	.L69:
 820 0220 FB6A     		ldr	r3, [r7, #44]
 821 0222 BB62     		str	r3, [r7, #40]
 822 0224 FB6A     		ldr	r3, [r7, #44]
 823 0226 1B68     		ldr	r3, [r3]	@ unaligned
 824 0228 7B62     		str	r3, [r7, #36]
 825 022a 12E0     		b	.L70
ARM GAS  C:\msys64\tmp\cciL5ysa.s 			page 16


 826              	.L73:
 827 022c 7B6A     		ldr	r3, [r7, #36]
 828 022e 5B68     		ldr	r3, [r3, #4]
 829 0230 FB62     		str	r3, [r7, #44]
 830 0232 BB6A     		ldr	r3, [r7, #40]
 831 0234 DB88     		ldrh	r3, [r3, #6]	@ unaligned
 832 0236 9AB2     		uxth	r2, r3
 833 0238 FB6A     		ldr	r3, [r7, #44]
 834 023a 9B88     		ldrh	r3, [r3, #4]	@ unaligned
 835 023c 9BB2     		uxth	r3, r3
 836 023e 9A42     		cmp	r2, r3
 837 0240 02D0     		beq	.L71
 838 0242 0023     		movs	r3, #0
 839 0244 3B62     		str	r3, [r7, #32]
 840 0246 07E0     		b	.L72
 841              	.L71:
 842 0248 FB6A     		ldr	r3, [r7, #44]
 843 024a BB62     		str	r3, [r7, #40]
 844 024c FB6A     		ldr	r3, [r7, #44]
 845 024e 1B68     		ldr	r3, [r3]	@ unaligned
 846 0250 7B62     		str	r3, [r7, #36]
 847              	.L70:
 848 0252 7B6A     		ldr	r3, [r7, #36]
 849 0254 002B     		cmp	r3, #0
 850 0256 E9D1     		bne	.L73
 851              	.L72:
 852 0258 3B6A     		ldr	r3, [r7, #32]
 853 025a 002B     		cmp	r3, #0
 854 025c 22D0     		beq	.L67
 855 025e FB68     		ldr	r3, [r7, #12]
 856 0260 5B68     		ldr	r3, [r3, #4]
 857 0262 002B     		cmp	r3, #0
 858 0264 06D1     		bne	.L74
 859 0266 154B     		ldr	r3, .L77
 860 0268 40F2DF12 		movw	r2, #479
 861 026c 1749     		ldr	r1, .L77+16
 862 026e 1548     		ldr	r0, .L77+8
 863 0270 FFF7FEFF 		bl	printf
 864              	.L74:
 865 0274 FB68     		ldr	r3, [r7, #12]
 866 0276 5B68     		ldr	r3, [r3, #4]
 867 0278 5B68     		ldr	r3, [r3, #4]
 868 027a FA6A     		ldr	r2, [r7, #44]
 869 027c 9A42     		cmp	r2, r3
 870 027e 06D1     		bne	.L75
 871 0280 0E4B     		ldr	r3, .L77
 872 0282 4FF4F072 		mov	r2, #480
 873 0286 1149     		ldr	r1, .L77+16
 874 0288 0E48     		ldr	r0, .L77+8
 875 028a FFF7FEFF 		bl	printf
 876              	.L75:
 877 028e FB6A     		ldr	r3, [r7, #44]
 878 0290 1B68     		ldr	r3, [r3]	@ unaligned
 879 0292 002B     		cmp	r3, #0
 880 0294 06D0     		beq	.L67
 881 0296 094B     		ldr	r3, .L77
 882 0298 4FF4F172 		mov	r2, #482
ARM GAS  C:\msys64\tmp\cciL5ysa.s 			page 17


 883 029c 0C49     		ldr	r1, .L77+20
 884 029e 0948     		ldr	r0, .L77+8
 885 02a0 FFF7FEFF 		bl	printf
 886              	.L67:
 887 02a4 3B6A     		ldr	r3, [r7, #32]
 888 02a6 002B     		cmp	r3, #0
 889 02a8 14BF     		ite	ne
 890 02aa 0123     		movne	r3, #1
 891 02ac 0023     		moveq	r3, #0
 892 02ae DBB2     		uxtb	r3, r3
 893 02b0 00E0     		b	.L47
 894              	.L66:
 895 02b2 0023     		movs	r3, #0
 896              	.L47:
 897 02b4 1846     		mov	r0, r3
 898 02b6 3037     		adds	r7, r7, #48
 899 02b8 BD46     		mov	sp, r7
 900              		@ sp needed
 901 02ba 80BD     		pop	{r7, pc}
 902              	.L78:
 903              		.align	2
 904              	.L77:
 905 02bc 00000000 		.word	.LC0
 906 02c0 F0000000 		.word	.LC7
 907 02c4 54000000 		.word	.LC2
 908 02c8 10010000 		.word	.LC8
 909 02cc 48010000 		.word	.LC9
 910 02d0 58010000 		.word	.LC10
 912              		.section	.rodata
 913 017a 0000     		.align	2
 914              	.LC11:
 915 017c 69705F72 		.ascii	"ip_reass_pbufcount >= clen\000"
 915      65617373 
 915      5F706275 
 915      66636F75 
 915      6E74203E 
 916 0197 00       		.align	2
 917              	.LC12:
 918 0198 69707220 		.ascii	"ipr != NULL\000"
 918      213D204E 
 918      554C4C00 
 919              		.align	2
 920              	.LC13:
 921 01a4 6E6F7420 		.ascii	"not firstalthough just enqueued\000"
 921      66697273 
 921      74616C74 
 921      686F7567 
 921      68206A75 
 922              		.section	.text.ip4_reass,"ax",%progbits
 923              		.align	1
 924              		.global	ip4_reass
 925              		.syntax unified
 926              		.thumb
 927              		.thumb_func
 929              	ip4_reass:
 930              		@ args = 0, pretend = 0, frame = 56
 931              		@ frame_needed = 1, uses_anonymous_args = 0
ARM GAS  C:\msys64\tmp\cciL5ysa.s 			page 18


 932 0000 80B5     		push	{r7, lr}
 933 0002 8EB0     		sub	sp, sp, #56
 934 0004 00AF     		add	r7, sp, #0
 935 0006 7860     		str	r0, [r7, #4]
 936 0008 7B68     		ldr	r3, [r7, #4]
 937 000a 5B68     		ldr	r3, [r3, #4]
 938 000c BB62     		str	r3, [r7, #40]
 939 000e BB6A     		ldr	r3, [r7, #40]
 940 0010 1B78     		ldrb	r3, [r3]	@ zero_extendqisi2
 941 0012 03F00F03 		and	r3, r3, #15
 942 0016 DBB2     		uxtb	r3, r3
 943 0018 9B00     		lsls	r3, r3, #2
 944 001a DBB2     		uxtb	r3, r3
 945 001c 142B     		cmp	r3, #20
 946 001e 40F07181 		bne	.L108
 947 0022 BB6A     		ldr	r3, [r7, #40]
 948 0024 DB88     		ldrh	r3, [r3, #6]	@ unaligned
 949 0026 9BB2     		uxth	r3, r3
 950 0028 1846     		mov	r0, r3
 951 002a FFF7FEFF 		bl	lwip_htons
 952 002e 0346     		mov	r3, r0
 953 0030 C3F30C03 		ubfx	r3, r3, #0, #13
 954 0034 9BB2     		uxth	r3, r3
 955 0036 DB00     		lsls	r3, r3, #3
 956 0038 FB84     		strh	r3, [r7, #38]	@ movhi
 957 003a BB6A     		ldr	r3, [r7, #40]
 958 003c 5B88     		ldrh	r3, [r3, #2]	@ unaligned
 959 003e 9BB2     		uxth	r3, r3
 960 0040 1846     		mov	r0, r3
 961 0042 FFF7FEFF 		bl	lwip_htons
 962 0046 0346     		mov	r3, r0
 963 0048 BB84     		strh	r3, [r7, #36]	@ movhi
 964 004a BB6A     		ldr	r3, [r7, #40]
 965 004c 1B78     		ldrb	r3, [r3]	@ zero_extendqisi2
 966 004e 03F00F03 		and	r3, r3, #15
 967 0052 DBB2     		uxtb	r3, r3
 968 0054 9B00     		lsls	r3, r3, #2
 969 0056 87F82330 		strb	r3, [r7, #35]
 970 005a 97F82330 		ldrb	r3, [r7, #35]	@ zero_extendqisi2
 971 005e 9BB2     		uxth	r3, r3
 972 0060 BA8C     		ldrh	r2, [r7, #36]
 973 0062 9A42     		cmp	r2, r3
 974 0064 C0F05081 		bcc	.L109
 975 0068 97F82330 		ldrb	r3, [r7, #35]	@ zero_extendqisi2
 976 006c 9BB2     		uxth	r3, r3
 977 006e BA8C     		ldrh	r2, [r7, #36]	@ movhi
 978 0070 D31A     		subs	r3, r2, r3
 979 0072 BB84     		strh	r3, [r7, #36]	@ movhi
 980 0074 7868     		ldr	r0, [r7, #4]
 981 0076 FFF7FEFF 		bl	pbuf_clen
 982 007a 0346     		mov	r3, r0
 983 007c 3B84     		strh	r3, [r7, #32]	@ movhi
 984 007e 8C4B     		ldr	r3, .L116
 985 0080 1B88     		ldrh	r3, [r3]
 986 0082 1A46     		mov	r2, r3
 987 0084 3B8C     		ldrh	r3, [r7, #32]
 988 0086 1344     		add	r3, r3, r2
ARM GAS  C:\msys64\tmp\cciL5ysa.s 			page 19


 989 0088 0A2B     		cmp	r3, #10
 990 008a 10DD     		ble	.L83
 991 008c 3B8C     		ldrh	r3, [r7, #32]
 992 008e 1946     		mov	r1, r3
 993 0090 B86A     		ldr	r0, [r7, #40]
 994 0092 FFF7FEFF 		bl	ip_reass_remove_oldest_datagram
 995 0096 0346     		mov	r3, r0
 996 0098 002B     		cmp	r3, #0
 997 009a 00F03781 		beq	.L110
 998 009e 844B     		ldr	r3, .L116
 999 00a0 1B88     		ldrh	r3, [r3]
 1000 00a2 1A46     		mov	r2, r3
 1001 00a4 3B8C     		ldrh	r3, [r7, #32]
 1002 00a6 1344     		add	r3, r3, r2
 1003 00a8 0A2B     		cmp	r3, #10
 1004 00aa 00F32F81 		bgt	.L110
 1005              	.L83:
 1006 00ae 814B     		ldr	r3, .L116+4
 1007 00b0 1B68     		ldr	r3, [r3]
 1008 00b2 3B63     		str	r3, [r7, #48]
 1009 00b4 15E0     		b	.L85
 1010              	.L88:
 1011 00b6 3B6B     		ldr	r3, [r7, #48]
 1012 00b8 5A69     		ldr	r2, [r3, #20]
 1013 00ba BB6A     		ldr	r3, [r7, #40]
 1014 00bc DB68     		ldr	r3, [r3, #12]	@ unaligned
 1015 00be 9A42     		cmp	r2, r3
 1016 00c0 0CD1     		bne	.L86
 1017 00c2 3B6B     		ldr	r3, [r7, #48]
 1018 00c4 9A69     		ldr	r2, [r3, #24]
 1019 00c6 BB6A     		ldr	r3, [r7, #40]
 1020 00c8 1B69     		ldr	r3, [r3, #16]	@ unaligned
 1021 00ca 9A42     		cmp	r2, r3
 1022 00cc 06D1     		bne	.L86
 1023 00ce 3B6B     		ldr	r3, [r7, #48]
 1024 00d0 9A89     		ldrh	r2, [r3, #12]
 1025 00d2 BB6A     		ldr	r3, [r7, #40]
 1026 00d4 9B88     		ldrh	r3, [r3, #4]	@ unaligned
 1027 00d6 9BB2     		uxth	r3, r3
 1028 00d8 9A42     		cmp	r2, r3
 1029 00da 06D0     		beq	.L111
 1030              	.L86:
 1031 00dc 3B6B     		ldr	r3, [r7, #48]
 1032 00de 1B68     		ldr	r3, [r3]
 1033 00e0 3B63     		str	r3, [r7, #48]
 1034              	.L85:
 1035 00e2 3B6B     		ldr	r3, [r7, #48]
 1036 00e4 002B     		cmp	r3, #0
 1037 00e6 E6D1     		bne	.L88
 1038 00e8 00E0     		b	.L87
 1039              	.L111:
 1040 00ea 00BF     		nop
 1041              	.L87:
 1042 00ec 3B6B     		ldr	r3, [r7, #48]
 1043 00ee 002B     		cmp	r3, #0
 1044 00f0 09D1     		bne	.L89
 1045 00f2 3B8C     		ldrh	r3, [r7, #32]
ARM GAS  C:\msys64\tmp\cciL5ysa.s 			page 20


 1046 00f4 1946     		mov	r1, r3
 1047 00f6 B86A     		ldr	r0, [r7, #40]
 1048 00f8 FFF7FEFF 		bl	ip_reass_enqueue_new_datagram
 1049 00fc 3863     		str	r0, [r7, #48]
 1050 00fe 3B6B     		ldr	r3, [r7, #48]
 1051 0100 002B     		cmp	r3, #0
 1052 0102 1CD1     		bne	.L90
 1053 0104 05E1     		b	.L81
 1054              	.L89:
 1055 0106 BB6A     		ldr	r3, [r7, #40]
 1056 0108 DB88     		ldrh	r3, [r3, #6]	@ unaligned
 1057 010a 9BB2     		uxth	r3, r3
 1058 010c 1846     		mov	r0, r3
 1059 010e FFF7FEFF 		bl	lwip_htons
 1060 0112 0346     		mov	r3, r0
 1061 0114 C3F30C03 		ubfx	r3, r3, #0, #13
 1062 0118 002B     		cmp	r3, #0
 1063 011a 10D1     		bne	.L90
 1064 011c 3B6B     		ldr	r3, [r7, #48]
 1065 011e DB89     		ldrh	r3, [r3, #14]
 1066 0120 1846     		mov	r0, r3
 1067 0122 FFF7FEFF 		bl	lwip_htons
 1068 0126 0346     		mov	r3, r0
 1069 0128 C3F30C03 		ubfx	r3, r3, #0, #13
 1070 012c 002B     		cmp	r3, #0
 1071 012e 06D0     		beq	.L90
 1072 0130 3B6B     		ldr	r3, [r7, #48]
 1073 0132 0833     		adds	r3, r3, #8
 1074 0134 1422     		movs	r2, #20
 1075 0136 B96A     		ldr	r1, [r7, #40]
 1076 0138 1846     		mov	r0, r3
 1077 013a FFF7FEFF 		bl	memcpy
 1078              	.L90:
 1079 013e BB6A     		ldr	r3, [r7, #40]
 1080 0140 DB88     		ldrh	r3, [r3, #6]	@ unaligned
 1081 0142 9BB2     		uxth	r3, r3
 1082 0144 03F02003 		and	r3, r3, #32
 1083 0148 002B     		cmp	r3, #0
 1084 014a 0CBF     		ite	eq
 1085 014c 0123     		moveq	r3, #1
 1086 014e 0023     		movne	r3, #0
 1087 0150 DBB2     		uxtb	r3, r3
 1088 0152 FB61     		str	r3, [r7, #28]
 1089 0154 FB69     		ldr	r3, [r7, #28]
 1090 0156 002B     		cmp	r3, #0
 1091 0158 0ED0     		beq	.L91
 1092 015a FA8C     		ldrh	r2, [r7, #38]	@ movhi
 1093 015c BB8C     		ldrh	r3, [r7, #36]	@ movhi
 1094 015e 1344     		add	r3, r3, r2
 1095 0160 7B83     		strh	r3, [r7, #26]	@ movhi
 1096 0162 7A8B     		ldrh	r2, [r7, #26]
 1097 0164 FB8C     		ldrh	r3, [r7, #38]
 1098 0166 9A42     		cmp	r2, r3
 1099 0168 C0F0A080 		bcc	.L112
 1100 016c 7B8B     		ldrh	r3, [r7, #26]
 1101 016e 4FF6EB72 		movw	r2, #65515
 1102 0172 9342     		cmp	r3, r2
ARM GAS  C:\msys64\tmp\cciL5ysa.s 			page 21


 1103 0174 00F29A80 		bhi	.L112
 1104              	.L91:
 1105 0178 FA69     		ldr	r2, [r7, #28]
 1106 017a 7968     		ldr	r1, [r7, #4]
 1107 017c 386B     		ldr	r0, [r7, #48]
 1108 017e FFF7FEFF 		bl	ip_reass_chain_frag_into_datagram_and_validate
 1109 0182 7861     		str	r0, [r7, #20]
 1110 0184 7B69     		ldr	r3, [r7, #20]
 1111 0186 B3F1FF3F 		cmp	r3, #-1
 1112 018a 00F09B80 		beq	.L113
 1113 018e 484B     		ldr	r3, .L116
 1114 0190 1A88     		ldrh	r2, [r3]
 1115 0192 3B8C     		ldrh	r3, [r7, #32]	@ movhi
 1116 0194 1344     		add	r3, r3, r2
 1117 0196 9AB2     		uxth	r2, r3
 1118 0198 454B     		ldr	r3, .L116
 1119 019a 1A80     		strh	r2, [r3]	@ movhi
 1120 019c FB69     		ldr	r3, [r7, #28]
 1121 019e 002B     		cmp	r3, #0
 1122 01a0 0DD0     		beq	.L95
 1123 01a2 FA8C     		ldrh	r2, [r7, #38]	@ movhi
 1124 01a4 BB8C     		ldrh	r3, [r7, #36]	@ movhi
 1125 01a6 1344     		add	r3, r3, r2
 1126 01a8 7B82     		strh	r3, [r7, #18]	@ movhi
 1127 01aa 3B6B     		ldr	r3, [r7, #48]
 1128 01ac 7A8A     		ldrh	r2, [r7, #18]	@ movhi
 1129 01ae 9A83     		strh	r2, [r3, #28]	@ movhi
 1130 01b0 3B6B     		ldr	r3, [r7, #48]
 1131 01b2 9B7F     		ldrb	r3, [r3, #30]	@ zero_extendqisi2
 1132 01b4 43F00103 		orr	r3, r3, #1
 1133 01b8 DAB2     		uxtb	r2, r3
 1134 01ba 3B6B     		ldr	r3, [r7, #48]
 1135 01bc 9A77     		strb	r2, [r3, #30]
 1136              	.L95:
 1137 01be 7B69     		ldr	r3, [r7, #20]
 1138 01c0 012B     		cmp	r3, #1
 1139 01c2 71D1     		bne	.L96
 1140 01c4 3B6B     		ldr	r3, [r7, #48]
 1141 01c6 9B8B     		ldrh	r3, [r3, #28]
 1142 01c8 1433     		adds	r3, r3, #20
 1143 01ca 3B82     		strh	r3, [r7, #16]	@ movhi
 1144 01cc 3B6B     		ldr	r3, [r7, #48]
 1145 01ce 5B68     		ldr	r3, [r3, #4]
 1146 01d0 5B68     		ldr	r3, [r3, #4]
 1147 01d2 1B68     		ldr	r3, [r3]	@ unaligned
 1148 01d4 7B63     		str	r3, [r7, #52]
 1149 01d6 3B6B     		ldr	r3, [r7, #48]
 1150 01d8 5B68     		ldr	r3, [r3, #4]
 1151 01da 5B68     		ldr	r3, [r3, #4]
 1152 01dc BB62     		str	r3, [r7, #40]
 1153 01de 3B6B     		ldr	r3, [r7, #48]
 1154 01e0 0833     		adds	r3, r3, #8
 1155 01e2 1422     		movs	r2, #20
 1156 01e4 1946     		mov	r1, r3
 1157 01e6 B86A     		ldr	r0, [r7, #40]
 1158 01e8 FFF7FEFF 		bl	memcpy
 1159 01ec 3B8A     		ldrh	r3, [r7, #16]
ARM GAS  C:\msys64\tmp\cciL5ysa.s 			page 22


 1160 01ee 1846     		mov	r0, r3
 1161 01f0 FFF7FEFF 		bl	lwip_htons
 1162 01f4 0346     		mov	r3, r0
 1163 01f6 1A46     		mov	r2, r3
 1164 01f8 BB6A     		ldr	r3, [r7, #40]
 1165 01fa 5A80     		strh	r2, [r3, #2]	@ unaligned
 1166 01fc BB6A     		ldr	r3, [r7, #40]
 1167 01fe 0022     		movs	r2, #0
 1168 0200 9A71     		strb	r2, [r3, #6]
 1169 0202 0022     		movs	r2, #0
 1170 0204 DA71     		strb	r2, [r3, #7]
 1171 0206 BB6A     		ldr	r3, [r7, #40]
 1172 0208 0022     		movs	r2, #0
 1173 020a 9A72     		strb	r2, [r3, #10]
 1174 020c 0022     		movs	r2, #0
 1175 020e DA72     		strb	r2, [r3, #11]
 1176 0210 3B6B     		ldr	r3, [r7, #48]
 1177 0212 5B68     		ldr	r3, [r3, #4]
 1178 0214 7B60     		str	r3, [r7, #4]
 1179 0216 0DE0     		b	.L97
 1180              	.L98:
 1181 0218 7B6B     		ldr	r3, [r7, #52]
 1182 021a 5B68     		ldr	r3, [r3, #4]
 1183 021c FB60     		str	r3, [r7, #12]
 1184 021e 1421     		movs	r1, #20
 1185 0220 786B     		ldr	r0, [r7, #52]
 1186 0222 FFF7FEFF 		bl	pbuf_remove_header
 1187 0226 796B     		ldr	r1, [r7, #52]
 1188 0228 7868     		ldr	r0, [r7, #4]
 1189 022a FFF7FEFF 		bl	pbuf_cat
 1190 022e FB68     		ldr	r3, [r7, #12]
 1191 0230 1B68     		ldr	r3, [r3]	@ unaligned
 1192 0232 7B63     		str	r3, [r7, #52]
 1193              	.L97:
 1194 0234 7B6B     		ldr	r3, [r7, #52]
 1195 0236 002B     		cmp	r3, #0
 1196 0238 EED1     		bne	.L98
 1197 023a 1E4B     		ldr	r3, .L116+4
 1198 023c 1B68     		ldr	r3, [r3]
 1199 023e 3A6B     		ldr	r2, [r7, #48]
 1200 0240 9A42     		cmp	r2, r3
 1201 0242 02D1     		bne	.L99
 1202 0244 0023     		movs	r3, #0
 1203 0246 FB62     		str	r3, [r7, #44]
 1204 0248 10E0     		b	.L100
 1205              	.L99:
 1206 024a 1A4B     		ldr	r3, .L116+4
 1207 024c 1B68     		ldr	r3, [r3]
 1208 024e FB62     		str	r3, [r7, #44]
 1209 0250 07E0     		b	.L101
 1210              	.L103:
 1211 0252 FB6A     		ldr	r3, [r7, #44]
 1212 0254 1B68     		ldr	r3, [r3]
 1213 0256 3A6B     		ldr	r2, [r7, #48]
 1214 0258 9A42     		cmp	r2, r3
 1215 025a 06D0     		beq	.L114
 1216 025c FB6A     		ldr	r3, [r7, #44]
ARM GAS  C:\msys64\tmp\cciL5ysa.s 			page 23


 1217 025e 1B68     		ldr	r3, [r3]
 1218 0260 FB62     		str	r3, [r7, #44]
 1219              	.L101:
 1220 0262 FB6A     		ldr	r3, [r7, #44]
 1221 0264 002B     		cmp	r3, #0
 1222 0266 F4D1     		bne	.L103
 1223 0268 00E0     		b	.L100
 1224              	.L114:
 1225 026a 00BF     		nop
 1226              	.L100:
 1227 026c F96A     		ldr	r1, [r7, #44]
 1228 026e 386B     		ldr	r0, [r7, #48]
 1229 0270 FFF7FEFF 		bl	ip_reass_dequeue_datagram
 1230 0274 7868     		ldr	r0, [r7, #4]
 1231 0276 FFF7FEFF 		bl	pbuf_clen
 1232 027a 0346     		mov	r3, r0
 1233 027c 3B84     		strh	r3, [r7, #32]	@ movhi
 1234 027e 0C4B     		ldr	r3, .L116
 1235 0280 1B88     		ldrh	r3, [r3]
 1236 0282 3A8C     		ldrh	r2, [r7, #32]
 1237 0284 9A42     		cmp	r2, r3
 1238 0286 06D9     		bls	.L104
 1239 0288 0B4B     		ldr	r3, .L116+8
 1240 028a 40F29B22 		movw	r2, #667
 1241 028e 0B49     		ldr	r1, .L116+12
 1242 0290 0B48     		ldr	r0, .L116+16
 1243 0292 FFF7FEFF 		bl	printf
 1244              	.L104:
 1245 0296 064B     		ldr	r3, .L116
 1246 0298 1A88     		ldrh	r2, [r3]
 1247 029a 3B8C     		ldrh	r3, [r7, #32]	@ movhi
 1248 029c D31A     		subs	r3, r2, r3
 1249 029e 9AB2     		uxth	r2, r3
 1250 02a0 034B     		ldr	r3, .L116
 1251 02a2 1A80     		strh	r2, [r3]	@ movhi
 1252 02a4 7B68     		ldr	r3, [r7, #4]
 1253 02a6 38E0     		b	.L105
 1254              	.L96:
 1255 02a8 0023     		movs	r3, #0
 1256 02aa 36E0     		b	.L105
 1257              	.L112:
 1258 02ac 00BF     		nop
 1259 02ae 0AE0     		b	.L93
 1260              	.L117:
 1261              		.align	2
 1262              	.L116:
 1263 02b0 00000000 		.word	ip_reass_pbufcount
 1264 02b4 00000000 		.word	reassdatagrams
 1265 02b8 00000000 		.word	.LC0
 1266 02bc 7C010000 		.word	.LC11
 1267 02c0 54000000 		.word	.LC2
 1268              	.L113:
 1269 02c4 00BF     		nop
 1270              	.L93:
 1271 02c6 3B6B     		ldr	r3, [r7, #48]
 1272 02c8 002B     		cmp	r3, #0
 1273 02ca 06D1     		bne	.L106
ARM GAS  C:\msys64\tmp\cciL5ysa.s 			page 24


 1274 02cc 154B     		ldr	r3, .L118
 1275 02ce 4FF42A72 		mov	r2, #680
 1276 02d2 1549     		ldr	r1, .L118+4
 1277 02d4 1548     		ldr	r0, .L118+8
 1278 02d6 FFF7FEFF 		bl	printf
 1279              	.L106:
 1280 02da 3B6B     		ldr	r3, [r7, #48]
 1281 02dc 5B68     		ldr	r3, [r3, #4]
 1282 02de 002B     		cmp	r3, #0
 1283 02e0 16D1     		bne	.L115
 1284 02e2 134B     		ldr	r3, .L118+12
 1285 02e4 1B68     		ldr	r3, [r3]
 1286 02e6 3A6B     		ldr	r2, [r7, #48]
 1287 02e8 9A42     		cmp	r2, r3
 1288 02ea 06D0     		beq	.L107
 1289 02ec 0D4B     		ldr	r3, .L118
 1290 02ee 40F2AB22 		movw	r2, #683
 1291 02f2 1049     		ldr	r1, .L118+16
 1292 02f4 0D48     		ldr	r0, .L118+8
 1293 02f6 FFF7FEFF 		bl	printf
 1294              	.L107:
 1295 02fa 0021     		movs	r1, #0
 1296 02fc 386B     		ldr	r0, [r7, #48]
 1297 02fe FFF7FEFF 		bl	ip_reass_dequeue_datagram
 1298 0302 06E0     		b	.L81
 1299              	.L108:
 1300 0304 00BF     		nop
 1301 0306 04E0     		b	.L81
 1302              	.L109:
 1303 0308 00BF     		nop
 1304 030a 02E0     		b	.L81
 1305              	.L110:
 1306 030c 00BF     		nop
 1307 030e 00E0     		b	.L81
 1308              	.L115:
 1309 0310 00BF     		nop
 1310              	.L81:
 1311 0312 7868     		ldr	r0, [r7, #4]
 1312 0314 FFF7FEFF 		bl	pbuf_free
 1313 0318 0023     		movs	r3, #0
 1314              	.L105:
 1315 031a 1846     		mov	r0, r3
 1316 031c 3837     		adds	r7, r7, #56
 1317 031e BD46     		mov	sp, r7
 1318              		@ sp needed
 1319 0320 80BD     		pop	{r7, pc}
 1320              	.L119:
 1321 0322 00BF     		.align	2
 1322              	.L118:
 1323 0324 00000000 		.word	.LC0
 1324 0328 98010000 		.word	.LC12
 1325 032c 54000000 		.word	.LC2
 1326 0330 00000000 		.word	reassdatagrams
 1327 0334 A4010000 		.word	.LC13
 1329              		.section	.text.ip_frag_alloc_pbuf_custom_ref,"ax",%progbits
 1330              		.align	1
 1331              		.syntax unified
ARM GAS  C:\msys64\tmp\cciL5ysa.s 			page 25


 1332              		.thumb
 1333              		.thumb_func
 1335              	ip_frag_alloc_pbuf_custom_ref:
 1336              		@ args = 0, pretend = 0, frame = 0
 1337              		@ frame_needed = 1, uses_anonymous_args = 0
 1338 0000 80B5     		push	{r7, lr}
 1339 0002 00AF     		add	r7, sp, #0
 1340 0004 0120     		movs	r0, #1
 1341 0006 FFF7FEFF 		bl	memp_malloc
 1342 000a 0346     		mov	r3, r0
 1343 000c 1846     		mov	r0, r3
 1344 000e 80BD     		pop	{r7, pc}
 1346              		.section	.rodata
 1347              		.align	2
 1348              	.LC14:
 1349 01c4 7020213D 		.ascii	"p != NULL\000"
 1349      204E554C 
 1349      4C00
 1350              		.section	.text.ip_frag_free_pbuf_custom_ref,"ax",%progbits
 1351              		.align	1
 1352              		.syntax unified
 1353              		.thumb
 1354              		.thumb_func
 1356              	ip_frag_free_pbuf_custom_ref:
 1357              		@ args = 0, pretend = 0, frame = 8
 1358              		@ frame_needed = 1, uses_anonymous_args = 0
 1359 0000 80B5     		push	{r7, lr}
 1360 0002 82B0     		sub	sp, sp, #8
 1361 0004 00AF     		add	r7, sp, #0
 1362 0006 7860     		str	r0, [r7, #4]
 1363 0008 7B68     		ldr	r3, [r7, #4]
 1364 000a 002B     		cmp	r3, #0
 1365 000c 06D1     		bne	.L123
 1366 000e 074B     		ldr	r3, .L124
 1367 0010 4FF43172 		mov	r2, #708
 1368 0014 0649     		ldr	r1, .L124+4
 1369 0016 0748     		ldr	r0, .L124+8
 1370 0018 FFF7FEFF 		bl	printf
 1371              	.L123:
 1372 001c 7968     		ldr	r1, [r7, #4]
 1373 001e 0120     		movs	r0, #1
 1374 0020 FFF7FEFF 		bl	memp_free
 1375 0024 00BF     		nop
 1376 0026 0837     		adds	r7, r7, #8
 1377 0028 BD46     		mov	sp, r7
 1378              		@ sp needed
 1379 002a 80BD     		pop	{r7, pc}
 1380              	.L125:
 1381              		.align	2
 1382              	.L124:
 1383 002c 00000000 		.word	.LC0
 1384 0030 C4010000 		.word	.LC14
 1385 0034 54000000 		.word	.LC2
 1387              		.section	.rodata
 1388 01ce 0000     		.align	2
 1389              	.LC15:
 1390 01d0 70637220 		.ascii	"pcr != NULL\000"
ARM GAS  C:\msys64\tmp\cciL5ysa.s 			page 26


 1390      213D204E 
 1390      554C4C00 
 1391              		.align	2
 1392              	.LC16:
 1393 01dc 70637220 		.ascii	"pcr == p\000"
 1393      3D3D2070 
 1393      00
 1394              		.section	.text.ipfrag_free_pbuf_custom,"ax",%progbits
 1395              		.align	1
 1396              		.syntax unified
 1397              		.thumb
 1398              		.thumb_func
 1400              	ipfrag_free_pbuf_custom:
 1401              		@ args = 0, pretend = 0, frame = 16
 1402              		@ frame_needed = 1, uses_anonymous_args = 0
 1403 0000 80B5     		push	{r7, lr}
 1404 0002 84B0     		sub	sp, sp, #16
 1405 0004 00AF     		add	r7, sp, #0
 1406 0006 7860     		str	r0, [r7, #4]
 1407 0008 7B68     		ldr	r3, [r7, #4]
 1408 000a FB60     		str	r3, [r7, #12]
 1409 000c FB68     		ldr	r3, [r7, #12]
 1410 000e 002B     		cmp	r3, #0
 1411 0010 06D1     		bne	.L127
 1412 0012 114B     		ldr	r3, .L130
 1413 0014 40F2CE22 		movw	r2, #718
 1414 0018 1049     		ldr	r1, .L130+4
 1415 001a 1148     		ldr	r0, .L130+8
 1416 001c FFF7FEFF 		bl	printf
 1417              	.L127:
 1418 0020 FA68     		ldr	r2, [r7, #12]
 1419 0022 7B68     		ldr	r3, [r7, #4]
 1420 0024 9A42     		cmp	r2, r3
 1421 0026 06D0     		beq	.L128
 1422 0028 0B4B     		ldr	r3, .L130
 1423 002a 40F2CF22 		movw	r2, #719
 1424 002e 0D49     		ldr	r1, .L130+12
 1425 0030 0B48     		ldr	r0, .L130+8
 1426 0032 FFF7FEFF 		bl	printf
 1427              	.L128:
 1428 0036 FB68     		ldr	r3, [r7, #12]
 1429 0038 5B69     		ldr	r3, [r3, #20]
 1430 003a 002B     		cmp	r3, #0
 1431 003c 04D0     		beq	.L129
 1432 003e FB68     		ldr	r3, [r7, #12]
 1433 0040 5B69     		ldr	r3, [r3, #20]
 1434 0042 1846     		mov	r0, r3
 1435 0044 FFF7FEFF 		bl	pbuf_free
 1436              	.L129:
 1437 0048 F868     		ldr	r0, [r7, #12]
 1438 004a FFF7FEFF 		bl	ip_frag_free_pbuf_custom_ref
 1439 004e 00BF     		nop
 1440 0050 1037     		adds	r7, r7, #16
 1441 0052 BD46     		mov	sp, r7
 1442              		@ sp needed
 1443 0054 80BD     		pop	{r7, pc}
 1444              	.L131:
ARM GAS  C:\msys64\tmp\cciL5ysa.s 			page 27


 1445 0056 00BF     		.align	2
 1446              	.L130:
 1447 0058 00000000 		.word	.LC0
 1448 005c D0010000 		.word	.LC15
 1449 0060 54000000 		.word	.LC2
 1450 0064 DC010000 		.word	.LC16
 1452              		.section	.rodata
 1453 01e5 000000   		.align	2
 1454              	.LC17:
 1455 01e8 6970345F 		.ascii	"ip4_frag(): pbuf too short\000"
 1455      66726167 
 1455      28293A20 
 1455      70627566 
 1455      20746F6F 
 1456 0203 00       		.align	2
 1457              	.LC18:
 1458 0204 74686973 		.ascii	"this needs a pbuf in one piece!\000"
 1458      206E6565 
 1458      64732061 
 1458      20706275 
 1458      6620696E 
 1459              		.align	2
 1460              	.LC19:
 1461 0224 702D3E6C 		.ascii	"p->len >= poff\000"
 1461      656E203E 
 1461      3D20706F 
 1461      666600
 1462              		.section	.text.ip4_frag,"ax",%progbits
 1463              		.align	1
 1464              		.global	ip4_frag
 1465              		.syntax unified
 1466              		.thumb
 1467              		.thumb_func
 1469              	ip4_frag:
 1470              		@ args = 0, pretend = 0, frame = 72
 1471              		@ frame_needed = 1, uses_anonymous_args = 0
 1472 0000 80B5     		push	{r7, lr}
 1473 0002 94B0     		sub	sp, sp, #80
 1474 0004 02AF     		add	r7, sp, #8
 1475 0006 F860     		str	r0, [r7, #12]
 1476 0008 B960     		str	r1, [r7, #8]
 1477 000a 7A60     		str	r2, [r7, #4]
 1478 000c 0023     		movs	r3, #0
 1479 000e A7F84630 		strh	r3, [r7, #70]	@ movhi
 1480 0012 BB68     		ldr	r3, [r7, #8]
 1481 0014 9B8C     		ldrh	r3, [r3, #36]
 1482 0016 143B     		subs	r3, r3, #20
 1483 0018 002B     		cmp	r3, #0
 1484 001a 00DA     		bge	.L133
 1485 001c 0733     		adds	r3, r3, #7
 1486              	.L133:
 1487 001e DB10     		asrs	r3, r3, #3
 1488 0020 7B87     		strh	r3, [r7, #58]	@ movhi
 1489 0022 1423     		movs	r3, #20
 1490 0024 FB87     		strh	r3, [r7, #62]	@ movhi
 1491 0026 FB68     		ldr	r3, [r7, #12]
 1492 0028 5B68     		ldr	r3, [r3, #4]
ARM GAS  C:\msys64\tmp\cciL5ysa.s 			page 28


 1493 002a 7B63     		str	r3, [r7, #52]
 1494 002c 7B6B     		ldr	r3, [r7, #52]
 1495 002e 3B63     		str	r3, [r7, #48]
 1496 0030 3B6B     		ldr	r3, [r7, #48]
 1497 0032 1B78     		ldrb	r3, [r3]	@ zero_extendqisi2
 1498 0034 03F00F03 		and	r3, r3, #15
 1499 0038 DBB2     		uxtb	r3, r3
 1500 003a 9B00     		lsls	r3, r3, #2
 1501 003c DBB2     		uxtb	r3, r3
 1502 003e 142B     		cmp	r3, #20
 1503 0040 02D0     		beq	.L134
 1504 0042 6FF00503 		mvn	r3, #5
 1505 0046 10E1     		b	.L135
 1506              	.L134:
 1507 0048 FB68     		ldr	r3, [r7, #12]
 1508 004a 5B89     		ldrh	r3, [r3, #10]
 1509 004c 132B     		cmp	r3, #19
 1510 004e 09D8     		bhi	.L136
 1511 0050 884B     		ldr	r3, .L152
 1512 0052 4FF43F72 		mov	r2, #764
 1513 0056 8849     		ldr	r1, .L152+4
 1514 0058 8848     		ldr	r0, .L152+8
 1515 005a FFF7FEFF 		bl	printf
 1516 005e 6FF00503 		mvn	r3, #5
 1517 0062 02E1     		b	.L135
 1518              	.L136:
 1519 0064 3B6B     		ldr	r3, [r7, #48]
 1520 0066 DB88     		ldrh	r3, [r3, #6]	@ unaligned
 1521 0068 9BB2     		uxth	r3, r3
 1522 006a 1846     		mov	r0, r3
 1523 006c FFF7FEFF 		bl	lwip_htons
 1524 0070 0346     		mov	r3, r0
 1525 0072 BB87     		strh	r3, [r7, #60]	@ movhi
 1526 0074 BB8F     		ldrh	r3, [r7, #60]	@ movhi
 1527 0076 C3F30C03 		ubfx	r3, r3, #0, #13
 1528 007a A7F84030 		strh	r3, [r7, #64]	@ movhi
 1529 007e BB8F     		ldrh	r3, [r7, #60]
 1530 0080 03F40053 		and	r3, r3, #8192
 1531 0084 FB62     		str	r3, [r7, #44]
 1532 0086 FB68     		ldr	r3, [r7, #12]
 1533 0088 1B89     		ldrh	r3, [r3, #8]
 1534 008a 143B     		subs	r3, r3, #20
 1535 008c A7F84230 		strh	r3, [r7, #66]	@ movhi
 1536 0090 E1E0     		b	.L137
 1537              	.L150:
 1538 0092 7B8F     		ldrh	r3, [r7, #58]	@ movhi
 1539 0094 DB00     		lsls	r3, r3, #3
 1540 0096 9BB2     		uxth	r3, r3
 1541 0098 B7F84220 		ldrh	r2, [r7, #66]
 1542 009c 9342     		cmp	r3, r2
 1543 009e 28BF     		it	cs
 1544 00a0 1346     		movcs	r3, r2
 1545 00a2 7B85     		strh	r3, [r7, #42]	@ movhi
 1546 00a4 4FF42072 		mov	r2, #640
 1547 00a8 1421     		movs	r1, #20
 1548 00aa 0E20     		movs	r0, #14
 1549 00ac FFF7FEFF 		bl	pbuf_alloc
ARM GAS  C:\msys64\tmp\cciL5ysa.s 			page 29


 1550 00b0 7862     		str	r0, [r7, #36]
 1551 00b2 7B6A     		ldr	r3, [r7, #36]
 1552 00b4 002B     		cmp	r3, #0
 1553 00b6 00F0D580 		beq	.L151
 1554 00ba 7B6A     		ldr	r3, [r7, #36]
 1555 00bc 5B89     		ldrh	r3, [r3, #10]
 1556 00be 132B     		cmp	r3, #19
 1557 00c0 06D8     		bhi	.L140
 1558 00c2 6C4B     		ldr	r3, .L152
 1559 00c4 4FF44972 		mov	r2, #804
 1560 00c8 6D49     		ldr	r1, .L152+12
 1561 00ca 6C48     		ldr	r0, .L152+8
 1562 00cc FFF7FEFF 		bl	printf
 1563              	.L140:
 1564 00d0 7B6A     		ldr	r3, [r7, #36]
 1565 00d2 5B68     		ldr	r3, [r3, #4]
 1566 00d4 1422     		movs	r2, #20
 1567 00d6 796B     		ldr	r1, [r7, #52]
 1568 00d8 1846     		mov	r0, r3
 1569 00da FFF7FEFF 		bl	memcpy
 1570 00de 7B6A     		ldr	r3, [r7, #36]
 1571 00e0 5B68     		ldr	r3, [r3, #4]
 1572 00e2 3B63     		str	r3, [r7, #48]
 1573 00e4 7B8D     		ldrh	r3, [r7, #42]	@ movhi
 1574 00e6 A7F84430 		strh	r3, [r7, #68]	@ movhi
 1575 00ea 64E0     		b	.L141
 1576              	.L147:
 1577 00ec FB68     		ldr	r3, [r7, #12]
 1578 00ee 5A89     		ldrh	r2, [r3, #10]
 1579 00f0 FB8F     		ldrh	r3, [r7, #62]	@ movhi
 1580 00f2 D31A     		subs	r3, r2, r3
 1581 00f4 FB83     		strh	r3, [r7, #30]	@ movhi
 1582 00f6 FB68     		ldr	r3, [r7, #12]
 1583 00f8 5B89     		ldrh	r3, [r3, #10]
 1584 00fa FA8F     		ldrh	r2, [r7, #62]
 1585 00fc 9A42     		cmp	r2, r3
 1586 00fe 06D9     		bls	.L142
 1587 0100 5C4B     		ldr	r3, .L152
 1588 0102 40F22D32 		movw	r2, #813
 1589 0106 5F49     		ldr	r1, .L152+16
 1590 0108 5C48     		ldr	r0, .L152+8
 1591 010a FFF7FEFF 		bl	printf
 1592              	.L142:
 1593 010e FA8B     		ldrh	r2, [r7, #30]
 1594 0110 B7F84430 		ldrh	r3, [r7, #68]
 1595 0114 9342     		cmp	r3, r2
 1596 0116 28BF     		it	cs
 1597 0118 1346     		movcs	r3, r2
 1598 011a A7F84630 		strh	r3, [r7, #70]	@ movhi
 1599 011e B7F84630 		ldrh	r3, [r7, #70]
 1600 0122 002B     		cmp	r3, #0
 1601 0124 05D1     		bne	.L143
 1602 0126 0023     		movs	r3, #0
 1603 0128 FB87     		strh	r3, [r7, #62]	@ movhi
 1604 012a FB68     		ldr	r3, [r7, #12]
 1605 012c 1B68     		ldr	r3, [r3]
 1606 012e FB60     		str	r3, [r7, #12]
ARM GAS  C:\msys64\tmp\cciL5ysa.s 			page 30


 1607 0130 41E0     		b	.L141
 1608              	.L143:
 1609 0132 FFF7FEFF 		bl	ip_frag_alloc_pbuf_custom_ref
 1610 0136 B861     		str	r0, [r7, #24]
 1611 0138 BB69     		ldr	r3, [r7, #24]
 1612 013a 002B     		cmp	r3, #0
 1613 013c 03D1     		bne	.L145
 1614 013e 786A     		ldr	r0, [r7, #36]
 1615 0140 FFF7FEFF 		bl	pbuf_free
 1616 0144 8FE0     		b	.L139
 1617              	.L145:
 1618 0146 B869     		ldr	r0, [r7, #24]
 1619 0148 FB68     		ldr	r3, [r7, #12]
 1620 014a 5A68     		ldr	r2, [r3, #4]
 1621 014c FB8F     		ldrh	r3, [r7, #62]
 1622 014e 1344     		add	r3, r3, r2
 1623 0150 B7F84610 		ldrh	r1, [r7, #70]
 1624 0154 B7F84620 		ldrh	r2, [r7, #70]
 1625 0158 0192     		str	r2, [sp, #4]
 1626 015a 0093     		str	r3, [sp]
 1627 015c 0346     		mov	r3, r0
 1628 015e 4122     		movs	r2, #65
 1629 0160 0020     		movs	r0, #0
 1630 0162 FFF7FEFF 		bl	pbuf_alloced_custom
 1631 0166 7861     		str	r0, [r7, #20]
 1632 0168 7B69     		ldr	r3, [r7, #20]
 1633 016a 002B     		cmp	r3, #0
 1634 016c 06D1     		bne	.L146
 1635 016e B869     		ldr	r0, [r7, #24]
 1636 0170 FFF7FEFF 		bl	ip_frag_free_pbuf_custom_ref
 1637 0174 786A     		ldr	r0, [r7, #36]
 1638 0176 FFF7FEFF 		bl	pbuf_free
 1639 017a 74E0     		b	.L139
 1640              	.L146:
 1641 017c F868     		ldr	r0, [r7, #12]
 1642 017e FFF7FEFF 		bl	pbuf_ref
 1643 0182 BB69     		ldr	r3, [r7, #24]
 1644 0184 FA68     		ldr	r2, [r7, #12]
 1645 0186 5A61     		str	r2, [r3, #20]
 1646 0188 BB69     		ldr	r3, [r7, #24]
 1647 018a 3F4A     		ldr	r2, .L152+20
 1648 018c 1A61     		str	r2, [r3, #16]
 1649 018e 7969     		ldr	r1, [r7, #20]
 1650 0190 786A     		ldr	r0, [r7, #36]
 1651 0192 FFF7FEFF 		bl	pbuf_cat
 1652 0196 B7F84420 		ldrh	r2, [r7, #68]	@ movhi
 1653 019a B7F84630 		ldrh	r3, [r7, #70]	@ movhi
 1654 019e D31A     		subs	r3, r2, r3
 1655 01a0 A7F84430 		strh	r3, [r7, #68]	@ movhi
 1656 01a4 B7F84430 		ldrh	r3, [r7, #68]
 1657 01a8 002B     		cmp	r3, #0
 1658 01aa 04D0     		beq	.L141
 1659 01ac 0023     		movs	r3, #0
 1660 01ae FB87     		strh	r3, [r7, #62]	@ movhi
 1661 01b0 FB68     		ldr	r3, [r7, #12]
 1662 01b2 1B68     		ldr	r3, [r3]
 1663 01b4 FB60     		str	r3, [r7, #12]
ARM GAS  C:\msys64\tmp\cciL5ysa.s 			page 31


 1664              	.L141:
 1665 01b6 B7F84430 		ldrh	r3, [r7, #68]
 1666 01ba 002B     		cmp	r3, #0
 1667 01bc 96D1     		bne	.L147
 1668 01be FA8F     		ldrh	r2, [r7, #62]	@ movhi
 1669 01c0 B7F84630 		ldrh	r3, [r7, #70]	@ movhi
 1670 01c4 1344     		add	r3, r3, r2
 1671 01c6 FB87     		strh	r3, [r7, #62]	@ movhi
 1672 01c8 BB68     		ldr	r3, [r7, #8]
 1673 01ca 9B8C     		ldrh	r3, [r3, #36]
 1674 01cc A3F11302 		sub	r2, r3, #19
 1675 01d0 B7F84230 		ldrh	r3, [r7, #66]
 1676 01d4 9A42     		cmp	r2, r3
 1677 01d6 CCBF     		ite	gt
 1678 01d8 0123     		movgt	r3, #1
 1679 01da 0023     		movle	r3, #0
 1680 01dc DBB2     		uxtb	r3, r3
 1681 01de 3B62     		str	r3, [r7, #32]
 1682 01e0 B7F84030 		ldrh	r3, [r7, #64]	@ movhi
 1683 01e4 C3F30C03 		ubfx	r3, r3, #0, #13
 1684 01e8 BB87     		strh	r3, [r7, #60]	@ movhi
 1685 01ea 3B6A     		ldr	r3, [r7, #32]
 1686 01ec 002B     		cmp	r3, #0
 1687 01ee 02D0     		beq	.L148
 1688 01f0 FB6A     		ldr	r3, [r7, #44]
 1689 01f2 002B     		cmp	r3, #0
 1690 01f4 03D0     		beq	.L149
 1691              	.L148:
 1692 01f6 BB8F     		ldrh	r3, [r7, #60]	@ movhi
 1693 01f8 43F40053 		orr	r3, r3, #8192
 1694 01fc BB87     		strh	r3, [r7, #60]	@ movhi
 1695              	.L149:
 1696 01fe BB8F     		ldrh	r3, [r7, #60]
 1697 0200 1846     		mov	r0, r3
 1698 0202 FFF7FEFF 		bl	lwip_htons
 1699 0206 0346     		mov	r3, r0
 1700 0208 1A46     		mov	r2, r3
 1701 020a 3B6B     		ldr	r3, [r7, #48]
 1702 020c DA80     		strh	r2, [r3, #6]	@ unaligned
 1703 020e 7B8D     		ldrh	r3, [r7, #42]	@ movhi
 1704 0210 1433     		adds	r3, r3, #20
 1705 0212 9BB2     		uxth	r3, r3
 1706 0214 1846     		mov	r0, r3
 1707 0216 FFF7FEFF 		bl	lwip_htons
 1708 021a 0346     		mov	r3, r0
 1709 021c 1A46     		mov	r2, r3
 1710 021e 3B6B     		ldr	r3, [r7, #48]
 1711 0220 5A80     		strh	r2, [r3, #2]	@ unaligned
 1712 0222 3B6B     		ldr	r3, [r7, #48]
 1713 0224 0022     		movs	r2, #0
 1714 0226 9A72     		strb	r2, [r3, #10]
 1715 0228 0022     		movs	r2, #0
 1716 022a DA72     		strb	r2, [r3, #11]
 1717 022c BB68     		ldr	r3, [r7, #8]
 1718 022e 5B69     		ldr	r3, [r3, #20]
 1719 0230 7A68     		ldr	r2, [r7, #4]
 1720 0232 796A     		ldr	r1, [r7, #36]
ARM GAS  C:\msys64\tmp\cciL5ysa.s 			page 32


 1721 0234 B868     		ldr	r0, [r7, #8]
 1722 0236 9847     		blx	r3
 1723 0238 786A     		ldr	r0, [r7, #36]
 1724 023a FFF7FEFF 		bl	pbuf_free
 1725 023e B7F84220 		ldrh	r2, [r7, #66]	@ movhi
 1726 0242 7B8D     		ldrh	r3, [r7, #42]	@ movhi
 1727 0244 D31A     		subs	r3, r2, r3
 1728 0246 A7F84230 		strh	r3, [r7, #66]	@ movhi
 1729 024a B7F84020 		ldrh	r2, [r7, #64]	@ movhi
 1730 024e 7B8F     		ldrh	r3, [r7, #58]	@ movhi
 1731 0250 1344     		add	r3, r3, r2
 1732 0252 A7F84030 		strh	r3, [r7, #64]	@ movhi
 1733              	.L137:
 1734 0256 B7F84230 		ldrh	r3, [r7, #66]
 1735 025a 002B     		cmp	r3, #0
 1736 025c 7FF419AF 		bne	.L150
 1737 0260 0023     		movs	r3, #0
 1738 0262 02E0     		b	.L135
 1739              	.L151:
 1740 0264 00BF     		nop
 1741              	.L139:
 1742 0266 4FF0FF33 		mov	r3, #-1
 1743              	.L135:
 1744 026a 1846     		mov	r0, r3
 1745 026c 4837     		adds	r7, r7, #72
 1746 026e BD46     		mov	sp, r7
 1747              		@ sp needed
 1748 0270 80BD     		pop	{r7, pc}
 1749              	.L153:
 1750 0272 00BF     		.align	2
 1751              	.L152:
 1752 0274 00000000 		.word	.LC0
 1753 0278 E8010000 		.word	.LC17
 1754 027c 54000000 		.word	.LC2
 1755 0280 04020000 		.word	.LC18
 1756 0284 24020000 		.word	.LC19
 1757 0288 00000000 		.word	ipfrag_free_pbuf_custom
 1759              		.ident	"GCC: (GNU) 13.3.0"
ARM GAS  C:\msys64\tmp\cciL5ysa.s 			page 33


DEFINED SYMBOLS
                            *ABS*:00000000 ip4_frag.c
C:\msys64\tmp\cciL5ysa.s:18     .bss.reassdatagrams:00000000 $d
C:\msys64\tmp\cciL5ysa.s:21     .bss.reassdatagrams:00000000 reassdatagrams
C:\msys64\tmp\cciL5ysa.s:24     .bss.ip_reass_pbufcount:00000000 $d
C:\msys64\tmp\cciL5ysa.s:27     .bss.ip_reass_pbufcount:00000000 ip_reass_pbufcount
C:\msys64\tmp\cciL5ysa.s:30     .text.ip_reass_tmr:00000000 $t
C:\msys64\tmp\cciL5ysa.s:36     .text.ip_reass_tmr:00000000 ip_reass_tmr
C:\msys64\tmp\cciL5ysa.s:115    .text.ip_reass_free_complete_datagram:00000000 ip_reass_free_complete_datagram
C:\msys64\tmp\cciL5ysa.s:87     .text.ip_reass_tmr:00000054 $d
C:\msys64\tmp\cciL5ysa.s:90     .rodata:00000000 $d
C:\msys64\tmp\cciL5ysa.s:110    .text.ip_reass_free_complete_datagram:00000000 $t
C:\msys64\tmp\cciL5ysa.s:470    .text.ip_reass_dequeue_datagram:00000000 ip_reass_dequeue_datagram
C:\msys64\tmp\cciL5ysa.s:265    .text.ip_reass_free_complete_datagram:0000012c $d
C:\msys64\tmp\cciL5ysa.s:274    .text.ip_reass_remove_oldest_datagram:00000000 $t
C:\msys64\tmp\cciL5ysa.s:279    .text.ip_reass_remove_oldest_datagram:00000000 ip_reass_remove_oldest_datagram
C:\msys64\tmp\cciL5ysa.s:389    .text.ip_reass_remove_oldest_datagram:000000c0 $d
C:\msys64\tmp\cciL5ysa.s:392    .text.ip_reass_enqueue_new_datagram:00000000 $t
C:\msys64\tmp\cciL5ysa.s:397    .text.ip_reass_enqueue_new_datagram:00000000 ip_reass_enqueue_new_datagram
C:\msys64\tmp\cciL5ysa.s:458    .text.ip_reass_enqueue_new_datagram:00000070 $d
C:\msys64\tmp\cciL5ysa.s:465    .text.ip_reass_dequeue_datagram:00000000 $t
C:\msys64\tmp\cciL5ysa.s:514    .text.ip_reass_dequeue_datagram:0000004c $d
C:\msys64\tmp\cciL5ysa.s:534    .text.ip_reass_chain_frag_into_datagram_and_validate:00000000 $t
C:\msys64\tmp\cciL5ysa.s:539    .text.ip_reass_chain_frag_into_datagram_and_validate:00000000 ip_reass_chain_frag_into_datagram_and_validate
C:\msys64\tmp\cciL5ysa.s:905    .text.ip_reass_chain_frag_into_datagram_and_validate:000002bc $d
C:\msys64\tmp\cciL5ysa.s:923    .text.ip4_reass:00000000 $t
C:\msys64\tmp\cciL5ysa.s:929    .text.ip4_reass:00000000 ip4_reass
C:\msys64\tmp\cciL5ysa.s:1263   .text.ip4_reass:000002b0 $d
C:\msys64\tmp\cciL5ysa.s:1269   .text.ip4_reass:000002c4 $t
C:\msys64\tmp\cciL5ysa.s:1323   .text.ip4_reass:00000324 $d
C:\msys64\tmp\cciL5ysa.s:1330   .text.ip_frag_alloc_pbuf_custom_ref:00000000 $t
C:\msys64\tmp\cciL5ysa.s:1335   .text.ip_frag_alloc_pbuf_custom_ref:00000000 ip_frag_alloc_pbuf_custom_ref
C:\msys64\tmp\cciL5ysa.s:1351   .text.ip_frag_free_pbuf_custom_ref:00000000 $t
C:\msys64\tmp\cciL5ysa.s:1356   .text.ip_frag_free_pbuf_custom_ref:00000000 ip_frag_free_pbuf_custom_ref
C:\msys64\tmp\cciL5ysa.s:1383   .text.ip_frag_free_pbuf_custom_ref:0000002c $d
C:\msys64\tmp\cciL5ysa.s:1395   .text.ipfrag_free_pbuf_custom:00000000 $t
C:\msys64\tmp\cciL5ysa.s:1400   .text.ipfrag_free_pbuf_custom:00000000 ipfrag_free_pbuf_custom
C:\msys64\tmp\cciL5ysa.s:1447   .text.ipfrag_free_pbuf_custom:00000058 $d
C:\msys64\tmp\cciL5ysa.s:1463   .text.ip4_frag:00000000 $t
C:\msys64\tmp\cciL5ysa.s:1469   .text.ip4_frag:00000000 ip4_frag
C:\msys64\tmp\cciL5ysa.s:1752   .text.ip4_frag:00000274 $d

UNDEFINED SYMBOLS
printf
memcpy
icmp_time_exceeded
pbuf_clen
pbuf_free
memp_malloc
memset
memp_free
lwip_htons
pbuf_remove_header
pbuf_cat
pbuf_alloc
pbuf_alloced_custom
pbuf_ref
ARM GAS  C:\msys64\tmp\cciL5ysa.s 			page 34


